[2024-07-20T21:52:53.815+0000] {local_task_job_runner.py:120} INFO - ::group::Pre task execution logs
[2024-07-20T21:52:53.827+0000] {taskinstance.py:2076} INFO - Dependencies all met for dep_context=non-requeueable deps ti=<TaskInstance: refresh_ods.create_dump manual__2024-07-20T21:52:47.152528+00:00 [queued]>
[2024-07-20T21:52:53.829+0000] {taskinstance.py:2076} INFO - Dependencies all met for dep_context=requeueable deps ti=<TaskInstance: refresh_ods.create_dump manual__2024-07-20T21:52:47.152528+00:00 [queued]>
[2024-07-20T21:52:53.830+0000] {taskinstance.py:2306} INFO - Starting attempt 1 of 2
[2024-07-20T21:52:53.834+0000] {taskinstance.py:2330} INFO - Executing <Task(BashOperator): create_dump> on 2024-07-20 21:52:47.152528+00:00
[2024-07-20T21:52:53.846+0000] {warnings.py:112} WARNING - /home/***/.local/lib/python3.12/site-packages/***/task/task_runner/standard_task_runner.py:61: DeprecationWarning: This process (pid=3584) is multi-threaded, use of fork() may lead to deadlocks in the child.
  pid = os.fork()

[2024-07-20T21:52:53.847+0000] {standard_task_runner.py:63} INFO - Started process 3586 to run task
[2024-07-20T21:52:53.847+0000] {standard_task_runner.py:90} INFO - Running: ['***', 'tasks', 'run', 'refresh_ods', 'create_dump', 'manual__2024-07-20T21:52:47.152528+00:00', '--job-id', '287', '--raw', '--subdir', 'DAGS_FOLDER/refresh_ods.py', '--cfg-path', '/tmp/tmpcsq98ipk']
[2024-07-20T21:52:53.848+0000] {standard_task_runner.py:91} INFO - Job 287: Subtask create_dump
[2024-07-20T21:52:53.872+0000] {task_command.py:426} INFO - Running <TaskInstance: refresh_ods.create_dump manual__2024-07-20T21:52:47.152528+00:00 [running]> on host 89202c950a25
[2024-07-20T21:52:53.910+0000] {taskinstance.py:2648} INFO - Exporting env vars: AIRFLOW_CTX_DAG_OWNER='***' AIRFLOW_CTX_DAG_ID='refresh_ods' AIRFLOW_CTX_TASK_ID='create_dump' AIRFLOW_CTX_EXECUTION_DATE='2024-07-20T21:52:47.152528+00:00' AIRFLOW_CTX_TRY_NUMBER='1' AIRFLOW_CTX_DAG_RUN_ID='manual__2024-07-20T21:52:47.152528+00:00'
[2024-07-20T21:52:53.912+0000] {taskinstance.py:430} INFO - ::endgroup::
[2024-07-20T21:52:53.923+0000] {subprocess.py:63} INFO - Tmp dir root location: /tmp
[2024-07-20T21:52:53.924+0000] {subprocess.py:75} INFO - Running command: ['/usr/bin/bash', '-c', "PGPASSWORD='***' pg_dump -h 10.82.0.4 -U etl_user_3 -n source_data -Fc -f /opt/***/dags/scripts/sql-scripts/ods_refresh.dump source"]
[2024-07-20T21:52:53.932+0000] {subprocess.py:86} INFO - Output:
[2024-07-20T21:52:57.416+0000] {subprocess.py:97} INFO - Command exited with return code 0
[2024-07-20T21:52:57.421+0000] {taskinstance.py:441} INFO - ::group::Post task execution logs
[2024-07-20T21:52:57.467+0000] {taskinstance.py:1206} INFO - Marking task as SUCCESS. dag_id=refresh_ods, task_id=create_dump, run_id=manual__2024-07-20T21:52:47.152528+00:00, execution_date=20240720T215247, start_date=20240720T215253, end_date=20240720T215257
[2024-07-20T21:52:57.539+0000] {local_task_job_runner.py:240} INFO - Task exited with return code 0
[2024-07-20T21:52:57.572+0000] {taskinstance.py:3503} INFO - 1 downstream tasks scheduled from follow-on schedule check
[2024-07-20T21:52:57.573+0000] {local_task_job_runner.py:222} INFO - ::endgroup::
