[2024-07-12T22:44:01.854+0000] {local_task_job_runner.py:120} INFO - ::group::Pre task execution logs
[2024-07-12T22:44:01.878+0000] {taskinstance.py:2076} INFO - Dependencies all met for dep_context=non-requeueable deps ti=<TaskInstance: init_ods_layer.get_target_params manual__2024-07-12T22:43:44.093670+00:00 [queued]>
[2024-07-12T22:44:01.883+0000] {taskinstance.py:2076} INFO - Dependencies all met for dep_context=requeueable deps ti=<TaskInstance: init_ods_layer.get_target_params manual__2024-07-12T22:43:44.093670+00:00 [queued]>
[2024-07-12T22:44:01.884+0000] {taskinstance.py:2306} INFO - Starting attempt 1 of 1
[2024-07-12T22:44:01.892+0000] {taskinstance.py:2330} INFO - Executing <Task(PythonOperator): get_target_params> on 2024-07-12 22:43:44.093670+00:00
[2024-07-12T22:44:01.900+0000] {warnings.py:112} WARNING - /home/***/.local/lib/python3.12/site-packages/***/task/task_runner/standard_task_runner.py:61: DeprecationWarning: This process (pid=1235) is multi-threaded, use of fork() may lead to deadlocks in the child.
  pid = os.fork()

[2024-07-12T22:44:01.902+0000] {standard_task_runner.py:63} INFO - Started process 1237 to run task
[2024-07-12T22:44:01.902+0000] {standard_task_runner.py:90} INFO - Running: ['***', 'tasks', 'run', 'init_ods_layer', 'get_target_params', 'manual__2024-07-12T22:43:44.093670+00:00', '--job-id', '107', '--raw', '--subdir', 'DAGS_FOLDER/init_ods.py', '--cfg-path', '/tmp/tmpimxeu9n2']
[2024-07-12T22:44:01.905+0000] {standard_task_runner.py:91} INFO - Job 107: Subtask get_target_params
[2024-07-12T22:44:01.943+0000] {task_command.py:426} INFO - Running <TaskInstance: init_ods_layer.get_target_params manual__2024-07-12T22:43:44.093670+00:00 [running]> on host 861c3600257c
[2024-07-12T22:44:01.985+0000] {taskinstance.py:2648} INFO - Exporting env vars: AIRFLOW_CTX_DAG_OWNER='***' AIRFLOW_CTX_DAG_ID='init_ods_layer' AIRFLOW_CTX_TASK_ID='get_target_params' AIRFLOW_CTX_EXECUTION_DATE='2024-07-12T22:43:44.093670+00:00' AIRFLOW_CTX_TRY_NUMBER='1' AIRFLOW_CTX_DAG_RUN_ID='manual__2024-07-12T22:43:44.093670+00:00'
[2024-07-12T22:44:01.988+0000] {taskinstance.py:430} INFO - ::endgroup::
[2024-07-12T22:44:01.994+0000] {base.py:84} INFO - Using connection ID 'target_db' for task execution.
[2024-07-12T22:44:02.117+0000] {python.py:237} INFO - Done. Returned value was: None
[2024-07-12T22:44:02.118+0000] {taskinstance.py:441} INFO - ::group::Post task execution logs
[2024-07-12T22:44:02.123+0000] {taskinstance.py:1206} INFO - Marking task as SUCCESS. dag_id=init_ods_layer, task_id=get_target_params, run_id=manual__2024-07-12T22:43:44.093670+00:00, execution_date=20240712T224344, start_date=20240712T224401, end_date=20240712T224402
[2024-07-12T22:44:02.166+0000] {local_task_job_runner.py:240} INFO - Task exited with return code 0
[2024-07-12T22:44:02.194+0000] {taskinstance.py:3503} INFO - 1 downstream tasks scheduled from follow-on schedule check
[2024-07-12T22:44:02.195+0000] {local_task_job_runner.py:222} INFO - ::endgroup::
