[2024-07-21T09:42:04.959+0000] {local_task_job_runner.py:120} INFO - ::group::Pre task execution logs
[2024-07-21T09:42:04.976+0000] {taskinstance.py:2076} INFO - Dependencies all met for dep_context=non-requeueable deps ti=<TaskInstance: refresh_ods.restore_dump manual__2024-07-21T09:41:49.643378+00:00 [queued]>
[2024-07-21T09:42:04.980+0000] {taskinstance.py:2076} INFO - Dependencies all met for dep_context=requeueable deps ti=<TaskInstance: refresh_ods.restore_dump manual__2024-07-21T09:41:49.643378+00:00 [queued]>
[2024-07-21T09:42:04.980+0000] {taskinstance.py:2306} INFO - Starting attempt 1 of 2
[2024-07-21T09:42:04.987+0000] {taskinstance.py:2330} INFO - Executing <Task(BashOperator): restore_dump> on 2024-07-21 09:41:49.643378+00:00
[2024-07-21T09:42:05.001+0000] {warnings.py:112} WARNING - /home/***/.local/lib/python3.12/site-packages/***/task/task_runner/standard_task_runner.py:61: DeprecationWarning: This process (pid=6641) is multi-threaded, use of fork() may lead to deadlocks in the child.
  pid = os.fork()

[2024-07-21T09:42:05.004+0000] {standard_task_runner.py:63} INFO - Started process 6650 to run task
[2024-07-21T09:42:05.005+0000] {standard_task_runner.py:90} INFO - Running: ['***', 'tasks', 'run', 'refresh_ods', 'restore_dump', 'manual__2024-07-21T09:41:49.643378+00:00', '--job-id', '358', '--raw', '--subdir', 'DAGS_FOLDER/refresh_ods.py', '--cfg-path', '/tmp/tmpnwei1j2u']
[2024-07-21T09:42:05.008+0000] {standard_task_runner.py:91} INFO - Job 358: Subtask restore_dump
[2024-07-21T09:42:05.059+0000] {task_command.py:426} INFO - Running <TaskInstance: refresh_ods.restore_dump manual__2024-07-21T09:41:49.643378+00:00 [running]> on host 89202c950a25
[2024-07-21T09:42:05.117+0000] {taskinstance.py:2648} INFO - Exporting env vars: AIRFLOW_CTX_DAG_OWNER='***' AIRFLOW_CTX_DAG_ID='refresh_ods' AIRFLOW_CTX_TASK_ID='restore_dump' AIRFLOW_CTX_EXECUTION_DATE='2024-07-21T09:41:49.643378+00:00' AIRFLOW_CTX_TRY_NUMBER='1' AIRFLOW_CTX_DAG_RUN_ID='manual__2024-07-21T09:41:49.643378+00:00'
[2024-07-21T09:42:05.119+0000] {taskinstance.py:430} INFO - ::endgroup::
[2024-07-21T09:42:05.122+0000] {subprocess.py:63} INFO - Tmp dir root location: /tmp
[2024-07-21T09:42:05.123+0000] {subprocess.py:75} INFO - Running command: ['/usr/bin/bash', '-c', "\n    PGPASSWORD='***' psql -h 10.82.0.4 -U etl_user_3 -d etl_db_3 -f /opt/***/dags/scripts/sql-scripts/ods_refresh.sql\n    "]
[2024-07-21T09:42:05.129+0000] {subprocess.py:86} INFO - Output:
[2024-07-21T09:42:05.351+0000] {subprocess.py:93} INFO - SET
[2024-07-21T09:42:05.378+0000] {subprocess.py:93} INFO - SET
[2024-07-21T09:42:05.406+0000] {subprocess.py:93} INFO - SET
[2024-07-21T09:42:05.434+0000] {subprocess.py:93} INFO - SET
[2024-07-21T09:42:05.461+0000] {subprocess.py:93} INFO - SET
[2024-07-21T09:42:05.489+0000] {subprocess.py:93} INFO -  set_config
[2024-07-21T09:42:05.490+0000] {subprocess.py:93} INFO - ------------
[2024-07-21T09:42:05.490+0000] {subprocess.py:93} INFO - 
[2024-07-21T09:42:05.491+0000] {subprocess.py:93} INFO - (1 row)
[2024-07-21T09:42:05.491+0000] {subprocess.py:93} INFO - 
[2024-07-21T09:42:05.517+0000] {subprocess.py:93} INFO - SET
[2024-07-21T09:42:05.545+0000] {subprocess.py:93} INFO - SET
[2024-07-21T09:42:05.572+0000] {subprocess.py:93} INFO - SET
[2024-07-21T09:42:05.601+0000] {subprocess.py:93} INFO - SET
[2024-07-21T09:42:05.659+0000] {subprocess.py:93} INFO - COPY 17
[2024-07-21T09:42:05.781+0000] {subprocess.py:93} INFO - COPY 495
[2024-07-21T09:42:05.860+0000] {subprocess.py:93} INFO - COPY 25
[2024-07-21T09:42:05.999+0000] {subprocess.py:93} INFO - COPY 1993
[2024-07-21T09:42:06.164+0000] {subprocess.py:93} INFO - COPY 2971
[2024-07-21T09:42:06.233+0000] {subprocess.py:93} INFO - COPY 306
[2024-07-21T09:42:06.297+0000] {subprocess.py:93} INFO - COPY 318
[2024-07-21T09:42:06.353+0000] {subprocess.py:93} INFO - COPY 8
[2024-07-21T09:42:06.409+0000] {subprocess.py:93} INFO - COPY 40
[2024-07-21T09:42:06.483+0000] {subprocess.py:93} INFO - COPY 1489
[2024-07-21T09:42:06.539+0000] {subprocess.py:93} INFO - COPY 13
[2024-07-21T09:42:06.617+0000] {subprocess.py:93} INFO - COPY 493
[2024-07-21T09:42:06.692+0000] {subprocess.py:93} INFO - COPY 1235
[2024-07-21T09:42:06.758+0000] {subprocess.py:93} INFO - COPY 483
[2024-07-21T09:42:06.815+0000] {subprocess.py:93} INFO - COPY 6
[2024-07-21T09:42:06.880+0000] {subprocess.py:93} INFO - COPY 188
[2024-07-21T09:42:06.951+0000] {subprocess.py:93} INFO - COPY 55
[2024-07-21T09:42:07.033+0000] {subprocess.py:93} INFO - COPY 2520
[2024-07-21T09:42:07.094+0000] {subprocess.py:93} INFO - COPY 8
[2024-07-21T09:42:07.160+0000] {subprocess.py:93} INFO - COPY 278
[2024-07-21T09:42:07.218+0000] {subprocess.py:93} INFO - COPY 31
[2024-07-21T09:42:07.275+0000] {subprocess.py:93} INFO - COPY 6
[2024-07-21T09:42:07.335+0000] {subprocess.py:93} INFO - COPY 6
[2024-07-21T09:42:07.392+0000] {subprocess.py:93} INFO - COPY 3
[2024-07-21T09:42:07.448+0000] {subprocess.py:93} INFO - COPY 3
[2024-07-21T09:42:07.505+0000] {subprocess.py:93} INFO - COPY 17
[2024-07-21T09:42:07.595+0000] {subprocess.py:93} INFO - COPY 174
[2024-07-21T09:42:07.660+0000] {subprocess.py:93} INFO - COPY 6
[2024-07-21T09:42:07.722+0000] {subprocess.py:93} INFO - COPY 451
[2024-07-21T09:42:07.778+0000] {subprocess.py:93} INFO - COPY 32
[2024-07-21T09:42:07.851+0000] {subprocess.py:93} INFO - COPY 1227
[2024-07-21T09:42:07.883+0000] {subprocess.py:97} INFO - Command exited with return code 0
[2024-07-21T09:42:07.886+0000] {taskinstance.py:441} INFO - ::group::Post task execution logs
[2024-07-21T09:42:07.929+0000] {taskinstance.py:1206} INFO - Marking task as SUCCESS. dag_id=refresh_ods, task_id=restore_dump, run_id=manual__2024-07-21T09:41:49.643378+00:00, execution_date=20240721T094149, start_date=20240721T094204, end_date=20240721T094207
[2024-07-21T09:42:07.969+0000] {local_task_job_runner.py:240} INFO - Task exited with return code 0
[2024-07-21T09:42:08.001+0000] {taskinstance.py:3503} INFO - 0 downstream tasks scheduled from follow-on schedule check
[2024-07-21T09:42:08.002+0000] {local_task_job_runner.py:222} INFO - ::endgroup::
