[2024-07-20T21:14:27.575+0000] {local_task_job_runner.py:120} INFO - ::group::Pre task execution logs
[2024-07-20T21:14:27.616+0000] {taskinstance.py:2076} INFO - Dependencies all met for dep_context=non-requeueable deps ti=<TaskInstance: init_ods_layer.restore_ods manual__2024-07-20T21:14:11.059282+00:00 [queued]>
[2024-07-20T21:14:27.625+0000] {taskinstance.py:2076} INFO - Dependencies all met for dep_context=requeueable deps ti=<TaskInstance: init_ods_layer.restore_ods manual__2024-07-20T21:14:11.059282+00:00 [queued]>
[2024-07-20T21:14:27.626+0000] {taskinstance.py:2306} INFO - Starting attempt 1 of 1
[2024-07-20T21:14:27.635+0000] {taskinstance.py:2330} INFO - Executing <Task(PythonOperator): restore_ods> on 2024-07-20 21:14:11.059282+00:00
[2024-07-20T21:14:27.669+0000] {warnings.py:112} WARNING - /home/***/.local/lib/python3.12/site-packages/***/task/task_runner/standard_task_runner.py:61: DeprecationWarning: This process (pid=2948) is multi-threaded, use of fork() may lead to deadlocks in the child.
  pid = os.fork()

[2024-07-20T21:14:27.671+0000] {standard_task_runner.py:90} INFO - Running: ['***', 'tasks', 'run', 'init_ods_layer', 'restore_ods', 'manual__2024-07-20T21:14:11.059282+00:00', '--job-id', '246', '--raw', '--subdir', 'DAGS_FOLDER/init_ods.py', '--cfg-path', '/tmp/tmpz9d3m1du']
[2024-07-20T21:14:27.674+0000] {standard_task_runner.py:63} INFO - Started process 2950 to run task
[2024-07-20T21:14:27.674+0000] {standard_task_runner.py:91} INFO - Job 246: Subtask restore_ods
[2024-07-20T21:14:27.779+0000] {task_command.py:426} INFO - Running <TaskInstance: init_ods_layer.restore_ods manual__2024-07-20T21:14:11.059282+00:00 [running]> on host 89202c950a25
[2024-07-20T21:14:27.900+0000] {taskinstance.py:2648} INFO - Exporting env vars: AIRFLOW_CTX_DAG_OWNER='***' AIRFLOW_CTX_DAG_ID='init_ods_layer' AIRFLOW_CTX_TASK_ID='restore_ods' AIRFLOW_CTX_EXECUTION_DATE='2024-07-20T21:14:11.059282+00:00' AIRFLOW_CTX_TRY_NUMBER='1' AIRFLOW_CTX_DAG_RUN_ID='manual__2024-07-20T21:14:11.059282+00:00'
[2024-07-20T21:14:27.903+0000] {taskinstance.py:430} INFO - ::endgroup::
[2024-07-20T21:14:28.094+0000] {logging_mixin.py:188} INFO - Ошибка при импорте схемы и данных: Command '['psql', '-U', 'etl_user_3', '-h', '10.82.0.4', '-d', 'etl_db_3', '-f', 'scripts/sql-scripts/ods_migration.sql']' returned non-zero exit status 1.
[2024-07-20T21:14:28.095+0000] {python.py:237} INFO - Done. Returned value was: None
[2024-07-20T21:14:28.095+0000] {taskinstance.py:441} INFO - ::group::Post task execution logs
[2024-07-20T21:14:28.130+0000] {taskinstance.py:1206} INFO - Marking task as SUCCESS. dag_id=init_ods_layer, task_id=restore_ods, run_id=manual__2024-07-20T21:14:11.059282+00:00, execution_date=20240720T211411, start_date=20240720T211427, end_date=20240720T211428
[2024-07-20T21:14:28.158+0000] {local_task_job_runner.py:240} INFO - Task exited with return code 0
[2024-07-20T21:14:28.184+0000] {taskinstance.py:3503} INFO - 0 downstream tasks scheduled from follow-on schedule check
[2024-07-20T21:14:28.184+0000] {local_task_job_runner.py:222} INFO - ::endgroup::
