[2024-07-12T18:20:09.364+0000] {local_task_job_runner.py:120} INFO - ::group::Pre task execution logs
[2024-07-12T18:20:09.375+0000] {taskinstance.py:2076} INFO - Dependencies all met for dep_context=non-requeueable deps ti=<TaskInstance: init_ods_layer.create_dump manual__2024-07-12T18:20:04.894781+00:00 [queued]>
[2024-07-12T18:20:09.378+0000] {taskinstance.py:2076} INFO - Dependencies all met for dep_context=requeueable deps ti=<TaskInstance: init_ods_layer.create_dump manual__2024-07-12T18:20:04.894781+00:00 [queued]>
[2024-07-12T18:20:09.378+0000] {taskinstance.py:2306} INFO - Starting attempt 1 of 1
[2024-07-12T18:20:09.383+0000] {taskinstance.py:2330} INFO - Executing <Task(PythonOperator): create_dump> on 2024-07-12 18:20:04.894781+00:00
[2024-07-12T18:20:09.389+0000] {warnings.py:112} WARNING - /home/***/.local/lib/python3.12/site-packages/***/task/task_runner/standard_task_runner.py:61: DeprecationWarning: This process (pid=10292) is multi-threaded, use of fork() may lead to deadlocks in the child.
  pid = os.fork()

[2024-07-12T18:20:09.390+0000] {standard_task_runner.py:63} INFO - Started process 10294 to run task
[2024-07-12T18:20:09.390+0000] {standard_task_runner.py:90} INFO - Running: ['***', 'tasks', 'run', 'init_ods_layer', 'create_dump', 'manual__2024-07-12T18:20:04.894781+00:00', '--job-id', '83', '--raw', '--subdir', 'DAGS_FOLDER/init_ods.py', '--cfg-path', '/tmp/tmpbsc9mq_3']
[2024-07-12T18:20:09.392+0000] {standard_task_runner.py:91} INFO - Job 83: Subtask create_dump
[2024-07-12T18:20:09.427+0000] {task_command.py:426} INFO - Running <TaskInstance: init_ods_layer.create_dump manual__2024-07-12T18:20:04.894781+00:00 [running]> on host 8047aa21fe02
[2024-07-12T18:20:09.468+0000] {taskinstance.py:2648} INFO - Exporting env vars: AIRFLOW_CTX_DAG_OWNER='***' AIRFLOW_CTX_DAG_ID='init_ods_layer' AIRFLOW_CTX_TASK_ID='create_dump' AIRFLOW_CTX_EXECUTION_DATE='2024-07-12T18:20:04.894781+00:00' AIRFLOW_CTX_TRY_NUMBER='1' AIRFLOW_CTX_DAG_RUN_ID='manual__2024-07-12T18:20:04.894781+00:00'
[2024-07-12T18:20:09.470+0000] {taskinstance.py:430} INFO - ::endgroup::
[2024-07-12T18:20:11.673+0000] {logging_mixin.py:188} INFO - Ошибка при экспорте схемы и данных: Command '['pg_dump', '-U', 'etl_user_3', '-h', '10.82.0.4', '-n', 'source_data', '-f', 'scripts/sql-scripts/ods_migration.sql', 'source']' returned non-zero exit status 1.
[2024-07-12T18:20:11.687+0000] {python.py:237} INFO - Done. Returned value was: None
[2024-07-12T18:20:11.689+0000] {taskinstance.py:441} INFO - ::group::Post task execution logs
[2024-07-12T18:20:11.732+0000] {taskinstance.py:1206} INFO - Marking task as SUCCESS. dag_id=init_ods_layer, task_id=create_dump, run_id=manual__2024-07-12T18:20:04.894781+00:00, execution_date=20240712T182004, start_date=20240712T182009, end_date=20240712T182011
[2024-07-12T18:20:11.790+0000] {local_task_job_runner.py:240} INFO - Task exited with return code 0
[2024-07-12T18:20:11.866+0000] {taskinstance.py:3503} INFO - 1 downstream tasks scheduled from follow-on schedule check
[2024-07-12T18:20:11.869+0000] {local_task_job_runner.py:222} INFO - ::endgroup::
