[2024-07-12T22:45:47.601+0000] {local_task_job_runner.py:120} INFO - ::group::Pre task execution logs
[2024-07-12T22:45:47.611+0000] {taskinstance.py:2076} INFO - Dependencies all met for dep_context=non-requeueable deps ti=<TaskInstance: init_ods_layer.restore_ods manual__2024-07-12T22:45:30.153336+00:00 [queued]>
[2024-07-12T22:45:47.614+0000] {taskinstance.py:2076} INFO - Dependencies all met for dep_context=requeueable deps ti=<TaskInstance: init_ods_layer.restore_ods manual__2024-07-12T22:45:30.153336+00:00 [queued]>
[2024-07-12T22:45:47.614+0000] {taskinstance.py:2306} INFO - Starting attempt 1 of 1
[2024-07-12T22:45:47.618+0000] {taskinstance.py:2330} INFO - Executing <Task(PythonOperator): restore_ods> on 2024-07-12 22:45:30.153336+00:00
[2024-07-12T22:45:47.623+0000] {warnings.py:112} WARNING - /home/***/.local/lib/python3.12/site-packages/***/task/task_runner/standard_task_runner.py:61: DeprecationWarning: This process (pid=1276) is multi-threaded, use of fork() may lead to deadlocks in the child.
  pid = os.fork()

[2024-07-12T22:45:47.624+0000] {standard_task_runner.py:63} INFO - Started process 1278 to run task
[2024-07-12T22:45:47.624+0000] {standard_task_runner.py:90} INFO - Running: ['***', 'tasks', 'run', 'init_ods_layer', 'restore_ods', 'manual__2024-07-12T22:45:30.153336+00:00', '--job-id', '113', '--raw', '--subdir', 'DAGS_FOLDER/init_ods.py', '--cfg-path', '/tmp/tmpi4awxvsc']
[2024-07-12T22:45:47.626+0000] {standard_task_runner.py:91} INFO - Job 113: Subtask restore_ods
[2024-07-12T22:45:47.647+0000] {task_command.py:426} INFO - Running <TaskInstance: init_ods_layer.restore_ods manual__2024-07-12T22:45:30.153336+00:00 [running]> on host 861c3600257c
[2024-07-12T22:45:47.690+0000] {taskinstance.py:2648} INFO - Exporting env vars: AIRFLOW_CTX_DAG_OWNER='***' AIRFLOW_CTX_DAG_ID='init_ods_layer' AIRFLOW_CTX_TASK_ID='restore_ods' AIRFLOW_CTX_EXECUTION_DATE='2024-07-12T22:45:30.153336+00:00' AIRFLOW_CTX_TRY_NUMBER='1' AIRFLOW_CTX_DAG_RUN_ID='manual__2024-07-12T22:45:30.153336+00:00'
[2024-07-12T22:45:47.691+0000] {taskinstance.py:430} INFO - ::endgroup::
[2024-07-12T22:46:01.643+0000] {logging_mixin.py:188} INFO - Схема и данные из файла dags/scripts/sql-scripts/ods_migration.sql успешно импортированы в базу данных etl_db_3.
[2024-07-12T22:46:01.648+0000] {python.py:237} INFO - Done. Returned value was: None
[2024-07-12T22:46:01.648+0000] {taskinstance.py:441} INFO - ::group::Post task execution logs
[2024-07-12T22:46:01.683+0000] {taskinstance.py:1206} INFO - Marking task as SUCCESS. dag_id=init_ods_layer, task_id=restore_ods, run_id=manual__2024-07-12T22:45:30.153336+00:00, execution_date=20240712T224530, start_date=20240712T224547, end_date=20240712T224601
[2024-07-12T22:46:01.748+0000] {local_task_job_runner.py:240} INFO - Task exited with return code 0
[2024-07-12T22:46:01.810+0000] {taskinstance.py:3503} INFO - 0 downstream tasks scheduled from follow-on schedule check
[2024-07-12T22:46:01.812+0000] {local_task_job_runner.py:222} INFO - ::endgroup::
