[2024-07-21T08:41:47.439+0000] {local_task_job_runner.py:120} INFO - ::group::Pre task execution logs
[2024-07-21T08:41:47.453+0000] {taskinstance.py:2076} INFO - Dependencies all met for dep_context=non-requeueable deps ti=<TaskInstance: refresh_ods.print_env manual__2024-07-21T08:41:45.415025+00:00 [queued]>
[2024-07-21T08:41:47.457+0000] {taskinstance.py:2076} INFO - Dependencies all met for dep_context=requeueable deps ti=<TaskInstance: refresh_ods.print_env manual__2024-07-21T08:41:45.415025+00:00 [queued]>
[2024-07-21T08:41:47.457+0000] {taskinstance.py:2306} INFO - Starting attempt 1 of 2
[2024-07-21T08:41:47.464+0000] {taskinstance.py:2330} INFO - Executing <Task(BashOperator): print_env> on 2024-07-21 08:41:45.415025+00:00
[2024-07-21T08:41:47.473+0000] {warnings.py:112} WARNING - /home/***/.local/lib/python3.12/site-packages/***/task/task_runner/standard_task_runner.py:61: DeprecationWarning: This process (pid=5758) is multi-threaded, use of fork() may lead to deadlocks in the child.
  pid = os.fork()

[2024-07-21T08:41:47.474+0000] {standard_task_runner.py:90} INFO - Running: ['***', 'tasks', 'run', 'refresh_ods', 'print_env', 'manual__2024-07-21T08:41:45.415025+00:00', '--job-id', '338', '--raw', '--subdir', 'DAGS_FOLDER/refresh_ods.py', '--cfg-path', '/tmp/tmp08yrbr42']
[2024-07-21T08:41:47.479+0000] {standard_task_runner.py:63} INFO - Started process 5760 to run task
[2024-07-21T08:41:47.479+0000] {standard_task_runner.py:91} INFO - Job 338: Subtask print_env
[2024-07-21T08:41:47.511+0000] {task_command.py:426} INFO - Running <TaskInstance: refresh_ods.print_env manual__2024-07-21T08:41:45.415025+00:00 [running]> on host 89202c950a25
[2024-07-21T08:41:47.551+0000] {taskinstance.py:2648} INFO - Exporting env vars: AIRFLOW_CTX_DAG_OWNER='***' AIRFLOW_CTX_DAG_ID='refresh_ods' AIRFLOW_CTX_TASK_ID='print_env' AIRFLOW_CTX_EXECUTION_DATE='2024-07-21T08:41:45.415025+00:00' AIRFLOW_CTX_TRY_NUMBER='1' AIRFLOW_CTX_DAG_RUN_ID='manual__2024-07-21T08:41:45.415025+00:00'
[2024-07-21T08:41:47.553+0000] {taskinstance.py:430} INFO - ::endgroup::
[2024-07-21T08:41:47.554+0000] {subprocess.py:63} INFO - Tmp dir root location: /tmp
[2024-07-21T08:41:47.555+0000] {subprocess.py:75} INFO - Running command: ['/usr/bin/bash', '-c', "echo 'source_db_password: ***, target_db_password: ***'"]
[2024-07-21T08:41:47.561+0000] {subprocess.py:86} INFO - Output:
[2024-07-21T08:41:47.564+0000] {subprocess.py:93} INFO - source_db_password: ***, target_db_password: ***
[2024-07-21T08:41:47.564+0000] {subprocess.py:97} INFO - Command exited with return code 0
[2024-07-21T08:41:47.565+0000] {taskinstance.py:441} INFO - ::group::Post task execution logs
[2024-07-21T08:41:47.575+0000] {taskinstance.py:1206} INFO - Marking task as SUCCESS. dag_id=refresh_ods, task_id=print_env, run_id=manual__2024-07-21T08:41:45.415025+00:00, execution_date=20240721T084145, start_date=20240721T084147, end_date=20240721T084147
[2024-07-21T08:41:47.583+0000] {local_task_job_runner.py:240} INFO - Task exited with return code 0
[2024-07-21T08:41:47.594+0000] {taskinstance.py:3503} INFO - 1 downstream tasks scheduled from follow-on schedule check
[2024-07-21T08:41:47.594+0000] {local_task_job_runner.py:222} INFO - ::endgroup::
