[2024-07-20T22:53:20.316+0000] {local_task_job_runner.py:120} INFO - ::group::Pre task execution logs
[2024-07-20T22:53:20.349+0000] {taskinstance.py:2076} INFO - Dependencies all met for dep_context=non-requeueable deps ti=<TaskInstance: init_ods_layer.create_dump manual__2024-07-20T22:53:10.561352+00:00 [queued]>
[2024-07-20T22:53:20.353+0000] {taskinstance.py:2076} INFO - Dependencies all met for dep_context=requeueable deps ti=<TaskInstance: init_ods_layer.create_dump manual__2024-07-20T22:53:10.561352+00:00 [queued]>
[2024-07-20T22:53:20.353+0000] {taskinstance.py:2306} INFO - Starting attempt 1 of 1
[2024-07-20T22:53:20.360+0000] {taskinstance.py:2330} INFO - Executing <Task(PythonOperator): create_dump> on 2024-07-20 22:53:10.561352+00:00
[2024-07-20T22:53:20.387+0000] {warnings.py:112} WARNING - /home/***/.local/lib/python3.12/site-packages/***/task/task_runner/standard_task_runner.py:61: DeprecationWarning: This process (pid=4506) is multi-threaded, use of fork() may lead to deadlocks in the child.
  pid = os.fork()

[2024-07-20T22:53:20.389+0000] {standard_task_runner.py:63} INFO - Started process 4508 to run task
[2024-07-20T22:53:20.389+0000] {standard_task_runner.py:90} INFO - Running: ['***', 'tasks', 'run', 'init_ods_layer', 'create_dump', 'manual__2024-07-20T22:53:10.561352+00:00', '--job-id', '328', '--raw', '--subdir', 'DAGS_FOLDER/init_ods.py', '--cfg-path', '/tmp/tmp_6_ulx_1']
[2024-07-20T22:53:20.391+0000] {standard_task_runner.py:91} INFO - Job 328: Subtask create_dump
[2024-07-20T22:53:20.429+0000] {task_command.py:426} INFO - Running <TaskInstance: init_ods_layer.create_dump manual__2024-07-20T22:53:10.561352+00:00 [running]> on host 89202c950a25
[2024-07-20T22:53:20.506+0000] {taskinstance.py:2648} INFO - Exporting env vars: AIRFLOW_CTX_DAG_OWNER='***' AIRFLOW_CTX_DAG_ID='init_ods_layer' AIRFLOW_CTX_TASK_ID='create_dump' AIRFLOW_CTX_EXECUTION_DATE='2024-07-20T22:53:10.561352+00:00' AIRFLOW_CTX_TRY_NUMBER='1' AIRFLOW_CTX_DAG_RUN_ID='manual__2024-07-20T22:53:10.561352+00:00'
[2024-07-20T22:53:20.517+0000] {taskinstance.py:430} INFO - ::endgroup::
[2024-07-20T22:53:25.214+0000] {logging_mixin.py:188} INFO - Схема и данные схемы source_data базы данных source успешно экспортированы в файл /opt/***/dags/scripts/sql-scripts/ods_migration.sql.
[2024-07-20T22:53:25.220+0000] {python.py:237} INFO - Done. Returned value was: None
[2024-07-20T22:53:25.220+0000] {taskinstance.py:441} INFO - ::group::Post task execution logs
[2024-07-20T22:53:25.282+0000] {taskinstance.py:1206} INFO - Marking task as SUCCESS. dag_id=init_ods_layer, task_id=create_dump, run_id=manual__2024-07-20T22:53:10.561352+00:00, execution_date=20240720T225310, start_date=20240720T225320, end_date=20240720T225325
[2024-07-20T22:53:25.344+0000] {local_task_job_runner.py:240} INFO - Task exited with return code 0
[2024-07-20T22:53:25.399+0000] {taskinstance.py:3503} INFO - 1 downstream tasks scheduled from follow-on schedule check
[2024-07-20T22:53:25.402+0000] {local_task_job_runner.py:222} INFO - ::endgroup::
