[2024-07-20T19:24:29.521+0000] {local_task_job_runner.py:120} INFO - ::group::Pre task execution logs
[2024-07-20T19:24:29.542+0000] {taskinstance.py:2076} INFO - Dependencies all met for dep_context=non-requeueable deps ti=<TaskInstance: refresh_ods.cleanup_target_schema manual__2024-07-20T19:24:24.429453+00:00 [queued]>
[2024-07-20T19:24:29.546+0000] {taskinstance.py:2076} INFO - Dependencies all met for dep_context=requeueable deps ti=<TaskInstance: refresh_ods.cleanup_target_schema manual__2024-07-20T19:24:24.429453+00:00 [queued]>
[2024-07-20T19:24:29.546+0000] {taskinstance.py:2306} INFO - Starting attempt 1 of 2
[2024-07-20T19:24:29.553+0000] {taskinstance.py:2330} INFO - Executing <Task(BashOperator): cleanup_target_schema> on 2024-07-20 19:24:24.429453+00:00
[2024-07-20T19:24:29.558+0000] {warnings.py:112} WARNING - /home/***/.local/lib/python3.12/site-packages/***/task/task_runner/standard_task_runner.py:61: DeprecationWarning: This process (pid=1541) is multi-threaded, use of fork() may lead to deadlocks in the child.
  pid = os.fork()

[2024-07-20T19:24:29.559+0000] {standard_task_runner.py:63} INFO - Started process 1543 to run task
[2024-07-20T19:24:29.559+0000] {standard_task_runner.py:90} INFO - Running: ['***', 'tasks', 'run', 'refresh_ods', 'cleanup_target_schema', 'manual__2024-07-20T19:24:24.429453+00:00', '--job-id', '180', '--raw', '--subdir', 'DAGS_FOLDER/refresh_ods.py', '--cfg-path', '/tmp/tmp40ljdwaf']
[2024-07-20T19:24:29.561+0000] {standard_task_runner.py:91} INFO - Job 180: Subtask cleanup_target_schema
[2024-07-20T19:24:29.601+0000] {task_command.py:426} INFO - Running <TaskInstance: refresh_ods.cleanup_target_schema manual__2024-07-20T19:24:24.429453+00:00 [running]> on host 89202c950a25
[2024-07-20T19:24:29.645+0000] {taskinstance.py:2648} INFO - Exporting env vars: AIRFLOW_CTX_DAG_OWNER='***' AIRFLOW_CTX_DAG_ID='refresh_ods' AIRFLOW_CTX_TASK_ID='cleanup_target_schema' AIRFLOW_CTX_EXECUTION_DATE='2024-07-20T19:24:24.429453+00:00' AIRFLOW_CTX_TRY_NUMBER='1' AIRFLOW_CTX_DAG_RUN_ID='manual__2024-07-20T19:24:24.429453+00:00'
[2024-07-20T19:24:29.647+0000] {taskinstance.py:430} INFO - ::endgroup::
[2024-07-20T19:24:29.649+0000] {subprocess.py:63} INFO - Tmp dir root location: /tmp
[2024-07-20T19:24:29.650+0000] {subprocess.py:75} INFO - Running command: ['/usr/bin/bash', '-c', 'psql -h 10.82.0.4 -U etl_user_3 -d etl_db_3 -c "\n        DO $$ DECLARE\n            r RECORD;\n        BEGIN\n            FOR r IN (SELECT tablename FROM pg_tables WHERE schemaname = \'ods_data\') LOOP\n                EXECUTE \'DROP TABLE ods_data.\' || quote_ident(r.tablename) || \' CASCADE\';\n            END LOOP;\n        END $$;\n    "']
[2024-07-20T19:24:29.658+0000] {subprocess.py:86} INFO - Output:
[2024-07-20T19:24:29.812+0000] {subprocess.py:93} INFO - Password for user etl_user_3:
[2024-07-20T19:24:29.924+0000] {subprocess.py:93} INFO - psql: error: connection to server at "10.82.0.4", port 5432 failed: fe_sendauth: no password supplied
[2024-07-20T19:24:29.930+0000] {subprocess.py:97} INFO - Command exited with return code 2
[2024-07-20T19:24:29.933+0000] {taskinstance.py:441} INFO - ::group::Post task execution logs
[2024-07-20T19:24:29.959+0000] {taskinstance.py:2905} ERROR - Task failed with exception
Traceback (most recent call last):
  File "/home/airflow/.local/lib/python3.12/site-packages/airflow/models/taskinstance.py", line 465, in _execute_task
    result = _execute_callable(context=context, **execute_callable_kwargs)
             ^^^^^^^^^^^^^^^^^^^^^^^^^^^^^^^^^^^^^^^^^^^^^^^^^^^^^^^^^^^^^
  File "/home/airflow/.local/lib/python3.12/site-packages/airflow/models/taskinstance.py", line 432, in _execute_callable
    return execute_callable(context=context, **execute_callable_kwargs)
           ^^^^^^^^^^^^^^^^^^^^^^^^^^^^^^^^^^^^^^^^^^^^^^^^^^^^^^^^^^^^
  File "/home/airflow/.local/lib/python3.12/site-packages/airflow/models/baseoperator.py", line 401, in wrapper
    return func(self, *args, **kwargs)
           ^^^^^^^^^^^^^^^^^^^^^^^^^^^
  File "/home/airflow/.local/lib/python3.12/site-packages/airflow/operators/bash.py", line 243, in execute
    raise AirflowException(
airflow.exceptions.AirflowException: Bash command failed. The command returned a non-zero exit code 2.
[2024-07-20T19:24:29.969+0000] {taskinstance.py:1206} INFO - Marking task as UP_FOR_RETRY. dag_id=refresh_ods, task_id=cleanup_target_schema, run_id=manual__2024-07-20T19:24:24.429453+00:00, execution_date=20240720T192424, start_date=20240720T192429, end_date=20240720T192429
[2024-07-20T19:24:29.978+0000] {standard_task_runner.py:110} ERROR - Failed to execute job 180 for task cleanup_target_schema (Bash command failed. The command returned a non-zero exit code 2.; 1543)
[2024-07-20T19:24:30.001+0000] {local_task_job_runner.py:240} INFO - Task exited with return code 1
[2024-07-20T19:24:30.021+0000] {taskinstance.py:3503} INFO - 0 downstream tasks scheduled from follow-on schedule check
[2024-07-20T19:24:30.022+0000] {local_task_job_runner.py:222} INFO - ::endgroup::
