[2024-07-25T11:11:17.149+0000] {local_task_job_runner.py:120} INFO - ::group::Pre task execution logs
[2024-07-25T11:11:17.161+0000] {taskinstance.py:2076} INFO - Dependencies all met for dep_context=non-requeueable deps ti=<TaskInstance: data_pipeline.clear_target_schema scheduled__2024-07-24T00:00:00+00:00 [queued]>
[2024-07-25T11:11:17.164+0000] {taskinstance.py:2076} INFO - Dependencies all met for dep_context=requeueable deps ti=<TaskInstance: data_pipeline.clear_target_schema scheduled__2024-07-24T00:00:00+00:00 [queued]>
[2024-07-25T11:11:17.164+0000] {taskinstance.py:2306} INFO - Starting attempt 1 of 2
[2024-07-25T11:11:17.168+0000] {taskinstance.py:2330} INFO - Executing <Task(PostgresOperator): clear_target_schema> on 2024-07-24 00:00:00+00:00
[2024-07-25T11:11:17.174+0000] {warnings.py:112} WARNING - /home/***/.local/lib/python3.12/site-packages/***/task/task_runner/standard_task_runner.py:61: DeprecationWarning: This process (pid=975) is multi-threaded, use of fork() may lead to deadlocks in the child.
  pid = os.fork()

[2024-07-25T11:11:17.175+0000] {standard_task_runner.py:63} INFO - Started process 977 to run task
[2024-07-25T11:11:17.174+0000] {standard_task_runner.py:90} INFO - Running: ['***', 'tasks', 'run', 'data_pipeline', 'clear_target_schema', 'scheduled__2024-07-24T00:00:00+00:00', '--job-id', '372', '--raw', '--subdir', 'DAGS_FOLDER/data_pipeline.py', '--cfg-path', '/tmp/tmp34wewgkp']
[2024-07-25T11:11:17.176+0000] {standard_task_runner.py:91} INFO - Job 372: Subtask clear_target_schema
[2024-07-25T11:11:17.199+0000] {task_command.py:426} INFO - Running <TaskInstance: data_pipeline.clear_target_schema scheduled__2024-07-24T00:00:00+00:00 [running]> on host ce8b503e836d
[2024-07-25T11:11:17.256+0000] {taskinstance.py:2648} INFO - Exporting env vars: AIRFLOW_CTX_DAG_OWNER='***' AIRFLOW_CTX_DAG_ID='data_pipeline' AIRFLOW_CTX_TASK_ID='clear_target_schema' AIRFLOW_CTX_EXECUTION_DATE='2024-07-24T00:00:00+00:00' AIRFLOW_CTX_TRY_NUMBER='1' AIRFLOW_CTX_DAG_RUN_ID='scheduled__2024-07-24T00:00:00+00:00'
[2024-07-25T11:11:17.258+0000] {taskinstance.py:430} INFO - ::endgroup::
[2024-07-25T11:11:17.258+0000] {sql.py:276} INFO - Executing: 
        DO $$ DECLARE
            r RECORD;
        BEGIN
            FOR r IN (SELECT tablename FROM pg_tables WHERE schemaname = 'ods_data') LOOP
                EXECUTE 'TRUNCATE TABLE ods_data.' || quote_ident(r.tablename) || ' CASCADE';
            END LOOP;
        END $$;
        
[2024-07-25T11:11:17.263+0000] {base.py:84} INFO - Using connection ID 'target_db' for task execution.
[2024-07-25T11:11:17.267+0000] {base.py:84} INFO - Using connection ID 'target_db' for task execution.
[2024-07-25T11:11:17.403+0000] {sql.py:487} INFO - Running statement: 
        DO $$ DECLARE
            r RECORD;
        BEGIN
            FOR r IN (SELECT tablename FROM pg_tables WHERE schemaname = 'ods_data') LOOP
                EXECUTE 'TRUNCATE TABLE ods_data.' || quote_ident(r.tablename) || ' CASCADE';
            END LOOP;
        END $$;
        , parameters: None
[2024-07-25T11:11:17.704+0000] {taskinstance.py:441} INFO - ::group::Post task execution logs
[2024-07-25T11:11:17.715+0000] {taskinstance.py:1206} INFO - Marking task as SUCCESS. dag_id=data_pipeline, task_id=clear_target_schema, run_id=scheduled__2024-07-24T00:00:00+00:00, execution_date=20240724T000000, start_date=20240725T111117, end_date=20240725T111117
[2024-07-25T11:11:17.745+0000] {local_task_job_runner.py:240} INFO - Task exited with return code 0
[2024-07-25T11:11:17.760+0000] {warnings.py:112} WARNING - /home/***/.local/lib/python3.12/site-packages/***/models/baseoperator.py:1297: AirflowProviderDeprecationWarning: Call to deprecated class PostgresOperator. (Please use `***.providers.common.sql.operators.sql.SQLExecuteQueryOperator`.Also, you can provide `hook_params={'schema': <database>}`.)
  result = cls.__new__(cls)

[2024-07-25T11:11:17.769+0000] {taskinstance.py:3503} INFO - 1 downstream tasks scheduled from follow-on schedule check
[2024-07-25T11:11:17.770+0000] {local_task_job_runner.py:222} INFO - ::endgroup::
