[2024-07-20T16:53:19.491+0000] {local_task_job_runner.py:120} INFO - ::group::Pre task execution logs
[2024-07-20T16:53:19.502+0000] {taskinstance.py:2076} INFO - Dependencies all met for dep_context=non-requeueable deps ti=<TaskInstance: daily_copy_schema_optimized_with_cache.truncate_schema manual__2024-07-20T16:53:15.198618+00:00 [queued]>
[2024-07-20T16:53:19.505+0000] {taskinstance.py:2076} INFO - Dependencies all met for dep_context=requeueable deps ti=<TaskInstance: daily_copy_schema_optimized_with_cache.truncate_schema manual__2024-07-20T16:53:15.198618+00:00 [queued]>
[2024-07-20T16:53:19.506+0000] {taskinstance.py:2306} INFO - Starting attempt 1 of 2
[2024-07-20T16:53:19.512+0000] {taskinstance.py:2330} INFO - Executing <Task(PythonOperator): truncate_schema> on 2024-07-20 16:53:15.198618+00:00
[2024-07-20T16:53:19.522+0000] {warnings.py:112} WARNING - /home/***/.local/lib/python3.12/site-packages/***/task/task_runner/standard_task_runner.py:61: DeprecationWarning: This process (pid=266) is multi-threaded, use of fork() may lead to deadlocks in the child.
  pid = os.fork()

[2024-07-20T16:53:19.523+0000] {standard_task_runner.py:63} INFO - Started process 274 to run task
[2024-07-20T16:53:19.523+0000] {standard_task_runner.py:90} INFO - Running: ['***', 'tasks', 'run', 'daily_copy_schema_optimized_with_cache', 'truncate_schema', 'manual__2024-07-20T16:53:15.198618+00:00', '--job-id', '172', '--raw', '--subdir', 'DAGS_FOLDER/update_ods.py', '--cfg-path', '/tmp/tmpeh6lit8e']
[2024-07-20T16:53:19.525+0000] {standard_task_runner.py:91} INFO - Job 172: Subtask truncate_schema
[2024-07-20T16:53:19.549+0000] {task_command.py:426} INFO - Running <TaskInstance: daily_copy_schema_optimized_with_cache.truncate_schema manual__2024-07-20T16:53:15.198618+00:00 [running]> on host 89202c950a25
[2024-07-20T16:53:19.593+0000] {taskinstance.py:2648} INFO - Exporting env vars: AIRFLOW_CTX_DAG_OWNER='***' AIRFLOW_CTX_DAG_ID='daily_copy_schema_optimized_with_cache' AIRFLOW_CTX_TASK_ID='truncate_schema' AIRFLOW_CTX_EXECUTION_DATE='2024-07-20T16:53:15.198618+00:00' AIRFLOW_CTX_TRY_NUMBER='1' AIRFLOW_CTX_DAG_RUN_ID='manual__2024-07-20T16:53:15.198618+00:00'
[2024-07-20T16:53:19.594+0000] {taskinstance.py:430} INFO - ::endgroup::
[2024-07-20T16:53:19.599+0000] {base.py:84} INFO - Using connection ID 'target_db' for task execution.
[2024-07-20T16:53:20.013+0000] {python.py:237} INFO - Done. Returned value was: None
[2024-07-20T16:53:20.021+0000] {taskinstance.py:441} INFO - ::group::Post task execution logs
[2024-07-20T16:53:20.095+0000] {taskinstance.py:1206} INFO - Marking task as SUCCESS. dag_id=daily_copy_schema_optimized_with_cache, task_id=truncate_schema, run_id=manual__2024-07-20T16:53:15.198618+00:00, execution_date=20240720T165315, start_date=20240720T165319, end_date=20240720T165320
[2024-07-20T16:53:20.161+0000] {local_task_job_runner.py:240} INFO - Task exited with return code 0
[2024-07-20T16:53:20.225+0000] {taskinstance.py:3503} INFO - 1 downstream tasks scheduled from follow-on schedule check
[2024-07-20T16:53:20.227+0000] {local_task_job_runner.py:222} INFO - ::endgroup::
