[2024-07-21T12:40:46.362+0000] {local_task_job_runner.py:120} INFO - ::group::Pre task execution logs
[2024-07-21T12:40:46.372+0000] {taskinstance.py:2076} INFO - Dependencies all met for dep_context=non-requeueable deps ti=<TaskInstance: refresh_ods.restore_dump manual__2024-07-21T12:40:30.148071+00:00 [queued]>
[2024-07-21T12:40:46.374+0000] {taskinstance.py:2076} INFO - Dependencies all met for dep_context=requeueable deps ti=<TaskInstance: refresh_ods.restore_dump manual__2024-07-21T12:40:30.148071+00:00 [queued]>
[2024-07-21T12:40:46.375+0000] {taskinstance.py:2306} INFO - Starting attempt 1 of 2
[2024-07-21T12:40:46.379+0000] {taskinstance.py:2330} INFO - Executing <Task(BashOperator): restore_dump> on 2024-07-21 12:40:30.148071+00:00
[2024-07-21T12:40:46.384+0000] {warnings.py:112} WARNING - /home/***/.local/lib/python3.12/site-packages/***/task/task_runner/standard_task_runner.py:61: DeprecationWarning: This process (pid=7962) is multi-threaded, use of fork() may lead to deadlocks in the child.
  pid = os.fork()

[2024-07-21T12:40:46.385+0000] {standard_task_runner.py:63} INFO - Started process 7964 to run task
[2024-07-21T12:40:46.385+0000] {standard_task_runner.py:90} INFO - Running: ['***', 'tasks', 'run', 'refresh_ods', 'restore_dump', 'manual__2024-07-21T12:40:30.148071+00:00', '--job-id', '362', '--raw', '--subdir', 'DAGS_FOLDER/refresh_ods.py', '--cfg-path', '/tmp/tmp_s3y8ax5']
[2024-07-21T12:40:46.387+0000] {standard_task_runner.py:91} INFO - Job 362: Subtask restore_dump
[2024-07-21T12:40:46.407+0000] {task_command.py:426} INFO - Running <TaskInstance: refresh_ods.restore_dump manual__2024-07-21T12:40:30.148071+00:00 [running]> on host 89202c950a25
[2024-07-21T12:40:46.449+0000] {taskinstance.py:2648} INFO - Exporting env vars: AIRFLOW_CTX_DAG_OWNER='***' AIRFLOW_CTX_DAG_ID='refresh_ods' AIRFLOW_CTX_TASK_ID='restore_dump' AIRFLOW_CTX_EXECUTION_DATE='2024-07-21T12:40:30.148071+00:00' AIRFLOW_CTX_TRY_NUMBER='1' AIRFLOW_CTX_DAG_RUN_ID='manual__2024-07-21T12:40:30.148071+00:00'
[2024-07-21T12:40:46.450+0000] {taskinstance.py:430} INFO - ::endgroup::
[2024-07-21T12:40:46.450+0000] {subprocess.py:63} INFO - Tmp dir root location: /tmp
[2024-07-21T12:40:46.451+0000] {subprocess.py:75} INFO - Running command: ['/usr/bin/bash', '-c', "\n    PGPASSWORD='***' psql -h 10.82.0.4 -U etl_user_3 -d etl_db_3 -f /opt/***/dags/scripts/sql-scripts/ods_refresh.sql\n    "]
[2024-07-21T12:40:46.456+0000] {subprocess.py:86} INFO - Output:
[2024-07-21T12:40:46.656+0000] {subprocess.py:93} INFO - SET
[2024-07-21T12:40:46.683+0000] {subprocess.py:93} INFO - SET
[2024-07-21T12:40:46.711+0000] {subprocess.py:93} INFO - SET
[2024-07-21T12:40:46.740+0000] {subprocess.py:93} INFO - SET
[2024-07-21T12:40:46.772+0000] {subprocess.py:93} INFO - SET
[2024-07-21T12:40:46.800+0000] {subprocess.py:93} INFO -  set_config
[2024-07-21T12:40:46.802+0000] {subprocess.py:93} INFO - ------------
[2024-07-21T12:40:46.802+0000] {subprocess.py:93} INFO - 
[2024-07-21T12:40:46.803+0000] {subprocess.py:93} INFO - (1 row)
[2024-07-21T12:40:46.804+0000] {subprocess.py:93} INFO - 
[2024-07-21T12:40:46.828+0000] {subprocess.py:93} INFO - SET
[2024-07-21T12:40:46.857+0000] {subprocess.py:93} INFO - SET
[2024-07-21T12:40:46.885+0000] {subprocess.py:93} INFO - SET
[2024-07-21T12:40:46.912+0000] {subprocess.py:93} INFO - SET
[2024-07-21T12:40:46.970+0000] {subprocess.py:93} INFO - COPY 17
[2024-07-21T12:40:47.086+0000] {subprocess.py:93} INFO - COPY 495
[2024-07-21T12:40:47.143+0000] {subprocess.py:93} INFO - COPY 25
[2024-07-21T12:40:47.265+0000] {subprocess.py:93} INFO - COPY 1993
[2024-07-21T12:40:47.404+0000] {subprocess.py:93} INFO - COPY 2971
[2024-07-21T12:40:47.466+0000] {subprocess.py:93} INFO - COPY 306
[2024-07-21T12:40:47.527+0000] {subprocess.py:93} INFO - COPY 318
[2024-07-21T12:40:47.583+0000] {subprocess.py:93} INFO - COPY 8
[2024-07-21T12:40:47.643+0000] {subprocess.py:93} INFO - COPY 40
[2024-07-21T12:40:47.705+0000] {subprocess.py:93} INFO - COPY 1489
[2024-07-21T12:40:47.762+0000] {subprocess.py:93} INFO - COPY 13
[2024-07-21T12:40:47.827+0000] {subprocess.py:93} INFO - COPY 493
[2024-07-21T12:40:47.893+0000] {subprocess.py:93} INFO - COPY 1235
[2024-07-21T12:40:47.954+0000] {subprocess.py:93} INFO - COPY 483
[2024-07-21T12:40:48.010+0000] {subprocess.py:93} INFO - COPY 6
[2024-07-21T12:40:48.069+0000] {subprocess.py:93} INFO - COPY 188
[2024-07-21T12:40:48.126+0000] {subprocess.py:93} INFO - COPY 55
[2024-07-21T12:40:48.211+0000] {subprocess.py:93} INFO - COPY 2520
[2024-07-21T12:40:48.266+0000] {subprocess.py:93} INFO - COPY 8
[2024-07-21T12:40:48.326+0000] {subprocess.py:93} INFO - COPY 278
[2024-07-21T12:40:48.382+0000] {subprocess.py:93} INFO - COPY 31
[2024-07-21T12:40:48.438+0000] {subprocess.py:93} INFO - COPY 6
[2024-07-21T12:40:48.494+0000] {subprocess.py:93} INFO - COPY 6
[2024-07-21T12:40:48.551+0000] {subprocess.py:93} INFO - COPY 3
[2024-07-21T12:40:48.608+0000] {subprocess.py:93} INFO - COPY 3
[2024-07-21T12:40:48.664+0000] {subprocess.py:93} INFO - COPY 17
[2024-07-21T12:40:48.722+0000] {subprocess.py:93} INFO - COPY 174
[2024-07-21T12:40:48.779+0000] {subprocess.py:93} INFO - COPY 6
[2024-07-21T12:40:48.844+0000] {subprocess.py:93} INFO - COPY 451
[2024-07-21T12:40:48.900+0000] {subprocess.py:93} INFO - COPY 32
[2024-07-21T12:40:48.969+0000] {subprocess.py:93} INFO - COPY 1227
[2024-07-21T12:40:48.980+0000] {subprocess.py:97} INFO - Command exited with return code 0
[2024-07-21T12:40:48.984+0000] {taskinstance.py:441} INFO - ::group::Post task execution logs
[2024-07-21T12:40:49.043+0000] {taskinstance.py:1206} INFO - Marking task as SUCCESS. dag_id=refresh_ods, task_id=restore_dump, run_id=manual__2024-07-21T12:40:30.148071+00:00, execution_date=20240721T124030, start_date=20240721T124046, end_date=20240721T124049
[2024-07-21T12:40:49.096+0000] {local_task_job_runner.py:240} INFO - Task exited with return code 0
[2024-07-21T12:40:49.115+0000] {taskinstance.py:3503} INFO - 0 downstream tasks scheduled from follow-on schedule check
[2024-07-21T12:40:49.116+0000] {local_task_job_runner.py:222} INFO - ::endgroup::
