[2024-07-16T15:18:36.692+0000] {processor.py:161} INFO - Started process (PID=65) to work on /home/airflow/.local/lib/python3.12/site-packages/airflow/example_dags/example_sla_dag.py
[2024-07-16T15:18:36.694+0000] {processor.py:830} INFO - Processing file /home/airflow/.local/lib/python3.12/site-packages/airflow/example_dags/example_sla_dag.py for tasks to queue
[2024-07-16T15:18:36.698+0000] {logging_mixin.py:188} INFO - [2024-07-16T15:18:36.697+0000] {dagbag.py:545} INFO - Filling up the DagBag from /home/airflow/.local/lib/python3.12/site-packages/airflow/example_dags/example_sla_dag.py
[2024-07-16T15:18:36.705+0000] {processor.py:840} INFO - DAG(s) 'example_sla_dag' retrieved from /home/airflow/.local/lib/python3.12/site-packages/airflow/example_dags/example_sla_dag.py
[2024-07-16T15:18:36.733+0000] {logging_mixin.py:188} INFO - [2024-07-16T15:18:36.733+0000] {dag.py:3096} INFO - Sync 1 DAGs
[2024-07-16T15:18:36.758+0000] {logging_mixin.py:188} INFO - [2024-07-16T15:18:36.757+0000] {dag.py:3954} INFO - Setting next_dagrun for example_sla_dag to 2024-07-16 15:16:00+00:00, run_after=2024-07-16 15:18:00+00:00
[2024-07-16T15:18:36.775+0000] {processor.py:183} INFO - Processing /home/airflow/.local/lib/python3.12/site-packages/airflow/example_dags/example_sla_dag.py took 0.088 seconds
[2024-07-16T15:19:07.470+0000] {processor.py:161} INFO - Started process (PID=125) to work on /home/airflow/.local/lib/python3.12/site-packages/airflow/example_dags/example_sla_dag.py
[2024-07-16T15:19:07.471+0000] {processor.py:830} INFO - Processing file /home/airflow/.local/lib/python3.12/site-packages/airflow/example_dags/example_sla_dag.py for tasks to queue
[2024-07-16T15:19:07.473+0000] {logging_mixin.py:188} INFO - [2024-07-16T15:19:07.472+0000] {dagbag.py:545} INFO - Filling up the DagBag from /home/airflow/.local/lib/python3.12/site-packages/airflow/example_dags/example_sla_dag.py
[2024-07-16T15:19:07.476+0000] {processor.py:840} INFO - DAG(s) 'example_sla_dag' retrieved from /home/airflow/.local/lib/python3.12/site-packages/airflow/example_dags/example_sla_dag.py
[2024-07-16T15:19:07.520+0000] {logging_mixin.py:188} INFO - [2024-07-16T15:19:07.519+0000] {dag.py:3096} INFO - Sync 1 DAGs
[2024-07-16T15:19:07.528+0000] {logging_mixin.py:188} INFO - [2024-07-16T15:19:07.528+0000] {dag.py:3954} INFO - Setting next_dagrun for example_sla_dag to 2024-07-16 15:16:00+00:00, run_after=2024-07-16 15:18:00+00:00
[2024-07-16T15:19:07.535+0000] {processor.py:183} INFO - Processing /home/airflow/.local/lib/python3.12/site-packages/airflow/example_dags/example_sla_dag.py took 0.068 seconds
[2024-07-16T15:27:32.265+0000] {processor.py:161} INFO - Started process (PID=64) to work on /home/airflow/.local/lib/python3.12/site-packages/airflow/example_dags/example_sla_dag.py
[2024-07-16T15:27:32.266+0000] {processor.py:830} INFO - Processing file /home/airflow/.local/lib/python3.12/site-packages/airflow/example_dags/example_sla_dag.py for tasks to queue
[2024-07-16T15:27:32.267+0000] {logging_mixin.py:188} INFO - [2024-07-16T15:27:32.267+0000] {dagbag.py:545} INFO - Filling up the DagBag from /home/airflow/.local/lib/python3.12/site-packages/airflow/example_dags/example_sla_dag.py
[2024-07-16T15:27:32.286+0000] {processor.py:840} INFO - DAG(s) 'example_sla_dag' retrieved from /home/airflow/.local/lib/python3.12/site-packages/airflow/example_dags/example_sla_dag.py
[2024-07-16T15:27:32.305+0000] {logging_mixin.py:188} INFO - [2024-07-16T15:27:32.305+0000] {dag.py:3096} INFO - Sync 1 DAGs
[2024-07-16T15:27:32.337+0000] {logging_mixin.py:188} INFO - [2024-07-16T15:27:32.337+0000] {dag.py:3954} INFO - Setting next_dagrun for example_sla_dag to 2024-07-16 15:24:00+00:00, run_after=2024-07-16 15:26:00+00:00
[2024-07-16T15:27:32.363+0000] {processor.py:183} INFO - Processing /home/airflow/.local/lib/python3.12/site-packages/airflow/example_dags/example_sla_dag.py took 0.101 seconds
[2024-07-16T15:28:02.396+0000] {processor.py:161} INFO - Started process (PID=124) to work on /home/airflow/.local/lib/python3.12/site-packages/airflow/example_dags/example_sla_dag.py
[2024-07-16T15:28:02.396+0000] {processor.py:830} INFO - Processing file /home/airflow/.local/lib/python3.12/site-packages/airflow/example_dags/example_sla_dag.py for tasks to queue
[2024-07-16T15:28:02.397+0000] {logging_mixin.py:188} INFO - [2024-07-16T15:28:02.397+0000] {dagbag.py:545} INFO - Filling up the DagBag from /home/airflow/.local/lib/python3.12/site-packages/airflow/example_dags/example_sla_dag.py
[2024-07-16T15:28:02.402+0000] {processor.py:840} INFO - DAG(s) 'example_sla_dag' retrieved from /home/airflow/.local/lib/python3.12/site-packages/airflow/example_dags/example_sla_dag.py
[2024-07-16T15:28:02.439+0000] {logging_mixin.py:188} INFO - [2024-07-16T15:28:02.438+0000] {dag.py:3096} INFO - Sync 1 DAGs
[2024-07-16T15:28:02.446+0000] {logging_mixin.py:188} INFO - [2024-07-16T15:28:02.446+0000] {dag.py:3954} INFO - Setting next_dagrun for example_sla_dag to 2024-07-16 15:26:00+00:00, run_after=2024-07-16 15:28:00+00:00
[2024-07-16T15:28:02.453+0000] {processor.py:183} INFO - Processing /home/airflow/.local/lib/python3.12/site-packages/airflow/example_dags/example_sla_dag.py took 0.060 seconds
[2024-07-16T15:28:33.175+0000] {processor.py:161} INFO - Started process (PID=183) to work on /home/airflow/.local/lib/python3.12/site-packages/airflow/example_dags/example_sla_dag.py
[2024-07-16T15:28:33.176+0000] {processor.py:830} INFO - Processing file /home/airflow/.local/lib/python3.12/site-packages/airflow/example_dags/example_sla_dag.py for tasks to queue
[2024-07-16T15:28:33.176+0000] {logging_mixin.py:188} INFO - [2024-07-16T15:28:33.176+0000] {dagbag.py:545} INFO - Filling up the DagBag from /home/airflow/.local/lib/python3.12/site-packages/airflow/example_dags/example_sla_dag.py
[2024-07-16T15:28:33.179+0000] {processor.py:840} INFO - DAG(s) 'example_sla_dag' retrieved from /home/airflow/.local/lib/python3.12/site-packages/airflow/example_dags/example_sla_dag.py
[2024-07-16T15:28:33.188+0000] {logging_mixin.py:188} INFO - [2024-07-16T15:28:33.188+0000] {dag.py:3096} INFO - Sync 1 DAGs
[2024-07-16T15:28:33.197+0000] {logging_mixin.py:188} INFO - [2024-07-16T15:28:33.197+0000] {dag.py:3954} INFO - Setting next_dagrun for example_sla_dag to 2024-07-16 15:26:00+00:00, run_after=2024-07-16 15:28:00+00:00
[2024-07-16T15:28:33.202+0000] {processor.py:183} INFO - Processing /home/airflow/.local/lib/python3.12/site-packages/airflow/example_dags/example_sla_dag.py took 0.029 seconds
[2024-07-16T15:29:04.221+0000] {processor.py:161} INFO - Started process (PID=243) to work on /home/airflow/.local/lib/python3.12/site-packages/airflow/example_dags/example_sla_dag.py
[2024-07-16T15:29:04.221+0000] {processor.py:830} INFO - Processing file /home/airflow/.local/lib/python3.12/site-packages/airflow/example_dags/example_sla_dag.py for tasks to queue
[2024-07-16T15:29:04.221+0000] {logging_mixin.py:188} INFO - [2024-07-16T15:29:04.221+0000] {dagbag.py:545} INFO - Filling up the DagBag from /home/airflow/.local/lib/python3.12/site-packages/airflow/example_dags/example_sla_dag.py
[2024-07-16T15:29:04.225+0000] {processor.py:840} INFO - DAG(s) 'example_sla_dag' retrieved from /home/airflow/.local/lib/python3.12/site-packages/airflow/example_dags/example_sla_dag.py
[2024-07-16T15:29:04.233+0000] {logging_mixin.py:188} INFO - [2024-07-16T15:29:04.233+0000] {dag.py:3096} INFO - Sync 1 DAGs
[2024-07-16T15:29:04.242+0000] {logging_mixin.py:188} INFO - [2024-07-16T15:29:04.241+0000] {dag.py:3954} INFO - Setting next_dagrun for example_sla_dag to 2024-07-16 15:26:00+00:00, run_after=2024-07-16 15:28:00+00:00
[2024-07-16T15:29:04.247+0000] {processor.py:183} INFO - Processing /home/airflow/.local/lib/python3.12/site-packages/airflow/example_dags/example_sla_dag.py took 0.029 seconds
