[2024-07-16T15:18:34.703+0000] {processor.py:161} INFO - Started process (PID=34) to work on /home/airflow/.local/lib/python3.12/site-packages/airflow/example_dags/example_datasets.py
[2024-07-16T15:18:34.704+0000] {processor.py:830} INFO - Processing file /home/airflow/.local/lib/python3.12/site-packages/airflow/example_dags/example_datasets.py for tasks to queue
[2024-07-16T15:18:34.704+0000] {logging_mixin.py:188} INFO - [2024-07-16T15:18:34.704+0000] {dagbag.py:545} INFO - Filling up the DagBag from /home/airflow/.local/lib/python3.12/site-packages/airflow/example_dags/example_datasets.py
[2024-07-16T15:18:34.715+0000] {processor.py:840} INFO - DAG(s) 'consume_1_and_2_with_dataset_expressions', 'consume_1_or_both_2_and_3_with_dataset_expressions', 'dataset_consumes_unknown_never_scheduled', 'conditional_dataset_and_time_based_timetable', 'dataset_produces_2', 'dataset_consumes_1_and_2', 'dataset_consumes_1_never_scheduled', 'dataset_consumes_1', 'consume_1_or_2_with_dataset_expressions', 'dataset_produces_1' retrieved from /home/airflow/.local/lib/python3.12/site-packages/airflow/example_dags/example_datasets.py
[2024-07-16T15:18:34.740+0000] {logging_mixin.py:188} INFO - [2024-07-16T15:18:34.740+0000] {dag.py:3096} INFO - Sync 10 DAGs
[2024-07-16T15:18:34.774+0000] {logging_mixin.py:188} INFO - [2024-07-16T15:18:34.774+0000] {dag.py:3954} INFO - Setting next_dagrun for conditional_dataset_and_time_based_timetable to 2024-07-10 01:00:00+00:00, run_after=2024-07-10 01:00:00+00:00
[2024-07-16T15:18:34.787+0000] {logging_mixin.py:188} INFO - [2024-07-16T15:18:34.787+0000] {dag.py:3954} INFO - Setting next_dagrun for consume_1_and_2_with_dataset_expressions to None, run_after=None
[2024-07-16T15:18:34.789+0000] {logging_mixin.py:188} INFO - [2024-07-16T15:18:34.788+0000] {dag.py:3954} INFO - Setting next_dagrun for consume_1_or_2_with_dataset_expressions to None, run_after=None
[2024-07-16T15:18:34.790+0000] {logging_mixin.py:188} INFO - [2024-07-16T15:18:34.790+0000] {dag.py:3954} INFO - Setting next_dagrun for consume_1_or_both_2_and_3_with_dataset_expressions to None, run_after=None
[2024-07-16T15:18:34.792+0000] {logging_mixin.py:188} INFO - [2024-07-16T15:18:34.792+0000] {dag.py:3954} INFO - Setting next_dagrun for dataset_consumes_1 to None, run_after=None
[2024-07-16T15:18:34.793+0000] {logging_mixin.py:188} INFO - [2024-07-16T15:18:34.792+0000] {dag.py:3954} INFO - Setting next_dagrun for dataset_consumes_1_and_2 to None, run_after=None
[2024-07-16T15:18:34.793+0000] {logging_mixin.py:188} INFO - [2024-07-16T15:18:34.793+0000] {dag.py:3954} INFO - Setting next_dagrun for dataset_consumes_1_never_scheduled to None, run_after=None
[2024-07-16T15:18:34.794+0000] {logging_mixin.py:188} INFO - [2024-07-16T15:18:34.794+0000] {dag.py:3954} INFO - Setting next_dagrun for dataset_consumes_unknown_never_scheduled to None, run_after=None
[2024-07-16T15:18:34.795+0000] {logging_mixin.py:188} INFO - [2024-07-16T15:18:34.795+0000] {dag.py:3954} INFO - Setting next_dagrun for dataset_produces_1 to 2024-07-15 00:00:00+00:00, run_after=2024-07-16 00:00:00+00:00
[2024-07-16T15:18:34.796+0000] {logging_mixin.py:188} INFO - [2024-07-16T15:18:34.796+0000] {dag.py:3954} INFO - Setting next_dagrun for dataset_produces_2 to None, run_after=None
[2024-07-16T15:18:34.815+0000] {processor.py:183} INFO - Processing /home/airflow/.local/lib/python3.12/site-packages/airflow/example_dags/example_datasets.py took 0.114 seconds
[2024-07-16T15:19:05.195+0000] {processor.py:161} INFO - Started process (PID=94) to work on /home/airflow/.local/lib/python3.12/site-packages/airflow/example_dags/example_datasets.py
[2024-07-16T15:19:05.196+0000] {processor.py:830} INFO - Processing file /home/airflow/.local/lib/python3.12/site-packages/airflow/example_dags/example_datasets.py for tasks to queue
[2024-07-16T15:19:05.196+0000] {logging_mixin.py:188} INFO - [2024-07-16T15:19:05.196+0000] {dagbag.py:545} INFO - Filling up the DagBag from /home/airflow/.local/lib/python3.12/site-packages/airflow/example_dags/example_datasets.py
[2024-07-16T15:19:05.204+0000] {processor.py:840} INFO - DAG(s) 'dataset_produces_1', 'dataset_produces_2', 'dataset_consumes_1', 'consume_1_or_2_with_dataset_expressions', 'consume_1_and_2_with_dataset_expressions', 'consume_1_or_both_2_and_3_with_dataset_expressions', 'dataset_consumes_1_and_2', 'conditional_dataset_and_time_based_timetable', 'dataset_consumes_unknown_never_scheduled', 'dataset_consumes_1_never_scheduled' retrieved from /home/airflow/.local/lib/python3.12/site-packages/airflow/example_dags/example_datasets.py
[2024-07-16T15:19:05.276+0000] {logging_mixin.py:188} INFO - [2024-07-16T15:19:05.276+0000] {dag.py:3096} INFO - Sync 10 DAGs
[2024-07-16T15:19:05.286+0000] {logging_mixin.py:188} INFO - [2024-07-16T15:19:05.286+0000] {dag.py:3954} INFO - Setting next_dagrun for conditional_dataset_and_time_based_timetable to 2024-07-10 01:00:00+00:00, run_after=2024-07-10 01:00:00+00:00
[2024-07-16T15:19:05.287+0000] {logging_mixin.py:188} INFO - [2024-07-16T15:19:05.287+0000] {dag.py:3954} INFO - Setting next_dagrun for consume_1_and_2_with_dataset_expressions to None, run_after=None
[2024-07-16T15:19:05.288+0000] {logging_mixin.py:188} INFO - [2024-07-16T15:19:05.288+0000] {dag.py:3954} INFO - Setting next_dagrun for consume_1_or_2_with_dataset_expressions to None, run_after=None
[2024-07-16T15:19:05.288+0000] {logging_mixin.py:188} INFO - [2024-07-16T15:19:05.288+0000] {dag.py:3954} INFO - Setting next_dagrun for consume_1_or_both_2_and_3_with_dataset_expressions to None, run_after=None
[2024-07-16T15:19:05.288+0000] {logging_mixin.py:188} INFO - [2024-07-16T15:19:05.288+0000] {dag.py:3954} INFO - Setting next_dagrun for dataset_consumes_1 to None, run_after=None
[2024-07-16T15:19:05.289+0000] {logging_mixin.py:188} INFO - [2024-07-16T15:19:05.289+0000] {dag.py:3954} INFO - Setting next_dagrun for dataset_consumes_1_and_2 to None, run_after=None
[2024-07-16T15:19:05.289+0000] {logging_mixin.py:188} INFO - [2024-07-16T15:19:05.289+0000] {dag.py:3954} INFO - Setting next_dagrun for dataset_consumes_1_never_scheduled to None, run_after=None
[2024-07-16T15:19:05.290+0000] {logging_mixin.py:188} INFO - [2024-07-16T15:19:05.290+0000] {dag.py:3954} INFO - Setting next_dagrun for dataset_consumes_unknown_never_scheduled to None, run_after=None
[2024-07-16T15:19:05.290+0000] {logging_mixin.py:188} INFO - [2024-07-16T15:19:05.290+0000] {dag.py:3954} INFO - Setting next_dagrun for dataset_produces_1 to 2024-07-15 00:00:00+00:00, run_after=2024-07-16 00:00:00+00:00
[2024-07-16T15:19:05.291+0000] {logging_mixin.py:188} INFO - [2024-07-16T15:19:05.291+0000] {dag.py:3954} INFO - Setting next_dagrun for dataset_produces_2 to None, run_after=None
[2024-07-16T15:19:05.303+0000] {processor.py:183} INFO - Processing /home/airflow/.local/lib/python3.12/site-packages/airflow/example_dags/example_datasets.py took 0.110 seconds
[2024-07-16T15:27:30.091+0000] {processor.py:161} INFO - Started process (PID=33) to work on /home/airflow/.local/lib/python3.12/site-packages/airflow/example_dags/example_datasets.py
[2024-07-16T15:27:30.098+0000] {processor.py:830} INFO - Processing file /home/airflow/.local/lib/python3.12/site-packages/airflow/example_dags/example_datasets.py for tasks to queue
[2024-07-16T15:27:30.103+0000] {logging_mixin.py:188} INFO - [2024-07-16T15:27:30.103+0000] {dagbag.py:545} INFO - Filling up the DagBag from /home/airflow/.local/lib/python3.12/site-packages/airflow/example_dags/example_datasets.py
[2024-07-16T15:27:30.130+0000] {processor.py:840} INFO - DAG(s) 'dataset_consumes_1_never_scheduled', 'dataset_consumes_1_and_2', 'consume_1_or_both_2_and_3_with_dataset_expressions', 'conditional_dataset_and_time_based_timetable', 'dataset_consumes_unknown_never_scheduled', 'consume_1_and_2_with_dataset_expressions', 'consume_1_or_2_with_dataset_expressions', 'dataset_produces_1', 'dataset_produces_2', 'dataset_consumes_1' retrieved from /home/airflow/.local/lib/python3.12/site-packages/airflow/example_dags/example_datasets.py
[2024-07-16T15:27:30.152+0000] {logging_mixin.py:188} INFO - [2024-07-16T15:27:30.152+0000] {dag.py:3096} INFO - Sync 10 DAGs
[2024-07-16T15:27:30.196+0000] {logging_mixin.py:188} INFO - [2024-07-16T15:27:30.196+0000] {dag.py:3954} INFO - Setting next_dagrun for conditional_dataset_and_time_based_timetable to 2024-07-10 01:00:00+00:00, run_after=2024-07-10 01:00:00+00:00
[2024-07-16T15:27:30.200+0000] {logging_mixin.py:188} INFO - [2024-07-16T15:27:30.200+0000] {dag.py:3954} INFO - Setting next_dagrun for consume_1_and_2_with_dataset_expressions to None, run_after=None
[2024-07-16T15:27:30.202+0000] {logging_mixin.py:188} INFO - [2024-07-16T15:27:30.202+0000] {dag.py:3954} INFO - Setting next_dagrun for consume_1_or_2_with_dataset_expressions to None, run_after=None
[2024-07-16T15:27:30.203+0000] {logging_mixin.py:188} INFO - [2024-07-16T15:27:30.203+0000] {dag.py:3954} INFO - Setting next_dagrun for consume_1_or_both_2_and_3_with_dataset_expressions to None, run_after=None
[2024-07-16T15:27:30.205+0000] {logging_mixin.py:188} INFO - [2024-07-16T15:27:30.205+0000] {dag.py:3954} INFO - Setting next_dagrun for dataset_consumes_1 to None, run_after=None
[2024-07-16T15:27:30.206+0000] {logging_mixin.py:188} INFO - [2024-07-16T15:27:30.206+0000] {dag.py:3954} INFO - Setting next_dagrun for dataset_consumes_1_and_2 to None, run_after=None
[2024-07-16T15:27:30.206+0000] {logging_mixin.py:188} INFO - [2024-07-16T15:27:30.206+0000] {dag.py:3954} INFO - Setting next_dagrun for dataset_consumes_1_never_scheduled to None, run_after=None
[2024-07-16T15:27:30.208+0000] {logging_mixin.py:188} INFO - [2024-07-16T15:27:30.208+0000] {dag.py:3954} INFO - Setting next_dagrun for dataset_consumes_unknown_never_scheduled to None, run_after=None
[2024-07-16T15:27:30.212+0000] {logging_mixin.py:188} INFO - [2024-07-16T15:27:30.211+0000] {dag.py:3954} INFO - Setting next_dagrun for dataset_produces_1 to 2024-07-15 00:00:00+00:00, run_after=2024-07-16 00:00:00+00:00
[2024-07-16T15:27:30.214+0000] {logging_mixin.py:188} INFO - [2024-07-16T15:27:30.214+0000] {dag.py:3954} INFO - Setting next_dagrun for dataset_produces_2 to None, run_after=None
[2024-07-16T15:27:30.236+0000] {processor.py:183} INFO - Processing /home/airflow/.local/lib/python3.12/site-packages/airflow/example_dags/example_datasets.py took 0.148 seconds
[2024-07-16T15:28:01.179+0000] {processor.py:161} INFO - Started process (PID=93) to work on /home/airflow/.local/lib/python3.12/site-packages/airflow/example_dags/example_datasets.py
[2024-07-16T15:28:01.180+0000] {processor.py:830} INFO - Processing file /home/airflow/.local/lib/python3.12/site-packages/airflow/example_dags/example_datasets.py for tasks to queue
[2024-07-16T15:28:01.181+0000] {logging_mixin.py:188} INFO - [2024-07-16T15:28:01.180+0000] {dagbag.py:545} INFO - Filling up the DagBag from /home/airflow/.local/lib/python3.12/site-packages/airflow/example_dags/example_datasets.py
[2024-07-16T15:28:01.190+0000] {processor.py:840} INFO - DAG(s) 'dataset_consumes_unknown_never_scheduled', 'dataset_produces_1', 'dataset_consumes_1', 'dataset_produces_2', 'consume_1_or_2_with_dataset_expressions', 'dataset_consumes_1_never_scheduled', 'consume_1_and_2_with_dataset_expressions', 'conditional_dataset_and_time_based_timetable', 'consume_1_or_both_2_and_3_with_dataset_expressions', 'dataset_consumes_1_and_2' retrieved from /home/airflow/.local/lib/python3.12/site-packages/airflow/example_dags/example_datasets.py
[2024-07-16T15:28:01.268+0000] {logging_mixin.py:188} INFO - [2024-07-16T15:28:01.267+0000] {dag.py:3096} INFO - Sync 10 DAGs
[2024-07-16T15:28:01.277+0000] {logging_mixin.py:188} INFO - [2024-07-16T15:28:01.277+0000] {dag.py:3954} INFO - Setting next_dagrun for conditional_dataset_and_time_based_timetable to 2024-07-10 01:00:00+00:00, run_after=2024-07-10 01:00:00+00:00
[2024-07-16T15:28:01.278+0000] {logging_mixin.py:188} INFO - [2024-07-16T15:28:01.278+0000] {dag.py:3954} INFO - Setting next_dagrun for consume_1_and_2_with_dataset_expressions to None, run_after=None
[2024-07-16T15:28:01.279+0000] {logging_mixin.py:188} INFO - [2024-07-16T15:28:01.279+0000] {dag.py:3954} INFO - Setting next_dagrun for consume_1_or_2_with_dataset_expressions to None, run_after=None
[2024-07-16T15:28:01.280+0000] {logging_mixin.py:188} INFO - [2024-07-16T15:28:01.280+0000] {dag.py:3954} INFO - Setting next_dagrun for consume_1_or_both_2_and_3_with_dataset_expressions to None, run_after=None
[2024-07-16T15:28:01.281+0000] {logging_mixin.py:188} INFO - [2024-07-16T15:28:01.281+0000] {dag.py:3954} INFO - Setting next_dagrun for dataset_consumes_1 to None, run_after=None
[2024-07-16T15:28:01.281+0000] {logging_mixin.py:188} INFO - [2024-07-16T15:28:01.281+0000] {dag.py:3954} INFO - Setting next_dagrun for dataset_consumes_1_and_2 to None, run_after=None
[2024-07-16T15:28:01.281+0000] {logging_mixin.py:188} INFO - [2024-07-16T15:28:01.281+0000] {dag.py:3954} INFO - Setting next_dagrun for dataset_consumes_1_never_scheduled to None, run_after=None
[2024-07-16T15:28:01.282+0000] {logging_mixin.py:188} INFO - [2024-07-16T15:28:01.282+0000] {dag.py:3954} INFO - Setting next_dagrun for dataset_consumes_unknown_never_scheduled to None, run_after=None
[2024-07-16T15:28:01.282+0000] {logging_mixin.py:188} INFO - [2024-07-16T15:28:01.282+0000] {dag.py:3954} INFO - Setting next_dagrun for dataset_produces_1 to 2024-07-15 00:00:00+00:00, run_after=2024-07-16 00:00:00+00:00
[2024-07-16T15:28:01.283+0000] {logging_mixin.py:188} INFO - [2024-07-16T15:28:01.283+0000] {dag.py:3954} INFO - Setting next_dagrun for dataset_produces_2 to None, run_after=None
[2024-07-16T15:28:01.294+0000] {processor.py:183} INFO - Processing /home/airflow/.local/lib/python3.12/site-packages/airflow/example_dags/example_datasets.py took 0.119 seconds
[2024-07-16T15:28:31.395+0000] {processor.py:161} INFO - Started process (PID=152) to work on /home/airflow/.local/lib/python3.12/site-packages/airflow/example_dags/example_datasets.py
[2024-07-16T15:28:31.396+0000] {processor.py:830} INFO - Processing file /home/airflow/.local/lib/python3.12/site-packages/airflow/example_dags/example_datasets.py for tasks to queue
[2024-07-16T15:28:31.397+0000] {logging_mixin.py:188} INFO - [2024-07-16T15:28:31.396+0000] {dagbag.py:545} INFO - Filling up the DagBag from /home/airflow/.local/lib/python3.12/site-packages/airflow/example_dags/example_datasets.py
[2024-07-16T15:28:31.410+0000] {processor.py:840} INFO - DAG(s) 'consume_1_and_2_with_dataset_expressions', 'consume_1_or_both_2_and_3_with_dataset_expressions', 'consume_1_or_2_with_dataset_expressions', 'conditional_dataset_and_time_based_timetable', 'dataset_consumes_1_and_2', 'dataset_consumes_1', 'dataset_produces_2', 'dataset_consumes_unknown_never_scheduled', 'dataset_produces_1', 'dataset_consumes_1_never_scheduled' retrieved from /home/airflow/.local/lib/python3.12/site-packages/airflow/example_dags/example_datasets.py
[2024-07-16T15:28:31.433+0000] {logging_mixin.py:188} INFO - [2024-07-16T15:28:31.433+0000] {dag.py:3096} INFO - Sync 10 DAGs
[2024-07-16T15:28:31.442+0000] {logging_mixin.py:188} INFO - [2024-07-16T15:28:31.442+0000] {dag.py:3954} INFO - Setting next_dagrun for conditional_dataset_and_time_based_timetable to 2024-07-10 01:00:00+00:00, run_after=2024-07-10 01:00:00+00:00
[2024-07-16T15:28:31.443+0000] {logging_mixin.py:188} INFO - [2024-07-16T15:28:31.443+0000] {dag.py:3954} INFO - Setting next_dagrun for consume_1_and_2_with_dataset_expressions to None, run_after=None
[2024-07-16T15:28:31.444+0000] {logging_mixin.py:188} INFO - [2024-07-16T15:28:31.444+0000] {dag.py:3954} INFO - Setting next_dagrun for consume_1_or_2_with_dataset_expressions to None, run_after=None
[2024-07-16T15:28:31.445+0000] {logging_mixin.py:188} INFO - [2024-07-16T15:28:31.445+0000] {dag.py:3954} INFO - Setting next_dagrun for consume_1_or_both_2_and_3_with_dataset_expressions to None, run_after=None
[2024-07-16T15:28:31.445+0000] {logging_mixin.py:188} INFO - [2024-07-16T15:28:31.445+0000] {dag.py:3954} INFO - Setting next_dagrun for dataset_consumes_1 to None, run_after=None
[2024-07-16T15:28:31.445+0000] {logging_mixin.py:188} INFO - [2024-07-16T15:28:31.445+0000] {dag.py:3954} INFO - Setting next_dagrun for dataset_consumes_1_and_2 to None, run_after=None
[2024-07-16T15:28:31.446+0000] {logging_mixin.py:188} INFO - [2024-07-16T15:28:31.446+0000] {dag.py:3954} INFO - Setting next_dagrun for dataset_consumes_1_never_scheduled to None, run_after=None
[2024-07-16T15:28:31.446+0000] {logging_mixin.py:188} INFO - [2024-07-16T15:28:31.446+0000] {dag.py:3954} INFO - Setting next_dagrun for dataset_consumes_unknown_never_scheduled to None, run_after=None
[2024-07-16T15:28:31.447+0000] {logging_mixin.py:188} INFO - [2024-07-16T15:28:31.447+0000] {dag.py:3954} INFO - Setting next_dagrun for dataset_produces_1 to 2024-07-15 00:00:00+00:00, run_after=2024-07-16 00:00:00+00:00
[2024-07-16T15:28:31.447+0000] {logging_mixin.py:188} INFO - [2024-07-16T15:28:31.447+0000] {dag.py:3954} INFO - Setting next_dagrun for dataset_produces_2 to None, run_after=None
[2024-07-16T15:28:31.459+0000] {processor.py:183} INFO - Processing /home/airflow/.local/lib/python3.12/site-packages/airflow/example_dags/example_datasets.py took 0.066 seconds
[2024-07-16T15:29:02.364+0000] {processor.py:161} INFO - Started process (PID=212) to work on /home/airflow/.local/lib/python3.12/site-packages/airflow/example_dags/example_datasets.py
[2024-07-16T15:29:02.365+0000] {processor.py:830} INFO - Processing file /home/airflow/.local/lib/python3.12/site-packages/airflow/example_dags/example_datasets.py for tasks to queue
[2024-07-16T15:29:02.365+0000] {logging_mixin.py:188} INFO - [2024-07-16T15:29:02.365+0000] {dagbag.py:545} INFO - Filling up the DagBag from /home/airflow/.local/lib/python3.12/site-packages/airflow/example_dags/example_datasets.py
[2024-07-16T15:29:02.372+0000] {processor.py:840} INFO - DAG(s) 'consume_1_and_2_with_dataset_expressions', 'dataset_consumes_1_and_2', 'dataset_consumes_1_never_scheduled', 'dataset_produces_2', 'dataset_consumes_unknown_never_scheduled', 'conditional_dataset_and_time_based_timetable', 'consume_1_or_2_with_dataset_expressions', 'dataset_produces_1', 'consume_1_or_both_2_and_3_with_dataset_expressions', 'dataset_consumes_1' retrieved from /home/airflow/.local/lib/python3.12/site-packages/airflow/example_dags/example_datasets.py
[2024-07-16T15:29:02.390+0000] {logging_mixin.py:188} INFO - [2024-07-16T15:29:02.390+0000] {dag.py:3096} INFO - Sync 10 DAGs
[2024-07-16T15:29:02.401+0000] {logging_mixin.py:188} INFO - [2024-07-16T15:29:02.401+0000] {dag.py:3954} INFO - Setting next_dagrun for conditional_dataset_and_time_based_timetable to 2024-07-10 01:00:00+00:00, run_after=2024-07-10 01:00:00+00:00
[2024-07-16T15:29:02.403+0000] {logging_mixin.py:188} INFO - [2024-07-16T15:29:02.403+0000] {dag.py:3954} INFO - Setting next_dagrun for consume_1_and_2_with_dataset_expressions to None, run_after=None
[2024-07-16T15:29:02.403+0000] {logging_mixin.py:188} INFO - [2024-07-16T15:29:02.403+0000] {dag.py:3954} INFO - Setting next_dagrun for consume_1_or_2_with_dataset_expressions to None, run_after=None
[2024-07-16T15:29:02.404+0000] {logging_mixin.py:188} INFO - [2024-07-16T15:29:02.404+0000] {dag.py:3954} INFO - Setting next_dagrun for consume_1_or_both_2_and_3_with_dataset_expressions to None, run_after=None
[2024-07-16T15:29:02.404+0000] {logging_mixin.py:188} INFO - [2024-07-16T15:29:02.404+0000] {dag.py:3954} INFO - Setting next_dagrun for dataset_consumes_1 to None, run_after=None
[2024-07-16T15:29:02.405+0000] {logging_mixin.py:188} INFO - [2024-07-16T15:29:02.405+0000] {dag.py:3954} INFO - Setting next_dagrun for dataset_consumes_1_and_2 to None, run_after=None
[2024-07-16T15:29:02.405+0000] {logging_mixin.py:188} INFO - [2024-07-16T15:29:02.405+0000] {dag.py:3954} INFO - Setting next_dagrun for dataset_consumes_1_never_scheduled to None, run_after=None
[2024-07-16T15:29:02.406+0000] {logging_mixin.py:188} INFO - [2024-07-16T15:29:02.406+0000] {dag.py:3954} INFO - Setting next_dagrun for dataset_consumes_unknown_never_scheduled to None, run_after=None
[2024-07-16T15:29:02.406+0000] {logging_mixin.py:188} INFO - [2024-07-16T15:29:02.406+0000] {dag.py:3954} INFO - Setting next_dagrun for dataset_produces_1 to 2024-07-15 00:00:00+00:00, run_after=2024-07-16 00:00:00+00:00
[2024-07-16T15:29:02.407+0000] {logging_mixin.py:188} INFO - [2024-07-16T15:29:02.407+0000] {dag.py:3954} INFO - Setting next_dagrun for dataset_produces_2 to None, run_after=None
[2024-07-16T15:29:02.418+0000] {processor.py:183} INFO - Processing /home/airflow/.local/lib/python3.12/site-packages/airflow/example_dags/example_datasets.py took 0.056 seconds
