[2024-07-16T15:18:37.350+0000] {processor.py:161} INFO - Started process (PID=75) to work on /home/airflow/.local/lib/python3.12/site-packages/airflow/example_dags/example_nested_branch_dag.py
[2024-07-16T15:18:37.351+0000] {processor.py:830} INFO - Processing file /home/airflow/.local/lib/python3.12/site-packages/airflow/example_dags/example_nested_branch_dag.py for tasks to queue
[2024-07-16T15:18:37.355+0000] {logging_mixin.py:188} INFO - [2024-07-16T15:18:37.354+0000] {dagbag.py:545} INFO - Filling up the DagBag from /home/airflow/.local/lib/python3.12/site-packages/airflow/example_dags/example_nested_branch_dag.py
[2024-07-16T15:18:37.366+0000] {processor.py:840} INFO - DAG(s) 'example_nested_branch_dag' retrieved from /home/airflow/.local/lib/python3.12/site-packages/airflow/example_dags/example_nested_branch_dag.py
[2024-07-16T15:18:37.375+0000] {logging_mixin.py:188} INFO - [2024-07-16T15:18:37.374+0000] {dag.py:3096} INFO - Sync 1 DAGs
[2024-07-16T15:18:37.398+0000] {logging_mixin.py:188} INFO - [2024-07-16T15:18:37.398+0000] {dag.py:3954} INFO - Setting next_dagrun for example_nested_branch_dag to 2024-07-15 00:00:00+00:00, run_after=2024-07-16 00:00:00+00:00
[2024-07-16T15:18:37.413+0000] {processor.py:183} INFO - Processing /home/airflow/.local/lib/python3.12/site-packages/airflow/example_dags/example_nested_branch_dag.py took 0.072 seconds
[2024-07-16T15:19:07.844+0000] {processor.py:161} INFO - Started process (PID=135) to work on /home/airflow/.local/lib/python3.12/site-packages/airflow/example_dags/example_nested_branch_dag.py
[2024-07-16T15:19:07.845+0000] {processor.py:830} INFO - Processing file /home/airflow/.local/lib/python3.12/site-packages/airflow/example_dags/example_nested_branch_dag.py for tasks to queue
[2024-07-16T15:19:07.845+0000] {logging_mixin.py:188} INFO - [2024-07-16T15:19:07.845+0000] {dagbag.py:545} INFO - Filling up the DagBag from /home/airflow/.local/lib/python3.12/site-packages/airflow/example_dags/example_nested_branch_dag.py
[2024-07-16T15:19:07.849+0000] {processor.py:840} INFO - DAG(s) 'example_nested_branch_dag' retrieved from /home/airflow/.local/lib/python3.12/site-packages/airflow/example_dags/example_nested_branch_dag.py
[2024-07-16T15:19:07.890+0000] {logging_mixin.py:188} INFO - [2024-07-16T15:19:07.890+0000] {dag.py:3096} INFO - Sync 1 DAGs
[2024-07-16T15:19:07.899+0000] {logging_mixin.py:188} INFO - [2024-07-16T15:19:07.899+0000] {dag.py:3954} INFO - Setting next_dagrun for example_nested_branch_dag to 2024-07-15 00:00:00+00:00, run_after=2024-07-16 00:00:00+00:00
[2024-07-16T15:19:07.905+0000] {processor.py:183} INFO - Processing /home/airflow/.local/lib/python3.12/site-packages/airflow/example_dags/example_nested_branch_dag.py took 0.064 seconds
[2024-07-16T15:27:33.380+0000] {processor.py:161} INFO - Started process (PID=74) to work on /home/airflow/.local/lib/python3.12/site-packages/airflow/example_dags/example_nested_branch_dag.py
[2024-07-16T15:27:33.381+0000] {processor.py:830} INFO - Processing file /home/airflow/.local/lib/python3.12/site-packages/airflow/example_dags/example_nested_branch_dag.py for tasks to queue
[2024-07-16T15:27:33.381+0000] {logging_mixin.py:188} INFO - [2024-07-16T15:27:33.381+0000] {dagbag.py:545} INFO - Filling up the DagBag from /home/airflow/.local/lib/python3.12/site-packages/airflow/example_dags/example_nested_branch_dag.py
[2024-07-16T15:27:33.387+0000] {processor.py:840} INFO - DAG(s) 'example_nested_branch_dag' retrieved from /home/airflow/.local/lib/python3.12/site-packages/airflow/example_dags/example_nested_branch_dag.py
[2024-07-16T15:27:33.399+0000] {logging_mixin.py:188} INFO - [2024-07-16T15:27:33.398+0000] {dag.py:3096} INFO - Sync 1 DAGs
[2024-07-16T15:27:33.432+0000] {logging_mixin.py:188} INFO - [2024-07-16T15:27:33.431+0000] {dag.py:3954} INFO - Setting next_dagrun for example_nested_branch_dag to 2024-07-15 00:00:00+00:00, run_after=2024-07-16 00:00:00+00:00
[2024-07-16T15:27:33.444+0000] {processor.py:183} INFO - Processing /home/airflow/.local/lib/python3.12/site-packages/airflow/example_dags/example_nested_branch_dag.py took 0.066 seconds
[2024-07-16T15:28:03.994+0000] {processor.py:161} INFO - Started process (PID=134) to work on /home/airflow/.local/lib/python3.12/site-packages/airflow/example_dags/example_nested_branch_dag.py
[2024-07-16T15:28:03.995+0000] {processor.py:830} INFO - Processing file /home/airflow/.local/lib/python3.12/site-packages/airflow/example_dags/example_nested_branch_dag.py for tasks to queue
[2024-07-16T15:28:03.995+0000] {logging_mixin.py:188} INFO - [2024-07-16T15:28:03.995+0000] {dagbag.py:545} INFO - Filling up the DagBag from /home/airflow/.local/lib/python3.12/site-packages/airflow/example_dags/example_nested_branch_dag.py
[2024-07-16T15:28:03.999+0000] {processor.py:840} INFO - DAG(s) 'example_nested_branch_dag' retrieved from /home/airflow/.local/lib/python3.12/site-packages/airflow/example_dags/example_nested_branch_dag.py
[2024-07-16T15:28:04.040+0000] {logging_mixin.py:188} INFO - [2024-07-16T15:28:04.040+0000] {dag.py:3096} INFO - Sync 1 DAGs
[2024-07-16T15:28:04.048+0000] {logging_mixin.py:188} INFO - [2024-07-16T15:28:04.048+0000] {dag.py:3954} INFO - Setting next_dagrun for example_nested_branch_dag to 2024-07-15 00:00:00+00:00, run_after=2024-07-16 00:00:00+00:00
[2024-07-16T15:28:04.055+0000] {processor.py:183} INFO - Processing /home/airflow/.local/lib/python3.12/site-packages/airflow/example_dags/example_nested_branch_dag.py took 0.063 seconds
[2024-07-16T15:28:34.631+0000] {processor.py:161} INFO - Started process (PID=193) to work on /home/airflow/.local/lib/python3.12/site-packages/airflow/example_dags/example_nested_branch_dag.py
[2024-07-16T15:28:34.632+0000] {processor.py:830} INFO - Processing file /home/airflow/.local/lib/python3.12/site-packages/airflow/example_dags/example_nested_branch_dag.py for tasks to queue
[2024-07-16T15:28:34.632+0000] {logging_mixin.py:188} INFO - [2024-07-16T15:28:34.632+0000] {dagbag.py:545} INFO - Filling up the DagBag from /home/airflow/.local/lib/python3.12/site-packages/airflow/example_dags/example_nested_branch_dag.py
[2024-07-16T15:28:34.639+0000] {processor.py:840} INFO - DAG(s) 'example_nested_branch_dag' retrieved from /home/airflow/.local/lib/python3.12/site-packages/airflow/example_dags/example_nested_branch_dag.py
[2024-07-16T15:28:34.651+0000] {logging_mixin.py:188} INFO - [2024-07-16T15:28:34.651+0000] {dag.py:3096} INFO - Sync 1 DAGs
[2024-07-16T15:28:34.661+0000] {logging_mixin.py:188} INFO - [2024-07-16T15:28:34.661+0000] {dag.py:3954} INFO - Setting next_dagrun for example_nested_branch_dag to 2024-07-15 00:00:00+00:00, run_after=2024-07-16 00:00:00+00:00
[2024-07-16T15:28:34.667+0000] {processor.py:183} INFO - Processing /home/airflow/.local/lib/python3.12/site-packages/airflow/example_dags/example_nested_branch_dag.py took 0.040 seconds
[2024-07-16T15:29:05.535+0000] {processor.py:161} INFO - Started process (PID=253) to work on /home/airflow/.local/lib/python3.12/site-packages/airflow/example_dags/example_nested_branch_dag.py
[2024-07-16T15:29:05.535+0000] {processor.py:830} INFO - Processing file /home/airflow/.local/lib/python3.12/site-packages/airflow/example_dags/example_nested_branch_dag.py for tasks to queue
[2024-07-16T15:29:05.535+0000] {logging_mixin.py:188} INFO - [2024-07-16T15:29:05.535+0000] {dagbag.py:545} INFO - Filling up the DagBag from /home/airflow/.local/lib/python3.12/site-packages/airflow/example_dags/example_nested_branch_dag.py
[2024-07-16T15:29:05.540+0000] {processor.py:840} INFO - DAG(s) 'example_nested_branch_dag' retrieved from /home/airflow/.local/lib/python3.12/site-packages/airflow/example_dags/example_nested_branch_dag.py
[2024-07-16T15:29:05.549+0000] {logging_mixin.py:188} INFO - [2024-07-16T15:29:05.549+0000] {dag.py:3096} INFO - Sync 1 DAGs
[2024-07-16T15:29:05.558+0000] {logging_mixin.py:188} INFO - [2024-07-16T15:29:05.558+0000] {dag.py:3954} INFO - Setting next_dagrun for example_nested_branch_dag to 2024-07-15 00:00:00+00:00, run_after=2024-07-16 00:00:00+00:00
[2024-07-16T15:29:05.564+0000] {processor.py:183} INFO - Processing /home/airflow/.local/lib/python3.12/site-packages/airflow/example_dags/example_nested_branch_dag.py took 0.032 seconds
