[2024-07-16T15:18:36.800+0000] {processor.py:161} INFO - Started process (PID=68) to work on /home/airflow/.local/lib/python3.12/site-packages/airflow/example_dags/example_latest_only.py
[2024-07-16T15:18:36.802+0000] {processor.py:830} INFO - Processing file /home/airflow/.local/lib/python3.12/site-packages/airflow/example_dags/example_latest_only.py for tasks to queue
[2024-07-16T15:18:36.803+0000] {logging_mixin.py:188} INFO - [2024-07-16T15:18:36.803+0000] {dagbag.py:545} INFO - Filling up the DagBag from /home/airflow/.local/lib/python3.12/site-packages/airflow/example_dags/example_latest_only.py
[2024-07-16T15:18:36.816+0000] {processor.py:840} INFO - DAG(s) 'latest_only' retrieved from /home/airflow/.local/lib/python3.12/site-packages/airflow/example_dags/example_latest_only.py
[2024-07-16T15:18:36.826+0000] {logging_mixin.py:188} INFO - [2024-07-16T15:18:36.825+0000] {dag.py:3096} INFO - Sync 1 DAGs
[2024-07-16T15:18:36.837+0000] {logging_mixin.py:188} INFO - [2024-07-16T15:18:36.837+0000] {dag.py:3954} INFO - Setting next_dagrun for latest_only to 2024-07-16 08:00:00+00:00, run_after=2024-07-16 12:00:00+00:00
[2024-07-16T15:18:36.846+0000] {processor.py:183} INFO - Processing /home/airflow/.local/lib/python3.12/site-packages/airflow/example_dags/example_latest_only.py took 0.052 seconds
[2024-07-16T15:19:07.562+0000] {processor.py:161} INFO - Started process (PID=128) to work on /home/airflow/.local/lib/python3.12/site-packages/airflow/example_dags/example_latest_only.py
[2024-07-16T15:19:07.563+0000] {processor.py:830} INFO - Processing file /home/airflow/.local/lib/python3.12/site-packages/airflow/example_dags/example_latest_only.py for tasks to queue
[2024-07-16T15:19:07.563+0000] {logging_mixin.py:188} INFO - [2024-07-16T15:19:07.563+0000] {dagbag.py:545} INFO - Filling up the DagBag from /home/airflow/.local/lib/python3.12/site-packages/airflow/example_dags/example_latest_only.py
[2024-07-16T15:19:07.566+0000] {processor.py:840} INFO - DAG(s) 'latest_only' retrieved from /home/airflow/.local/lib/python3.12/site-packages/airflow/example_dags/example_latest_only.py
[2024-07-16T15:19:07.602+0000] {logging_mixin.py:188} INFO - [2024-07-16T15:19:07.602+0000] {dag.py:3096} INFO - Sync 1 DAGs
[2024-07-16T15:19:07.609+0000] {logging_mixin.py:188} INFO - [2024-07-16T15:19:07.609+0000] {dag.py:3954} INFO - Setting next_dagrun for latest_only to 2024-07-16 08:00:00+00:00, run_after=2024-07-16 12:00:00+00:00
[2024-07-16T15:19:07.616+0000] {processor.py:183} INFO - Processing /home/airflow/.local/lib/python3.12/site-packages/airflow/example_dags/example_latest_only.py took 0.056 seconds
[2024-07-16T15:27:32.504+0000] {processor.py:161} INFO - Started process (PID=67) to work on /home/airflow/.local/lib/python3.12/site-packages/airflow/example_dags/example_latest_only.py
[2024-07-16T15:27:32.507+0000] {processor.py:830} INFO - Processing file /home/airflow/.local/lib/python3.12/site-packages/airflow/example_dags/example_latest_only.py for tasks to queue
[2024-07-16T15:27:32.508+0000] {logging_mixin.py:188} INFO - [2024-07-16T15:27:32.508+0000] {dagbag.py:545} INFO - Filling up the DagBag from /home/airflow/.local/lib/python3.12/site-packages/airflow/example_dags/example_latest_only.py
[2024-07-16T15:27:32.520+0000] {processor.py:840} INFO - DAG(s) 'latest_only' retrieved from /home/airflow/.local/lib/python3.12/site-packages/airflow/example_dags/example_latest_only.py
[2024-07-16T15:27:32.526+0000] {logging_mixin.py:188} INFO - [2024-07-16T15:27:32.525+0000] {dag.py:3096} INFO - Sync 1 DAGs
[2024-07-16T15:27:32.553+0000] {logging_mixin.py:188} INFO - [2024-07-16T15:27:32.553+0000] {dag.py:3954} INFO - Setting next_dagrun for latest_only to 2024-07-16 08:00:00+00:00, run_after=2024-07-16 12:00:00+00:00
[2024-07-16T15:27:32.579+0000] {processor.py:183} INFO - Processing /home/airflow/.local/lib/python3.12/site-packages/airflow/example_dags/example_latest_only.py took 0.079 seconds
[2024-07-16T15:28:03.684+0000] {processor.py:161} INFO - Started process (PID=127) to work on /home/airflow/.local/lib/python3.12/site-packages/airflow/example_dags/example_latest_only.py
[2024-07-16T15:28:03.685+0000] {processor.py:830} INFO - Processing file /home/airflow/.local/lib/python3.12/site-packages/airflow/example_dags/example_latest_only.py for tasks to queue
[2024-07-16T15:28:03.685+0000] {logging_mixin.py:188} INFO - [2024-07-16T15:28:03.685+0000] {dagbag.py:545} INFO - Filling up the DagBag from /home/airflow/.local/lib/python3.12/site-packages/airflow/example_dags/example_latest_only.py
[2024-07-16T15:28:03.688+0000] {processor.py:840} INFO - DAG(s) 'latest_only' retrieved from /home/airflow/.local/lib/python3.12/site-packages/airflow/example_dags/example_latest_only.py
[2024-07-16T15:28:03.726+0000] {logging_mixin.py:188} INFO - [2024-07-16T15:28:03.725+0000] {dag.py:3096} INFO - Sync 1 DAGs
[2024-07-16T15:28:03.732+0000] {logging_mixin.py:188} INFO - [2024-07-16T15:28:03.732+0000] {dag.py:3954} INFO - Setting next_dagrun for latest_only to 2024-07-16 08:00:00+00:00, run_after=2024-07-16 12:00:00+00:00
[2024-07-16T15:28:03.739+0000] {processor.py:183} INFO - Processing /home/airflow/.local/lib/python3.12/site-packages/airflow/example_dags/example_latest_only.py took 0.059 seconds
[2024-07-16T15:28:34.315+0000] {processor.py:161} INFO - Started process (PID=186) to work on /home/airflow/.local/lib/python3.12/site-packages/airflow/example_dags/example_latest_only.py
[2024-07-16T15:28:34.316+0000] {processor.py:830} INFO - Processing file /home/airflow/.local/lib/python3.12/site-packages/airflow/example_dags/example_latest_only.py for tasks to queue
[2024-07-16T15:28:34.316+0000] {logging_mixin.py:188} INFO - [2024-07-16T15:28:34.316+0000] {dagbag.py:545} INFO - Filling up the DagBag from /home/airflow/.local/lib/python3.12/site-packages/airflow/example_dags/example_latest_only.py
[2024-07-16T15:28:34.319+0000] {processor.py:840} INFO - DAG(s) 'latest_only' retrieved from /home/airflow/.local/lib/python3.12/site-packages/airflow/example_dags/example_latest_only.py
[2024-07-16T15:28:34.330+0000] {logging_mixin.py:188} INFO - [2024-07-16T15:28:34.329+0000] {dag.py:3096} INFO - Sync 1 DAGs
[2024-07-16T15:28:34.338+0000] {logging_mixin.py:188} INFO - [2024-07-16T15:28:34.338+0000] {dag.py:3954} INFO - Setting next_dagrun for latest_only to 2024-07-16 08:00:00+00:00, run_after=2024-07-16 12:00:00+00:00
[2024-07-16T15:28:34.345+0000] {processor.py:183} INFO - Processing /home/airflow/.local/lib/python3.12/site-packages/airflow/example_dags/example_latest_only.py took 0.033 seconds
[2024-07-16T15:29:05.304+0000] {processor.py:161} INFO - Started process (PID=246) to work on /home/airflow/.local/lib/python3.12/site-packages/airflow/example_dags/example_latest_only.py
[2024-07-16T15:29:05.304+0000] {processor.py:830} INFO - Processing file /home/airflow/.local/lib/python3.12/site-packages/airflow/example_dags/example_latest_only.py for tasks to queue
[2024-07-16T15:29:05.305+0000] {logging_mixin.py:188} INFO - [2024-07-16T15:29:05.305+0000] {dagbag.py:545} INFO - Filling up the DagBag from /home/airflow/.local/lib/python3.12/site-packages/airflow/example_dags/example_latest_only.py
[2024-07-16T15:29:05.307+0000] {processor.py:840} INFO - DAG(s) 'latest_only' retrieved from /home/airflow/.local/lib/python3.12/site-packages/airflow/example_dags/example_latest_only.py
[2024-07-16T15:29:05.317+0000] {logging_mixin.py:188} INFO - [2024-07-16T15:29:05.317+0000] {dag.py:3096} INFO - Sync 1 DAGs
[2024-07-16T15:29:05.328+0000] {logging_mixin.py:188} INFO - [2024-07-16T15:29:05.328+0000] {dag.py:3954} INFO - Setting next_dagrun for latest_only to 2024-07-16 08:00:00+00:00, run_after=2024-07-16 12:00:00+00:00
[2024-07-16T15:29:05.337+0000] {processor.py:183} INFO - Processing /home/airflow/.local/lib/python3.12/site-packages/airflow/example_dags/example_latest_only.py took 0.036 seconds
