[2024-07-16T15:18:35.675+0000] {processor.py:161} INFO - Started process (PID=55) to work on /home/airflow/.local/lib/python3.12/site-packages/airflow/example_dags/example_display_name.py
[2024-07-16T15:18:35.676+0000] {processor.py:830} INFO - Processing file /home/airflow/.local/lib/python3.12/site-packages/airflow/example_dags/example_display_name.py for tasks to queue
[2024-07-16T15:18:35.676+0000] {logging_mixin.py:188} INFO - [2024-07-16T15:18:35.676+0000] {dagbag.py:545} INFO - Filling up the DagBag from /home/airflow/.local/lib/python3.12/site-packages/airflow/example_dags/example_display_name.py
[2024-07-16T15:18:35.685+0000] {processor.py:840} INFO - DAG(s) 'example_display_name' retrieved from /home/airflow/.local/lib/python3.12/site-packages/airflow/example_dags/example_display_name.py
[2024-07-16T15:18:35.695+0000] {logging_mixin.py:188} INFO - [2024-07-16T15:18:35.695+0000] {dag.py:3096} INFO - Sync 1 DAGs
[2024-07-16T15:18:35.711+0000] {logging_mixin.py:188} INFO - [2024-07-16T15:18:35.711+0000] {dag.py:3954} INFO - Setting next_dagrun for example_display_name to None, run_after=None
[2024-07-16T15:18:35.762+0000] {processor.py:183} INFO - Processing /home/airflow/.local/lib/python3.12/site-packages/airflow/example_dags/example_display_name.py took 0.090 seconds
[2024-07-16T15:19:06.029+0000] {processor.py:161} INFO - Started process (PID=115) to work on /home/airflow/.local/lib/python3.12/site-packages/airflow/example_dags/example_display_name.py
[2024-07-16T15:19:06.029+0000] {processor.py:830} INFO - Processing file /home/airflow/.local/lib/python3.12/site-packages/airflow/example_dags/example_display_name.py for tasks to queue
[2024-07-16T15:19:06.030+0000] {logging_mixin.py:188} INFO - [2024-07-16T15:19:06.030+0000] {dagbag.py:545} INFO - Filling up the DagBag from /home/airflow/.local/lib/python3.12/site-packages/airflow/example_dags/example_display_name.py
[2024-07-16T15:19:06.032+0000] {processor.py:840} INFO - DAG(s) 'example_display_name' retrieved from /home/airflow/.local/lib/python3.12/site-packages/airflow/example_dags/example_display_name.py
[2024-07-16T15:19:06.067+0000] {logging_mixin.py:188} INFO - [2024-07-16T15:19:06.067+0000] {dag.py:3096} INFO - Sync 1 DAGs
[2024-07-16T15:19:06.071+0000] {logging_mixin.py:188} INFO - [2024-07-16T15:19:06.071+0000] {dag.py:3954} INFO - Setting next_dagrun for example_display_name to None, run_after=None
[2024-07-16T15:19:06.077+0000] {processor.py:183} INFO - Processing /home/airflow/.local/lib/python3.12/site-packages/airflow/example_dags/example_display_name.py took 0.051 seconds
[2024-07-16T15:27:31.423+0000] {processor.py:161} INFO - Started process (PID=54) to work on /home/airflow/.local/lib/python3.12/site-packages/airflow/example_dags/example_display_name.py
[2024-07-16T15:27:31.424+0000] {processor.py:830} INFO - Processing file /home/airflow/.local/lib/python3.12/site-packages/airflow/example_dags/example_display_name.py for tasks to queue
[2024-07-16T15:27:31.426+0000] {logging_mixin.py:188} INFO - [2024-07-16T15:27:31.425+0000] {dagbag.py:545} INFO - Filling up the DagBag from /home/airflow/.local/lib/python3.12/site-packages/airflow/example_dags/example_display_name.py
[2024-07-16T15:27:31.472+0000] {processor.py:840} INFO - DAG(s) 'example_display_name' retrieved from /home/airflow/.local/lib/python3.12/site-packages/airflow/example_dags/example_display_name.py
[2024-07-16T15:27:31.492+0000] {logging_mixin.py:188} INFO - [2024-07-16T15:27:31.492+0000] {dag.py:3096} INFO - Sync 1 DAGs
[2024-07-16T15:27:31.541+0000] {logging_mixin.py:188} INFO - [2024-07-16T15:27:31.541+0000] {dag.py:3954} INFO - Setting next_dagrun for example_display_name to None, run_after=None
[2024-07-16T15:27:31.575+0000] {processor.py:183} INFO - Processing /home/airflow/.local/lib/python3.12/site-packages/airflow/example_dags/example_display_name.py took 0.162 seconds
[2024-07-16T15:28:02.078+0000] {processor.py:161} INFO - Started process (PID=114) to work on /home/airflow/.local/lib/python3.12/site-packages/airflow/example_dags/example_display_name.py
[2024-07-16T15:28:02.078+0000] {processor.py:830} INFO - Processing file /home/airflow/.local/lib/python3.12/site-packages/airflow/example_dags/example_display_name.py for tasks to queue
[2024-07-16T15:28:02.078+0000] {logging_mixin.py:188} INFO - [2024-07-16T15:28:02.078+0000] {dagbag.py:545} INFO - Filling up the DagBag from /home/airflow/.local/lib/python3.12/site-packages/airflow/example_dags/example_display_name.py
[2024-07-16T15:28:02.081+0000] {processor.py:840} INFO - DAG(s) 'example_display_name' retrieved from /home/airflow/.local/lib/python3.12/site-packages/airflow/example_dags/example_display_name.py
[2024-07-16T15:28:02.115+0000] {logging_mixin.py:188} INFO - [2024-07-16T15:28:02.115+0000] {dag.py:3096} INFO - Sync 1 DAGs
[2024-07-16T15:28:02.119+0000] {logging_mixin.py:188} INFO - [2024-07-16T15:28:02.119+0000] {dag.py:3954} INFO - Setting next_dagrun for example_display_name to None, run_after=None
[2024-07-16T15:28:02.125+0000] {processor.py:183} INFO - Processing /home/airflow/.local/lib/python3.12/site-packages/airflow/example_dags/example_display_name.py took 0.049 seconds
[2024-07-16T15:28:32.963+0000] {processor.py:161} INFO - Started process (PID=173) to work on /home/airflow/.local/lib/python3.12/site-packages/airflow/example_dags/example_display_name.py
[2024-07-16T15:28:32.964+0000] {processor.py:830} INFO - Processing file /home/airflow/.local/lib/python3.12/site-packages/airflow/example_dags/example_display_name.py for tasks to queue
[2024-07-16T15:28:32.964+0000] {logging_mixin.py:188} INFO - [2024-07-16T15:28:32.964+0000] {dagbag.py:545} INFO - Filling up the DagBag from /home/airflow/.local/lib/python3.12/site-packages/airflow/example_dags/example_display_name.py
[2024-07-16T15:28:32.966+0000] {processor.py:840} INFO - DAG(s) 'example_display_name' retrieved from /home/airflow/.local/lib/python3.12/site-packages/airflow/example_dags/example_display_name.py
[2024-07-16T15:28:32.975+0000] {logging_mixin.py:188} INFO - [2024-07-16T15:28:32.975+0000] {dag.py:3096} INFO - Sync 1 DAGs
[2024-07-16T15:28:32.982+0000] {logging_mixin.py:188} INFO - [2024-07-16T15:28:32.981+0000] {dag.py:3954} INFO - Setting next_dagrun for example_display_name to None, run_after=None
[2024-07-16T15:28:32.992+0000] {processor.py:183} INFO - Processing /home/airflow/.local/lib/python3.12/site-packages/airflow/example_dags/example_display_name.py took 0.031 seconds
[2024-07-16T15:29:03.975+0000] {processor.py:161} INFO - Started process (PID=233) to work on /home/airflow/.local/lib/python3.12/site-packages/airflow/example_dags/example_display_name.py
[2024-07-16T15:29:03.975+0000] {processor.py:830} INFO - Processing file /home/airflow/.local/lib/python3.12/site-packages/airflow/example_dags/example_display_name.py for tasks to queue
[2024-07-16T15:29:03.976+0000] {logging_mixin.py:188} INFO - [2024-07-16T15:29:03.976+0000] {dagbag.py:545} INFO - Filling up the DagBag from /home/airflow/.local/lib/python3.12/site-packages/airflow/example_dags/example_display_name.py
[2024-07-16T15:29:03.978+0000] {processor.py:840} INFO - DAG(s) 'example_display_name' retrieved from /home/airflow/.local/lib/python3.12/site-packages/airflow/example_dags/example_display_name.py
[2024-07-16T15:29:03.988+0000] {logging_mixin.py:188} INFO - [2024-07-16T15:29:03.988+0000] {dag.py:3096} INFO - Sync 1 DAGs
[2024-07-16T15:29:03.993+0000] {logging_mixin.py:188} INFO - [2024-07-16T15:29:03.992+0000] {dag.py:3954} INFO - Setting next_dagrun for example_display_name to None, run_after=None
[2024-07-16T15:29:04.000+0000] {processor.py:183} INFO - Processing /home/airflow/.local/lib/python3.12/site-packages/airflow/example_dags/example_display_name.py took 0.028 seconds
