[2024-07-16T15:18:34.628+0000] {processor.py:161} INFO - Started process (PID=31) to work on /home/airflow/.local/lib/python3.12/site-packages/airflow/example_dags/example_setup_teardown.py
[2024-07-16T15:18:34.629+0000] {processor.py:830} INFO - Processing file /home/airflow/.local/lib/python3.12/site-packages/airflow/example_dags/example_setup_teardown.py for tasks to queue
[2024-07-16T15:18:34.629+0000] {logging_mixin.py:188} INFO - [2024-07-16T15:18:34.629+0000] {dagbag.py:545} INFO - Filling up the DagBag from /home/airflow/.local/lib/python3.12/site-packages/airflow/example_dags/example_setup_teardown.py
[2024-07-16T15:18:34.635+0000] {processor.py:840} INFO - DAG(s) 'example_setup_teardown' retrieved from /home/airflow/.local/lib/python3.12/site-packages/airflow/example_dags/example_setup_teardown.py
[2024-07-16T15:18:34.641+0000] {logging_mixin.py:188} INFO - [2024-07-16T15:18:34.641+0000] {dag.py:3096} INFO - Sync 1 DAGs
[2024-07-16T15:18:34.657+0000] {logging_mixin.py:188} INFO - [2024-07-16T15:18:34.657+0000] {dag.py:3954} INFO - Setting next_dagrun for example_setup_teardown to 2024-07-15 00:00:00+00:00, run_after=2024-07-16 00:00:00+00:00
[2024-07-16T15:18:34.666+0000] {processor.py:183} INFO - Processing /home/airflow/.local/lib/python3.12/site-packages/airflow/example_dags/example_setup_teardown.py took 0.040 seconds
[2024-07-16T15:19:05.101+0000] {processor.py:161} INFO - Started process (PID=91) to work on /home/airflow/.local/lib/python3.12/site-packages/airflow/example_dags/example_setup_teardown.py
[2024-07-16T15:19:05.101+0000] {processor.py:830} INFO - Processing file /home/airflow/.local/lib/python3.12/site-packages/airflow/example_dags/example_setup_teardown.py for tasks to queue
[2024-07-16T15:19:05.102+0000] {logging_mixin.py:188} INFO - [2024-07-16T15:19:05.102+0000] {dagbag.py:545} INFO - Filling up the DagBag from /home/airflow/.local/lib/python3.12/site-packages/airflow/example_dags/example_setup_teardown.py
[2024-07-16T15:19:05.106+0000] {processor.py:840} INFO - DAG(s) 'example_setup_teardown' retrieved from /home/airflow/.local/lib/python3.12/site-packages/airflow/example_dags/example_setup_teardown.py
[2024-07-16T15:19:05.150+0000] {logging_mixin.py:188} INFO - [2024-07-16T15:19:05.150+0000] {dag.py:3096} INFO - Sync 1 DAGs
[2024-07-16T15:19:05.161+0000] {logging_mixin.py:188} INFO - [2024-07-16T15:19:05.160+0000] {dag.py:3954} INFO - Setting next_dagrun for example_setup_teardown to 2024-07-15 00:00:00+00:00, run_after=2024-07-16 00:00:00+00:00
[2024-07-16T15:19:05.168+0000] {processor.py:183} INFO - Processing /home/airflow/.local/lib/python3.12/site-packages/airflow/example_dags/example_setup_teardown.py took 0.070 seconds
[2024-07-16T15:27:30.010+0000] {processor.py:161} INFO - Started process (PID=30) to work on /home/airflow/.local/lib/python3.12/site-packages/airflow/example_dags/example_setup_teardown.py
[2024-07-16T15:27:30.010+0000] {processor.py:830} INFO - Processing file /home/airflow/.local/lib/python3.12/site-packages/airflow/example_dags/example_setup_teardown.py for tasks to queue
[2024-07-16T15:27:30.011+0000] {logging_mixin.py:188} INFO - [2024-07-16T15:27:30.010+0000] {dagbag.py:545} INFO - Filling up the DagBag from /home/airflow/.local/lib/python3.12/site-packages/airflow/example_dags/example_setup_teardown.py
[2024-07-16T15:27:30.016+0000] {processor.py:840} INFO - DAG(s) 'example_setup_teardown' retrieved from /home/airflow/.local/lib/python3.12/site-packages/airflow/example_dags/example_setup_teardown.py
[2024-07-16T15:27:30.022+0000] {logging_mixin.py:188} INFO - [2024-07-16T15:27:30.022+0000] {dag.py:3096} INFO - Sync 1 DAGs
[2024-07-16T15:27:30.033+0000] {logging_mixin.py:188} INFO - [2024-07-16T15:27:30.033+0000] {dag.py:3954} INFO - Setting next_dagrun for example_setup_teardown to 2024-07-15 00:00:00+00:00, run_after=2024-07-16 00:00:00+00:00
[2024-07-16T15:27:30.041+0000] {processor.py:183} INFO - Processing /home/airflow/.local/lib/python3.12/site-packages/airflow/example_dags/example_setup_teardown.py took 0.036 seconds
[2024-07-16T15:28:01.093+0000] {processor.py:161} INFO - Started process (PID=90) to work on /home/airflow/.local/lib/python3.12/site-packages/airflow/example_dags/example_setup_teardown.py
[2024-07-16T15:28:01.093+0000] {processor.py:830} INFO - Processing file /home/airflow/.local/lib/python3.12/site-packages/airflow/example_dags/example_setup_teardown.py for tasks to queue
[2024-07-16T15:28:01.094+0000] {logging_mixin.py:188} INFO - [2024-07-16T15:28:01.094+0000] {dagbag.py:545} INFO - Filling up the DagBag from /home/airflow/.local/lib/python3.12/site-packages/airflow/example_dags/example_setup_teardown.py
[2024-07-16T15:28:01.102+0000] {processor.py:840} INFO - DAG(s) 'example_setup_teardown' retrieved from /home/airflow/.local/lib/python3.12/site-packages/airflow/example_dags/example_setup_teardown.py
[2024-07-16T15:28:01.145+0000] {logging_mixin.py:188} INFO - [2024-07-16T15:28:01.145+0000] {dag.py:3096} INFO - Sync 1 DAGs
[2024-07-16T15:28:01.152+0000] {logging_mixin.py:188} INFO - [2024-07-16T15:28:01.152+0000] {dag.py:3954} INFO - Setting next_dagrun for example_setup_teardown to 2024-07-15 00:00:00+00:00, run_after=2024-07-16 00:00:00+00:00
[2024-07-16T15:28:01.158+0000] {processor.py:183} INFO - Processing /home/airflow/.local/lib/python3.12/site-packages/airflow/example_dags/example_setup_teardown.py took 0.068 seconds
[2024-07-16T15:28:31.301+0000] {processor.py:161} INFO - Started process (PID=149) to work on /home/airflow/.local/lib/python3.12/site-packages/airflow/example_dags/example_setup_teardown.py
[2024-07-16T15:28:31.301+0000] {processor.py:830} INFO - Processing file /home/airflow/.local/lib/python3.12/site-packages/airflow/example_dags/example_setup_teardown.py for tasks to queue
[2024-07-16T15:28:31.301+0000] {logging_mixin.py:188} INFO - [2024-07-16T15:28:31.301+0000] {dagbag.py:545} INFO - Filling up the DagBag from /home/airflow/.local/lib/python3.12/site-packages/airflow/example_dags/example_setup_teardown.py
[2024-07-16T15:28:31.305+0000] {processor.py:840} INFO - DAG(s) 'example_setup_teardown' retrieved from /home/airflow/.local/lib/python3.12/site-packages/airflow/example_dags/example_setup_teardown.py
[2024-07-16T15:28:31.313+0000] {logging_mixin.py:188} INFO - [2024-07-16T15:28:31.313+0000] {dag.py:3096} INFO - Sync 1 DAGs
[2024-07-16T15:28:31.322+0000] {logging_mixin.py:188} INFO - [2024-07-16T15:28:31.322+0000] {dag.py:3954} INFO - Setting next_dagrun for example_setup_teardown to 2024-07-15 00:00:00+00:00, run_after=2024-07-16 00:00:00+00:00
[2024-07-16T15:28:31.329+0000] {processor.py:183} INFO - Processing /home/airflow/.local/lib/python3.12/site-packages/airflow/example_dags/example_setup_teardown.py took 0.032 seconds
[2024-07-16T15:29:02.307+0000] {processor.py:161} INFO - Started process (PID=209) to work on /home/airflow/.local/lib/python3.12/site-packages/airflow/example_dags/example_setup_teardown.py
[2024-07-16T15:29:02.308+0000] {processor.py:830} INFO - Processing file /home/airflow/.local/lib/python3.12/site-packages/airflow/example_dags/example_setup_teardown.py for tasks to queue
[2024-07-16T15:29:02.308+0000] {logging_mixin.py:188} INFO - [2024-07-16T15:29:02.308+0000] {dagbag.py:545} INFO - Filling up the DagBag from /home/airflow/.local/lib/python3.12/site-packages/airflow/example_dags/example_setup_teardown.py
[2024-07-16T15:29:02.311+0000] {processor.py:840} INFO - DAG(s) 'example_setup_teardown' retrieved from /home/airflow/.local/lib/python3.12/site-packages/airflow/example_dags/example_setup_teardown.py
[2024-07-16T15:29:02.324+0000] {logging_mixin.py:188} INFO - [2024-07-16T15:29:02.324+0000] {dag.py:3096} INFO - Sync 1 DAGs
[2024-07-16T15:29:02.338+0000] {logging_mixin.py:188} INFO - [2024-07-16T15:29:02.337+0000] {dag.py:3954} INFO - Setting next_dagrun for example_setup_teardown to 2024-07-15 00:00:00+00:00, run_after=2024-07-16 00:00:00+00:00
[2024-07-16T15:29:02.345+0000] {processor.py:183} INFO - Processing /home/airflow/.local/lib/python3.12/site-packages/airflow/example_dags/example_setup_teardown.py took 0.040 seconds
