[2024-07-16T15:18:36.699+0000] {processor.py:161} INFO - Started process (PID=66) to work on /home/airflow/.local/lib/python3.12/site-packages/airflow/example_dags/example_branch_python_dop_operator_3.py
[2024-07-16T15:18:36.699+0000] {processor.py:830} INFO - Processing file /home/airflow/.local/lib/python3.12/site-packages/airflow/example_dags/example_branch_python_dop_operator_3.py for tasks to queue
[2024-07-16T15:18:36.700+0000] {logging_mixin.py:188} INFO - [2024-07-16T15:18:36.700+0000] {dagbag.py:545} INFO - Filling up the DagBag from /home/airflow/.local/lib/python3.12/site-packages/airflow/example_dags/example_branch_python_dop_operator_3.py
[2024-07-16T15:18:36.707+0000] {processor.py:840} INFO - DAG(s) 'example_branch_dop_operator_v3' retrieved from /home/airflow/.local/lib/python3.12/site-packages/airflow/example_dags/example_branch_python_dop_operator_3.py
[2024-07-16T15:18:36.733+0000] {logging_mixin.py:188} INFO - [2024-07-16T15:18:36.733+0000] {dag.py:3096} INFO - Sync 1 DAGs
[2024-07-16T15:18:36.758+0000] {logging_mixin.py:188} INFO - [2024-07-16T15:18:36.758+0000] {dag.py:3954} INFO - Setting next_dagrun for example_branch_dop_operator_v3 to 2024-07-16 15:17:00+00:00, run_after=2024-07-16 15:18:00+00:00
[2024-07-16T15:18:36.775+0000] {processor.py:183} INFO - Processing /home/airflow/.local/lib/python3.12/site-packages/airflow/example_dags/example_branch_python_dop_operator_3.py took 0.081 seconds
[2024-07-16T15:19:07.488+0000] {processor.py:161} INFO - Started process (PID=126) to work on /home/airflow/.local/lib/python3.12/site-packages/airflow/example_dags/example_branch_python_dop_operator_3.py
[2024-07-16T15:19:07.488+0000] {processor.py:830} INFO - Processing file /home/airflow/.local/lib/python3.12/site-packages/airflow/example_dags/example_branch_python_dop_operator_3.py for tasks to queue
[2024-07-16T15:19:07.489+0000] {logging_mixin.py:188} INFO - [2024-07-16T15:19:07.488+0000] {dagbag.py:545} INFO - Filling up the DagBag from /home/airflow/.local/lib/python3.12/site-packages/airflow/example_dags/example_branch_python_dop_operator_3.py
[2024-07-16T15:19:07.493+0000] {processor.py:840} INFO - DAG(s) 'example_branch_dop_operator_v3' retrieved from /home/airflow/.local/lib/python3.12/site-packages/airflow/example_dags/example_branch_python_dop_operator_3.py
[2024-07-16T15:19:07.536+0000] {logging_mixin.py:188} INFO - [2024-07-16T15:19:07.536+0000] {dag.py:3096} INFO - Sync 1 DAGs
[2024-07-16T15:19:07.545+0000] {logging_mixin.py:188} INFO - [2024-07-16T15:19:07.544+0000] {dag.py:3954} INFO - Setting next_dagrun for example_branch_dop_operator_v3 to 2024-07-16 15:18:00+00:00, run_after=2024-07-16 15:19:00+00:00
[2024-07-16T15:19:07.552+0000] {processor.py:183} INFO - Processing /home/airflow/.local/lib/python3.12/site-packages/airflow/example_dags/example_branch_python_dop_operator_3.py took 0.067 seconds
[2024-07-16T15:27:32.318+0000] {processor.py:161} INFO - Started process (PID=65) to work on /home/airflow/.local/lib/python3.12/site-packages/airflow/example_dags/example_branch_python_dop_operator_3.py
[2024-07-16T15:27:32.320+0000] {processor.py:830} INFO - Processing file /home/airflow/.local/lib/python3.12/site-packages/airflow/example_dags/example_branch_python_dop_operator_3.py for tasks to queue
[2024-07-16T15:27:32.323+0000] {logging_mixin.py:188} INFO - [2024-07-16T15:27:32.322+0000] {dagbag.py:545} INFO - Filling up the DagBag from /home/airflow/.local/lib/python3.12/site-packages/airflow/example_dags/example_branch_python_dop_operator_3.py
[2024-07-16T15:27:32.336+0000] {processor.py:840} INFO - DAG(s) 'example_branch_dop_operator_v3' retrieved from /home/airflow/.local/lib/python3.12/site-packages/airflow/example_dags/example_branch_python_dop_operator_3.py
[2024-07-16T15:27:32.357+0000] {logging_mixin.py:188} INFO - [2024-07-16T15:27:32.356+0000] {dag.py:3096} INFO - Sync 1 DAGs
[2024-07-16T15:27:32.400+0000] {logging_mixin.py:188} INFO - [2024-07-16T15:27:32.400+0000] {dag.py:3954} INFO - Setting next_dagrun for example_branch_dop_operator_v3 to 2024-07-16 15:26:00+00:00, run_after=2024-07-16 15:27:00+00:00
[2024-07-16T15:27:32.478+0000] {processor.py:183} INFO - Processing /home/airflow/.local/lib/python3.12/site-packages/airflow/example_dags/example_branch_python_dop_operator_3.py took 0.169 seconds
[2024-07-16T15:28:03.532+0000] {processor.py:161} INFO - Started process (PID=125) to work on /home/airflow/.local/lib/python3.12/site-packages/airflow/example_dags/example_branch_python_dop_operator_3.py
[2024-07-16T15:28:03.533+0000] {processor.py:830} INFO - Processing file /home/airflow/.local/lib/python3.12/site-packages/airflow/example_dags/example_branch_python_dop_operator_3.py for tasks to queue
[2024-07-16T15:28:03.534+0000] {logging_mixin.py:188} INFO - [2024-07-16T15:28:03.534+0000] {dagbag.py:545} INFO - Filling up the DagBag from /home/airflow/.local/lib/python3.12/site-packages/airflow/example_dags/example_branch_python_dop_operator_3.py
[2024-07-16T15:28:03.552+0000] {processor.py:840} INFO - DAG(s) 'example_branch_dop_operator_v3' retrieved from /home/airflow/.local/lib/python3.12/site-packages/airflow/example_dags/example_branch_python_dop_operator_3.py
[2024-07-16T15:28:03.641+0000] {logging_mixin.py:188} INFO - [2024-07-16T15:28:03.641+0000] {dag.py:3096} INFO - Sync 1 DAGs
[2024-07-16T15:28:03.657+0000] {logging_mixin.py:188} INFO - [2024-07-16T15:28:03.657+0000] {dag.py:3954} INFO - Setting next_dagrun for example_branch_dop_operator_v3 to 2024-07-16 15:27:00+00:00, run_after=2024-07-16 15:28:00+00:00
[2024-07-16T15:28:03.666+0000] {processor.py:183} INFO - Processing /home/airflow/.local/lib/python3.12/site-packages/airflow/example_dags/example_branch_python_dop_operator_3.py took 0.155 seconds
[2024-07-16T15:28:34.242+0000] {processor.py:161} INFO - Started process (PID=184) to work on /home/airflow/.local/lib/python3.12/site-packages/airflow/example_dags/example_branch_python_dop_operator_3.py
[2024-07-16T15:28:34.243+0000] {processor.py:830} INFO - Processing file /home/airflow/.local/lib/python3.12/site-packages/airflow/example_dags/example_branch_python_dop_operator_3.py for tasks to queue
[2024-07-16T15:28:34.243+0000] {logging_mixin.py:188} INFO - [2024-07-16T15:28:34.243+0000] {dagbag.py:545} INFO - Filling up the DagBag from /home/airflow/.local/lib/python3.12/site-packages/airflow/example_dags/example_branch_python_dop_operator_3.py
[2024-07-16T15:28:34.249+0000] {processor.py:840} INFO - DAG(s) 'example_branch_dop_operator_v3' retrieved from /home/airflow/.local/lib/python3.12/site-packages/airflow/example_dags/example_branch_python_dop_operator_3.py
[2024-07-16T15:28:34.279+0000] {logging_mixin.py:188} INFO - [2024-07-16T15:28:34.279+0000] {dag.py:3096} INFO - Sync 1 DAGs
[2024-07-16T15:28:34.293+0000] {logging_mixin.py:188} INFO - [2024-07-16T15:28:34.293+0000] {dag.py:3954} INFO - Setting next_dagrun for example_branch_dop_operator_v3 to 2024-07-16 15:27:00+00:00, run_after=2024-07-16 15:28:00+00:00
[2024-07-16T15:28:34.304+0000] {processor.py:183} INFO - Processing /home/airflow/.local/lib/python3.12/site-packages/airflow/example_dags/example_branch_python_dop_operator_3.py took 0.068 seconds
[2024-07-16T15:29:05.253+0000] {processor.py:161} INFO - Started process (PID=244) to work on /home/airflow/.local/lib/python3.12/site-packages/airflow/example_dags/example_branch_python_dop_operator_3.py
[2024-07-16T15:29:05.254+0000] {processor.py:830} INFO - Processing file /home/airflow/.local/lib/python3.12/site-packages/airflow/example_dags/example_branch_python_dop_operator_3.py for tasks to queue
[2024-07-16T15:29:05.255+0000] {logging_mixin.py:188} INFO - [2024-07-16T15:29:05.255+0000] {dagbag.py:545} INFO - Filling up the DagBag from /home/airflow/.local/lib/python3.12/site-packages/airflow/example_dags/example_branch_python_dop_operator_3.py
[2024-07-16T15:29:05.262+0000] {processor.py:840} INFO - DAG(s) 'example_branch_dop_operator_v3' retrieved from /home/airflow/.local/lib/python3.12/site-packages/airflow/example_dags/example_branch_python_dop_operator_3.py
[2024-07-16T15:29:05.275+0000] {logging_mixin.py:188} INFO - [2024-07-16T15:29:05.275+0000] {dag.py:3096} INFO - Sync 1 DAGs
[2024-07-16T15:29:05.286+0000] {logging_mixin.py:188} INFO - [2024-07-16T15:29:05.286+0000] {dag.py:3954} INFO - Setting next_dagrun for example_branch_dop_operator_v3 to 2024-07-16 15:28:00+00:00, run_after=2024-07-16 15:29:00+00:00
[2024-07-16T15:29:05.293+0000] {processor.py:183} INFO - Processing /home/airflow/.local/lib/python3.12/site-packages/airflow/example_dags/example_branch_python_dop_operator_3.py took 0.047 seconds
