[2024-07-16T15:18:34.829+0000] {processor.py:161} INFO - Started process (PID=36) to work on /home/airflow/.local/lib/python3.12/site-packages/airflow/example_dags/example_branch_operator.py
[2024-07-16T15:18:34.829+0000] {processor.py:830} INFO - Processing file /home/airflow/.local/lib/python3.12/site-packages/airflow/example_dags/example_branch_operator.py for tasks to queue
[2024-07-16T15:18:34.829+0000] {logging_mixin.py:188} INFO - [2024-07-16T15:18:34.829+0000] {dagbag.py:545} INFO - Filling up the DagBag from /home/airflow/.local/lib/python3.12/site-packages/airflow/example_dags/example_branch_operator.py
[2024-07-16T15:18:34.840+0000] {processor.py:840} INFO - DAG(s) 'example_branch_operator' retrieved from /home/airflow/.local/lib/python3.12/site-packages/airflow/example_dags/example_branch_operator.py
[2024-07-16T15:18:34.845+0000] {logging_mixin.py:188} INFO - [2024-07-16T15:18:34.845+0000] {dag.py:3096} INFO - Sync 1 DAGs
[2024-07-16T15:18:34.862+0000] {logging_mixin.py:188} INFO - [2024-07-16T15:18:34.862+0000] {dag.py:3954} INFO - Setting next_dagrun for example_branch_operator to 2024-07-15 00:00:00+00:00, run_after=2024-07-16 00:00:00+00:00
[2024-07-16T15:18:34.875+0000] {processor.py:183} INFO - Processing /home/airflow/.local/lib/python3.12/site-packages/airflow/example_dags/example_branch_operator.py took 0.049 seconds
[2024-07-16T15:19:05.313+0000] {processor.py:161} INFO - Started process (PID=96) to work on /home/airflow/.local/lib/python3.12/site-packages/airflow/example_dags/example_branch_operator.py
[2024-07-16T15:19:05.314+0000] {processor.py:830} INFO - Processing file /home/airflow/.local/lib/python3.12/site-packages/airflow/example_dags/example_branch_operator.py for tasks to queue
[2024-07-16T15:19:05.314+0000] {logging_mixin.py:188} INFO - [2024-07-16T15:19:05.314+0000] {dagbag.py:545} INFO - Filling up the DagBag from /home/airflow/.local/lib/python3.12/site-packages/airflow/example_dags/example_branch_operator.py
[2024-07-16T15:19:05.321+0000] {processor.py:840} INFO - DAG(s) 'example_branch_operator' retrieved from /home/airflow/.local/lib/python3.12/site-packages/airflow/example_dags/example_branch_operator.py
[2024-07-16T15:19:05.360+0000] {logging_mixin.py:188} INFO - [2024-07-16T15:19:05.360+0000] {dag.py:3096} INFO - Sync 1 DAGs
[2024-07-16T15:19:05.367+0000] {logging_mixin.py:188} INFO - [2024-07-16T15:19:05.367+0000] {dag.py:3954} INFO - Setting next_dagrun for example_branch_operator to 2024-07-15 00:00:00+00:00, run_after=2024-07-16 00:00:00+00:00
[2024-07-16T15:19:05.373+0000] {processor.py:183} INFO - Processing /home/airflow/.local/lib/python3.12/site-packages/airflow/example_dags/example_branch_operator.py took 0.062 seconds
[2024-07-16T15:27:30.245+0000] {processor.py:161} INFO - Started process (PID=35) to work on /home/airflow/.local/lib/python3.12/site-packages/airflow/example_dags/example_branch_operator.py
[2024-07-16T15:27:30.246+0000] {processor.py:830} INFO - Processing file /home/airflow/.local/lib/python3.12/site-packages/airflow/example_dags/example_branch_operator.py for tasks to queue
[2024-07-16T15:27:30.246+0000] {logging_mixin.py:188} INFO - [2024-07-16T15:27:30.246+0000] {dagbag.py:545} INFO - Filling up the DagBag from /home/airflow/.local/lib/python3.12/site-packages/airflow/example_dags/example_branch_operator.py
[2024-07-16T15:27:30.255+0000] {processor.py:840} INFO - DAG(s) 'example_branch_operator' retrieved from /home/airflow/.local/lib/python3.12/site-packages/airflow/example_dags/example_branch_operator.py
[2024-07-16T15:27:30.260+0000] {logging_mixin.py:188} INFO - [2024-07-16T15:27:30.260+0000] {dag.py:3096} INFO - Sync 1 DAGs
[2024-07-16T15:27:30.271+0000] {logging_mixin.py:188} INFO - [2024-07-16T15:27:30.271+0000] {dag.py:3954} INFO - Setting next_dagrun for example_branch_operator to 2024-07-15 00:00:00+00:00, run_after=2024-07-16 00:00:00+00:00
[2024-07-16T15:27:30.278+0000] {processor.py:183} INFO - Processing /home/airflow/.local/lib/python3.12/site-packages/airflow/example_dags/example_branch_operator.py took 0.036 seconds
[2024-07-16T15:28:01.304+0000] {processor.py:161} INFO - Started process (PID=95) to work on /home/airflow/.local/lib/python3.12/site-packages/airflow/example_dags/example_branch_operator.py
[2024-07-16T15:28:01.305+0000] {processor.py:830} INFO - Processing file /home/airflow/.local/lib/python3.12/site-packages/airflow/example_dags/example_branch_operator.py for tasks to queue
[2024-07-16T15:28:01.305+0000] {logging_mixin.py:188} INFO - [2024-07-16T15:28:01.305+0000] {dagbag.py:545} INFO - Filling up the DagBag from /home/airflow/.local/lib/python3.12/site-packages/airflow/example_dags/example_branch_operator.py
[2024-07-16T15:28:01.312+0000] {processor.py:840} INFO - DAG(s) 'example_branch_operator' retrieved from /home/airflow/.local/lib/python3.12/site-packages/airflow/example_dags/example_branch_operator.py
[2024-07-16T15:28:01.352+0000] {logging_mixin.py:188} INFO - [2024-07-16T15:28:01.352+0000] {dag.py:3096} INFO - Sync 1 DAGs
[2024-07-16T15:28:01.360+0000] {logging_mixin.py:188} INFO - [2024-07-16T15:28:01.360+0000] {dag.py:3954} INFO - Setting next_dagrun for example_branch_operator to 2024-07-15 00:00:00+00:00, run_after=2024-07-16 00:00:00+00:00
[2024-07-16T15:28:01.366+0000] {processor.py:183} INFO - Processing /home/airflow/.local/lib/python3.12/site-packages/airflow/example_dags/example_branch_operator.py took 0.064 seconds
[2024-07-16T15:28:31.470+0000] {processor.py:161} INFO - Started process (PID=154) to work on /home/airflow/.local/lib/python3.12/site-packages/airflow/example_dags/example_branch_operator.py
[2024-07-16T15:28:31.471+0000] {processor.py:830} INFO - Processing file /home/airflow/.local/lib/python3.12/site-packages/airflow/example_dags/example_branch_operator.py for tasks to queue
[2024-07-16T15:28:31.471+0000] {logging_mixin.py:188} INFO - [2024-07-16T15:28:31.471+0000] {dagbag.py:545} INFO - Filling up the DagBag from /home/airflow/.local/lib/python3.12/site-packages/airflow/example_dags/example_branch_operator.py
[2024-07-16T15:28:31.478+0000] {processor.py:840} INFO - DAG(s) 'example_branch_operator' retrieved from /home/airflow/.local/lib/python3.12/site-packages/airflow/example_dags/example_branch_operator.py
[2024-07-16T15:28:31.489+0000] {logging_mixin.py:188} INFO - [2024-07-16T15:28:31.489+0000] {dag.py:3096} INFO - Sync 1 DAGs
[2024-07-16T15:28:31.499+0000] {logging_mixin.py:188} INFO - [2024-07-16T15:28:31.499+0000] {dag.py:3954} INFO - Setting next_dagrun for example_branch_operator to 2024-07-15 00:00:00+00:00, run_after=2024-07-16 00:00:00+00:00
[2024-07-16T15:28:31.506+0000] {processor.py:183} INFO - Processing /home/airflow/.local/lib/python3.12/site-packages/airflow/example_dags/example_branch_operator.py took 0.038 seconds
[2024-07-16T15:29:02.427+0000] {processor.py:161} INFO - Started process (PID=214) to work on /home/airflow/.local/lib/python3.12/site-packages/airflow/example_dags/example_branch_operator.py
[2024-07-16T15:29:02.428+0000] {processor.py:830} INFO - Processing file /home/airflow/.local/lib/python3.12/site-packages/airflow/example_dags/example_branch_operator.py for tasks to queue
[2024-07-16T15:29:02.428+0000] {logging_mixin.py:188} INFO - [2024-07-16T15:29:02.428+0000] {dagbag.py:545} INFO - Filling up the DagBag from /home/airflow/.local/lib/python3.12/site-packages/airflow/example_dags/example_branch_operator.py
[2024-07-16T15:29:02.435+0000] {processor.py:840} INFO - DAG(s) 'example_branch_operator' retrieved from /home/airflow/.local/lib/python3.12/site-packages/airflow/example_dags/example_branch_operator.py
[2024-07-16T15:29:02.445+0000] {logging_mixin.py:188} INFO - [2024-07-16T15:29:02.445+0000] {dag.py:3096} INFO - Sync 1 DAGs
[2024-07-16T15:29:02.452+0000] {logging_mixin.py:188} INFO - [2024-07-16T15:29:02.452+0000] {dag.py:3954} INFO - Setting next_dagrun for example_branch_operator to 2024-07-15 00:00:00+00:00, run_after=2024-07-16 00:00:00+00:00
[2024-07-16T15:29:02.459+0000] {processor.py:183} INFO - Processing /home/airflow/.local/lib/python3.12/site-packages/airflow/example_dags/example_branch_operator.py took 0.034 seconds
