[2024-07-16T15:18:35.092+0000] {processor.py:161} INFO - Started process (PID=44) to work on /home/airflow/.local/lib/python3.12/site-packages/airflow/example_dags/example_external_task_marker_dag.py
[2024-07-16T15:18:35.093+0000] {processor.py:830} INFO - Processing file /home/airflow/.local/lib/python3.12/site-packages/airflow/example_dags/example_external_task_marker_dag.py for tasks to queue
[2024-07-16T15:18:35.093+0000] {logging_mixin.py:188} INFO - [2024-07-16T15:18:35.093+0000] {dagbag.py:545} INFO - Filling up the DagBag from /home/airflow/.local/lib/python3.12/site-packages/airflow/example_dags/example_external_task_marker_dag.py
[2024-07-16T15:18:35.097+0000] {processor.py:840} INFO - DAG(s) 'example_external_task_marker_child', 'example_external_task_marker_parent' retrieved from /home/airflow/.local/lib/python3.12/site-packages/airflow/example_dags/example_external_task_marker_dag.py
[2024-07-16T15:18:35.103+0000] {logging_mixin.py:188} INFO - [2024-07-16T15:18:35.103+0000] {dag.py:3096} INFO - Sync 2 DAGs
[2024-07-16T15:18:35.110+0000] {logging_mixin.py:188} INFO - [2024-07-16T15:18:35.110+0000] {dag.py:3954} INFO - Setting next_dagrun for example_external_task_marker_child to None, run_after=None
[2024-07-16T15:18:35.112+0000] {logging_mixin.py:188} INFO - [2024-07-16T15:18:35.112+0000] {dag.py:3954} INFO - Setting next_dagrun for example_external_task_marker_parent to None, run_after=None
[2024-07-16T15:18:35.122+0000] {processor.py:183} INFO - Processing /home/airflow/.local/lib/python3.12/site-packages/airflow/example_dags/example_external_task_marker_dag.py took 0.032 seconds
[2024-07-16T15:19:05.631+0000] {processor.py:161} INFO - Started process (PID=104) to work on /home/airflow/.local/lib/python3.12/site-packages/airflow/example_dags/example_external_task_marker_dag.py
[2024-07-16T15:19:05.631+0000] {processor.py:830} INFO - Processing file /home/airflow/.local/lib/python3.12/site-packages/airflow/example_dags/example_external_task_marker_dag.py for tasks to queue
[2024-07-16T15:19:05.632+0000] {logging_mixin.py:188} INFO - [2024-07-16T15:19:05.632+0000] {dagbag.py:545} INFO - Filling up the DagBag from /home/airflow/.local/lib/python3.12/site-packages/airflow/example_dags/example_external_task_marker_dag.py
[2024-07-16T15:19:05.635+0000] {processor.py:840} INFO - DAG(s) 'example_external_task_marker_parent', 'example_external_task_marker_child' retrieved from /home/airflow/.local/lib/python3.12/site-packages/airflow/example_dags/example_external_task_marker_dag.py
[2024-07-16T15:19:05.674+0000] {logging_mixin.py:188} INFO - [2024-07-16T15:19:05.674+0000] {dag.py:3096} INFO - Sync 2 DAGs
[2024-07-16T15:19:05.678+0000] {logging_mixin.py:188} INFO - [2024-07-16T15:19:05.678+0000] {dag.py:3954} INFO - Setting next_dagrun for example_external_task_marker_child to None, run_after=None
[2024-07-16T15:19:05.679+0000] {logging_mixin.py:188} INFO - [2024-07-16T15:19:05.679+0000] {dag.py:3954} INFO - Setting next_dagrun for example_external_task_marker_parent to None, run_after=None
[2024-07-16T15:19:05.686+0000] {processor.py:183} INFO - Processing /home/airflow/.local/lib/python3.12/site-packages/airflow/example_dags/example_external_task_marker_dag.py took 0.058 seconds
[2024-07-16T15:27:30.520+0000] {processor.py:161} INFO - Started process (PID=43) to work on /home/airflow/.local/lib/python3.12/site-packages/airflow/example_dags/example_external_task_marker_dag.py
[2024-07-16T15:27:30.521+0000] {processor.py:830} INFO - Processing file /home/airflow/.local/lib/python3.12/site-packages/airflow/example_dags/example_external_task_marker_dag.py for tasks to queue
[2024-07-16T15:27:30.523+0000] {logging_mixin.py:188} INFO - [2024-07-16T15:27:30.523+0000] {dagbag.py:545} INFO - Filling up the DagBag from /home/airflow/.local/lib/python3.12/site-packages/airflow/example_dags/example_external_task_marker_dag.py
[2024-07-16T15:27:30.530+0000] {processor.py:840} INFO - DAG(s) 'example_external_task_marker_parent', 'example_external_task_marker_child' retrieved from /home/airflow/.local/lib/python3.12/site-packages/airflow/example_dags/example_external_task_marker_dag.py
[2024-07-16T15:27:30.539+0000] {logging_mixin.py:188} INFO - [2024-07-16T15:27:30.539+0000] {dag.py:3096} INFO - Sync 2 DAGs
[2024-07-16T15:27:30.549+0000] {logging_mixin.py:188} INFO - [2024-07-16T15:27:30.549+0000] {dag.py:3954} INFO - Setting next_dagrun for example_external_task_marker_child to None, run_after=None
[2024-07-16T15:27:30.552+0000] {logging_mixin.py:188} INFO - [2024-07-16T15:27:30.551+0000] {dag.py:3954} INFO - Setting next_dagrun for example_external_task_marker_parent to None, run_after=None
[2024-07-16T15:27:30.567+0000] {processor.py:183} INFO - Processing /home/airflow/.local/lib/python3.12/site-packages/airflow/example_dags/example_external_task_marker_dag.py took 0.050 seconds
[2024-07-16T15:28:01.616+0000] {processor.py:161} INFO - Started process (PID=103) to work on /home/airflow/.local/lib/python3.12/site-packages/airflow/example_dags/example_external_task_marker_dag.py
[2024-07-16T15:28:01.617+0000] {processor.py:830} INFO - Processing file /home/airflow/.local/lib/python3.12/site-packages/airflow/example_dags/example_external_task_marker_dag.py for tasks to queue
[2024-07-16T15:28:01.617+0000] {logging_mixin.py:188} INFO - [2024-07-16T15:28:01.617+0000] {dagbag.py:545} INFO - Filling up the DagBag from /home/airflow/.local/lib/python3.12/site-packages/airflow/example_dags/example_external_task_marker_dag.py
[2024-07-16T15:28:01.620+0000] {processor.py:840} INFO - DAG(s) 'example_external_task_marker_child', 'example_external_task_marker_parent' retrieved from /home/airflow/.local/lib/python3.12/site-packages/airflow/example_dags/example_external_task_marker_dag.py
[2024-07-16T15:28:01.663+0000] {logging_mixin.py:188} INFO - [2024-07-16T15:28:01.663+0000] {dag.py:3096} INFO - Sync 2 DAGs
[2024-07-16T15:28:01.667+0000] {logging_mixin.py:188} INFO - [2024-07-16T15:28:01.667+0000] {dag.py:3954} INFO - Setting next_dagrun for example_external_task_marker_child to None, run_after=None
[2024-07-16T15:28:01.668+0000] {logging_mixin.py:188} INFO - [2024-07-16T15:28:01.668+0000] {dag.py:3954} INFO - Setting next_dagrun for example_external_task_marker_parent to None, run_after=None
[2024-07-16T15:28:01.674+0000] {processor.py:183} INFO - Processing /home/airflow/.local/lib/python3.12/site-packages/airflow/example_dags/example_external_task_marker_dag.py took 0.060 seconds
[2024-07-16T15:28:32.657+0000] {processor.py:161} INFO - Started process (PID=162) to work on /home/airflow/.local/lib/python3.12/site-packages/airflow/example_dags/example_external_task_marker_dag.py
[2024-07-16T15:28:32.659+0000] {processor.py:830} INFO - Processing file /home/airflow/.local/lib/python3.12/site-packages/airflow/example_dags/example_external_task_marker_dag.py for tasks to queue
[2024-07-16T15:28:32.660+0000] {logging_mixin.py:188} INFO - [2024-07-16T15:28:32.660+0000] {dagbag.py:545} INFO - Filling up the DagBag from /home/airflow/.local/lib/python3.12/site-packages/airflow/example_dags/example_external_task_marker_dag.py
[2024-07-16T15:28:32.667+0000] {processor.py:840} INFO - DAG(s) 'example_external_task_marker_child', 'example_external_task_marker_parent' retrieved from /home/airflow/.local/lib/python3.12/site-packages/airflow/example_dags/example_external_task_marker_dag.py
[2024-07-16T15:28:32.693+0000] {logging_mixin.py:188} INFO - [2024-07-16T15:28:32.693+0000] {dag.py:3096} INFO - Sync 2 DAGs
[2024-07-16T15:28:32.702+0000] {logging_mixin.py:188} INFO - [2024-07-16T15:28:32.702+0000] {dag.py:3954} INFO - Setting next_dagrun for example_external_task_marker_child to None, run_after=None
[2024-07-16T15:28:32.706+0000] {logging_mixin.py:188} INFO - [2024-07-16T15:28:32.706+0000] {dag.py:3954} INFO - Setting next_dagrun for example_external_task_marker_parent to None, run_after=None
[2024-07-16T15:28:32.715+0000] {processor.py:183} INFO - Processing /home/airflow/.local/lib/python3.12/site-packages/airflow/example_dags/example_external_task_marker_dag.py took 0.064 seconds
[2024-07-16T15:29:03.633+0000] {processor.py:161} INFO - Started process (PID=222) to work on /home/airflow/.local/lib/python3.12/site-packages/airflow/example_dags/example_external_task_marker_dag.py
[2024-07-16T15:29:03.634+0000] {processor.py:830} INFO - Processing file /home/airflow/.local/lib/python3.12/site-packages/airflow/example_dags/example_external_task_marker_dag.py for tasks to queue
[2024-07-16T15:29:03.635+0000] {logging_mixin.py:188} INFO - [2024-07-16T15:29:03.635+0000] {dagbag.py:545} INFO - Filling up the DagBag from /home/airflow/.local/lib/python3.12/site-packages/airflow/example_dags/example_external_task_marker_dag.py
[2024-07-16T15:29:03.652+0000] {processor.py:840} INFO - DAG(s) 'example_external_task_marker_parent', 'example_external_task_marker_child' retrieved from /home/airflow/.local/lib/python3.12/site-packages/airflow/example_dags/example_external_task_marker_dag.py
[2024-07-16T15:29:03.686+0000] {logging_mixin.py:188} INFO - [2024-07-16T15:29:03.685+0000] {dag.py:3096} INFO - Sync 2 DAGs
[2024-07-16T15:29:03.700+0000] {logging_mixin.py:188} INFO - [2024-07-16T15:29:03.700+0000] {dag.py:3954} INFO - Setting next_dagrun for example_external_task_marker_child to None, run_after=None
[2024-07-16T15:29:03.703+0000] {logging_mixin.py:188} INFO - [2024-07-16T15:29:03.703+0000] {dag.py:3954} INFO - Setting next_dagrun for example_external_task_marker_parent to None, run_after=None
[2024-07-16T15:29:03.718+0000] {processor.py:183} INFO - Processing /home/airflow/.local/lib/python3.12/site-packages/airflow/example_dags/example_external_task_marker_dag.py took 0.092 seconds
