[2024-07-16T15:18:36.643+0000] {processor.py:161} INFO - Started process (PID=64) to work on /home/airflow/.local/lib/python3.12/site-packages/airflow/example_dags/example_latest_only_with_trigger.py
[2024-07-16T15:18:36.643+0000] {processor.py:830} INFO - Processing file /home/airflow/.local/lib/python3.12/site-packages/airflow/example_dags/example_latest_only_with_trigger.py for tasks to queue
[2024-07-16T15:18:36.644+0000] {logging_mixin.py:188} INFO - [2024-07-16T15:18:36.644+0000] {dagbag.py:545} INFO - Filling up the DagBag from /home/airflow/.local/lib/python3.12/site-packages/airflow/example_dags/example_latest_only_with_trigger.py
[2024-07-16T15:18:36.649+0000] {processor.py:840} INFO - DAG(s) 'latest_only_with_trigger' retrieved from /home/airflow/.local/lib/python3.12/site-packages/airflow/example_dags/example_latest_only_with_trigger.py
[2024-07-16T15:18:36.656+0000] {logging_mixin.py:188} INFO - [2024-07-16T15:18:36.656+0000] {dag.py:3096} INFO - Sync 1 DAGs
[2024-07-16T15:18:36.668+0000] {logging_mixin.py:188} INFO - [2024-07-16T15:18:36.668+0000] {dag.py:3954} INFO - Setting next_dagrun for latest_only_with_trigger to 2024-07-16 08:00:00+00:00, run_after=2024-07-16 12:00:00+00:00
[2024-07-16T15:18:36.678+0000] {processor.py:183} INFO - Processing /home/airflow/.local/lib/python3.12/site-packages/airflow/example_dags/example_latest_only_with_trigger.py took 0.038 seconds
[2024-07-16T15:19:07.423+0000] {processor.py:161} INFO - Started process (PID=124) to work on /home/airflow/.local/lib/python3.12/site-packages/airflow/example_dags/example_latest_only_with_trigger.py
[2024-07-16T15:19:07.423+0000] {processor.py:830} INFO - Processing file /home/airflow/.local/lib/python3.12/site-packages/airflow/example_dags/example_latest_only_with_trigger.py for tasks to queue
[2024-07-16T15:19:07.423+0000] {logging_mixin.py:188} INFO - [2024-07-16T15:19:07.423+0000] {dagbag.py:545} INFO - Filling up the DagBag from /home/airflow/.local/lib/python3.12/site-packages/airflow/example_dags/example_latest_only_with_trigger.py
[2024-07-16T15:19:07.426+0000] {processor.py:840} INFO - DAG(s) 'latest_only_with_trigger' retrieved from /home/airflow/.local/lib/python3.12/site-packages/airflow/example_dags/example_latest_only_with_trigger.py
[2024-07-16T15:19:07.464+0000] {logging_mixin.py:188} INFO - [2024-07-16T15:19:07.464+0000] {dag.py:3096} INFO - Sync 1 DAGs
[2024-07-16T15:19:07.471+0000] {logging_mixin.py:188} INFO - [2024-07-16T15:19:07.471+0000] {dag.py:3954} INFO - Setting next_dagrun for latest_only_with_trigger to 2024-07-16 08:00:00+00:00, run_after=2024-07-16 12:00:00+00:00
[2024-07-16T15:19:07.478+0000] {processor.py:183} INFO - Processing /home/airflow/.local/lib/python3.12/site-packages/airflow/example_dags/example_latest_only_with_trigger.py took 0.058 seconds
[2024-07-16T15:27:32.199+0000] {processor.py:161} INFO - Started process (PID=63) to work on /home/airflow/.local/lib/python3.12/site-packages/airflow/example_dags/example_latest_only_with_trigger.py
[2024-07-16T15:27:32.201+0000] {processor.py:830} INFO - Processing file /home/airflow/.local/lib/python3.12/site-packages/airflow/example_dags/example_latest_only_with_trigger.py for tasks to queue
[2024-07-16T15:27:32.202+0000] {logging_mixin.py:188} INFO - [2024-07-16T15:27:32.201+0000] {dagbag.py:545} INFO - Filling up the DagBag from /home/airflow/.local/lib/python3.12/site-packages/airflow/example_dags/example_latest_only_with_trigger.py
[2024-07-16T15:27:32.235+0000] {processor.py:840} INFO - DAG(s) 'latest_only_with_trigger' retrieved from /home/airflow/.local/lib/python3.12/site-packages/airflow/example_dags/example_latest_only_with_trigger.py
[2024-07-16T15:27:32.250+0000] {logging_mixin.py:188} INFO - [2024-07-16T15:27:32.250+0000] {dag.py:3096} INFO - Sync 1 DAGs
[2024-07-16T15:27:32.267+0000] {logging_mixin.py:188} INFO - [2024-07-16T15:27:32.266+0000] {dag.py:3954} INFO - Setting next_dagrun for latest_only_with_trigger to 2024-07-16 08:00:00+00:00, run_after=2024-07-16 12:00:00+00:00
[2024-07-16T15:27:32.289+0000] {processor.py:183} INFO - Processing /home/airflow/.local/lib/python3.12/site-packages/airflow/example_dags/example_latest_only_with_trigger.py took 0.097 seconds
[2024-07-16T15:28:02.390+0000] {processor.py:161} INFO - Started process (PID=123) to work on /home/airflow/.local/lib/python3.12/site-packages/airflow/example_dags/example_latest_only_with_trigger.py
[2024-07-16T15:28:02.392+0000] {processor.py:830} INFO - Processing file /home/airflow/.local/lib/python3.12/site-packages/airflow/example_dags/example_latest_only_with_trigger.py for tasks to queue
[2024-07-16T15:28:02.392+0000] {logging_mixin.py:188} INFO - [2024-07-16T15:28:02.392+0000] {dagbag.py:545} INFO - Filling up the DagBag from /home/airflow/.local/lib/python3.12/site-packages/airflow/example_dags/example_latest_only_with_trigger.py
[2024-07-16T15:28:02.395+0000] {processor.py:840} INFO - DAG(s) 'latest_only_with_trigger' retrieved from /home/airflow/.local/lib/python3.12/site-packages/airflow/example_dags/example_latest_only_with_trigger.py
[2024-07-16T15:28:02.436+0000] {logging_mixin.py:188} INFO - [2024-07-16T15:28:02.435+0000] {dag.py:3096} INFO - Sync 1 DAGs
[2024-07-16T15:28:02.443+0000] {logging_mixin.py:188} INFO - [2024-07-16T15:28:02.442+0000] {dag.py:3954} INFO - Setting next_dagrun for latest_only_with_trigger to 2024-07-16 08:00:00+00:00, run_after=2024-07-16 12:00:00+00:00
[2024-07-16T15:28:02.450+0000] {processor.py:183} INFO - Processing /home/airflow/.local/lib/python3.12/site-packages/airflow/example_dags/example_latest_only_with_trigger.py took 0.062 seconds
[2024-07-16T15:28:33.161+0000] {processor.py:161} INFO - Started process (PID=182) to work on /home/airflow/.local/lib/python3.12/site-packages/airflow/example_dags/example_latest_only_with_trigger.py
[2024-07-16T15:28:33.162+0000] {processor.py:830} INFO - Processing file /home/airflow/.local/lib/python3.12/site-packages/airflow/example_dags/example_latest_only_with_trigger.py for tasks to queue
[2024-07-16T15:28:33.162+0000] {logging_mixin.py:188} INFO - [2024-07-16T15:28:33.162+0000] {dagbag.py:545} INFO - Filling up the DagBag from /home/airflow/.local/lib/python3.12/site-packages/airflow/example_dags/example_latest_only_with_trigger.py
[2024-07-16T15:28:33.164+0000] {processor.py:840} INFO - DAG(s) 'latest_only_with_trigger' retrieved from /home/airflow/.local/lib/python3.12/site-packages/airflow/example_dags/example_latest_only_with_trigger.py
[2024-07-16T15:28:33.173+0000] {logging_mixin.py:188} INFO - [2024-07-16T15:28:33.173+0000] {dag.py:3096} INFO - Sync 1 DAGs
[2024-07-16T15:28:33.181+0000] {logging_mixin.py:188} INFO - [2024-07-16T15:28:33.181+0000] {dag.py:3954} INFO - Setting next_dagrun for latest_only_with_trigger to 2024-07-16 08:00:00+00:00, run_after=2024-07-16 12:00:00+00:00
[2024-07-16T15:28:33.188+0000] {processor.py:183} INFO - Processing /home/airflow/.local/lib/python3.12/site-packages/airflow/example_dags/example_latest_only_with_trigger.py took 0.030 seconds
[2024-07-16T15:29:04.184+0000] {processor.py:161} INFO - Started process (PID=242) to work on /home/airflow/.local/lib/python3.12/site-packages/airflow/example_dags/example_latest_only_with_trigger.py
[2024-07-16T15:29:04.184+0000] {processor.py:830} INFO - Processing file /home/airflow/.local/lib/python3.12/site-packages/airflow/example_dags/example_latest_only_with_trigger.py for tasks to queue
[2024-07-16T15:29:04.185+0000] {logging_mixin.py:188} INFO - [2024-07-16T15:29:04.185+0000] {dagbag.py:545} INFO - Filling up the DagBag from /home/airflow/.local/lib/python3.12/site-packages/airflow/example_dags/example_latest_only_with_trigger.py
[2024-07-16T15:29:04.188+0000] {processor.py:840} INFO - DAG(s) 'latest_only_with_trigger' retrieved from /home/airflow/.local/lib/python3.12/site-packages/airflow/example_dags/example_latest_only_with_trigger.py
[2024-07-16T15:29:04.196+0000] {logging_mixin.py:188} INFO - [2024-07-16T15:29:04.196+0000] {dag.py:3096} INFO - Sync 1 DAGs
[2024-07-16T15:29:04.204+0000] {logging_mixin.py:188} INFO - [2024-07-16T15:29:04.204+0000] {dag.py:3954} INFO - Setting next_dagrun for latest_only_with_trigger to 2024-07-16 08:00:00+00:00, run_after=2024-07-16 12:00:00+00:00
[2024-07-16T15:29:04.211+0000] {processor.py:183} INFO - Processing /home/airflow/.local/lib/python3.12/site-packages/airflow/example_dags/example_latest_only_with_trigger.py took 0.029 seconds
