[2024-07-16T15:18:35.239+0000] {processor.py:161} INFO - Started process (PID=50) to work on /home/airflow/.local/lib/python3.12/site-packages/airflow/example_dags/example_params_trigger_ui.py
[2024-07-16T15:18:35.239+0000] {processor.py:830} INFO - Processing file /home/airflow/.local/lib/python3.12/site-packages/airflow/example_dags/example_params_trigger_ui.py for tasks to queue
[2024-07-16T15:18:35.240+0000] {logging_mixin.py:188} INFO - [2024-07-16T15:18:35.240+0000] {dagbag.py:545} INFO - Filling up the DagBag from /home/airflow/.local/lib/python3.12/site-packages/airflow/example_dags/example_params_trigger_ui.py
[2024-07-16T15:18:35.253+0000] {processor.py:840} INFO - DAG(s) 'example_params_trigger_ui' retrieved from /home/airflow/.local/lib/python3.12/site-packages/airflow/example_dags/example_params_trigger_ui.py
[2024-07-16T15:18:35.268+0000] {logging_mixin.py:188} INFO - [2024-07-16T15:18:35.268+0000] {dag.py:3096} INFO - Sync 1 DAGs
[2024-07-16T15:18:35.276+0000] {logging_mixin.py:188} INFO - [2024-07-16T15:18:35.276+0000] {dag.py:3954} INFO - Setting next_dagrun for example_params_trigger_ui to None, run_after=None
[2024-07-16T15:18:35.310+0000] {processor.py:183} INFO - Processing /home/airflow/.local/lib/python3.12/site-packages/airflow/example_dags/example_params_trigger_ui.py took 0.076 seconds
[2024-07-16T15:19:05.876+0000] {processor.py:161} INFO - Started process (PID=110) to work on /home/airflow/.local/lib/python3.12/site-packages/airflow/example_dags/example_params_trigger_ui.py
[2024-07-16T15:19:05.876+0000] {processor.py:830} INFO - Processing file /home/airflow/.local/lib/python3.12/site-packages/airflow/example_dags/example_params_trigger_ui.py for tasks to queue
[2024-07-16T15:19:05.876+0000] {logging_mixin.py:188} INFO - [2024-07-16T15:19:05.876+0000] {dagbag.py:545} INFO - Filling up the DagBag from /home/airflow/.local/lib/python3.12/site-packages/airflow/example_dags/example_params_trigger_ui.py
[2024-07-16T15:19:05.883+0000] {processor.py:840} INFO - DAG(s) 'example_params_trigger_ui' retrieved from /home/airflow/.local/lib/python3.12/site-packages/airflow/example_dags/example_params_trigger_ui.py
[2024-07-16T15:19:05.927+0000] {logging_mixin.py:188} INFO - [2024-07-16T15:19:05.927+0000] {dag.py:3096} INFO - Sync 1 DAGs
[2024-07-16T15:19:05.931+0000] {logging_mixin.py:188} INFO - [2024-07-16T15:19:05.930+0000] {dag.py:3954} INFO - Setting next_dagrun for example_params_trigger_ui to None, run_after=None
[2024-07-16T15:19:05.938+0000] {processor.py:183} INFO - Processing /home/airflow/.local/lib/python3.12/site-packages/airflow/example_dags/example_params_trigger_ui.py took 0.064 seconds
[2024-07-16T15:27:30.883+0000] {processor.py:161} INFO - Started process (PID=49) to work on /home/airflow/.local/lib/python3.12/site-packages/airflow/example_dags/example_params_trigger_ui.py
[2024-07-16T15:27:30.883+0000] {processor.py:830} INFO - Processing file /home/airflow/.local/lib/python3.12/site-packages/airflow/example_dags/example_params_trigger_ui.py for tasks to queue
[2024-07-16T15:27:30.884+0000] {logging_mixin.py:188} INFO - [2024-07-16T15:27:30.884+0000] {dagbag.py:545} INFO - Filling up the DagBag from /home/airflow/.local/lib/python3.12/site-packages/airflow/example_dags/example_params_trigger_ui.py
[2024-07-16T15:27:30.968+0000] {processor.py:840} INFO - DAG(s) 'example_params_trigger_ui' retrieved from /home/airflow/.local/lib/python3.12/site-packages/airflow/example_dags/example_params_trigger_ui.py
[2024-07-16T15:27:30.986+0000] {logging_mixin.py:188} INFO - [2024-07-16T15:27:30.986+0000] {dag.py:3096} INFO - Sync 1 DAGs
[2024-07-16T15:27:31.072+0000] {logging_mixin.py:188} INFO - [2024-07-16T15:27:31.072+0000] {dag.py:3954} INFO - Setting next_dagrun for example_params_trigger_ui to None, run_after=None
[2024-07-16T15:27:31.107+0000] {processor.py:183} INFO - Processing /home/airflow/.local/lib/python3.12/site-packages/airflow/example_dags/example_params_trigger_ui.py took 0.228 seconds
[2024-07-16T15:28:01.879+0000] {processor.py:161} INFO - Started process (PID=109) to work on /home/airflow/.local/lib/python3.12/site-packages/airflow/example_dags/example_params_trigger_ui.py
[2024-07-16T15:28:01.880+0000] {processor.py:830} INFO - Processing file /home/airflow/.local/lib/python3.12/site-packages/airflow/example_dags/example_params_trigger_ui.py for tasks to queue
[2024-07-16T15:28:01.880+0000] {logging_mixin.py:188} INFO - [2024-07-16T15:28:01.880+0000] {dagbag.py:545} INFO - Filling up the DagBag from /home/airflow/.local/lib/python3.12/site-packages/airflow/example_dags/example_params_trigger_ui.py
[2024-07-16T15:28:01.886+0000] {processor.py:840} INFO - DAG(s) 'example_params_trigger_ui' retrieved from /home/airflow/.local/lib/python3.12/site-packages/airflow/example_dags/example_params_trigger_ui.py
[2024-07-16T15:28:01.926+0000] {logging_mixin.py:188} INFO - [2024-07-16T15:28:01.926+0000] {dag.py:3096} INFO - Sync 1 DAGs
[2024-07-16T15:28:01.930+0000] {logging_mixin.py:188} INFO - [2024-07-16T15:28:01.930+0000] {dag.py:3954} INFO - Setting next_dagrun for example_params_trigger_ui to None, run_after=None
[2024-07-16T15:28:01.939+0000] {processor.py:183} INFO - Processing /home/airflow/.local/lib/python3.12/site-packages/airflow/example_dags/example_params_trigger_ui.py took 0.062 seconds
[2024-07-16T15:28:32.828+0000] {processor.py:161} INFO - Started process (PID=168) to work on /home/airflow/.local/lib/python3.12/site-packages/airflow/example_dags/example_params_trigger_ui.py
[2024-07-16T15:28:32.828+0000] {processor.py:830} INFO - Processing file /home/airflow/.local/lib/python3.12/site-packages/airflow/example_dags/example_params_trigger_ui.py for tasks to queue
[2024-07-16T15:28:32.829+0000] {logging_mixin.py:188} INFO - [2024-07-16T15:28:32.828+0000] {dagbag.py:545} INFO - Filling up the DagBag from /home/airflow/.local/lib/python3.12/site-packages/airflow/example_dags/example_params_trigger_ui.py
[2024-07-16T15:28:32.836+0000] {processor.py:840} INFO - DAG(s) 'example_params_trigger_ui' retrieved from /home/airflow/.local/lib/python3.12/site-packages/airflow/example_dags/example_params_trigger_ui.py
[2024-07-16T15:28:32.852+0000] {logging_mixin.py:188} INFO - [2024-07-16T15:28:32.852+0000] {dag.py:3096} INFO - Sync 1 DAGs
[2024-07-16T15:28:32.863+0000] {logging_mixin.py:188} INFO - [2024-07-16T15:28:32.863+0000] {dag.py:3954} INFO - Setting next_dagrun for example_params_trigger_ui to None, run_after=None
[2024-07-16T15:28:32.876+0000] {processor.py:183} INFO - Processing /home/airflow/.local/lib/python3.12/site-packages/airflow/example_dags/example_params_trigger_ui.py took 0.051 seconds
[2024-07-16T15:29:03.837+0000] {processor.py:161} INFO - Started process (PID=228) to work on /home/airflow/.local/lib/python3.12/site-packages/airflow/example_dags/example_params_trigger_ui.py
[2024-07-16T15:29:03.837+0000] {processor.py:830} INFO - Processing file /home/airflow/.local/lib/python3.12/site-packages/airflow/example_dags/example_params_trigger_ui.py for tasks to queue
[2024-07-16T15:29:03.838+0000] {logging_mixin.py:188} INFO - [2024-07-16T15:29:03.838+0000] {dagbag.py:545} INFO - Filling up the DagBag from /home/airflow/.local/lib/python3.12/site-packages/airflow/example_dags/example_params_trigger_ui.py
[2024-07-16T15:29:03.845+0000] {processor.py:840} INFO - DAG(s) 'example_params_trigger_ui' retrieved from /home/airflow/.local/lib/python3.12/site-packages/airflow/example_dags/example_params_trigger_ui.py
[2024-07-16T15:29:03.868+0000] {logging_mixin.py:188} INFO - [2024-07-16T15:29:03.868+0000] {dag.py:3096} INFO - Sync 1 DAGs
[2024-07-16T15:29:03.874+0000] {logging_mixin.py:188} INFO - [2024-07-16T15:29:03.874+0000] {dag.py:3954} INFO - Setting next_dagrun for example_params_trigger_ui to None, run_after=None
[2024-07-16T15:29:03.881+0000] {processor.py:183} INFO - Processing /home/airflow/.local/lib/python3.12/site-packages/airflow/example_dags/example_params_trigger_ui.py took 0.047 seconds
