[2024-07-16T15:18:36.511+0000] {processor.py:161} INFO - Started process (PID=61) to work on /home/airflow/.local/lib/python3.12/site-packages/airflow/example_dags/example_sensors.py
[2024-07-16T15:18:36.511+0000] {processor.py:830} INFO - Processing file /home/airflow/.local/lib/python3.12/site-packages/airflow/example_dags/example_sensors.py for tasks to queue
[2024-07-16T15:18:36.515+0000] {logging_mixin.py:188} INFO - [2024-07-16T15:18:36.515+0000] {dagbag.py:545} INFO - Filling up the DagBag from /home/airflow/.local/lib/python3.12/site-packages/airflow/example_dags/example_sensors.py
[2024-07-16T15:18:36.526+0000] {processor.py:840} INFO - DAG(s) 'example_sensors' retrieved from /home/airflow/.local/lib/python3.12/site-packages/airflow/example_dags/example_sensors.py
[2024-07-16T15:18:36.541+0000] {logging_mixin.py:188} INFO - [2024-07-16T15:18:36.541+0000] {dag.py:3096} INFO - Sync 1 DAGs
[2024-07-16T15:18:36.551+0000] {logging_mixin.py:188} INFO - [2024-07-16T15:18:36.551+0000] {dag.py:3954} INFO - Setting next_dagrun for example_sensors to None, run_after=None
[2024-07-16T15:18:36.566+0000] {processor.py:183} INFO - Processing /home/airflow/.local/lib/python3.12/site-packages/airflow/example_dags/example_sensors.py took 0.059 seconds
[2024-07-16T15:19:07.339+0000] {processor.py:161} INFO - Started process (PID=121) to work on /home/airflow/.local/lib/python3.12/site-packages/airflow/example_dags/example_sensors.py
[2024-07-16T15:19:07.340+0000] {processor.py:830} INFO - Processing file /home/airflow/.local/lib/python3.12/site-packages/airflow/example_dags/example_sensors.py for tasks to queue
[2024-07-16T15:19:07.340+0000] {logging_mixin.py:188} INFO - [2024-07-16T15:19:07.340+0000] {dagbag.py:545} INFO - Filling up the DagBag from /home/airflow/.local/lib/python3.12/site-packages/airflow/example_dags/example_sensors.py
[2024-07-16T15:19:07.345+0000] {processor.py:840} INFO - DAG(s) 'example_sensors' retrieved from /home/airflow/.local/lib/python3.12/site-packages/airflow/example_dags/example_sensors.py
[2024-07-16T15:19:07.386+0000] {logging_mixin.py:188} INFO - [2024-07-16T15:19:07.386+0000] {dag.py:3096} INFO - Sync 1 DAGs
[2024-07-16T15:19:07.390+0000] {logging_mixin.py:188} INFO - [2024-07-16T15:19:07.390+0000] {dag.py:3954} INFO - Setting next_dagrun for example_sensors to None, run_after=None
[2024-07-16T15:19:07.397+0000] {processor.py:183} INFO - Processing /home/airflow/.local/lib/python3.12/site-packages/airflow/example_dags/example_sensors.py took 0.061 seconds
[2024-07-16T15:27:32.072+0000] {processor.py:161} INFO - Started process (PID=60) to work on /home/airflow/.local/lib/python3.12/site-packages/airflow/example_dags/example_sensors.py
[2024-07-16T15:27:32.073+0000] {processor.py:830} INFO - Processing file /home/airflow/.local/lib/python3.12/site-packages/airflow/example_dags/example_sensors.py for tasks to queue
[2024-07-16T15:27:32.073+0000] {logging_mixin.py:188} INFO - [2024-07-16T15:27:32.073+0000] {dagbag.py:545} INFO - Filling up the DagBag from /home/airflow/.local/lib/python3.12/site-packages/airflow/example_dags/example_sensors.py
[2024-07-16T15:27:32.081+0000] {processor.py:840} INFO - DAG(s) 'example_sensors' retrieved from /home/airflow/.local/lib/python3.12/site-packages/airflow/example_dags/example_sensors.py
[2024-07-16T15:27:32.090+0000] {logging_mixin.py:188} INFO - [2024-07-16T15:27:32.090+0000] {dag.py:3096} INFO - Sync 1 DAGs
[2024-07-16T15:27:32.099+0000] {logging_mixin.py:188} INFO - [2024-07-16T15:27:32.098+0000] {dag.py:3954} INFO - Setting next_dagrun for example_sensors to None, run_after=None
[2024-07-16T15:27:32.130+0000] {processor.py:183} INFO - Processing /home/airflow/.local/lib/python3.12/site-packages/airflow/example_dags/example_sensors.py took 0.062 seconds
[2024-07-16T15:28:02.265+0000] {processor.py:161} INFO - Started process (PID=120) to work on /home/airflow/.local/lib/python3.12/site-packages/airflow/example_dags/example_sensors.py
[2024-07-16T15:28:02.266+0000] {processor.py:830} INFO - Processing file /home/airflow/.local/lib/python3.12/site-packages/airflow/example_dags/example_sensors.py for tasks to queue
[2024-07-16T15:28:02.267+0000] {logging_mixin.py:188} INFO - [2024-07-16T15:28:02.267+0000] {dagbag.py:545} INFO - Filling up the DagBag from /home/airflow/.local/lib/python3.12/site-packages/airflow/example_dags/example_sensors.py
[2024-07-16T15:28:02.271+0000] {processor.py:840} INFO - DAG(s) 'example_sensors' retrieved from /home/airflow/.local/lib/python3.12/site-packages/airflow/example_dags/example_sensors.py
[2024-07-16T15:28:02.307+0000] {logging_mixin.py:188} INFO - [2024-07-16T15:28:02.306+0000] {dag.py:3096} INFO - Sync 1 DAGs
[2024-07-16T15:28:02.310+0000] {logging_mixin.py:188} INFO - [2024-07-16T15:28:02.310+0000] {dag.py:3954} INFO - Setting next_dagrun for example_sensors to None, run_after=None
[2024-07-16T15:28:02.317+0000] {processor.py:183} INFO - Processing /home/airflow/.local/lib/python3.12/site-packages/airflow/example_dags/example_sensors.py took 0.055 seconds
[2024-07-16T15:28:33.103+0000] {processor.py:161} INFO - Started process (PID=179) to work on /home/airflow/.local/lib/python3.12/site-packages/airflow/example_dags/example_sensors.py
[2024-07-16T15:28:33.103+0000] {processor.py:830} INFO - Processing file /home/airflow/.local/lib/python3.12/site-packages/airflow/example_dags/example_sensors.py for tasks to queue
[2024-07-16T15:28:33.104+0000] {logging_mixin.py:188} INFO - [2024-07-16T15:28:33.103+0000] {dagbag.py:545} INFO - Filling up the DagBag from /home/airflow/.local/lib/python3.12/site-packages/airflow/example_dags/example_sensors.py
[2024-07-16T15:28:33.109+0000] {processor.py:840} INFO - DAG(s) 'example_sensors' retrieved from /home/airflow/.local/lib/python3.12/site-packages/airflow/example_dags/example_sensors.py
[2024-07-16T15:28:33.120+0000] {logging_mixin.py:188} INFO - [2024-07-16T15:28:33.120+0000] {dag.py:3096} INFO - Sync 1 DAGs
[2024-07-16T15:28:33.125+0000] {logging_mixin.py:188} INFO - [2024-07-16T15:28:33.125+0000] {dag.py:3954} INFO - Setting next_dagrun for example_sensors to None, run_after=None
[2024-07-16T15:28:33.131+0000] {processor.py:183} INFO - Processing /home/airflow/.local/lib/python3.12/site-packages/airflow/example_dags/example_sensors.py took 0.032 seconds
[2024-07-16T15:29:04.107+0000] {processor.py:161} INFO - Started process (PID=239) to work on /home/airflow/.local/lib/python3.12/site-packages/airflow/example_dags/example_sensors.py
[2024-07-16T15:29:04.107+0000] {processor.py:830} INFO - Processing file /home/airflow/.local/lib/python3.12/site-packages/airflow/example_dags/example_sensors.py for tasks to queue
[2024-07-16T15:29:04.108+0000] {logging_mixin.py:188} INFO - [2024-07-16T15:29:04.108+0000] {dagbag.py:545} INFO - Filling up the DagBag from /home/airflow/.local/lib/python3.12/site-packages/airflow/example_dags/example_sensors.py
[2024-07-16T15:29:04.112+0000] {processor.py:840} INFO - DAG(s) 'example_sensors' retrieved from /home/airflow/.local/lib/python3.12/site-packages/airflow/example_dags/example_sensors.py
[2024-07-16T15:29:04.123+0000] {logging_mixin.py:188} INFO - [2024-07-16T15:29:04.123+0000] {dag.py:3096} INFO - Sync 1 DAGs
[2024-07-16T15:29:04.128+0000] {logging_mixin.py:188} INFO - [2024-07-16T15:29:04.128+0000] {dag.py:3954} INFO - Setting next_dagrun for example_sensors to None, run_after=None
[2024-07-16T15:29:04.136+0000] {processor.py:183} INFO - Processing /home/airflow/.local/lib/python3.12/site-packages/airflow/example_dags/example_sensors.py took 0.031 seconds
