[2024-07-16T15:18:37.100+0000] {processor.py:161} INFO - Started process (PID=72) to work on /home/airflow/.local/lib/python3.12/site-packages/airflow/example_dags/example_subdag_operator.py
[2024-07-16T15:18:37.101+0000] {processor.py:830} INFO - Processing file /home/airflow/.local/lib/python3.12/site-packages/airflow/example_dags/example_subdag_operator.py for tasks to queue
[2024-07-16T15:18:37.102+0000] {logging_mixin.py:188} INFO - [2024-07-16T15:18:37.101+0000] {dagbag.py:545} INFO - Filling up the DagBag from /home/airflow/.local/lib/python3.12/site-packages/airflow/example_dags/example_subdag_operator.py
[2024-07-16T15:18:37.132+0000] {processor.py:840} INFO - DAG(s) 'example_subdag_operator.section-1', 'example_subdag_operator.section-2', 'example_subdag_operator' retrieved from /home/airflow/.local/lib/python3.12/site-packages/airflow/example_dags/example_subdag_operator.py
[2024-07-16T15:18:37.137+0000] {logging_mixin.py:188} INFO - [2024-07-16T15:18:37.136+0000] {dag.py:3096} INFO - Sync 3 DAGs
[2024-07-16T15:18:37.157+0000] {logging_mixin.py:188} INFO - [2024-07-16T15:18:37.156+0000] {dag.py:3954} INFO - Setting next_dagrun for example_subdag_operator to 2022-01-01 00:00:00+00:00, run_after=2022-01-01 00:00:00+00:00
[2024-07-16T15:18:37.159+0000] {logging_mixin.py:188} INFO - [2024-07-16T15:18:37.159+0000] {dag.py:3954} INFO - Setting next_dagrun for example_subdag_operator.section-1 to None, run_after=None
[2024-07-16T15:18:37.160+0000] {logging_mixin.py:188} INFO - [2024-07-16T15:18:37.160+0000] {dag.py:3954} INFO - Setting next_dagrun for example_subdag_operator.section-2 to None, run_after=None
[2024-07-16T15:18:37.164+0000] {logging_mixin.py:188} INFO - [2024-07-16T15:18:37.164+0000] {dag.py:3096} INFO - Sync 2 DAGs
[2024-07-16T15:18:37.169+0000] {logging_mixin.py:188} INFO - [2024-07-16T15:18:37.168+0000] {dag.py:3954} INFO - Setting next_dagrun for example_subdag_operator.section-1 to None, run_after=None
[2024-07-16T15:18:37.169+0000] {logging_mixin.py:188} INFO - [2024-07-16T15:18:37.169+0000] {dag.py:3954} INFO - Setting next_dagrun for example_subdag_operator.section-2 to None, run_after=None
[2024-07-16T15:18:37.192+0000] {processor.py:183} INFO - Processing /home/airflow/.local/lib/python3.12/site-packages/airflow/example_dags/example_subdag_operator.py took 0.096 seconds
[2024-07-16T15:19:07.699+0000] {processor.py:161} INFO - Started process (PID=132) to work on /home/airflow/.local/lib/python3.12/site-packages/airflow/example_dags/example_subdag_operator.py
[2024-07-16T15:19:07.700+0000] {processor.py:830} INFO - Processing file /home/airflow/.local/lib/python3.12/site-packages/airflow/example_dags/example_subdag_operator.py for tasks to queue
[2024-07-16T15:19:07.700+0000] {logging_mixin.py:188} INFO - [2024-07-16T15:19:07.700+0000] {dagbag.py:545} INFO - Filling up the DagBag from /home/airflow/.local/lib/python3.12/site-packages/airflow/example_dags/example_subdag_operator.py
[2024-07-16T15:19:07.710+0000] {processor.py:840} INFO - DAG(s) 'example_subdag_operator.section-1', 'example_subdag_operator.section-2', 'example_subdag_operator' retrieved from /home/airflow/.local/lib/python3.12/site-packages/airflow/example_dags/example_subdag_operator.py
[2024-07-16T15:19:07.745+0000] {logging_mixin.py:188} INFO - [2024-07-16T15:19:07.745+0000] {dag.py:3096} INFO - Sync 3 DAGs
[2024-07-16T15:19:07.753+0000] {logging_mixin.py:188} INFO - [2024-07-16T15:19:07.753+0000] {dag.py:3954} INFO - Setting next_dagrun for example_subdag_operator to 2022-01-01 00:00:00+00:00, run_after=2022-01-01 00:00:00+00:00
[2024-07-16T15:19:07.754+0000] {logging_mixin.py:188} INFO - [2024-07-16T15:19:07.754+0000] {dag.py:3954} INFO - Setting next_dagrun for example_subdag_operator.section-1 to None, run_after=None
[2024-07-16T15:19:07.754+0000] {logging_mixin.py:188} INFO - [2024-07-16T15:19:07.754+0000] {dag.py:3954} INFO - Setting next_dagrun for example_subdag_operator.section-2 to None, run_after=None
[2024-07-16T15:19:07.758+0000] {logging_mixin.py:188} INFO - [2024-07-16T15:19:07.758+0000] {dag.py:3096} INFO - Sync 2 DAGs
[2024-07-16T15:19:07.759+0000] {logging_mixin.py:188} INFO - [2024-07-16T15:19:07.759+0000] {dag.py:3954} INFO - Setting next_dagrun for example_subdag_operator.section-1 to None, run_after=None
[2024-07-16T15:19:07.760+0000] {logging_mixin.py:188} INFO - [2024-07-16T15:19:07.760+0000] {dag.py:3954} INFO - Setting next_dagrun for example_subdag_operator.section-2 to None, run_after=None
[2024-07-16T15:19:07.763+0000] {processor.py:183} INFO - Processing /home/airflow/.local/lib/python3.12/site-packages/airflow/example_dags/example_subdag_operator.py took 0.066 seconds
[2024-07-16T15:27:33.134+0000] {processor.py:161} INFO - Started process (PID=71) to work on /home/airflow/.local/lib/python3.12/site-packages/airflow/example_dags/example_subdag_operator.py
[2024-07-16T15:27:33.137+0000] {processor.py:830} INFO - Processing file /home/airflow/.local/lib/python3.12/site-packages/airflow/example_dags/example_subdag_operator.py for tasks to queue
[2024-07-16T15:27:33.151+0000] {logging_mixin.py:188} INFO - [2024-07-16T15:27:33.141+0000] {dagbag.py:545} INFO - Filling up the DagBag from /home/airflow/.local/lib/python3.12/site-packages/airflow/example_dags/example_subdag_operator.py
[2024-07-16T15:27:33.250+0000] {processor.py:840} INFO - DAG(s) 'example_subdag_operator.section-1', 'example_subdag_operator.section-2', 'example_subdag_operator' retrieved from /home/airflow/.local/lib/python3.12/site-packages/airflow/example_dags/example_subdag_operator.py
[2024-07-16T15:27:33.257+0000] {logging_mixin.py:188} INFO - [2024-07-16T15:27:33.257+0000] {dag.py:3096} INFO - Sync 3 DAGs
[2024-07-16T15:27:33.286+0000] {logging_mixin.py:188} INFO - [2024-07-16T15:27:33.285+0000] {dag.py:3954} INFO - Setting next_dagrun for example_subdag_operator to 2022-01-01 00:00:00+00:00, run_after=2022-01-01 00:00:00+00:00
[2024-07-16T15:27:33.288+0000] {logging_mixin.py:188} INFO - [2024-07-16T15:27:33.288+0000] {dag.py:3954} INFO - Setting next_dagrun for example_subdag_operator.section-1 to None, run_after=None
[2024-07-16T15:27:33.289+0000] {logging_mixin.py:188} INFO - [2024-07-16T15:27:33.289+0000] {dag.py:3954} INFO - Setting next_dagrun for example_subdag_operator.section-2 to None, run_after=None
[2024-07-16T15:27:33.295+0000] {logging_mixin.py:188} INFO - [2024-07-16T15:27:33.294+0000] {dag.py:3096} INFO - Sync 2 DAGs
[2024-07-16T15:27:33.299+0000] {logging_mixin.py:188} INFO - [2024-07-16T15:27:33.299+0000] {dag.py:3954} INFO - Setting next_dagrun for example_subdag_operator.section-1 to None, run_after=None
[2024-07-16T15:27:33.300+0000] {logging_mixin.py:188} INFO - [2024-07-16T15:27:33.300+0000] {dag.py:3954} INFO - Setting next_dagrun for example_subdag_operator.section-2 to None, run_after=None
[2024-07-16T15:27:33.313+0000] {processor.py:183} INFO - Processing /home/airflow/.local/lib/python3.12/site-packages/airflow/example_dags/example_subdag_operator.py took 0.223 seconds
[2024-07-16T15:28:03.898+0000] {processor.py:161} INFO - Started process (PID=131) to work on /home/airflow/.local/lib/python3.12/site-packages/airflow/example_dags/example_subdag_operator.py
[2024-07-16T15:28:03.899+0000] {processor.py:830} INFO - Processing file /home/airflow/.local/lib/python3.12/site-packages/airflow/example_dags/example_subdag_operator.py for tasks to queue
[2024-07-16T15:28:03.899+0000] {logging_mixin.py:188} INFO - [2024-07-16T15:28:03.899+0000] {dagbag.py:545} INFO - Filling up the DagBag from /home/airflow/.local/lib/python3.12/site-packages/airflow/example_dags/example_subdag_operator.py
[2024-07-16T15:28:03.909+0000] {processor.py:840} INFO - DAG(s) 'example_subdag_operator.section-1', 'example_subdag_operator.section-2', 'example_subdag_operator' retrieved from /home/airflow/.local/lib/python3.12/site-packages/airflow/example_dags/example_subdag_operator.py
[2024-07-16T15:28:03.948+0000] {logging_mixin.py:188} INFO - [2024-07-16T15:28:03.948+0000] {dag.py:3096} INFO - Sync 3 DAGs
[2024-07-16T15:28:03.955+0000] {logging_mixin.py:188} INFO - [2024-07-16T15:28:03.955+0000] {dag.py:3954} INFO - Setting next_dagrun for example_subdag_operator to 2022-01-01 00:00:00+00:00, run_after=2022-01-01 00:00:00+00:00
[2024-07-16T15:28:03.957+0000] {logging_mixin.py:188} INFO - [2024-07-16T15:28:03.957+0000] {dag.py:3954} INFO - Setting next_dagrun for example_subdag_operator.section-1 to None, run_after=None
[2024-07-16T15:28:03.957+0000] {logging_mixin.py:188} INFO - [2024-07-16T15:28:03.957+0000] {dag.py:3954} INFO - Setting next_dagrun for example_subdag_operator.section-2 to None, run_after=None
[2024-07-16T15:28:03.960+0000] {logging_mixin.py:188} INFO - [2024-07-16T15:28:03.960+0000] {dag.py:3096} INFO - Sync 2 DAGs
[2024-07-16T15:28:03.962+0000] {logging_mixin.py:188} INFO - [2024-07-16T15:28:03.962+0000] {dag.py:3954} INFO - Setting next_dagrun for example_subdag_operator.section-1 to None, run_after=None
[2024-07-16T15:28:03.962+0000] {logging_mixin.py:188} INFO - [2024-07-16T15:28:03.962+0000] {dag.py:3954} INFO - Setting next_dagrun for example_subdag_operator.section-2 to None, run_after=None
[2024-07-16T15:28:03.966+0000] {processor.py:183} INFO - Processing /home/airflow/.local/lib/python3.12/site-packages/airflow/example_dags/example_subdag_operator.py took 0.070 seconds
[2024-07-16T15:28:34.498+0000] {processor.py:161} INFO - Started process (PID=190) to work on /home/airflow/.local/lib/python3.12/site-packages/airflow/example_dags/example_subdag_operator.py
[2024-07-16T15:28:34.500+0000] {processor.py:830} INFO - Processing file /home/airflow/.local/lib/python3.12/site-packages/airflow/example_dags/example_subdag_operator.py for tasks to queue
[2024-07-16T15:28:34.501+0000] {logging_mixin.py:188} INFO - [2024-07-16T15:28:34.500+0000] {dagbag.py:545} INFO - Filling up the DagBag from /home/airflow/.local/lib/python3.12/site-packages/airflow/example_dags/example_subdag_operator.py
[2024-07-16T15:28:34.517+0000] {processor.py:840} INFO - DAG(s) 'example_subdag_operator.section-1', 'example_subdag_operator.section-2', 'example_subdag_operator' retrieved from /home/airflow/.local/lib/python3.12/site-packages/airflow/example_dags/example_subdag_operator.py
[2024-07-16T15:28:34.526+0000] {logging_mixin.py:188} INFO - [2024-07-16T15:28:34.526+0000] {dag.py:3096} INFO - Sync 3 DAGs
[2024-07-16T15:28:34.540+0000] {logging_mixin.py:188} INFO - [2024-07-16T15:28:34.540+0000] {dag.py:3954} INFO - Setting next_dagrun for example_subdag_operator to 2022-01-01 00:00:00+00:00, run_after=2022-01-01 00:00:00+00:00
[2024-07-16T15:28:34.542+0000] {logging_mixin.py:188} INFO - [2024-07-16T15:28:34.542+0000] {dag.py:3954} INFO - Setting next_dagrun for example_subdag_operator.section-1 to None, run_after=None
[2024-07-16T15:28:34.542+0000] {logging_mixin.py:188} INFO - [2024-07-16T15:28:34.542+0000] {dag.py:3954} INFO - Setting next_dagrun for example_subdag_operator.section-2 to None, run_after=None
[2024-07-16T15:28:34.546+0000] {logging_mixin.py:188} INFO - [2024-07-16T15:28:34.546+0000] {dag.py:3096} INFO - Sync 2 DAGs
[2024-07-16T15:28:34.552+0000] {logging_mixin.py:188} INFO - [2024-07-16T15:28:34.552+0000] {dag.py:3954} INFO - Setting next_dagrun for example_subdag_operator.section-1 to None, run_after=None
[2024-07-16T15:28:34.552+0000] {logging_mixin.py:188} INFO - [2024-07-16T15:28:34.552+0000] {dag.py:3954} INFO - Setting next_dagrun for example_subdag_operator.section-2 to None, run_after=None
[2024-07-16T15:28:34.561+0000] {processor.py:183} INFO - Processing /home/airflow/.local/lib/python3.12/site-packages/airflow/example_dags/example_subdag_operator.py took 0.067 seconds
[2024-07-16T15:29:05.456+0000] {processor.py:161} INFO - Started process (PID=250) to work on /home/airflow/.local/lib/python3.12/site-packages/airflow/example_dags/example_subdag_operator.py
[2024-07-16T15:29:05.456+0000] {processor.py:830} INFO - Processing file /home/airflow/.local/lib/python3.12/site-packages/airflow/example_dags/example_subdag_operator.py for tasks to queue
[2024-07-16T15:29:05.457+0000] {logging_mixin.py:188} INFO - [2024-07-16T15:29:05.457+0000] {dagbag.py:545} INFO - Filling up the DagBag from /home/airflow/.local/lib/python3.12/site-packages/airflow/example_dags/example_subdag_operator.py
[2024-07-16T15:29:05.467+0000] {processor.py:840} INFO - DAG(s) 'example_subdag_operator.section-1', 'example_subdag_operator.section-2', 'example_subdag_operator' retrieved from /home/airflow/.local/lib/python3.12/site-packages/airflow/example_dags/example_subdag_operator.py
[2024-07-16T15:29:05.476+0000] {logging_mixin.py:188} INFO - [2024-07-16T15:29:05.476+0000] {dag.py:3096} INFO - Sync 3 DAGs
[2024-07-16T15:29:05.487+0000] {logging_mixin.py:188} INFO - [2024-07-16T15:29:05.487+0000] {dag.py:3954} INFO - Setting next_dagrun for example_subdag_operator to 2022-01-01 00:00:00+00:00, run_after=2022-01-01 00:00:00+00:00
[2024-07-16T15:29:05.488+0000] {logging_mixin.py:188} INFO - [2024-07-16T15:29:05.488+0000] {dag.py:3954} INFO - Setting next_dagrun for example_subdag_operator.section-1 to None, run_after=None
[2024-07-16T15:29:05.489+0000] {logging_mixin.py:188} INFO - [2024-07-16T15:29:05.489+0000] {dag.py:3954} INFO - Setting next_dagrun for example_subdag_operator.section-2 to None, run_after=None
[2024-07-16T15:29:05.492+0000] {logging_mixin.py:188} INFO - [2024-07-16T15:29:05.492+0000] {dag.py:3096} INFO - Sync 2 DAGs
[2024-07-16T15:29:05.494+0000] {logging_mixin.py:188} INFO - [2024-07-16T15:29:05.493+0000] {dag.py:3954} INFO - Setting next_dagrun for example_subdag_operator.section-1 to None, run_after=None
[2024-07-16T15:29:05.494+0000] {logging_mixin.py:188} INFO - [2024-07-16T15:29:05.494+0000] {dag.py:3954} INFO - Setting next_dagrun for example_subdag_operator.section-2 to None, run_after=None
[2024-07-16T15:29:05.497+0000] {processor.py:183} INFO - Processing /home/airflow/.local/lib/python3.12/site-packages/airflow/example_dags/example_subdag_operator.py took 0.044 seconds
