[2024-07-16T15:18:35.050+0000] {processor.py:161} INFO - Started process (PID=42) to work on /home/airflow/.local/lib/python3.12/site-packages/airflow/example_dags/example_xcomargs.py
[2024-07-16T15:18:35.050+0000] {processor.py:830} INFO - Processing file /home/airflow/.local/lib/python3.12/site-packages/airflow/example_dags/example_xcomargs.py for tasks to queue
[2024-07-16T15:18:35.051+0000] {logging_mixin.py:188} INFO - [2024-07-16T15:18:35.051+0000] {dagbag.py:545} INFO - Filling up the DagBag from /home/airflow/.local/lib/python3.12/site-packages/airflow/example_dags/example_xcomargs.py
[2024-07-16T15:18:35.056+0000] {processor.py:840} INFO - DAG(s) 'example_xcom_args_with_operators', 'example_xcom_args' retrieved from /home/airflow/.local/lib/python3.12/site-packages/airflow/example_dags/example_xcomargs.py
[2024-07-16T15:18:35.062+0000] {logging_mixin.py:188} INFO - [2024-07-16T15:18:35.062+0000] {dag.py:3096} INFO - Sync 2 DAGs
[2024-07-16T15:18:35.069+0000] {logging_mixin.py:188} INFO - [2024-07-16T15:18:35.069+0000] {dag.py:3954} INFO - Setting next_dagrun for example_xcom_args to None, run_after=None
[2024-07-16T15:18:35.071+0000] {logging_mixin.py:188} INFO - [2024-07-16T15:18:35.071+0000] {dag.py:3954} INFO - Setting next_dagrun for example_xcom_args_with_operators to None, run_after=None
[2024-07-16T15:18:35.077+0000] {processor.py:183} INFO - Processing /home/airflow/.local/lib/python3.12/site-packages/airflow/example_dags/example_xcomargs.py took 0.030 seconds
[2024-07-16T15:19:05.565+0000] {processor.py:161} INFO - Started process (PID=102) to work on /home/airflow/.local/lib/python3.12/site-packages/airflow/example_dags/example_xcomargs.py
[2024-07-16T15:19:05.566+0000] {processor.py:830} INFO - Processing file /home/airflow/.local/lib/python3.12/site-packages/airflow/example_dags/example_xcomargs.py for tasks to queue
[2024-07-16T15:19:05.566+0000] {logging_mixin.py:188} INFO - [2024-07-16T15:19:05.566+0000] {dagbag.py:545} INFO - Filling up the DagBag from /home/airflow/.local/lib/python3.12/site-packages/airflow/example_dags/example_xcomargs.py
[2024-07-16T15:19:05.571+0000] {processor.py:840} INFO - DAG(s) 'example_xcom_args_with_operators', 'example_xcom_args' retrieved from /home/airflow/.local/lib/python3.12/site-packages/airflow/example_dags/example_xcomargs.py
[2024-07-16T15:19:05.614+0000] {logging_mixin.py:188} INFO - [2024-07-16T15:19:05.614+0000] {dag.py:3096} INFO - Sync 2 DAGs
[2024-07-16T15:19:05.618+0000] {logging_mixin.py:188} INFO - [2024-07-16T15:19:05.618+0000] {dag.py:3954} INFO - Setting next_dagrun for example_xcom_args to None, run_after=None
[2024-07-16T15:19:05.619+0000] {logging_mixin.py:188} INFO - [2024-07-16T15:19:05.619+0000] {dag.py:3954} INFO - Setting next_dagrun for example_xcom_args_with_operators to None, run_after=None
[2024-07-16T15:19:05.626+0000] {processor.py:183} INFO - Processing /home/airflow/.local/lib/python3.12/site-packages/airflow/example_dags/example_xcomargs.py took 0.063 seconds
[2024-07-16T15:27:30.455+0000] {processor.py:161} INFO - Started process (PID=41) to work on /home/airflow/.local/lib/python3.12/site-packages/airflow/example_dags/example_xcomargs.py
[2024-07-16T15:27:30.456+0000] {processor.py:830} INFO - Processing file /home/airflow/.local/lib/python3.12/site-packages/airflow/example_dags/example_xcomargs.py for tasks to queue
[2024-07-16T15:27:30.456+0000] {logging_mixin.py:188} INFO - [2024-07-16T15:27:30.456+0000] {dagbag.py:545} INFO - Filling up the DagBag from /home/airflow/.local/lib/python3.12/site-packages/airflow/example_dags/example_xcomargs.py
[2024-07-16T15:27:30.465+0000] {processor.py:840} INFO - DAG(s) 'example_xcom_args_with_operators', 'example_xcom_args' retrieved from /home/airflow/.local/lib/python3.12/site-packages/airflow/example_dags/example_xcomargs.py
[2024-07-16T15:27:30.480+0000] {logging_mixin.py:188} INFO - [2024-07-16T15:27:30.479+0000] {dag.py:3096} INFO - Sync 2 DAGs
[2024-07-16T15:27:30.490+0000] {logging_mixin.py:188} INFO - [2024-07-16T15:27:30.490+0000] {dag.py:3954} INFO - Setting next_dagrun for example_xcom_args to None, run_after=None
[2024-07-16T15:27:30.493+0000] {logging_mixin.py:188} INFO - [2024-07-16T15:27:30.493+0000] {dag.py:3954} INFO - Setting next_dagrun for example_xcom_args_with_operators to None, run_after=None
[2024-07-16T15:27:30.504+0000] {processor.py:183} INFO - Processing /home/airflow/.local/lib/python3.12/site-packages/airflow/example_dags/example_xcomargs.py took 0.057 seconds
[2024-07-16T15:28:01.558+0000] {processor.py:161} INFO - Started process (PID=101) to work on /home/airflow/.local/lib/python3.12/site-packages/airflow/example_dags/example_xcomargs.py
[2024-07-16T15:28:01.559+0000] {processor.py:830} INFO - Processing file /home/airflow/.local/lib/python3.12/site-packages/airflow/example_dags/example_xcomargs.py for tasks to queue
[2024-07-16T15:28:01.559+0000] {logging_mixin.py:188} INFO - [2024-07-16T15:28:01.559+0000] {dagbag.py:545} INFO - Filling up the DagBag from /home/airflow/.local/lib/python3.12/site-packages/airflow/example_dags/example_xcomargs.py
[2024-07-16T15:28:01.563+0000] {processor.py:840} INFO - DAG(s) 'example_xcom_args_with_operators', 'example_xcom_args' retrieved from /home/airflow/.local/lib/python3.12/site-packages/airflow/example_dags/example_xcomargs.py
[2024-07-16T15:28:01.601+0000] {logging_mixin.py:188} INFO - [2024-07-16T15:28:01.601+0000] {dag.py:3096} INFO - Sync 2 DAGs
[2024-07-16T15:28:01.604+0000] {logging_mixin.py:188} INFO - [2024-07-16T15:28:01.604+0000] {dag.py:3954} INFO - Setting next_dagrun for example_xcom_args to None, run_after=None
[2024-07-16T15:28:01.605+0000] {logging_mixin.py:188} INFO - [2024-07-16T15:28:01.605+0000] {dag.py:3954} INFO - Setting next_dagrun for example_xcom_args_with_operators to None, run_after=None
[2024-07-16T15:28:01.611+0000] {processor.py:183} INFO - Processing /home/airflow/.local/lib/python3.12/site-packages/airflow/example_dags/example_xcomargs.py took 0.055 seconds
[2024-07-16T15:28:31.621+0000] {processor.py:161} INFO - Started process (PID=160) to work on /home/airflow/.local/lib/python3.12/site-packages/airflow/example_dags/example_xcomargs.py
[2024-07-16T15:28:31.621+0000] {processor.py:830} INFO - Processing file /home/airflow/.local/lib/python3.12/site-packages/airflow/example_dags/example_xcomargs.py for tasks to queue
[2024-07-16T15:28:31.622+0000] {logging_mixin.py:188} INFO - [2024-07-16T15:28:31.622+0000] {dagbag.py:545} INFO - Filling up the DagBag from /home/airflow/.local/lib/python3.12/site-packages/airflow/example_dags/example_xcomargs.py
[2024-07-16T15:28:31.628+0000] {processor.py:840} INFO - DAG(s) 'example_xcom_args', 'example_xcom_args_with_operators' retrieved from /home/airflow/.local/lib/python3.12/site-packages/airflow/example_dags/example_xcomargs.py
[2024-07-16T15:28:31.640+0000] {logging_mixin.py:188} INFO - [2024-07-16T15:28:31.640+0000] {dag.py:3096} INFO - Sync 2 DAGs
[2024-07-16T15:28:31.645+0000] {logging_mixin.py:188} INFO - [2024-07-16T15:28:31.645+0000] {dag.py:3954} INFO - Setting next_dagrun for example_xcom_args to None, run_after=None
[2024-07-16T15:28:31.647+0000] {logging_mixin.py:188} INFO - [2024-07-16T15:28:31.647+0000] {dag.py:3954} INFO - Setting next_dagrun for example_xcom_args_with_operators to None, run_after=None
[2024-07-16T15:28:31.656+0000] {processor.py:183} INFO - Processing /home/airflow/.local/lib/python3.12/site-packages/airflow/example_dags/example_xcomargs.py took 0.038 seconds
[2024-07-16T15:29:02.541+0000] {processor.py:161} INFO - Started process (PID=220) to work on /home/airflow/.local/lib/python3.12/site-packages/airflow/example_dags/example_xcomargs.py
[2024-07-16T15:29:02.541+0000] {processor.py:830} INFO - Processing file /home/airflow/.local/lib/python3.12/site-packages/airflow/example_dags/example_xcomargs.py for tasks to queue
[2024-07-16T15:29:02.542+0000] {logging_mixin.py:188} INFO - [2024-07-16T15:29:02.542+0000] {dagbag.py:545} INFO - Filling up the DagBag from /home/airflow/.local/lib/python3.12/site-packages/airflow/example_dags/example_xcomargs.py
[2024-07-16T15:29:02.545+0000] {processor.py:840} INFO - DAG(s) 'example_xcom_args_with_operators', 'example_xcom_args' retrieved from /home/airflow/.local/lib/python3.12/site-packages/airflow/example_dags/example_xcomargs.py
[2024-07-16T15:29:02.554+0000] {logging_mixin.py:188} INFO - [2024-07-16T15:29:02.554+0000] {dag.py:3096} INFO - Sync 2 DAGs
[2024-07-16T15:29:02.559+0000] {logging_mixin.py:188} INFO - [2024-07-16T15:29:02.559+0000] {dag.py:3954} INFO - Setting next_dagrun for example_xcom_args to None, run_after=None
[2024-07-16T15:29:02.560+0000] {logging_mixin.py:188} INFO - [2024-07-16T15:29:02.560+0000] {dag.py:3954} INFO - Setting next_dagrun for example_xcom_args_with_operators to None, run_after=None
[2024-07-16T15:29:02.565+0000] {processor.py:183} INFO - Processing /home/airflow/.local/lib/python3.12/site-packages/airflow/example_dags/example_xcomargs.py took 0.026 seconds
