[2024-07-16T15:18:34.943+0000] {processor.py:161} INFO - Started process (PID=38) to work on /home/airflow/.local/lib/python3.12/site-packages/airflow/example_dags/example_task_group.py
[2024-07-16T15:18:34.946+0000] {processor.py:830} INFO - Processing file /home/airflow/.local/lib/python3.12/site-packages/airflow/example_dags/example_task_group.py for tasks to queue
[2024-07-16T15:18:34.947+0000] {logging_mixin.py:188} INFO - [2024-07-16T15:18:34.947+0000] {dagbag.py:545} INFO - Filling up the DagBag from /home/airflow/.local/lib/python3.12/site-packages/airflow/example_dags/example_task_group.py
[2024-07-16T15:18:34.954+0000] {processor.py:840} INFO - DAG(s) 'example_task_group' retrieved from /home/airflow/.local/lib/python3.12/site-packages/airflow/example_dags/example_task_group.py
[2024-07-16T15:18:34.968+0000] {logging_mixin.py:188} INFO - [2024-07-16T15:18:34.967+0000] {dag.py:3096} INFO - Sync 1 DAGs
[2024-07-16T15:18:34.980+0000] {logging_mixin.py:188} INFO - [2024-07-16T15:18:34.980+0000] {dag.py:3954} INFO - Setting next_dagrun for example_task_group to 2024-07-15 00:00:00+00:00, run_after=2024-07-16 00:00:00+00:00
[2024-07-16T15:18:34.991+0000] {processor.py:183} INFO - Processing /home/airflow/.local/lib/python3.12/site-packages/airflow/example_dags/example_task_group.py took 0.050 seconds
[2024-07-16T15:19:05.382+0000] {processor.py:161} INFO - Started process (PID=98) to work on /home/airflow/.local/lib/python3.12/site-packages/airflow/example_dags/example_task_group.py
[2024-07-16T15:19:05.382+0000] {processor.py:830} INFO - Processing file /home/airflow/.local/lib/python3.12/site-packages/airflow/example_dags/example_task_group.py for tasks to queue
[2024-07-16T15:19:05.383+0000] {logging_mixin.py:188} INFO - [2024-07-16T15:19:05.383+0000] {dagbag.py:545} INFO - Filling up the DagBag from /home/airflow/.local/lib/python3.12/site-packages/airflow/example_dags/example_task_group.py
[2024-07-16T15:19:05.386+0000] {processor.py:840} INFO - DAG(s) 'example_task_group' retrieved from /home/airflow/.local/lib/python3.12/site-packages/airflow/example_dags/example_task_group.py
[2024-07-16T15:19:05.421+0000] {logging_mixin.py:188} INFO - [2024-07-16T15:19:05.420+0000] {dag.py:3096} INFO - Sync 1 DAGs
[2024-07-16T15:19:05.427+0000] {logging_mixin.py:188} INFO - [2024-07-16T15:19:05.427+0000] {dag.py:3954} INFO - Setting next_dagrun for example_task_group to 2024-07-15 00:00:00+00:00, run_after=2024-07-16 00:00:00+00:00
[2024-07-16T15:19:05.432+0000] {processor.py:183} INFO - Processing /home/airflow/.local/lib/python3.12/site-packages/airflow/example_dags/example_task_group.py took 0.052 seconds
[2024-07-16T15:27:30.301+0000] {processor.py:161} INFO - Started process (PID=37) to work on /home/airflow/.local/lib/python3.12/site-packages/airflow/example_dags/example_task_group.py
[2024-07-16T15:27:30.302+0000] {processor.py:830} INFO - Processing file /home/airflow/.local/lib/python3.12/site-packages/airflow/example_dags/example_task_group.py for tasks to queue
[2024-07-16T15:27:30.302+0000] {logging_mixin.py:188} INFO - [2024-07-16T15:27:30.302+0000] {dagbag.py:545} INFO - Filling up the DagBag from /home/airflow/.local/lib/python3.12/site-packages/airflow/example_dags/example_task_group.py
[2024-07-16T15:27:30.309+0000] {processor.py:840} INFO - DAG(s) 'example_task_group' retrieved from /home/airflow/.local/lib/python3.12/site-packages/airflow/example_dags/example_task_group.py
[2024-07-16T15:27:30.325+0000] {logging_mixin.py:188} INFO - [2024-07-16T15:27:30.325+0000] {dag.py:3096} INFO - Sync 1 DAGs
[2024-07-16T15:27:30.367+0000] {logging_mixin.py:188} INFO - [2024-07-16T15:27:30.367+0000] {dag.py:3954} INFO - Setting next_dagrun for example_task_group to 2024-07-15 00:00:00+00:00, run_after=2024-07-16 00:00:00+00:00
[2024-07-16T15:27:30.377+0000] {processor.py:183} INFO - Processing /home/airflow/.local/lib/python3.12/site-packages/airflow/example_dags/example_task_group.py took 0.078 seconds
[2024-07-16T15:28:01.376+0000] {processor.py:161} INFO - Started process (PID=97) to work on /home/airflow/.local/lib/python3.12/site-packages/airflow/example_dags/example_task_group.py
[2024-07-16T15:28:01.376+0000] {processor.py:830} INFO - Processing file /home/airflow/.local/lib/python3.12/site-packages/airflow/example_dags/example_task_group.py for tasks to queue
[2024-07-16T15:28:01.376+0000] {logging_mixin.py:188} INFO - [2024-07-16T15:28:01.376+0000] {dagbag.py:545} INFO - Filling up the DagBag from /home/airflow/.local/lib/python3.12/site-packages/airflow/example_dags/example_task_group.py
[2024-07-16T15:28:01.379+0000] {processor.py:840} INFO - DAG(s) 'example_task_group' retrieved from /home/airflow/.local/lib/python3.12/site-packages/airflow/example_dags/example_task_group.py
[2024-07-16T15:28:01.414+0000] {logging_mixin.py:188} INFO - [2024-07-16T15:28:01.414+0000] {dag.py:3096} INFO - Sync 1 DAGs
[2024-07-16T15:28:01.420+0000] {logging_mixin.py:188} INFO - [2024-07-16T15:28:01.420+0000] {dag.py:3954} INFO - Setting next_dagrun for example_task_group to 2024-07-15 00:00:00+00:00, run_after=2024-07-16 00:00:00+00:00
[2024-07-16T15:28:01.427+0000] {processor.py:183} INFO - Processing /home/airflow/.local/lib/python3.12/site-packages/airflow/example_dags/example_task_group.py took 0.053 seconds
[2024-07-16T15:28:31.517+0000] {processor.py:161} INFO - Started process (PID=156) to work on /home/airflow/.local/lib/python3.12/site-packages/airflow/example_dags/example_task_group.py
[2024-07-16T15:28:31.518+0000] {processor.py:830} INFO - Processing file /home/airflow/.local/lib/python3.12/site-packages/airflow/example_dags/example_task_group.py for tasks to queue
[2024-07-16T15:28:31.518+0000] {logging_mixin.py:188} INFO - [2024-07-16T15:28:31.518+0000] {dagbag.py:545} INFO - Filling up the DagBag from /home/airflow/.local/lib/python3.12/site-packages/airflow/example_dags/example_task_group.py
[2024-07-16T15:28:31.521+0000] {processor.py:840} INFO - DAG(s) 'example_task_group' retrieved from /home/airflow/.local/lib/python3.12/site-packages/airflow/example_dags/example_task_group.py
[2024-07-16T15:28:31.530+0000] {logging_mixin.py:188} INFO - [2024-07-16T15:28:31.530+0000] {dag.py:3096} INFO - Sync 1 DAGs
[2024-07-16T15:28:31.538+0000] {logging_mixin.py:188} INFO - [2024-07-16T15:28:31.538+0000] {dag.py:3954} INFO - Setting next_dagrun for example_task_group to 2024-07-15 00:00:00+00:00, run_after=2024-07-16 00:00:00+00:00
[2024-07-16T15:28:31.544+0000] {processor.py:183} INFO - Processing /home/airflow/.local/lib/python3.12/site-packages/airflow/example_dags/example_task_group.py took 0.029 seconds
[2024-07-16T15:29:02.465+0000] {processor.py:161} INFO - Started process (PID=216) to work on /home/airflow/.local/lib/python3.12/site-packages/airflow/example_dags/example_task_group.py
[2024-07-16T15:29:02.466+0000] {processor.py:830} INFO - Processing file /home/airflow/.local/lib/python3.12/site-packages/airflow/example_dags/example_task_group.py for tasks to queue
[2024-07-16T15:29:02.466+0000] {logging_mixin.py:188} INFO - [2024-07-16T15:29:02.466+0000] {dagbag.py:545} INFO - Filling up the DagBag from /home/airflow/.local/lib/python3.12/site-packages/airflow/example_dags/example_task_group.py
[2024-07-16T15:29:02.469+0000] {processor.py:840} INFO - DAG(s) 'example_task_group' retrieved from /home/airflow/.local/lib/python3.12/site-packages/airflow/example_dags/example_task_group.py
[2024-07-16T15:29:02.478+0000] {logging_mixin.py:188} INFO - [2024-07-16T15:29:02.478+0000] {dag.py:3096} INFO - Sync 1 DAGs
[2024-07-16T15:29:02.485+0000] {logging_mixin.py:188} INFO - [2024-07-16T15:29:02.485+0000] {dag.py:3954} INFO - Setting next_dagrun for example_task_group to 2024-07-15 00:00:00+00:00, run_after=2024-07-16 00:00:00+00:00
[2024-07-16T15:29:02.491+0000] {processor.py:183} INFO - Processing /home/airflow/.local/lib/python3.12/site-packages/airflow/example_dags/example_task_group.py took 0.028 seconds
