[2024-07-16T15:18:34.689+0000] {processor.py:161} INFO - Started process (PID=33) to work on /home/airflow/.local/lib/python3.12/site-packages/airflow/example_dags/example_python_operator.py
[2024-07-16T15:18:34.690+0000] {processor.py:830} INFO - Processing file /home/airflow/.local/lib/python3.12/site-packages/airflow/example_dags/example_python_operator.py for tasks to queue
[2024-07-16T15:18:34.691+0000] {logging_mixin.py:188} INFO - [2024-07-16T15:18:34.691+0000] {dagbag.py:545} INFO - Filling up the DagBag from /home/airflow/.local/lib/python3.12/site-packages/airflow/example_dags/example_python_operator.py
[2024-07-16T15:18:34.702+0000] {processor.py:840} INFO - DAG(s) 'example_python_operator' retrieved from /home/airflow/.local/lib/python3.12/site-packages/airflow/example_dags/example_python_operator.py
[2024-07-16T15:18:34.710+0000] {logging_mixin.py:188} INFO - [2024-07-16T15:18:34.710+0000] {dag.py:3096} INFO - Sync 1 DAGs
[2024-07-16T15:18:34.719+0000] {logging_mixin.py:188} INFO - [2024-07-16T15:18:34.719+0000] {dag.py:3954} INFO - Setting next_dagrun for example_python_operator to None, run_after=None
[2024-07-16T15:18:34.739+0000] {processor.py:183} INFO - Processing /home/airflow/.local/lib/python3.12/site-packages/airflow/example_dags/example_python_operator.py took 0.053 seconds
[2024-07-16T15:19:05.180+0000] {processor.py:161} INFO - Started process (PID=93) to work on /home/airflow/.local/lib/python3.12/site-packages/airflow/example_dags/example_python_operator.py
[2024-07-16T15:19:05.181+0000] {processor.py:830} INFO - Processing file /home/airflow/.local/lib/python3.12/site-packages/airflow/example_dags/example_python_operator.py for tasks to queue
[2024-07-16T15:19:05.181+0000] {logging_mixin.py:188} INFO - [2024-07-16T15:19:05.181+0000] {dagbag.py:545} INFO - Filling up the DagBag from /home/airflow/.local/lib/python3.12/site-packages/airflow/example_dags/example_python_operator.py
[2024-07-16T15:19:05.188+0000] {processor.py:840} INFO - DAG(s) 'example_python_operator' retrieved from /home/airflow/.local/lib/python3.12/site-packages/airflow/example_dags/example_python_operator.py
[2024-07-16T15:19:05.234+0000] {logging_mixin.py:188} INFO - [2024-07-16T15:19:05.234+0000] {dag.py:3096} INFO - Sync 1 DAGs
[2024-07-16T15:19:05.238+0000] {logging_mixin.py:188} INFO - [2024-07-16T15:19:05.238+0000] {dag.py:3954} INFO - Setting next_dagrun for example_python_operator to None, run_after=None
[2024-07-16T15:19:05.244+0000] {processor.py:183} INFO - Processing /home/airflow/.local/lib/python3.12/site-packages/airflow/example_dags/example_python_operator.py took 0.067 seconds
[2024-07-16T15:27:30.053+0000] {processor.py:161} INFO - Started process (PID=32) to work on /home/airflow/.local/lib/python3.12/site-packages/airflow/example_dags/example_python_operator.py
[2024-07-16T15:27:30.054+0000] {processor.py:830} INFO - Processing file /home/airflow/.local/lib/python3.12/site-packages/airflow/example_dags/example_python_operator.py for tasks to queue
[2024-07-16T15:27:30.054+0000] {logging_mixin.py:188} INFO - [2024-07-16T15:27:30.054+0000] {dagbag.py:545} INFO - Filling up the DagBag from /home/airflow/.local/lib/python3.12/site-packages/airflow/example_dags/example_python_operator.py
[2024-07-16T15:27:30.072+0000] {processor.py:840} INFO - DAG(s) 'example_python_operator' retrieved from /home/airflow/.local/lib/python3.12/site-packages/airflow/example_dags/example_python_operator.py
[2024-07-16T15:27:30.082+0000] {logging_mixin.py:188} INFO - [2024-07-16T15:27:30.082+0000] {dag.py:3096} INFO - Sync 1 DAGs
[2024-07-16T15:27:30.088+0000] {logging_mixin.py:188} INFO - [2024-07-16T15:27:30.088+0000] {dag.py:3954} INFO - Setting next_dagrun for example_python_operator to None, run_after=None
[2024-07-16T15:27:30.115+0000] {processor.py:183} INFO - Processing /home/airflow/.local/lib/python3.12/site-packages/airflow/example_dags/example_python_operator.py took 0.065 seconds
[2024-07-16T15:28:01.169+0000] {processor.py:161} INFO - Started process (PID=92) to work on /home/airflow/.local/lib/python3.12/site-packages/airflow/example_dags/example_python_operator.py
[2024-07-16T15:28:01.170+0000] {processor.py:830} INFO - Processing file /home/airflow/.local/lib/python3.12/site-packages/airflow/example_dags/example_python_operator.py for tasks to queue
[2024-07-16T15:28:01.170+0000] {logging_mixin.py:188} INFO - [2024-07-16T15:28:01.170+0000] {dagbag.py:545} INFO - Filling up the DagBag from /home/airflow/.local/lib/python3.12/site-packages/airflow/example_dags/example_python_operator.py
[2024-07-16T15:28:01.177+0000] {processor.py:840} INFO - DAG(s) 'example_python_operator' retrieved from /home/airflow/.local/lib/python3.12/site-packages/airflow/example_dags/example_python_operator.py
[2024-07-16T15:28:01.220+0000] {logging_mixin.py:188} INFO - [2024-07-16T15:28:01.220+0000] {dag.py:3096} INFO - Sync 1 DAGs
[2024-07-16T15:28:01.224+0000] {logging_mixin.py:188} INFO - [2024-07-16T15:28:01.224+0000] {dag.py:3954} INFO - Setting next_dagrun for example_python_operator to None, run_after=None
[2024-07-16T15:28:01.230+0000] {processor.py:183} INFO - Processing /home/airflow/.local/lib/python3.12/site-packages/airflow/example_dags/example_python_operator.py took 0.064 seconds
[2024-07-16T15:28:31.349+0000] {processor.py:161} INFO - Started process (PID=151) to work on /home/airflow/.local/lib/python3.12/site-packages/airflow/example_dags/example_python_operator.py
[2024-07-16T15:28:31.350+0000] {processor.py:830} INFO - Processing file /home/airflow/.local/lib/python3.12/site-packages/airflow/example_dags/example_python_operator.py for tasks to queue
[2024-07-16T15:28:31.350+0000] {logging_mixin.py:188} INFO - [2024-07-16T15:28:31.350+0000] {dagbag.py:545} INFO - Filling up the DagBag from /home/airflow/.local/lib/python3.12/site-packages/airflow/example_dags/example_python_operator.py
[2024-07-16T15:28:31.357+0000] {processor.py:840} INFO - DAG(s) 'example_python_operator' retrieved from /home/airflow/.local/lib/python3.12/site-packages/airflow/example_dags/example_python_operator.py
[2024-07-16T15:28:31.368+0000] {logging_mixin.py:188} INFO - [2024-07-16T15:28:31.368+0000] {dag.py:3096} INFO - Sync 1 DAGs
[2024-07-16T15:28:31.374+0000] {logging_mixin.py:188} INFO - [2024-07-16T15:28:31.373+0000] {dag.py:3954} INFO - Setting next_dagrun for example_python_operator to None, run_after=None
[2024-07-16T15:28:31.383+0000] {processor.py:183} INFO - Processing /home/airflow/.local/lib/python3.12/site-packages/airflow/example_dags/example_python_operator.py took 0.037 seconds
[2024-07-16T15:29:02.355+0000] {processor.py:161} INFO - Started process (PID=211) to work on /home/airflow/.local/lib/python3.12/site-packages/airflow/example_dags/example_python_operator.py
[2024-07-16T15:29:02.356+0000] {processor.py:830} INFO - Processing file /home/airflow/.local/lib/python3.12/site-packages/airflow/example_dags/example_python_operator.py for tasks to queue
[2024-07-16T15:29:02.356+0000] {logging_mixin.py:188} INFO - [2024-07-16T15:29:02.356+0000] {dagbag.py:545} INFO - Filling up the DagBag from /home/airflow/.local/lib/python3.12/site-packages/airflow/example_dags/example_python_operator.py
[2024-07-16T15:29:02.362+0000] {processor.py:840} INFO - DAG(s) 'example_python_operator' retrieved from /home/airflow/.local/lib/python3.12/site-packages/airflow/example_dags/example_python_operator.py
[2024-07-16T15:29:02.371+0000] {logging_mixin.py:188} INFO - [2024-07-16T15:29:02.371+0000] {dag.py:3096} INFO - Sync 1 DAGs
[2024-07-16T15:29:02.376+0000] {logging_mixin.py:188} INFO - [2024-07-16T15:29:02.376+0000] {dag.py:3954} INFO - Setting next_dagrun for example_python_operator to None, run_after=None
[2024-07-16T15:29:02.383+0000] {processor.py:183} INFO - Processing /home/airflow/.local/lib/python3.12/site-packages/airflow/example_dags/example_python_operator.py took 0.030 seconds
