[2024-07-16T15:18:37.293+0000] {processor.py:161} INFO - Started process (PID=74) to work on /home/airflow/.local/lib/python3.12/site-packages/airflow/example_dags/example_complex.py
[2024-07-16T15:18:37.294+0000] {processor.py:830} INFO - Processing file /home/airflow/.local/lib/python3.12/site-packages/airflow/example_dags/example_complex.py for tasks to queue
[2024-07-16T15:18:37.295+0000] {logging_mixin.py:188} INFO - [2024-07-16T15:18:37.294+0000] {dagbag.py:545} INFO - Filling up the DagBag from /home/airflow/.local/lib/python3.12/site-packages/airflow/example_dags/example_complex.py
[2024-07-16T15:18:37.303+0000] {processor.py:840} INFO - DAG(s) 'example_complex' retrieved from /home/airflow/.local/lib/python3.12/site-packages/airflow/example_dags/example_complex.py
[2024-07-16T15:18:37.327+0000] {logging_mixin.py:188} INFO - [2024-07-16T15:18:37.327+0000] {dag.py:3096} INFO - Sync 1 DAGs
[2024-07-16T15:18:37.340+0000] {logging_mixin.py:188} INFO - [2024-07-16T15:18:37.340+0000] {dag.py:3954} INFO - Setting next_dagrun for example_complex to None, run_after=None
[2024-07-16T15:18:37.365+0000] {processor.py:183} INFO - Processing /home/airflow/.local/lib/python3.12/site-packages/airflow/example_dags/example_complex.py took 0.076 seconds
[2024-07-16T15:19:07.808+0000] {processor.py:161} INFO - Started process (PID=134) to work on /home/airflow/.local/lib/python3.12/site-packages/airflow/example_dags/example_complex.py
[2024-07-16T15:19:07.809+0000] {processor.py:830} INFO - Processing file /home/airflow/.local/lib/python3.12/site-packages/airflow/example_dags/example_complex.py for tasks to queue
[2024-07-16T15:19:07.809+0000] {logging_mixin.py:188} INFO - [2024-07-16T15:19:07.809+0000] {dagbag.py:545} INFO - Filling up the DagBag from /home/airflow/.local/lib/python3.12/site-packages/airflow/example_dags/example_complex.py
[2024-07-16T15:19:07.813+0000] {processor.py:840} INFO - DAG(s) 'example_complex' retrieved from /home/airflow/.local/lib/python3.12/site-packages/airflow/example_dags/example_complex.py
[2024-07-16T15:19:07.855+0000] {logging_mixin.py:188} INFO - [2024-07-16T15:19:07.855+0000] {dag.py:3096} INFO - Sync 1 DAGs
[2024-07-16T15:19:07.860+0000] {logging_mixin.py:188} INFO - [2024-07-16T15:19:07.860+0000] {dag.py:3954} INFO - Setting next_dagrun for example_complex to None, run_after=None
[2024-07-16T15:19:07.866+0000] {processor.py:183} INFO - Processing /home/airflow/.local/lib/python3.12/site-packages/airflow/example_dags/example_complex.py took 0.060 seconds
[2024-07-16T15:27:33.342+0000] {processor.py:161} INFO - Started process (PID=73) to work on /home/airflow/.local/lib/python3.12/site-packages/airflow/example_dags/example_complex.py
[2024-07-16T15:27:33.343+0000] {processor.py:830} INFO - Processing file /home/airflow/.local/lib/python3.12/site-packages/airflow/example_dags/example_complex.py for tasks to queue
[2024-07-16T15:27:33.345+0000] {logging_mixin.py:188} INFO - [2024-07-16T15:27:33.344+0000] {dagbag.py:545} INFO - Filling up the DagBag from /home/airflow/.local/lib/python3.12/site-packages/airflow/example_dags/example_complex.py
[2024-07-16T15:27:33.363+0000] {processor.py:840} INFO - DAG(s) 'example_complex' retrieved from /home/airflow/.local/lib/python3.12/site-packages/airflow/example_dags/example_complex.py
[2024-07-16T15:27:33.372+0000] {logging_mixin.py:188} INFO - [2024-07-16T15:27:33.372+0000] {dag.py:3096} INFO - Sync 1 DAGs
[2024-07-16T15:27:33.380+0000] {logging_mixin.py:188} INFO - [2024-07-16T15:27:33.380+0000] {dag.py:3954} INFO - Setting next_dagrun for example_complex to None, run_after=None
[2024-07-16T15:27:33.388+0000] {processor.py:183} INFO - Processing /home/airflow/.local/lib/python3.12/site-packages/airflow/example_dags/example_complex.py took 0.054 seconds
[2024-07-16T15:28:03.982+0000] {processor.py:161} INFO - Started process (PID=133) to work on /home/airflow/.local/lib/python3.12/site-packages/airflow/example_dags/example_complex.py
[2024-07-16T15:28:03.982+0000] {processor.py:830} INFO - Processing file /home/airflow/.local/lib/python3.12/site-packages/airflow/example_dags/example_complex.py for tasks to queue
[2024-07-16T15:28:03.983+0000] {logging_mixin.py:188} INFO - [2024-07-16T15:28:03.983+0000] {dagbag.py:545} INFO - Filling up the DagBag from /home/airflow/.local/lib/python3.12/site-packages/airflow/example_dags/example_complex.py
[2024-07-16T15:28:03.987+0000] {processor.py:840} INFO - DAG(s) 'example_complex' retrieved from /home/airflow/.local/lib/python3.12/site-packages/airflow/example_dags/example_complex.py
[2024-07-16T15:28:04.033+0000] {logging_mixin.py:188} INFO - [2024-07-16T15:28:04.033+0000] {dag.py:3096} INFO - Sync 1 DAGs
[2024-07-16T15:28:04.038+0000] {logging_mixin.py:188} INFO - [2024-07-16T15:28:04.038+0000] {dag.py:3954} INFO - Setting next_dagrun for example_complex to None, run_after=None
[2024-07-16T15:28:04.044+0000] {processor.py:183} INFO - Processing /home/airflow/.local/lib/python3.12/site-packages/airflow/example_dags/example_complex.py took 0.066 seconds
[2024-07-16T15:28:34.582+0000] {processor.py:161} INFO - Started process (PID=192) to work on /home/airflow/.local/lib/python3.12/site-packages/airflow/example_dags/example_complex.py
[2024-07-16T15:28:34.583+0000] {processor.py:830} INFO - Processing file /home/airflow/.local/lib/python3.12/site-packages/airflow/example_dags/example_complex.py for tasks to queue
[2024-07-16T15:28:34.583+0000] {logging_mixin.py:188} INFO - [2024-07-16T15:28:34.583+0000] {dagbag.py:545} INFO - Filling up the DagBag from /home/airflow/.local/lib/python3.12/site-packages/airflow/example_dags/example_complex.py
[2024-07-16T15:28:34.588+0000] {processor.py:840} INFO - DAG(s) 'example_complex' retrieved from /home/airflow/.local/lib/python3.12/site-packages/airflow/example_dags/example_complex.py
[2024-07-16T15:28:34.607+0000] {logging_mixin.py:188} INFO - [2024-07-16T15:28:34.607+0000] {dag.py:3096} INFO - Sync 1 DAGs
[2024-07-16T15:28:34.613+0000] {logging_mixin.py:188} INFO - [2024-07-16T15:28:34.613+0000] {dag.py:3954} INFO - Setting next_dagrun for example_complex to None, run_after=None
[2024-07-16T15:28:34.621+0000] {processor.py:183} INFO - Processing /home/airflow/.local/lib/python3.12/site-packages/airflow/example_dags/example_complex.py took 0.042 seconds
[2024-07-16T15:29:05.509+0000] {processor.py:161} INFO - Started process (PID=252) to work on /home/airflow/.local/lib/python3.12/site-packages/airflow/example_dags/example_complex.py
[2024-07-16T15:29:05.510+0000] {processor.py:830} INFO - Processing file /home/airflow/.local/lib/python3.12/site-packages/airflow/example_dags/example_complex.py for tasks to queue
[2024-07-16T15:29:05.510+0000] {logging_mixin.py:188} INFO - [2024-07-16T15:29:05.510+0000] {dagbag.py:545} INFO - Filling up the DagBag from /home/airflow/.local/lib/python3.12/site-packages/airflow/example_dags/example_complex.py
[2024-07-16T15:29:05.515+0000] {processor.py:840} INFO - DAG(s) 'example_complex' retrieved from /home/airflow/.local/lib/python3.12/site-packages/airflow/example_dags/example_complex.py
[2024-07-16T15:29:05.528+0000] {logging_mixin.py:188} INFO - [2024-07-16T15:29:05.528+0000] {dag.py:3096} INFO - Sync 1 DAGs
[2024-07-16T15:29:05.533+0000] {logging_mixin.py:188} INFO - [2024-07-16T15:29:05.533+0000] {dag.py:3954} INFO - Setting next_dagrun for example_complex to None, run_after=None
[2024-07-16T15:29:05.539+0000] {processor.py:183} INFO - Processing /home/airflow/.local/lib/python3.12/site-packages/airflow/example_dags/example_complex.py took 0.032 seconds
