[2024-07-16T15:18:34.779+0000] {processor.py:161} INFO - Started process (PID=35) to work on /home/airflow/.local/lib/python3.12/site-packages/airflow/example_dags/tutorial.py
[2024-07-16T15:18:34.783+0000] {processor.py:830} INFO - Processing file /home/airflow/.local/lib/python3.12/site-packages/airflow/example_dags/tutorial.py for tasks to queue
[2024-07-16T15:18:34.786+0000] {logging_mixin.py:188} INFO - [2024-07-16T15:18:34.786+0000] {dagbag.py:545} INFO - Filling up the DagBag from /home/airflow/.local/lib/python3.12/site-packages/airflow/example_dags/tutorial.py
[2024-07-16T15:18:34.792+0000] {processor.py:840} INFO - DAG(s) 'tutorial' retrieved from /home/airflow/.local/lib/python3.12/site-packages/airflow/example_dags/tutorial.py
[2024-07-16T15:18:34.798+0000] {logging_mixin.py:188} INFO - [2024-07-16T15:18:34.798+0000] {dag.py:3096} INFO - Sync 1 DAGs
[2024-07-16T15:18:34.810+0000] {logging_mixin.py:188} INFO - [2024-07-16T15:18:34.810+0000] {dag.py:3954} INFO - Setting next_dagrun for tutorial to 2024-07-15 00:00:00+00:00, run_after=2024-07-16 00:00:00+00:00
[2024-07-16T15:18:34.820+0000] {processor.py:183} INFO - Processing /home/airflow/.local/lib/python3.12/site-packages/airflow/example_dags/tutorial.py took 0.049 seconds
[2024-07-16T15:19:05.256+0000] {processor.py:161} INFO - Started process (PID=95) to work on /home/airflow/.local/lib/python3.12/site-packages/airflow/example_dags/tutorial.py
[2024-07-16T15:19:05.256+0000] {processor.py:830} INFO - Processing file /home/airflow/.local/lib/python3.12/site-packages/airflow/example_dags/tutorial.py for tasks to queue
[2024-07-16T15:19:05.256+0000] {logging_mixin.py:188} INFO - [2024-07-16T15:19:05.256+0000] {dagbag.py:545} INFO - Filling up the DagBag from /home/airflow/.local/lib/python3.12/site-packages/airflow/example_dags/tutorial.py
[2024-07-16T15:19:05.260+0000] {processor.py:840} INFO - DAG(s) 'tutorial' retrieved from /home/airflow/.local/lib/python3.12/site-packages/airflow/example_dags/tutorial.py
[2024-07-16T15:19:05.296+0000] {logging_mixin.py:188} INFO - [2024-07-16T15:19:05.296+0000] {dag.py:3096} INFO - Sync 1 DAGs
[2024-07-16T15:19:05.304+0000] {logging_mixin.py:188} INFO - [2024-07-16T15:19:05.304+0000] {dag.py:3954} INFO - Setting next_dagrun for tutorial to 2024-07-15 00:00:00+00:00, run_after=2024-07-16 00:00:00+00:00
[2024-07-16T15:19:05.310+0000] {processor.py:183} INFO - Processing /home/airflow/.local/lib/python3.12/site-packages/airflow/example_dags/tutorial.py took 0.057 seconds
[2024-07-16T15:27:30.143+0000] {processor.py:161} INFO - Started process (PID=34) to work on /home/airflow/.local/lib/python3.12/site-packages/airflow/example_dags/tutorial.py
[2024-07-16T15:27:30.148+0000] {processor.py:830} INFO - Processing file /home/airflow/.local/lib/python3.12/site-packages/airflow/example_dags/tutorial.py for tasks to queue
[2024-07-16T15:27:30.152+0000] {logging_mixin.py:188} INFO - [2024-07-16T15:27:30.152+0000] {dagbag.py:545} INFO - Filling up the DagBag from /home/airflow/.local/lib/python3.12/site-packages/airflow/example_dags/tutorial.py
[2024-07-16T15:27:30.168+0000] {processor.py:840} INFO - DAG(s) 'tutorial' retrieved from /home/airflow/.local/lib/python3.12/site-packages/airflow/example_dags/tutorial.py
[2024-07-16T15:27:30.190+0000] {logging_mixin.py:188} INFO - [2024-07-16T15:27:30.190+0000] {dag.py:3096} INFO - Sync 1 DAGs
[2024-07-16T15:27:30.213+0000] {logging_mixin.py:188} INFO - [2024-07-16T15:27:30.213+0000] {dag.py:3954} INFO - Setting next_dagrun for tutorial to 2024-07-15 00:00:00+00:00, run_after=2024-07-16 00:00:00+00:00
[2024-07-16T15:27:30.232+0000] {processor.py:183} INFO - Processing /home/airflow/.local/lib/python3.12/site-packages/airflow/example_dags/tutorial.py took 0.096 seconds
[2024-07-16T15:28:01.246+0000] {processor.py:161} INFO - Started process (PID=94) to work on /home/airflow/.local/lib/python3.12/site-packages/airflow/example_dags/tutorial.py
[2024-07-16T15:28:01.248+0000] {processor.py:830} INFO - Processing file /home/airflow/.local/lib/python3.12/site-packages/airflow/example_dags/tutorial.py for tasks to queue
[2024-07-16T15:28:01.249+0000] {logging_mixin.py:188} INFO - [2024-07-16T15:28:01.248+0000] {dagbag.py:545} INFO - Filling up the DagBag from /home/airflow/.local/lib/python3.12/site-packages/airflow/example_dags/tutorial.py
[2024-07-16T15:28:01.253+0000] {processor.py:840} INFO - DAG(s) 'tutorial' retrieved from /home/airflow/.local/lib/python3.12/site-packages/airflow/example_dags/tutorial.py
[2024-07-16T15:28:01.292+0000] {logging_mixin.py:188} INFO - [2024-07-16T15:28:01.292+0000] {dag.py:3096} INFO - Sync 1 DAGs
[2024-07-16T15:28:01.299+0000] {logging_mixin.py:188} INFO - [2024-07-16T15:28:01.299+0000] {dag.py:3954} INFO - Setting next_dagrun for tutorial to 2024-07-15 00:00:00+00:00, run_after=2024-07-16 00:00:00+00:00
[2024-07-16T15:28:01.306+0000] {processor.py:183} INFO - Processing /home/airflow/.local/lib/python3.12/site-packages/airflow/example_dags/tutorial.py took 0.066 seconds
[2024-07-16T15:28:31.468+0000] {processor.py:161} INFO - Started process (PID=153) to work on /home/airflow/.local/lib/python3.12/site-packages/airflow/example_dags/tutorial.py
[2024-07-16T15:28:31.469+0000] {processor.py:830} INFO - Processing file /home/airflow/.local/lib/python3.12/site-packages/airflow/example_dags/tutorial.py for tasks to queue
[2024-07-16T15:28:31.469+0000] {logging_mixin.py:188} INFO - [2024-07-16T15:28:31.469+0000] {dagbag.py:545} INFO - Filling up the DagBag from /home/airflow/.local/lib/python3.12/site-packages/airflow/example_dags/tutorial.py
[2024-07-16T15:28:31.471+0000] {processor.py:840} INFO - DAG(s) 'tutorial' retrieved from /home/airflow/.local/lib/python3.12/site-packages/airflow/example_dags/tutorial.py
[2024-07-16T15:28:31.480+0000] {logging_mixin.py:188} INFO - [2024-07-16T15:28:31.479+0000] {dag.py:3096} INFO - Sync 1 DAGs
[2024-07-16T15:28:31.487+0000] {logging_mixin.py:188} INFO - [2024-07-16T15:28:31.487+0000] {dag.py:3954} INFO - Setting next_dagrun for tutorial to 2024-07-15 00:00:00+00:00, run_after=2024-07-16 00:00:00+00:00
[2024-07-16T15:28:31.495+0000] {processor.py:183} INFO - Processing /home/airflow/.local/lib/python3.12/site-packages/airflow/example_dags/tutorial.py took 0.029 seconds
[2024-07-16T15:29:02.394+0000] {processor.py:161} INFO - Started process (PID=213) to work on /home/airflow/.local/lib/python3.12/site-packages/airflow/example_dags/tutorial.py
[2024-07-16T15:29:02.395+0000] {processor.py:830} INFO - Processing file /home/airflow/.local/lib/python3.12/site-packages/airflow/example_dags/tutorial.py for tasks to queue
[2024-07-16T15:29:02.395+0000] {logging_mixin.py:188} INFO - [2024-07-16T15:29:02.395+0000] {dagbag.py:545} INFO - Filling up the DagBag from /home/airflow/.local/lib/python3.12/site-packages/airflow/example_dags/tutorial.py
[2024-07-16T15:29:02.399+0000] {processor.py:840} INFO - DAG(s) 'tutorial' retrieved from /home/airflow/.local/lib/python3.12/site-packages/airflow/example_dags/tutorial.py
[2024-07-16T15:29:02.408+0000] {logging_mixin.py:188} INFO - [2024-07-16T15:29:02.408+0000] {dag.py:3096} INFO - Sync 1 DAGs
[2024-07-16T15:29:02.415+0000] {logging_mixin.py:188} INFO - [2024-07-16T15:29:02.415+0000] {dag.py:3954} INFO - Setting next_dagrun for tutorial to 2024-07-15 00:00:00+00:00, run_after=2024-07-16 00:00:00+00:00
[2024-07-16T15:29:02.421+0000] {processor.py:183} INFO - Processing /home/airflow/.local/lib/python3.12/site-packages/airflow/example_dags/tutorial.py took 0.030 seconds
