[2024-07-25T12:34:14.854+0000] {local_task_job_runner.py:120} INFO - ::group::Pre task execution logs
[2024-07-25T12:34:14.863+0000] {taskinstance.py:2076} INFO - Dependencies all met for dep_context=non-requeueable deps ti=<TaskInstance: data_pipeline.restore_dump manual__2024-07-25T12:34:00.640636+00:00 [queued]>
[2024-07-25T12:34:14.866+0000] {taskinstance.py:2076} INFO - Dependencies all met for dep_context=requeueable deps ti=<TaskInstance: data_pipeline.restore_dump manual__2024-07-25T12:34:00.640636+00:00 [queued]>
[2024-07-25T12:34:14.866+0000] {taskinstance.py:2306} INFO - Starting attempt 1 of 2
[2024-07-25T12:34:14.870+0000] {taskinstance.py:2330} INFO - Executing <Task(BashOperator): restore_dump> on 2024-07-25 12:34:00.640636+00:00
[2024-07-25T12:34:14.875+0000] {warnings.py:112} WARNING - /home/***/.local/lib/python3.12/site-packages/***/task/task_runner/standard_task_runner.py:61: DeprecationWarning: This process (pid=439) is multi-threaded, use of fork() may lead to deadlocks in the child.
  pid = os.fork()

[2024-07-25T12:34:14.876+0000] {standard_task_runner.py:90} INFO - Running: ['***', 'tasks', 'run', 'data_pipeline', 'restore_dump', 'manual__2024-07-25T12:34:00.640636+00:00', '--job-id', '392', '--raw', '--subdir', 'DAGS_FOLDER/data_pipeline.py', '--cfg-path', '/tmp/tmpbmst2uk3']
[2024-07-25T12:34:14.877+0000] {standard_task_runner.py:63} INFO - Started process 441 to run task
[2024-07-25T12:34:14.877+0000] {standard_task_runner.py:91} INFO - Job 392: Subtask restore_dump
[2024-07-25T12:34:14.897+0000] {task_command.py:426} INFO - Running <TaskInstance: data_pipeline.restore_dump manual__2024-07-25T12:34:00.640636+00:00 [running]> on host ce8b503e836d
[2024-07-25T12:34:14.928+0000] {taskinstance.py:2648} INFO - Exporting env vars: AIRFLOW_CTX_DAG_OWNER='***' AIRFLOW_CTX_DAG_ID='data_pipeline' AIRFLOW_CTX_TASK_ID='restore_dump' AIRFLOW_CTX_EXECUTION_DATE='2024-07-25T12:34:00.640636+00:00' AIRFLOW_CTX_TRY_NUMBER='1' AIRFLOW_CTX_DAG_RUN_ID='manual__2024-07-25T12:34:00.640636+00:00'
[2024-07-25T12:34:14.930+0000] {taskinstance.py:430} INFO - ::endgroup::
[2024-07-25T12:34:14.930+0000] {subprocess.py:63} INFO - Tmp dir root location: /tmp
[2024-07-25T12:34:14.931+0000] {subprocess.py:75} INFO - Running command: ['/usr/bin/bash', '-c', "\n    PGPASSWORD='***' psql -h 10.82.0.4 -U etl_user_3 -d etl_db_3 -f /opt/***/dags/scripts/sql-scripts/ods_refresh.sql\n    "]
[2024-07-25T12:34:14.935+0000] {subprocess.py:86} INFO - Output:
[2024-07-25T12:34:15.129+0000] {subprocess.py:93} INFO - SET
[2024-07-25T12:34:15.165+0000] {subprocess.py:93} INFO - SET
[2024-07-25T12:34:15.198+0000] {subprocess.py:93} INFO - SET
[2024-07-25T12:34:15.228+0000] {subprocess.py:93} INFO - SET
[2024-07-25T12:34:15.263+0000] {subprocess.py:93} INFO - SET
[2024-07-25T12:34:15.303+0000] {subprocess.py:93} INFO -  set_config
[2024-07-25T12:34:15.305+0000] {subprocess.py:93} INFO - ------------
[2024-07-25T12:34:15.306+0000] {subprocess.py:93} INFO - 
[2024-07-25T12:34:15.307+0000] {subprocess.py:93} INFO - (1 row)
[2024-07-25T12:34:15.307+0000] {subprocess.py:93} INFO - 
[2024-07-25T12:34:15.334+0000] {subprocess.py:93} INFO - SET
[2024-07-25T12:34:15.370+0000] {subprocess.py:93} INFO - SET
[2024-07-25T12:34:15.409+0000] {subprocess.py:93} INFO - SET
[2024-07-25T12:34:15.439+0000] {subprocess.py:93} INFO - SET
[2024-07-25T12:34:15.505+0000] {subprocess.py:93} INFO - COPY 17
[2024-07-25T12:34:15.647+0000] {subprocess.py:93} INFO - COPY 495
[2024-07-25T12:34:15.720+0000] {subprocess.py:93} INFO - COPY 25
[2024-07-25T12:34:15.914+0000] {subprocess.py:93} INFO - COPY 1993
[2024-07-25T12:34:16.193+0000] {subprocess.py:93} INFO - COPY 2971
[2024-07-25T12:34:16.267+0000] {subprocess.py:93} INFO - COPY 306
[2024-07-25T12:34:16.348+0000] {subprocess.py:93} INFO - COPY 318
[2024-07-25T12:34:16.409+0000] {subprocess.py:93} INFO - COPY 8
[2024-07-25T12:34:16.470+0000] {subprocess.py:93} INFO - COPY 40
[2024-07-25T12:34:16.565+0000] {subprocess.py:93} INFO - COPY 1489
[2024-07-25T12:34:16.625+0000] {subprocess.py:93} INFO - COPY 13
[2024-07-25T12:34:16.729+0000] {subprocess.py:93} INFO - COPY 493
[2024-07-25T12:34:16.854+0000] {subprocess.py:93} INFO - COPY 1235
[2024-07-25T12:34:16.967+0000] {subprocess.py:93} INFO - COPY 483
[2024-07-25T12:34:17.040+0000] {subprocess.py:93} INFO - COPY 6
[2024-07-25T12:34:17.125+0000] {subprocess.py:93} INFO - COPY 188
[2024-07-25T12:34:17.196+0000] {subprocess.py:93} INFO - COPY 55
[2024-07-25T12:34:17.303+0000] {subprocess.py:93} INFO - COPY 2520
[2024-07-25T12:34:17.366+0000] {subprocess.py:93} INFO - COPY 8
[2024-07-25T12:34:17.453+0000] {subprocess.py:93} INFO - COPY 278
[2024-07-25T12:34:17.529+0000] {subprocess.py:93} INFO - COPY 31
[2024-07-25T12:34:17.599+0000] {subprocess.py:93} INFO - COPY 6
[2024-07-25T12:34:17.690+0000] {subprocess.py:93} INFO - COPY 6
[2024-07-25T12:34:17.763+0000] {subprocess.py:93} INFO - COPY 3
[2024-07-25T12:34:17.822+0000] {subprocess.py:93} INFO - COPY 3
[2024-07-25T12:34:17.887+0000] {subprocess.py:93} INFO - COPY 17
[2024-07-25T12:34:17.979+0000] {subprocess.py:93} INFO - COPY 174
[2024-07-25T12:34:18.112+0000] {subprocess.py:93} INFO - COPY 6
[2024-07-25T12:34:18.226+0000] {subprocess.py:93} INFO - COPY 451
[2024-07-25T12:34:18.312+0000] {subprocess.py:93} INFO - COPY 32
[2024-07-25T12:34:18.429+0000] {subprocess.py:93} INFO - COPY 1227
[2024-07-25T12:34:18.432+0000] {subprocess.py:97} INFO - Command exited with return code 0
[2024-07-25T12:34:18.434+0000] {taskinstance.py:441} INFO - ::group::Post task execution logs
[2024-07-25T12:34:18.454+0000] {taskinstance.py:1206} INFO - Marking task as SUCCESS. dag_id=data_pipeline, task_id=restore_dump, run_id=manual__2024-07-25T12:34:00.640636+00:00, execution_date=20240725T123400, start_date=20240725T123414, end_date=20240725T123418
[2024-07-25T12:34:18.513+0000] {local_task_job_runner.py:240} INFO - Task exited with return code 0
[2024-07-25T12:34:18.536+0000] {warnings.py:112} WARNING - /home/***/.local/lib/python3.12/site-packages/***/models/baseoperator.py:1297: AirflowProviderDeprecationWarning: Call to deprecated class PostgresOperator. (Please use `***.providers.common.sql.operators.sql.SQLExecuteQueryOperator`.Also, you can provide `hook_params={'schema': <database>}`.)
  result = cls.__new__(cls)

[2024-07-25T12:34:18.549+0000] {taskinstance.py:3503} INFO - 1 downstream tasks scheduled from follow-on schedule check
[2024-07-25T12:34:18.550+0000] {local_task_job_runner.py:222} INFO - ::endgroup::
