[2024-07-12T14:53:41.344+0000] {local_task_job_runner.py:120} INFO - ::group::Pre task execution logs
[2024-07-12T14:53:41.357+0000] {taskinstance.py:2076} INFO - Dependencies all met for dep_context=non-requeueable deps ti=<TaskInstance: init_ods_layer.get_source_params manual__2024-07-12T14:53:38.090228+00:00 [queued]>
[2024-07-12T14:53:41.360+0000] {taskinstance.py:2076} INFO - Dependencies all met for dep_context=requeueable deps ti=<TaskInstance: init_ods_layer.get_source_params manual__2024-07-12T14:53:38.090228+00:00 [queued]>
[2024-07-12T14:53:41.361+0000] {taskinstance.py:2306} INFO - Starting attempt 1 of 1
[2024-07-12T14:53:41.366+0000] {taskinstance.py:2330} INFO - Executing <Task(PythonOperator): get_source_params> on 2024-07-12 14:53:38.090228+00:00
[2024-07-12T14:53:41.372+0000] {warnings.py:112} WARNING - /home/***/.local/lib/python3.12/site-packages/***/task/task_runner/standard_task_runner.py:61: DeprecationWarning: This process (pid=7621) is multi-threaded, use of fork() may lead to deadlocks in the child.
  pid = os.fork()

[2024-07-12T14:53:41.374+0000] {standard_task_runner.py:63} INFO - Started process 7623 to run task
[2024-07-12T14:53:41.373+0000] {standard_task_runner.py:90} INFO - Running: ['***', 'tasks', 'run', 'init_ods_layer', 'get_source_params', 'manual__2024-07-12T14:53:38.090228+00:00', '--job-id', '77', '--raw', '--subdir', 'DAGS_FOLDER/init_ods.py', '--cfg-path', '/tmp/tmpd5_c9quo']
[2024-07-12T14:53:41.375+0000] {standard_task_runner.py:91} INFO - Job 77: Subtask get_source_params
[2024-07-12T14:53:41.404+0000] {task_command.py:426} INFO - Running <TaskInstance: init_ods_layer.get_source_params manual__2024-07-12T14:53:38.090228+00:00 [running]> on host 8047aa21fe02
[2024-07-12T14:53:41.453+0000] {taskinstance.py:2648} INFO - Exporting env vars: AIRFLOW_CTX_DAG_OWNER='***' AIRFLOW_CTX_DAG_ID='init_ods_layer' AIRFLOW_CTX_TASK_ID='get_source_params' AIRFLOW_CTX_EXECUTION_DATE='2024-07-12T14:53:38.090228+00:00' AIRFLOW_CTX_TRY_NUMBER='1' AIRFLOW_CTX_DAG_RUN_ID='manual__2024-07-12T14:53:38.090228+00:00'
[2024-07-12T14:53:41.455+0000] {taskinstance.py:430} INFO - ::endgroup::
[2024-07-12T14:53:41.460+0000] {base.py:84} INFO - Using connection ID 'source_db' for task execution.
[2024-07-12T14:53:41.589+0000] {python.py:237} INFO - Done. Returned value was: None
[2024-07-12T14:53:41.591+0000] {taskinstance.py:441} INFO - ::group::Post task execution logs
[2024-07-12T14:53:41.603+0000] {taskinstance.py:1206} INFO - Marking task as SUCCESS. dag_id=init_ods_layer, task_id=get_source_params, run_id=manual__2024-07-12T14:53:38.090228+00:00, execution_date=20240712T145338, start_date=20240712T145341, end_date=20240712T145341
[2024-07-12T14:53:41.646+0000] {local_task_job_runner.py:240} INFO - Task exited with return code 0
[2024-07-12T14:53:41.660+0000] {taskinstance.py:3503} INFO - 1 downstream tasks scheduled from follow-on schedule check
[2024-07-12T14:53:41.661+0000] {local_task_job_runner.py:222} INFO - ::endgroup::
