[2024-07-25T11:11:02.819+0000] {local_task_job_runner.py:120} INFO - ::group::Pre task execution logs
[2024-07-25T11:11:02.834+0000] {taskinstance.py:2076} INFO - Dependencies all met for dep_context=non-requeueable deps ti=<TaskInstance: data_pipeline.create_dump scheduled__2024-07-24T00:00:00+00:00 [queued]>
[2024-07-25T11:11:02.837+0000] {taskinstance.py:2076} INFO - Dependencies all met for dep_context=requeueable deps ti=<TaskInstance: data_pipeline.create_dump scheduled__2024-07-24T00:00:00+00:00 [queued]>
[2024-07-25T11:11:02.837+0000] {taskinstance.py:2306} INFO - Starting attempt 1 of 2
[2024-07-25T11:11:02.844+0000] {taskinstance.py:2330} INFO - Executing <Task(BashOperator): create_dump> on 2024-07-24 00:00:00+00:00
[2024-07-25T11:11:02.857+0000] {warnings.py:112} WARNING - /home/***/.local/lib/python3.12/site-packages/***/task/task_runner/standard_task_runner.py:61: DeprecationWarning: This process (pid=965) is multi-threaded, use of fork() may lead to deadlocks in the child.
  pid = os.fork()

[2024-07-25T11:11:02.859+0000] {standard_task_runner.py:63} INFO - Started process 967 to run task
[2024-07-25T11:11:02.859+0000] {standard_task_runner.py:90} INFO - Running: ['***', 'tasks', 'run', 'data_pipeline', 'create_dump', 'scheduled__2024-07-24T00:00:00+00:00', '--job-id', '370', '--raw', '--subdir', 'DAGS_FOLDER/data_pipeline.py', '--cfg-path', '/tmp/tmpur9_z1l1']
[2024-07-25T11:11:02.860+0000] {standard_task_runner.py:91} INFO - Job 370: Subtask create_dump
[2024-07-25T11:11:02.898+0000] {task_command.py:426} INFO - Running <TaskInstance: data_pipeline.create_dump scheduled__2024-07-24T00:00:00+00:00 [running]> on host ce8b503e836d
[2024-07-25T11:11:02.941+0000] {taskinstance.py:2648} INFO - Exporting env vars: AIRFLOW_CTX_DAG_OWNER='***' AIRFLOW_CTX_DAG_ID='data_pipeline' AIRFLOW_CTX_TASK_ID='create_dump' AIRFLOW_CTX_EXECUTION_DATE='2024-07-24T00:00:00+00:00' AIRFLOW_CTX_TRY_NUMBER='1' AIRFLOW_CTX_DAG_RUN_ID='scheduled__2024-07-24T00:00:00+00:00'
[2024-07-25T11:11:02.942+0000] {taskinstance.py:430} INFO - ::endgroup::
[2024-07-25T11:11:02.944+0000] {subprocess.py:63} INFO - Tmp dir root location: /tmp
[2024-07-25T11:11:02.945+0000] {subprocess.py:75} INFO - Running command: ['/usr/bin/bash', '-c', "\n    PGPASSWORD='***' pg_dump -h 10.82.0.4 -U etl_user_3 -n source_data  --data-only -f /opt/***/dags/scripts/sql-scripts/ods_refresh.sql source\n    "]
[2024-07-25T11:11:02.951+0000] {subprocess.py:86} INFO - Output:
[2024-07-25T11:11:13.034+0000] {subprocess.py:97} INFO - Command exited with return code 0
[2024-07-25T11:11:13.040+0000] {taskinstance.py:441} INFO - ::group::Post task execution logs
[2024-07-25T11:11:13.071+0000] {taskinstance.py:1206} INFO - Marking task as SUCCESS. dag_id=data_pipeline, task_id=create_dump, run_id=scheduled__2024-07-24T00:00:00+00:00, execution_date=20240724T000000, start_date=20240725T111102, end_date=20240725T111113
[2024-07-25T11:11:13.126+0000] {local_task_job_runner.py:240} INFO - Task exited with return code 0
[2024-07-25T11:11:13.135+0000] {warnings.py:112} WARNING - /home/***/.local/lib/python3.12/site-packages/***/models/baseoperator.py:1297: AirflowProviderDeprecationWarning: Call to deprecated class PostgresOperator. (Please use `***.providers.common.sql.operators.sql.SQLExecuteQueryOperator`.Also, you can provide `hook_params={'schema': <database>}`.)
  result = cls.__new__(cls)

[2024-07-25T11:11:13.148+0000] {taskinstance.py:3503} INFO - 1 downstream tasks scheduled from follow-on schedule check
[2024-07-25T11:11:13.151+0000] {local_task_job_runner.py:222} INFO - ::endgroup::
