[2024-07-20T21:47:22.460+0000] {local_task_job_runner.py:120} INFO - ::group::Pre task execution logs
[2024-07-20T21:47:22.471+0000] {taskinstance.py:2076} INFO - Dependencies all met for dep_context=non-requeueable deps ti=<TaskInstance: refresh_ods.restore_dump manual__2024-07-20T21:42:10.166855+00:00 [queued]>
[2024-07-20T21:47:22.473+0000] {taskinstance.py:2076} INFO - Dependencies all met for dep_context=requeueable deps ti=<TaskInstance: refresh_ods.restore_dump manual__2024-07-20T21:42:10.166855+00:00 [queued]>
[2024-07-20T21:47:22.474+0000] {taskinstance.py:2306} INFO - Starting attempt 2 of 2
[2024-07-20T21:47:22.478+0000] {taskinstance.py:2330} INFO - Executing <Task(BashOperator): restore_dump> on 2024-07-20 21:42:10.166855+00:00
[2024-07-20T21:47:22.488+0000] {warnings.py:112} WARNING - /home/***/.local/lib/python3.12/site-packages/***/task/task_runner/standard_task_runner.py:61: DeprecationWarning: This process (pid=3471) is multi-threaded, use of fork() may lead to deadlocks in the child.
  pid = os.fork()

[2024-07-20T21:47:22.490+0000] {standard_task_runner.py:63} INFO - Started process 3473 to run task
[2024-07-20T21:47:22.489+0000] {standard_task_runner.py:90} INFO - Running: ['***', 'tasks', 'run', 'refresh_ods', 'restore_dump', 'manual__2024-07-20T21:42:10.166855+00:00', '--job-id', '275', '--raw', '--subdir', 'DAGS_FOLDER/refresh_ods.py', '--cfg-path', '/tmp/tmpnuskiun7']
[2024-07-20T21:47:22.491+0000] {standard_task_runner.py:91} INFO - Job 275: Subtask restore_dump
[2024-07-20T21:47:22.535+0000] {task_command.py:426} INFO - Running <TaskInstance: refresh_ods.restore_dump manual__2024-07-20T21:42:10.166855+00:00 [running]> on host 89202c950a25
[2024-07-20T21:47:22.595+0000] {taskinstance.py:2648} INFO - Exporting env vars: AIRFLOW_CTX_DAG_OWNER='***' AIRFLOW_CTX_DAG_ID='refresh_ods' AIRFLOW_CTX_TASK_ID='restore_dump' AIRFLOW_CTX_EXECUTION_DATE='2024-07-20T21:42:10.166855+00:00' AIRFLOW_CTX_TRY_NUMBER='2' AIRFLOW_CTX_DAG_RUN_ID='manual__2024-07-20T21:42:10.166855+00:00'
[2024-07-20T21:47:22.597+0000] {taskinstance.py:430} INFO - ::endgroup::
[2024-07-20T21:47:22.599+0000] {subprocess.py:63} INFO - Tmp dir root location: /tmp
[2024-07-20T21:47:22.600+0000] {subprocess.py:75} INFO - Running command: ['/usr/bin/bash', '-c', "PGPASSWORD='***' pg_restore -h 10.82.0.4 -U etl_user_3 -d etl_db_3 --clean -v -n ods_data /opt/***/dags/scripts/sql-scripts/ods_refresh.dump"]
[2024-07-20T21:47:22.611+0000] {subprocess.py:86} INFO - Output:
[2024-07-20T21:47:22.682+0000] {subprocess.py:93} INFO - pg_restore: connecting to database for restore
[2024-07-20T21:47:22.867+0000] {subprocess.py:93} INFO - pg_restore: implied data-only restore
[2024-07-20T21:47:23.543+0000] {subprocess.py:97} INFO - Command exited with return code 0
[2024-07-20T21:47:23.590+0000] {taskinstance.py:441} INFO - ::group::Post task execution logs
[2024-07-20T21:47:23.689+0000] {taskinstance.py:1206} INFO - Marking task as SUCCESS. dag_id=refresh_ods, task_id=restore_dump, run_id=manual__2024-07-20T21:42:10.166855+00:00, execution_date=20240720T214210, start_date=20240720T214722, end_date=20240720T214723
[2024-07-20T21:47:23.753+0000] {local_task_job_runner.py:240} INFO - Task exited with return code 0
[2024-07-20T21:47:23.791+0000] {taskinstance.py:3503} INFO - 0 downstream tasks scheduled from follow-on schedule check
[2024-07-20T21:47:23.794+0000] {local_task_job_runner.py:222} INFO - ::endgroup::
