[2024-07-20T22:35:55.383+0000] {local_task_job_runner.py:120} INFO - ::group::Pre task execution logs
[2024-07-20T22:35:55.393+0000] {taskinstance.py:2076} INFO - Dependencies all met for dep_context=non-requeueable deps ti=<TaskInstance: refresh_ods.create_dump manual__2024-07-20T22:35:53.657535+00:00 [queued]>
[2024-07-20T22:35:55.396+0000] {taskinstance.py:2076} INFO - Dependencies all met for dep_context=requeueable deps ti=<TaskInstance: refresh_ods.create_dump manual__2024-07-20T22:35:53.657535+00:00 [queued]>
[2024-07-20T22:35:55.396+0000] {taskinstance.py:2306} INFO - Starting attempt 1 of 2
[2024-07-20T22:35:55.402+0000] {taskinstance.py:2330} INFO - Executing <Task(BashOperator): create_dump> on 2024-07-20 22:35:53.657535+00:00
[2024-07-20T22:35:55.408+0000] {warnings.py:112} WARNING - /home/***/.local/lib/python3.12/site-packages/***/task/task_runner/standard_task_runner.py:61: DeprecationWarning: This process (pid=4240) is multi-threaded, use of fork() may lead to deadlocks in the child.
  pid = os.fork()

[2024-07-20T22:35:55.409+0000] {standard_task_runner.py:63} INFO - Started process 4242 to run task
[2024-07-20T22:35:55.409+0000] {standard_task_runner.py:90} INFO - Running: ['***', 'tasks', 'run', 'refresh_ods', 'create_dump', 'manual__2024-07-20T22:35:53.657535+00:00', '--job-id', '313', '--raw', '--subdir', 'DAGS_FOLDER/refresh_ods.py', '--cfg-path', '/tmp/tmpyr3u8y7o']
[2024-07-20T22:35:55.411+0000] {standard_task_runner.py:91} INFO - Job 313: Subtask create_dump
[2024-07-20T22:35:55.432+0000] {task_command.py:426} INFO - Running <TaskInstance: refresh_ods.create_dump manual__2024-07-20T22:35:53.657535+00:00 [running]> on host 89202c950a25
[2024-07-20T22:35:55.480+0000] {taskinstance.py:2648} INFO - Exporting env vars: AIRFLOW_CTX_DAG_OWNER='***' AIRFLOW_CTX_DAG_ID='refresh_ods' AIRFLOW_CTX_TASK_ID='create_dump' AIRFLOW_CTX_EXECUTION_DATE='2024-07-20T22:35:53.657535+00:00' AIRFLOW_CTX_TRY_NUMBER='1' AIRFLOW_CTX_DAG_RUN_ID='manual__2024-07-20T22:35:53.657535+00:00'
[2024-07-20T22:35:55.481+0000] {taskinstance.py:430} INFO - ::endgroup::
[2024-07-20T22:35:55.493+0000] {subprocess.py:63} INFO - Tmp dir root location: /tmp
[2024-07-20T22:35:55.495+0000] {subprocess.py:75} INFO - Running command: ['/usr/bin/bash', '-c', "PGPASSWORD='***' pg_dump -h 10.82.0.4 -U etl_user_3 -n source_data -Fc -f /opt/***/dags/scripts/sql-scripts/ods_refresh.dump source"]
[2024-07-20T22:35:55.502+0000] {subprocess.py:86} INFO - Output:
[2024-07-20T22:35:59.344+0000] {subprocess.py:97} INFO - Command exited with return code 0
[2024-07-20T22:35:59.365+0000] {taskinstance.py:441} INFO - ::group::Post task execution logs
[2024-07-20T22:35:59.430+0000] {taskinstance.py:1206} INFO - Marking task as SUCCESS. dag_id=refresh_ods, task_id=create_dump, run_id=manual__2024-07-20T22:35:53.657535+00:00, execution_date=20240720T223553, start_date=20240720T223555, end_date=20240720T223559
[2024-07-20T22:35:59.457+0000] {local_task_job_runner.py:240} INFO - Task exited with return code 0
[2024-07-20T22:35:59.489+0000] {taskinstance.py:3503} INFO - 1 downstream tasks scheduled from follow-on schedule check
[2024-07-20T22:35:59.491+0000] {local_task_job_runner.py:222} INFO - ::endgroup::
