[2024-07-20T18:31:17.813+0000] {local_task_job_runner.py:120} INFO - ::group::Pre task execution logs
[2024-07-20T18:31:17.822+0000] {taskinstance.py:2076} INFO - Dependencies all met for dep_context=non-requeueable deps ti=<TaskInstance: daily_copy_schema_optimized_with_cache.copy_all_tables manual__2024-07-20T18:31:08.154405+00:00 [queued]>
[2024-07-20T18:31:17.824+0000] {taskinstance.py:2076} INFO - Dependencies all met for dep_context=requeueable deps ti=<TaskInstance: daily_copy_schema_optimized_with_cache.copy_all_tables manual__2024-07-20T18:31:08.154405+00:00 [queued]>
[2024-07-20T18:31:17.825+0000] {taskinstance.py:2306} INFO - Starting attempt 1 of 2
[2024-07-20T18:31:17.830+0000] {taskinstance.py:2330} INFO - Executing <Task(PythonOperator): copy_all_tables> on 2024-07-20 18:31:08.154405+00:00
[2024-07-20T18:31:17.834+0000] {warnings.py:112} WARNING - /home/***/.local/lib/python3.12/site-packages/***/task/task_runner/standard_task_runner.py:61: DeprecationWarning: This process (pid=1079) is multi-threaded, use of fork() may lead to deadlocks in the child.
  pid = os.fork()

[2024-07-20T18:31:17.835+0000] {standard_task_runner.py:63} INFO - Started process 1081 to run task
[2024-07-20T18:31:17.835+0000] {standard_task_runner.py:90} INFO - Running: ['***', 'tasks', 'run', 'daily_copy_schema_optimized_with_cache', 'copy_all_tables', 'manual__2024-07-20T18:31:08.154405+00:00', '--job-id', '178', '--raw', '--subdir', 'DAGS_FOLDER/update_ods.py', '--cfg-path', '/tmp/tmp_5dc9y_b']
[2024-07-20T18:31:17.837+0000] {standard_task_runner.py:91} INFO - Job 178: Subtask copy_all_tables
[2024-07-20T18:31:17.858+0000] {task_command.py:426} INFO - Running <TaskInstance: daily_copy_schema_optimized_with_cache.copy_all_tables manual__2024-07-20T18:31:08.154405+00:00 [running]> on host 89202c950a25
[2024-07-20T18:31:17.905+0000] {taskinstance.py:2648} INFO - Exporting env vars: AIRFLOW_CTX_DAG_OWNER='***' AIRFLOW_CTX_DAG_ID='daily_copy_schema_optimized_with_cache' AIRFLOW_CTX_TASK_ID='copy_all_tables' AIRFLOW_CTX_EXECUTION_DATE='2024-07-20T18:31:08.154405+00:00' AIRFLOW_CTX_TRY_NUMBER='1' AIRFLOW_CTX_DAG_RUN_ID='manual__2024-07-20T18:31:08.154405+00:00'
[2024-07-20T18:31:17.906+0000] {taskinstance.py:430} INFO - ::endgroup::
[2024-07-20T18:31:17.910+0000] {base.py:84} INFO - Using connection ID 'source_db' for task execution.
[2024-07-20T18:31:18.040+0000] {base.py:84} INFO - Using connection ID 'target_db' for task execution.
[2024-07-20T18:38:54.599+0000] {python.py:237} INFO - Done. Returned value was: None
[2024-07-20T18:38:54.642+0000] {taskinstance.py:441} INFO - ::group::Post task execution logs
[2024-07-20T18:38:54.769+0000] {taskinstance.py:1206} INFO - Marking task as SUCCESS. dag_id=daily_copy_schema_optimized_with_cache, task_id=copy_all_tables, run_id=manual__2024-07-20T18:31:08.154405+00:00, execution_date=20240720T183108, start_date=20240720T183117, end_date=20240720T183854
[2024-07-20T18:38:54.870+0000] {local_task_job_runner.py:240} INFO - Task exited with return code 0
[2024-07-20T18:38:55.074+0000] {taskinstance.py:3503} INFO - 0 downstream tasks scheduled from follow-on schedule check
[2024-07-20T18:38:55.075+0000] {local_task_job_runner.py:222} INFO - ::endgroup::
