[2024-07-25T11:05:52.463+0000] {local_task_job_runner.py:120} INFO - ::group::Pre task execution logs
[2024-07-25T11:05:52.473+0000] {taskinstance.py:2076} INFO - Dependencies all met for dep_context=non-requeueable deps ti=<TaskInstance: refresh_ods.create_dump scheduled__2024-07-24T00:00:00+00:00 [queued]>
[2024-07-25T11:05:52.476+0000] {taskinstance.py:2076} INFO - Dependencies all met for dep_context=requeueable deps ti=<TaskInstance: refresh_ods.create_dump scheduled__2024-07-24T00:00:00+00:00 [queued]>
[2024-07-25T11:05:52.476+0000] {taskinstance.py:2306} INFO - Starting attempt 1 of 2
[2024-07-25T11:05:52.484+0000] {taskinstance.py:2330} INFO - Executing <Task(BashOperator): create_dump> on 2024-07-24 00:00:00+00:00
[2024-07-25T11:05:52.497+0000] {warnings.py:112} WARNING - /home/***/.local/lib/python3.12/site-packages/***/task/task_runner/standard_task_runner.py:61: DeprecationWarning: This process (pid=874) is multi-threaded, use of fork() may lead to deadlocks in the child.
  pid = os.fork()

[2024-07-25T11:05:52.498+0000] {standard_task_runner.py:63} INFO - Started process 876 to run task
[2024-07-25T11:05:52.498+0000] {standard_task_runner.py:90} INFO - Running: ['***', 'tasks', 'run', 'refresh_ods', 'create_dump', 'scheduled__2024-07-24T00:00:00+00:00', '--job-id', '365', '--raw', '--subdir', 'DAGS_FOLDER/refresh_data.py', '--cfg-path', '/tmp/tmp138ux3va']
[2024-07-25T11:05:52.499+0000] {standard_task_runner.py:91} INFO - Job 365: Subtask create_dump
[2024-07-25T11:05:52.521+0000] {task_command.py:426} INFO - Running <TaskInstance: refresh_ods.create_dump scheduled__2024-07-24T00:00:00+00:00 [running]> on host ce8b503e836d
[2024-07-25T11:05:52.557+0000] {taskinstance.py:2648} INFO - Exporting env vars: AIRFLOW_CTX_DAG_OWNER='***' AIRFLOW_CTX_DAG_ID='refresh_ods' AIRFLOW_CTX_TASK_ID='create_dump' AIRFLOW_CTX_EXECUTION_DATE='2024-07-24T00:00:00+00:00' AIRFLOW_CTX_TRY_NUMBER='1' AIRFLOW_CTX_DAG_RUN_ID='scheduled__2024-07-24T00:00:00+00:00'
[2024-07-25T11:05:52.558+0000] {taskinstance.py:430} INFO - ::endgroup::
[2024-07-25T11:05:52.559+0000] {subprocess.py:63} INFO - Tmp dir root location: /tmp
[2024-07-25T11:05:52.559+0000] {subprocess.py:75} INFO - Running command: ['/usr/bin/bash', '-c', "\n    PGPASSWORD='***' pg_dump -h 10.82.0.4 -U etl_user_3 -n source_data  --data-only -f /opt/***/dags/scripts/sql-scripts/ods_refresh.sql source\n    "]
[2024-07-25T11:05:52.565+0000] {subprocess.py:86} INFO - Output:
[2024-07-25T11:05:57.875+0000] {subprocess.py:97} INFO - Command exited with return code 0
[2024-07-25T11:05:57.881+0000] {taskinstance.py:441} INFO - ::group::Post task execution logs
[2024-07-25T11:05:57.919+0000] {taskinstance.py:1206} INFO - Marking task as SUCCESS. dag_id=refresh_ods, task_id=create_dump, run_id=scheduled__2024-07-24T00:00:00+00:00, execution_date=20240724T000000, start_date=20240725T110552, end_date=20240725T110557
[2024-07-25T11:05:57.951+0000] {local_task_job_runner.py:240} INFO - Task exited with return code 0
[2024-07-25T11:05:57.963+0000] {warnings.py:112} WARNING - /home/***/.local/lib/python3.12/site-packages/***/models/baseoperator.py:1297: AirflowProviderDeprecationWarning: Call to deprecated class PostgresOperator. (Please use `***.providers.common.sql.operators.sql.SQLExecuteQueryOperator`.Also, you can provide `hook_params={'schema': <database>}`.)
  result = cls.__new__(cls)

[2024-07-25T11:05:57.975+0000] {taskinstance.py:3503} INFO - 1 downstream tasks scheduled from follow-on schedule check
[2024-07-25T11:05:57.975+0000] {local_task_job_runner.py:222} INFO - ::endgroup::
