[2024-07-20T18:31:15.733+0000] {local_task_job_runner.py:120} INFO - ::group::Pre task execution logs
[2024-07-20T18:31:15.743+0000] {taskinstance.py:2076} INFO - Dependencies all met for dep_context=non-requeueable deps ti=<TaskInstance: daily_copy_schema_optimized_with_cache.truncate_schema manual__2024-07-20T18:31:08.154405+00:00 [queued]>
[2024-07-20T18:31:15.746+0000] {taskinstance.py:2076} INFO - Dependencies all met for dep_context=requeueable deps ti=<TaskInstance: daily_copy_schema_optimized_with_cache.truncate_schema manual__2024-07-20T18:31:08.154405+00:00 [queued]>
[2024-07-20T18:31:15.746+0000] {taskinstance.py:2306} INFO - Starting attempt 1 of 2
[2024-07-20T18:31:15.752+0000] {taskinstance.py:2330} INFO - Executing <Task(PythonOperator): truncate_schema> on 2024-07-20 18:31:08.154405+00:00
[2024-07-20T18:31:15.766+0000] {warnings.py:112} WARNING - /home/***/.local/lib/python3.12/site-packages/***/task/task_runner/standard_task_runner.py:61: DeprecationWarning: This process (pid=1076) is multi-threaded, use of fork() may lead to deadlocks in the child.
  pid = os.fork()

[2024-07-20T18:31:15.769+0000] {standard_task_runner.py:63} INFO - Started process 1078 to run task
[2024-07-20T18:31:15.769+0000] {standard_task_runner.py:90} INFO - Running: ['***', 'tasks', 'run', 'daily_copy_schema_optimized_with_cache', 'truncate_schema', 'manual__2024-07-20T18:31:08.154405+00:00', '--job-id', '177', '--raw', '--subdir', 'DAGS_FOLDER/update_ods.py', '--cfg-path', '/tmp/tmpbp4ciz9v']
[2024-07-20T18:31:15.771+0000] {standard_task_runner.py:91} INFO - Job 177: Subtask truncate_schema
[2024-07-20T18:31:15.798+0000] {task_command.py:426} INFO - Running <TaskInstance: daily_copy_schema_optimized_with_cache.truncate_schema manual__2024-07-20T18:31:08.154405+00:00 [running]> on host 89202c950a25
[2024-07-20T18:31:15.839+0000] {taskinstance.py:2648} INFO - Exporting env vars: AIRFLOW_CTX_DAG_OWNER='***' AIRFLOW_CTX_DAG_ID='daily_copy_schema_optimized_with_cache' AIRFLOW_CTX_TASK_ID='truncate_schema' AIRFLOW_CTX_EXECUTION_DATE='2024-07-20T18:31:08.154405+00:00' AIRFLOW_CTX_TRY_NUMBER='1' AIRFLOW_CTX_DAG_RUN_ID='manual__2024-07-20T18:31:08.154405+00:00'
[2024-07-20T18:31:15.840+0000] {taskinstance.py:430} INFO - ::endgroup::
[2024-07-20T18:31:15.846+0000] {base.py:84} INFO - Using connection ID 'target_db' for task execution.
[2024-07-20T18:31:16.266+0000] {python.py:237} INFO - Done. Returned value was: None
[2024-07-20T18:31:16.268+0000] {taskinstance.py:441} INFO - ::group::Post task execution logs
[2024-07-20T18:31:16.276+0000] {taskinstance.py:1206} INFO - Marking task as SUCCESS. dag_id=daily_copy_schema_optimized_with_cache, task_id=truncate_schema, run_id=manual__2024-07-20T18:31:08.154405+00:00, execution_date=20240720T183108, start_date=20240720T183115, end_date=20240720T183116
[2024-07-20T18:31:16.294+0000] {local_task_job_runner.py:240} INFO - Task exited with return code 0
[2024-07-20T18:31:16.315+0000] {taskinstance.py:3503} INFO - 1 downstream tasks scheduled from follow-on schedule check
[2024-07-20T18:31:16.316+0000] {local_task_job_runner.py:222} INFO - ::endgroup::
