[2024-07-17T10:47:40.382+0000] {local_task_job_runner.py:120} INFO - ::group::Pre task execution logs
[2024-07-17T10:47:40.396+0000] {taskinstance.py:2076} INFO - Dependencies all met for dep_context=non-requeueable deps ti=<TaskInstance: refresh_ods_layer.get_target_params manual__2024-07-17T10:47:31.555657+00:00 [queued]>
[2024-07-17T10:47:40.399+0000] {taskinstance.py:2076} INFO - Dependencies all met for dep_context=requeueable deps ti=<TaskInstance: refresh_ods_layer.get_target_params manual__2024-07-17T10:47:31.555657+00:00 [queued]>
[2024-07-17T10:47:40.399+0000] {taskinstance.py:2306} INFO - Starting attempt 1 of 1
[2024-07-17T10:47:40.404+0000] {taskinstance.py:2330} INFO - Executing <Task(PythonOperator): get_target_params> on 2024-07-17 10:47:31.555657+00:00
[2024-07-17T10:47:40.408+0000] {warnings.py:112} WARNING - /home/***/.local/lib/python3.12/site-packages/***/task/task_runner/standard_task_runner.py:61: DeprecationWarning: This process (pid=610) is multi-threaded, use of fork() may lead to deadlocks in the child.
  pid = os.fork()

[2024-07-17T10:47:40.409+0000] {standard_task_runner.py:63} INFO - Started process 612 to run task
[2024-07-17T10:47:40.409+0000] {standard_task_runner.py:90} INFO - Running: ['***', 'tasks', 'run', 'refresh_ods_layer', 'get_target_params', 'manual__2024-07-17T10:47:31.555657+00:00', '--job-id', '134', '--raw', '--subdir', 'DAGS_FOLDER/refresh_ods.py', '--cfg-path', '/tmp/tmpzvbsytt3']
[2024-07-17T10:47:40.410+0000] {standard_task_runner.py:91} INFO - Job 134: Subtask get_target_params
[2024-07-17T10:47:40.429+0000] {task_command.py:426} INFO - Running <TaskInstance: refresh_ods_layer.get_target_params manual__2024-07-17T10:47:31.555657+00:00 [running]> on host 70110a06f087
[2024-07-17T10:47:40.460+0000] {taskinstance.py:2648} INFO - Exporting env vars: AIRFLOW_CTX_DAG_OWNER='***' AIRFLOW_CTX_DAG_ID='refresh_ods_layer' AIRFLOW_CTX_TASK_ID='get_target_params' AIRFLOW_CTX_EXECUTION_DATE='2024-07-17T10:47:31.555657+00:00' AIRFLOW_CTX_TRY_NUMBER='1' AIRFLOW_CTX_DAG_RUN_ID='manual__2024-07-17T10:47:31.555657+00:00'
[2024-07-17T10:47:40.461+0000] {taskinstance.py:430} INFO - ::endgroup::
[2024-07-17T10:47:40.464+0000] {base.py:84} INFO - Using connection ID 'target_db' for task execution.
[2024-07-17T10:47:40.595+0000] {python.py:237} INFO - Done. Returned value was: None
[2024-07-17T10:47:40.596+0000] {taskinstance.py:441} INFO - ::group::Post task execution logs
[2024-07-17T10:47:40.601+0000] {taskinstance.py:1206} INFO - Marking task as SUCCESS. dag_id=refresh_ods_layer, task_id=get_target_params, run_id=manual__2024-07-17T10:47:31.555657+00:00, execution_date=20240717T104731, start_date=20240717T104740, end_date=20240717T104740
[2024-07-17T10:47:40.637+0000] {local_task_job_runner.py:240} INFO - Task exited with return code 0
[2024-07-17T10:47:40.651+0000] {taskinstance.py:3503} INFO - 1 downstream tasks scheduled from follow-on schedule check
[2024-07-17T10:47:40.652+0000] {local_task_job_runner.py:222} INFO - ::endgroup::
