[2024-07-20T20:44:31.052+0000] {local_task_job_runner.py:120} INFO - ::group::Pre task execution logs
[2024-07-20T20:44:31.062+0000] {taskinstance.py:2076} INFO - Dependencies all met for dep_context=non-requeueable deps ti=<TaskInstance: refresh_ods.restore_dump manual__2024-07-20T20:44:20.298626+00:00 [queued]>
[2024-07-20T20:44:31.066+0000] {taskinstance.py:2076} INFO - Dependencies all met for dep_context=requeueable deps ti=<TaskInstance: refresh_ods.restore_dump manual__2024-07-20T20:44:20.298626+00:00 [queued]>
[2024-07-20T20:44:31.067+0000] {taskinstance.py:2306} INFO - Starting attempt 1 of 2
[2024-07-20T20:44:31.075+0000] {taskinstance.py:2330} INFO - Executing <Task(BashOperator): restore_dump> on 2024-07-20 20:44:20.298626+00:00
[2024-07-20T20:44:31.082+0000] {warnings.py:112} WARNING - /home/***/.local/lib/python3.12/site-packages/***/task/task_runner/standard_task_runner.py:61: DeprecationWarning: This process (pid=2765) is multi-threaded, use of fork() may lead to deadlocks in the child.
  pid = os.fork()

[2024-07-20T20:44:31.084+0000] {standard_task_runner.py:63} INFO - Started process 2767 to run task
[2024-07-20T20:44:31.083+0000] {standard_task_runner.py:90} INFO - Running: ['***', 'tasks', 'run', 'refresh_ods', 'restore_dump', 'manual__2024-07-20T20:44:20.298626+00:00', '--job-id', '236', '--raw', '--subdir', 'DAGS_FOLDER/refresh_ods.py', '--cfg-path', '/tmp/tmp08pd4z3e']
[2024-07-20T20:44:31.085+0000] {standard_task_runner.py:91} INFO - Job 236: Subtask restore_dump
[2024-07-20T20:44:31.114+0000] {task_command.py:426} INFO - Running <TaskInstance: refresh_ods.restore_dump manual__2024-07-20T20:44:20.298626+00:00 [running]> on host 89202c950a25
[2024-07-20T20:44:31.166+0000] {taskinstance.py:2648} INFO - Exporting env vars: AIRFLOW_CTX_DAG_OWNER='***' AIRFLOW_CTX_DAG_ID='refresh_ods' AIRFLOW_CTX_TASK_ID='restore_dump' AIRFLOW_CTX_EXECUTION_DATE='2024-07-20T20:44:20.298626+00:00' AIRFLOW_CTX_TRY_NUMBER='1' AIRFLOW_CTX_DAG_RUN_ID='manual__2024-07-20T20:44:20.298626+00:00'
[2024-07-20T20:44:31.168+0000] {taskinstance.py:430} INFO - ::endgroup::
[2024-07-20T20:44:31.173+0000] {subprocess.py:63} INFO - Tmp dir root location: /tmp
[2024-07-20T20:44:31.174+0000] {subprocess.py:75} INFO - Running command: ['/usr/bin/bash', '-c', "PGPASSWORD='***' pg_restore -h 10.82.0.4 -U etl_user_3 -d etl_db_3 -v -n ods_data /opt/***/dags/scripts/sql-scripts/ods_refresh.dump"]
[2024-07-20T20:44:31.182+0000] {subprocess.py:86} INFO - Output:
[2024-07-20T20:44:31.261+0000] {subprocess.py:93} INFO - pg_restore: connecting to database for restore
[2024-07-20T20:44:31.438+0000] {subprocess.py:93} INFO - pg_restore: implied data-only restore
[2024-07-20T20:44:31.931+0000] {subprocess.py:97} INFO - Command exited with return code 0
[2024-07-20T20:44:31.944+0000] {taskinstance.py:441} INFO - ::group::Post task execution logs
[2024-07-20T20:44:32.031+0000] {taskinstance.py:1206} INFO - Marking task as SUCCESS. dag_id=refresh_ods, task_id=restore_dump, run_id=manual__2024-07-20T20:44:20.298626+00:00, execution_date=20240720T204420, start_date=20240720T204431, end_date=20240720T204432
[2024-07-20T20:44:32.090+0000] {local_task_job_runner.py:240} INFO - Task exited with return code 0
[2024-07-20T20:44:32.130+0000] {taskinstance.py:3503} INFO - 0 downstream tasks scheduled from follow-on schedule check
[2024-07-20T20:44:32.132+0000] {local_task_job_runner.py:222} INFO - ::endgroup::
