[2024-07-20T21:20:36.148+0000] {local_task_job_runner.py:120} INFO - ::group::Pre task execution logs
[2024-07-20T21:20:36.174+0000] {taskinstance.py:2076} INFO - Dependencies all met for dep_context=non-requeueable deps ti=<TaskInstance: init_ods_layer.get_target_params manual__2024-07-20T21:20:20.252347+00:00 [queued]>
[2024-07-20T21:20:36.180+0000] {taskinstance.py:2076} INFO - Dependencies all met for dep_context=requeueable deps ti=<TaskInstance: init_ods_layer.get_target_params manual__2024-07-20T21:20:20.252347+00:00 [queued]>
[2024-07-20T21:20:36.181+0000] {taskinstance.py:2306} INFO - Starting attempt 1 of 1
[2024-07-20T21:20:36.190+0000] {taskinstance.py:2330} INFO - Executing <Task(PythonOperator): get_target_params> on 2024-07-20 21:20:20.252347+00:00
[2024-07-20T21:20:36.200+0000] {warnings.py:112} WARNING - /home/***/.local/lib/python3.12/site-packages/***/task/task_runner/standard_task_runner.py:61: DeprecationWarning: This process (pid=3046) is multi-threaded, use of fork() may lead to deadlocks in the child.
  pid = os.fork()

[2024-07-20T21:20:36.203+0000] {standard_task_runner.py:63} INFO - Started process 3048 to run task
[2024-07-20T21:20:36.205+0000] {standard_task_runner.py:90} INFO - Running: ['***', 'tasks', 'run', 'init_ods_layer', 'get_target_params', 'manual__2024-07-20T21:20:20.252347+00:00', '--job-id', '250', '--raw', '--subdir', 'DAGS_FOLDER/init_ods.py', '--cfg-path', '/tmp/tmpus4x0x4l']
[2024-07-20T21:20:36.210+0000] {standard_task_runner.py:91} INFO - Job 250: Subtask get_target_params
[2024-07-20T21:20:36.310+0000] {task_command.py:426} INFO - Running <TaskInstance: init_ods_layer.get_target_params manual__2024-07-20T21:20:20.252347+00:00 [running]> on host 89202c950a25
[2024-07-20T21:20:36.410+0000] {taskinstance.py:2648} INFO - Exporting env vars: AIRFLOW_CTX_DAG_OWNER='***' AIRFLOW_CTX_DAG_ID='init_ods_layer' AIRFLOW_CTX_TASK_ID='get_target_params' AIRFLOW_CTX_EXECUTION_DATE='2024-07-20T21:20:20.252347+00:00' AIRFLOW_CTX_TRY_NUMBER='1' AIRFLOW_CTX_DAG_RUN_ID='manual__2024-07-20T21:20:20.252347+00:00'
[2024-07-20T21:20:36.413+0000] {taskinstance.py:430} INFO - ::endgroup::
[2024-07-20T21:20:36.421+0000] {base.py:84} INFO - Using connection ID 'target_db' for task execution.
[2024-07-20T21:20:36.555+0000] {python.py:237} INFO - Done. Returned value was: None
[2024-07-20T21:20:36.558+0000] {taskinstance.py:441} INFO - ::group::Post task execution logs
[2024-07-20T21:20:36.564+0000] {taskinstance.py:1206} INFO - Marking task as SUCCESS. dag_id=init_ods_layer, task_id=get_target_params, run_id=manual__2024-07-20T21:20:20.252347+00:00, execution_date=20240720T212020, start_date=20240720T212036, end_date=20240720T212036
[2024-07-20T21:20:36.595+0000] {local_task_job_runner.py:240} INFO - Task exited with return code 0
[2024-07-20T21:20:36.618+0000] {taskinstance.py:3503} INFO - 1 downstream tasks scheduled from follow-on schedule check
[2024-07-20T21:20:36.620+0000] {local_task_job_runner.py:222} INFO - ::endgroup::
