[2024-07-17T10:16:40.942+0000] {local_task_job_runner.py:120} INFO - ::group::Pre task execution logs
[2024-07-17T10:16:40.955+0000] {taskinstance.py:2076} INFO - Dependencies all met for dep_context=non-requeueable deps ti=<TaskInstance: update_ods_data_from_source.update_all_tables manual__2024-07-17T10:16:39.763089+00:00 [queued]>
[2024-07-17T10:16:40.958+0000] {taskinstance.py:2076} INFO - Dependencies all met for dep_context=requeueable deps ti=<TaskInstance: update_ods_data_from_source.update_all_tables manual__2024-07-17T10:16:39.763089+00:00 [queued]>
[2024-07-17T10:16:40.958+0000] {taskinstance.py:2306} INFO - Starting attempt 1 of 1
[2024-07-17T10:16:40.964+0000] {taskinstance.py:2330} INFO - Executing <Task(PythonOperator): update_all_tables> on 2024-07-17 10:16:39.763089+00:00
[2024-07-17T10:16:40.967+0000] {warnings.py:112} WARNING - /home/***/.local/lib/python3.12/site-packages/***/task/task_runner/standard_task_runner.py:61: DeprecationWarning: This process (pid=175) is multi-threaded, use of fork() may lead to deadlocks in the child.
  pid = os.fork()

[2024-07-17T10:16:40.968+0000] {standard_task_runner.py:63} INFO - Started process 177 to run task
[2024-07-17T10:16:40.968+0000] {standard_task_runner.py:90} INFO - Running: ['***', 'tasks', 'run', 'update_ods_data_from_source', 'update_all_tables', 'manual__2024-07-17T10:16:39.763089+00:00', '--job-id', '125', '--raw', '--subdir', 'DAGS_FOLDER/update_ods.py', '--cfg-path', '/tmp/tmpwpg8ptr_']
[2024-07-17T10:16:40.969+0000] {standard_task_runner.py:91} INFO - Job 125: Subtask update_all_tables
[2024-07-17T10:16:40.987+0000] {task_command.py:426} INFO - Running <TaskInstance: update_ods_data_from_source.update_all_tables manual__2024-07-17T10:16:39.763089+00:00 [running]> on host 70110a06f087
[2024-07-17T10:16:41.022+0000] {taskinstance.py:2648} INFO - Exporting env vars: AIRFLOW_CTX_DAG_OWNER='***' AIRFLOW_CTX_DAG_ID='update_ods_data_from_source' AIRFLOW_CTX_TASK_ID='update_all_tables' AIRFLOW_CTX_EXECUTION_DATE='2024-07-17T10:16:39.763089+00:00' AIRFLOW_CTX_TRY_NUMBER='1' AIRFLOW_CTX_DAG_RUN_ID='manual__2024-07-17T10:16:39.763089+00:00'
[2024-07-17T10:16:41.024+0000] {taskinstance.py:430} INFO - ::endgroup::
[2024-07-17T10:16:41.028+0000] {base.py:84} INFO - Using connection ID 'source_db' for task execution.
[2024-07-17T10:16:41.226+0000] {base.py:84} INFO - Using connection ID 'source_db' for task execution.
[2024-07-17T10:16:41.345+0000] {base.py:84} INFO - Using connection ID 'target_db' for task execution.
[2024-07-17T10:16:41.871+0000] {base.py:84} INFO - Using connection ID 'source_db' for task execution.
[2024-07-17T10:16:41.997+0000] {base.py:84} INFO - Using connection ID 'target_db' for task execution.
[2024-07-17T10:16:55.372+0000] {base.py:84} INFO - Using connection ID 'source_db' for task execution.
[2024-07-17T10:16:55.529+0000] {base.py:84} INFO - Using connection ID 'target_db' for task execution.
[2024-07-17T10:16:56.064+0000] {base.py:84} INFO - Using connection ID 'source_db' for task execution.
[2024-07-17T10:16:56.215+0000] {base.py:84} INFO - Using connection ID 'target_db' for task execution.
[2024-07-17T10:16:57.463+0000] {base.py:84} INFO - Using connection ID 'source_db' for task execution.
[2024-07-17T10:16:57.625+0000] {base.py:84} INFO - Using connection ID 'target_db' for task execution.
[2024-07-17T10:16:58.103+0000] {base.py:84} INFO - Using connection ID 'source_db' for task execution.
[2024-07-17T10:16:58.241+0000] {base.py:84} INFO - Using connection ID 'target_db' for task execution.
[2024-07-17T10:18:12.226+0000] {base.py:84} INFO - Using connection ID 'source_db' for task execution.
[2024-07-17T10:18:12.355+0000] {base.py:84} INFO - Using connection ID 'target_db' for task execution.
[2024-07-17T10:18:12.819+0000] {base.py:84} INFO - Using connection ID 'source_db' for task execution.
[2024-07-17T10:18:12.932+0000] {base.py:84} INFO - Using connection ID 'target_db' for task execution.
[2024-07-17T10:18:14.100+0000] {base.py:84} INFO - Using connection ID 'source_db' for task execution.
[2024-07-17T10:18:14.214+0000] {base.py:84} INFO - Using connection ID 'target_db' for task execution.
[2024-07-17T10:18:14.976+0000] {base.py:84} INFO - Using connection ID 'source_db' for task execution.
[2024-07-17T10:18:15.107+0000] {base.py:84} INFO - Using connection ID 'target_db' for task execution.
[2024-07-17T10:18:59.193+0000] {base.py:84} INFO - Using connection ID 'source_db' for task execution.
[2024-07-17T10:18:59.326+0000] {base.py:84} INFO - Using connection ID 'target_db' for task execution.
[2024-07-17T10:19:00.836+0000] {base.py:84} INFO - Using connection ID 'source_db' for task execution.
[2024-07-17T10:19:00.977+0000] {base.py:84} INFO - Using connection ID 'target_db' for task execution.
[2024-07-17T10:19:01.692+0000] {base.py:84} INFO - Using connection ID 'source_db' for task execution.
[2024-07-17T10:19:01.815+0000] {base.py:84} INFO - Using connection ID 'target_db' for task execution.
[2024-07-17T10:19:02.305+0000] {base.py:84} INFO - Using connection ID 'source_db' for task execution.
[2024-07-17T10:19:02.440+0000] {base.py:84} INFO - Using connection ID 'target_db' for task execution.
[2024-07-17T10:20:02.279+0000] {base.py:84} INFO - Using connection ID 'source_db' for task execution.
[2024-07-17T10:20:02.407+0000] {base.py:84} INFO - Using connection ID 'target_db' for task execution.
[2024-07-17T10:20:17.329+0000] {base.py:84} INFO - Using connection ID 'source_db' for task execution.
[2024-07-17T10:20:17.541+0000] {base.py:84} INFO - Using connection ID 'target_db' for task execution.
[2024-07-17T10:20:18.357+0000] {base.py:84} INFO - Using connection ID 'source_db' for task execution.
[2024-07-17T10:20:18.474+0000] {base.py:84} INFO - Using connection ID 'target_db' for task execution.
[2024-07-17T10:20:19.019+0000] {base.py:84} INFO - Using connection ID 'source_db' for task execution.
[2024-07-17T10:20:19.154+0000] {base.py:84} INFO - Using connection ID 'target_db' for task execution.
[2024-07-17T10:20:33.696+0000] {base.py:84} INFO - Using connection ID 'source_db' for task execution.
[2024-07-17T10:20:33.823+0000] {base.py:84} INFO - Using connection ID 'target_db' for task execution.
[2024-07-17T10:20:39.614+0000] {base.py:84} INFO - Using connection ID 'source_db' for task execution.
[2024-07-17T10:20:39.733+0000] {base.py:84} INFO - Using connection ID 'target_db' for task execution.
[2024-07-17T10:21:16.383+0000] {base.py:84} INFO - Using connection ID 'source_db' for task execution.
[2024-07-17T10:21:16.832+0000] {base.py:84} INFO - Using connection ID 'target_db' for task execution.
[2024-07-17T10:21:22.236+0000] {base.py:84} INFO - Using connection ID 'source_db' for task execution.
[2024-07-17T10:21:22.364+0000] {base.py:84} INFO - Using connection ID 'target_db' for task execution.
[2024-07-17T10:21:57.509+0000] {base.py:84} INFO - Using connection ID 'source_db' for task execution.
[2024-07-17T10:21:57.630+0000] {base.py:84} INFO - Using connection ID 'target_db' for task execution.
[2024-07-17T10:23:28.120+0000] {base.py:84} INFO - Using connection ID 'source_db' for task execution.
[2024-07-17T10:23:28.242+0000] {base.py:84} INFO - Using connection ID 'target_db' for task execution.
[2024-07-17T10:23:28.671+0000] {base.py:84} INFO - Using connection ID 'source_db' for task execution.
[2024-07-17T10:23:28.799+0000] {base.py:84} INFO - Using connection ID 'target_db' for task execution.
[2024-07-17T10:23:38.513+0000] {base.py:84} INFO - Using connection ID 'source_db' for task execution.
[2024-07-17T10:23:38.650+0000] {base.py:84} INFO - Using connection ID 'target_db' for task execution.
[2024-07-17T10:23:46.948+0000] {base.py:84} INFO - Using connection ID 'source_db' for task execution.
[2024-07-17T10:23:47.076+0000] {base.py:84} INFO - Using connection ID 'target_db' for task execution.
[2024-07-17T10:23:47.469+0000] {base.py:84} INFO - Using connection ID 'source_db' for task execution.
[2024-07-17T10:23:47.584+0000] {base.py:84} INFO - Using connection ID 'target_db' for task execution.
[2024-07-17T10:23:48.589+0000] {base.py:84} INFO - Using connection ID 'source_db' for task execution.
[2024-07-17T10:23:48.717+0000] {base.py:84} INFO - Using connection ID 'target_db' for task execution.
[2024-07-17T10:23:57.784+0000] {base.py:84} INFO - Using connection ID 'source_db' for task execution.
[2024-07-17T10:23:57.913+0000] {base.py:84} INFO - Using connection ID 'target_db' for task execution.
[2024-07-17T10:24:12.684+0000] {base.py:84} INFO - Using connection ID 'source_db' for task execution.
[2024-07-17T10:24:12.811+0000] {base.py:84} INFO - Using connection ID 'target_db' for task execution.
[2024-07-17T10:24:14.637+0000] {python.py:237} INFO - Done. Returned value was: None
[2024-07-17T10:24:14.643+0000] {taskinstance.py:441} INFO - ::group::Post task execution logs
[2024-07-17T10:24:14.655+0000] {taskinstance.py:1206} INFO - Marking task as SUCCESS. dag_id=update_ods_data_from_source, task_id=update_all_tables, run_id=manual__2024-07-17T10:16:39.763089+00:00, execution_date=20240717T101639, start_date=20240717T101640, end_date=20240717T102414
[2024-07-17T10:24:14.673+0000] {local_task_job_runner.py:240} INFO - Task exited with return code 0
[2024-07-17T10:24:14.697+0000] {taskinstance.py:3503} INFO - 0 downstream tasks scheduled from follow-on schedule check
[2024-07-17T10:24:14.698+0000] {local_task_job_runner.py:222} INFO - ::endgroup::
