[2024-07-20T21:42:13.133+0000] {local_task_job_runner.py:120} INFO - ::group::Pre task execution logs
[2024-07-20T21:42:13.146+0000] {taskinstance.py:2076} INFO - Dependencies all met for dep_context=non-requeueable deps ti=<TaskInstance: refresh_ods.create_dump manual__2024-07-20T21:42:10.166855+00:00 [queued]>
[2024-07-20T21:42:13.150+0000] {taskinstance.py:2076} INFO - Dependencies all met for dep_context=requeueable deps ti=<TaskInstance: refresh_ods.create_dump manual__2024-07-20T21:42:10.166855+00:00 [queued]>
[2024-07-20T21:42:13.150+0000] {taskinstance.py:2306} INFO - Starting attempt 1 of 2
[2024-07-20T21:42:13.156+0000] {taskinstance.py:2330} INFO - Executing <Task(BashOperator): create_dump> on 2024-07-20 21:42:10.166855+00:00
[2024-07-20T21:42:13.166+0000] {warnings.py:112} WARNING - /home/***/.local/lib/python3.12/site-packages/***/task/task_runner/standard_task_runner.py:61: DeprecationWarning: This process (pid=3386) is multi-threaded, use of fork() may lead to deadlocks in the child.
  pid = os.fork()

[2024-07-20T21:42:13.166+0000] {standard_task_runner.py:63} INFO - Started process 3388 to run task
[2024-07-20T21:42:13.167+0000] {standard_task_runner.py:90} INFO - Running: ['***', 'tasks', 'run', 'refresh_ods', 'create_dump', 'manual__2024-07-20T21:42:10.166855+00:00', '--job-id', '269', '--raw', '--subdir', 'DAGS_FOLDER/refresh_ods.py', '--cfg-path', '/tmp/tmpod4yvjgt']
[2024-07-20T21:42:13.170+0000] {standard_task_runner.py:91} INFO - Job 269: Subtask create_dump
[2024-07-20T21:42:13.218+0000] {task_command.py:426} INFO - Running <TaskInstance: refresh_ods.create_dump manual__2024-07-20T21:42:10.166855+00:00 [running]> on host 89202c950a25
[2024-07-20T21:42:13.262+0000] {taskinstance.py:2648} INFO - Exporting env vars: AIRFLOW_CTX_DAG_OWNER='***' AIRFLOW_CTX_DAG_ID='refresh_ods' AIRFLOW_CTX_TASK_ID='create_dump' AIRFLOW_CTX_EXECUTION_DATE='2024-07-20T21:42:10.166855+00:00' AIRFLOW_CTX_TRY_NUMBER='1' AIRFLOW_CTX_DAG_RUN_ID='manual__2024-07-20T21:42:10.166855+00:00'
[2024-07-20T21:42:13.266+0000] {taskinstance.py:430} INFO - ::endgroup::
[2024-07-20T21:42:13.273+0000] {subprocess.py:63} INFO - Tmp dir root location: /tmp
[2024-07-20T21:42:13.274+0000] {subprocess.py:75} INFO - Running command: ['/usr/bin/bash', '-c', "PGPASSWORD='***' pg_dump -h 10.82.0.4 -U etl_user_3 -n source_data --data-only -f /opt/***/dags/scripts/sql-scripts/ods_refresh.sql source"]
[2024-07-20T21:42:13.284+0000] {subprocess.py:86} INFO - Output:
[2024-07-20T21:42:17.367+0000] {subprocess.py:97} INFO - Command exited with return code 0
[2024-07-20T21:42:17.389+0000] {taskinstance.py:441} INFO - ::group::Post task execution logs
[2024-07-20T21:42:17.431+0000] {taskinstance.py:1206} INFO - Marking task as SUCCESS. dag_id=refresh_ods, task_id=create_dump, run_id=manual__2024-07-20T21:42:10.166855+00:00, execution_date=20240720T214210, start_date=20240720T214213, end_date=20240720T214217
[2024-07-20T21:42:17.504+0000] {local_task_job_runner.py:240} INFO - Task exited with return code 0
[2024-07-20T21:42:17.542+0000] {taskinstance.py:3503} INFO - 1 downstream tasks scheduled from follow-on schedule check
[2024-07-20T21:42:17.543+0000] {local_task_job_runner.py:222} INFO - ::endgroup::
