[2024-07-25T12:12:59.373+0000] {local_task_job_runner.py:120} INFO - ::group::Pre task execution logs
[2024-07-25T12:12:59.395+0000] {taskinstance.py:2076} INFO - Dependencies all met for dep_context=non-requeueable deps ti=<TaskInstance: data_pipeline.restore_dump manual__2024-07-25T12:12:44.651024+00:00 [queued]>
[2024-07-25T12:12:59.398+0000] {taskinstance.py:2076} INFO - Dependencies all met for dep_context=requeueable deps ti=<TaskInstance: data_pipeline.restore_dump manual__2024-07-25T12:12:44.651024+00:00 [queued]>
[2024-07-25T12:12:59.398+0000] {taskinstance.py:2306} INFO - Starting attempt 1 of 2
[2024-07-25T12:12:59.402+0000] {taskinstance.py:2330} INFO - Executing <Task(BashOperator): restore_dump> on 2024-07-25 12:12:44.651024+00:00
[2024-07-25T12:12:59.408+0000] {warnings.py:112} WARNING - /home/***/.local/lib/python3.12/site-packages/***/task/task_runner/standard_task_runner.py:61: DeprecationWarning: This process (pid=113) is multi-threaded, use of fork() may lead to deadlocks in the child.
  pid = os.fork()

[2024-07-25T12:12:59.409+0000] {standard_task_runner.py:63} INFO - Started process 115 to run task
[2024-07-25T12:12:59.409+0000] {standard_task_runner.py:90} INFO - Running: ['***', 'tasks', 'run', 'data_pipeline', 'restore_dump', 'manual__2024-07-25T12:12:44.651024+00:00', '--job-id', '380', '--raw', '--subdir', 'DAGS_FOLDER/data_pipeline.py', '--cfg-path', '/tmp/tmp85y9lyg7']
[2024-07-25T12:12:59.410+0000] {standard_task_runner.py:91} INFO - Job 380: Subtask restore_dump
[2024-07-25T12:12:59.429+0000] {task_command.py:426} INFO - Running <TaskInstance: data_pipeline.restore_dump manual__2024-07-25T12:12:44.651024+00:00 [running]> on host ce8b503e836d
[2024-07-25T12:12:59.458+0000] {taskinstance.py:2648} INFO - Exporting env vars: AIRFLOW_CTX_DAG_OWNER='***' AIRFLOW_CTX_DAG_ID='data_pipeline' AIRFLOW_CTX_TASK_ID='restore_dump' AIRFLOW_CTX_EXECUTION_DATE='2024-07-25T12:12:44.651024+00:00' AIRFLOW_CTX_TRY_NUMBER='1' AIRFLOW_CTX_DAG_RUN_ID='manual__2024-07-25T12:12:44.651024+00:00'
[2024-07-25T12:12:59.459+0000] {taskinstance.py:430} INFO - ::endgroup::
[2024-07-25T12:12:59.459+0000] {subprocess.py:63} INFO - Tmp dir root location: /tmp
[2024-07-25T12:12:59.460+0000] {subprocess.py:75} INFO - Running command: ['/usr/bin/bash', '-c', "\n    PGPASSWORD='***' psql -h 10.82.0.4 -U etl_user_3 -d etl_db_3 -f /opt/***/dags/scripts/sql-scripts/ods_refresh.sql\n    "]
[2024-07-25T12:12:59.464+0000] {subprocess.py:86} INFO - Output:
[2024-07-25T12:12:59.667+0000] {subprocess.py:93} INFO - SET
[2024-07-25T12:12:59.697+0000] {subprocess.py:93} INFO - SET
[2024-07-25T12:12:59.726+0000] {subprocess.py:93} INFO - SET
[2024-07-25T12:12:59.759+0000] {subprocess.py:93} INFO - SET
[2024-07-25T12:12:59.812+0000] {subprocess.py:93} INFO - SET
[2024-07-25T12:12:59.848+0000] {subprocess.py:93} INFO -  set_config
[2024-07-25T12:12:59.850+0000] {subprocess.py:93} INFO - ------------
[2024-07-25T12:12:59.851+0000] {subprocess.py:93} INFO - 
[2024-07-25T12:12:59.851+0000] {subprocess.py:93} INFO - (1 row)
[2024-07-25T12:12:59.852+0000] {subprocess.py:93} INFO - 
[2024-07-25T12:12:59.876+0000] {subprocess.py:93} INFO - SET
[2024-07-25T12:12:59.906+0000] {subprocess.py:93} INFO - SET
[2024-07-25T12:12:59.934+0000] {subprocess.py:93} INFO - SET
[2024-07-25T12:12:59.963+0000] {subprocess.py:93} INFO - SET
[2024-07-25T12:13:00.035+0000] {subprocess.py:93} INFO - COPY 17
[2024-07-25T12:13:00.187+0000] {subprocess.py:93} INFO - COPY 495
[2024-07-25T12:13:00.247+0000] {subprocess.py:93} INFO - COPY 25
[2024-07-25T12:13:00.379+0000] {subprocess.py:93} INFO - COPY 1993
[2024-07-25T12:13:00.615+0000] {subprocess.py:93} INFO - COPY 2971
[2024-07-25T12:13:00.684+0000] {subprocess.py:93} INFO - COPY 306
[2024-07-25T12:13:00.762+0000] {subprocess.py:93} INFO - COPY 318
[2024-07-25T12:13:00.822+0000] {subprocess.py:93} INFO - COPY 8
[2024-07-25T12:13:00.884+0000] {subprocess.py:93} INFO - COPY 40
[2024-07-25T12:13:00.985+0000] {subprocess.py:93} INFO - COPY 1489
[2024-07-25T12:13:01.042+0000] {subprocess.py:93} INFO - COPY 13
[2024-07-25T12:13:01.181+0000] {subprocess.py:93} INFO - COPY 493
[2024-07-25T12:13:01.284+0000] {subprocess.py:93} INFO - COPY 1235
[2024-07-25T12:13:01.367+0000] {subprocess.py:93} INFO - COPY 483
[2024-07-25T12:13:01.475+0000] {subprocess.py:93} INFO - COPY 6
[2024-07-25T12:13:01.556+0000] {subprocess.py:93} INFO - COPY 188
[2024-07-25T12:13:01.624+0000] {subprocess.py:93} INFO - COPY 55
[2024-07-25T12:13:01.735+0000] {subprocess.py:93} INFO - COPY 2520
[2024-07-25T12:13:01.801+0000] {subprocess.py:93} INFO - COPY 8
[2024-07-25T12:13:01.872+0000] {subprocess.py:93} INFO - COPY 278
[2024-07-25T12:13:01.938+0000] {subprocess.py:93} INFO - COPY 31
[2024-07-25T12:13:02.010+0000] {subprocess.py:93} INFO - COPY 6
[2024-07-25T12:13:02.081+0000] {subprocess.py:93} INFO - COPY 6
[2024-07-25T12:13:02.140+0000] {subprocess.py:93} INFO - COPY 3
[2024-07-25T12:13:02.204+0000] {subprocess.py:93} INFO - COPY 3
[2024-07-25T12:13:02.269+0000] {subprocess.py:93} INFO - COPY 17
[2024-07-25T12:13:02.336+0000] {subprocess.py:93} INFO - COPY 174
[2024-07-25T12:13:02.443+0000] {subprocess.py:93} INFO - COPY 6
[2024-07-25T12:13:02.521+0000] {subprocess.py:93} INFO - COPY 451
[2024-07-25T12:13:02.580+0000] {subprocess.py:93} INFO - COPY 32
[2024-07-25T12:13:02.662+0000] {subprocess.py:93} INFO - COPY 1227
[2024-07-25T12:13:02.674+0000] {subprocess.py:97} INFO - Command exited with return code 0
[2024-07-25T12:13:02.681+0000] {taskinstance.py:441} INFO - ::group::Post task execution logs
[2024-07-25T12:13:02.731+0000] {taskinstance.py:1206} INFO - Marking task as SUCCESS. dag_id=data_pipeline, task_id=restore_dump, run_id=manual__2024-07-25T12:12:44.651024+00:00, execution_date=20240725T121244, start_date=20240725T121259, end_date=20240725T121302
[2024-07-25T12:13:02.774+0000] {local_task_job_runner.py:240} INFO - Task exited with return code 0
[2024-07-25T12:13:02.791+0000] {warnings.py:112} WARNING - /home/***/.local/lib/python3.12/site-packages/***/models/baseoperator.py:1297: AirflowProviderDeprecationWarning: Call to deprecated class PostgresOperator. (Please use `***.providers.common.sql.operators.sql.SQLExecuteQueryOperator`.Also, you can provide `hook_params={'schema': <database>}`.)
  result = cls.__new__(cls)

[2024-07-25T12:13:02.803+0000] {taskinstance.py:3503} INFO - 1 downstream tasks scheduled from follow-on schedule check
[2024-07-25T12:13:02.804+0000] {local_task_job_runner.py:222} INFO - ::endgroup::
