[2024-07-20T20:35:51.957+0000] {local_task_job_runner.py:120} INFO - ::group::Pre task execution logs
[2024-07-20T20:35:52.002+0000] {taskinstance.py:2076} INFO - Dependencies all met for dep_context=non-requeueable deps ti=<TaskInstance: refresh_ods.create_dump manual__2024-07-20T20:35:46.938149+00:00 [queued]>
[2024-07-20T20:35:52.010+0000] {taskinstance.py:2076} INFO - Dependencies all met for dep_context=requeueable deps ti=<TaskInstance: refresh_ods.create_dump manual__2024-07-20T20:35:46.938149+00:00 [queued]>
[2024-07-20T20:35:52.012+0000] {taskinstance.py:2306} INFO - Starting attempt 1 of 2
[2024-07-20T20:35:52.030+0000] {taskinstance.py:2330} INFO - Executing <Task(BashOperator): create_dump> on 2024-07-20 20:35:46.938149+00:00
[2024-07-20T20:35:52.093+0000] {warnings.py:112} WARNING - /home/***/.local/lib/python3.12/site-packages/***/task/task_runner/standard_task_runner.py:61: DeprecationWarning: This process (pid=2609) is multi-threaded, use of fork() may lead to deadlocks in the child.
  pid = os.fork()

[2024-07-20T20:35:52.096+0000] {standard_task_runner.py:63} INFO - Started process 2618 to run task
[2024-07-20T20:35:52.098+0000] {standard_task_runner.py:90} INFO - Running: ['***', 'tasks', 'run', 'refresh_ods', 'create_dump', 'manual__2024-07-20T20:35:46.938149+00:00', '--job-id', '224', '--raw', '--subdir', 'DAGS_FOLDER/refresh_ods.py', '--cfg-path', '/tmp/tmp5h0c_os0']
[2024-07-20T20:35:52.101+0000] {standard_task_runner.py:91} INFO - Job 224: Subtask create_dump
[2024-07-20T20:35:52.187+0000] {task_command.py:426} INFO - Running <TaskInstance: refresh_ods.create_dump manual__2024-07-20T20:35:46.938149+00:00 [running]> on host 89202c950a25
[2024-07-20T20:35:52.349+0000] {taskinstance.py:2648} INFO - Exporting env vars: AIRFLOW_CTX_DAG_OWNER='***' AIRFLOW_CTX_DAG_ID='refresh_ods' AIRFLOW_CTX_TASK_ID='create_dump' AIRFLOW_CTX_EXECUTION_DATE='2024-07-20T20:35:46.938149+00:00' AIRFLOW_CTX_TRY_NUMBER='1' AIRFLOW_CTX_DAG_RUN_ID='manual__2024-07-20T20:35:46.938149+00:00'
[2024-07-20T20:35:52.365+0000] {taskinstance.py:430} INFO - ::endgroup::
[2024-07-20T20:35:52.377+0000] {subprocess.py:63} INFO - Tmp dir root location: /tmp
[2024-07-20T20:35:52.380+0000] {subprocess.py:75} INFO - Running command: ['/usr/bin/bash', '-c', "PGPASSWORD='***' pg_dump -h 10.82.0.4 -U etl_user_3 --data-only -n source_data -f dags/scripts/sql-scripts/ods_dump.sql source"]
[2024-07-20T20:35:52.396+0000] {subprocess.py:86} INFO - Output:
[2024-07-20T20:35:56.381+0000] {subprocess.py:93} INFO - pg_dump: error: could not open output file "dags/scripts/sql-scripts/ods_dump.sql": No such file or directory
[2024-07-20T20:35:56.559+0000] {subprocess.py:97} INFO - Command exited with return code 1
[2024-07-20T20:35:56.599+0000] {taskinstance.py:441} INFO - ::group::Post task execution logs
[2024-07-20T20:35:56.816+0000] {taskinstance.py:2905} ERROR - Task failed with exception
Traceback (most recent call last):
  File "/home/airflow/.local/lib/python3.12/site-packages/airflow/models/taskinstance.py", line 465, in _execute_task
    result = _execute_callable(context=context, **execute_callable_kwargs)
             ^^^^^^^^^^^^^^^^^^^^^^^^^^^^^^^^^^^^^^^^^^^^^^^^^^^^^^^^^^^^^
  File "/home/airflow/.local/lib/python3.12/site-packages/airflow/models/taskinstance.py", line 432, in _execute_callable
    return execute_callable(context=context, **execute_callable_kwargs)
           ^^^^^^^^^^^^^^^^^^^^^^^^^^^^^^^^^^^^^^^^^^^^^^^^^^^^^^^^^^^^
  File "/home/airflow/.local/lib/python3.12/site-packages/airflow/models/baseoperator.py", line 401, in wrapper
    return func(self, *args, **kwargs)
           ^^^^^^^^^^^^^^^^^^^^^^^^^^^
  File "/home/airflow/.local/lib/python3.12/site-packages/airflow/operators/bash.py", line 243, in execute
    raise AirflowException(
airflow.exceptions.AirflowException: Bash command failed. The command returned a non-zero exit code 1.
[2024-07-20T20:35:56.880+0000] {taskinstance.py:1206} INFO - Marking task as UP_FOR_RETRY. dag_id=refresh_ods, task_id=create_dump, run_id=manual__2024-07-20T20:35:46.938149+00:00, execution_date=20240720T203546, start_date=20240720T203552, end_date=20240720T203556
[2024-07-20T20:35:56.932+0000] {standard_task_runner.py:110} ERROR - Failed to execute job 224 for task create_dump (Bash command failed. The command returned a non-zero exit code 1.; 2618)
[2024-07-20T20:35:57.019+0000] {local_task_job_runner.py:240} INFO - Task exited with return code 1
[2024-07-20T20:35:57.102+0000] {taskinstance.py:3503} INFO - 0 downstream tasks scheduled from follow-on schedule check
[2024-07-20T20:35:57.106+0000] {local_task_job_runner.py:222} INFO - ::endgroup::
