[2024-07-25T10:03:21.055+0000] {processor.py:161} INFO - Started process (PID=29) to work on /opt/airflow/dags/refresh_data.py
[2024-07-25T10:03:21.057+0000] {processor.py:830} INFO - Processing file /opt/airflow/dags/refresh_data.py for tasks to queue
[2024-07-25T10:03:21.059+0000] {logging_mixin.py:188} INFO - [2024-07-25T10:03:21.058+0000] {dagbag.py:545} INFO - Filling up the DagBag from /opt/airflow/dags/refresh_data.py
[2024-07-25T10:03:21.092+0000] {logging_mixin.py:188} INFO - [2024-07-25T10:03:21.092+0000] {base.py:84} INFO - Using connection ID 'source_db' for task execution.
[2024-07-25T10:04:42.027+0000] {processor.py:161} INFO - Started process (PID=146) to work on /opt/airflow/dags/refresh_data.py
[2024-07-25T10:04:42.028+0000] {processor.py:830} INFO - Processing file /opt/airflow/dags/refresh_data.py for tasks to queue
[2024-07-25T10:04:42.029+0000] {logging_mixin.py:188} INFO - [2024-07-25T10:04:42.029+0000] {dagbag.py:545} INFO - Filling up the DagBag from /opt/airflow/dags/refresh_data.py
[2024-07-25T10:04:42.073+0000] {logging_mixin.py:188} INFO - [2024-07-25T10:04:42.073+0000] {base.py:84} INFO - Using connection ID 'source_db' for task execution.
[2024-07-25T10:06:02.787+0000] {processor.py:161} INFO - Started process (PID=256) to work on /opt/airflow/dags/refresh_data.py
[2024-07-25T10:06:02.788+0000] {processor.py:830} INFO - Processing file /opt/airflow/dags/refresh_data.py for tasks to queue
[2024-07-25T10:06:02.789+0000] {logging_mixin.py:188} INFO - [2024-07-25T10:06:02.789+0000] {dagbag.py:545} INFO - Filling up the DagBag from /opt/airflow/dags/refresh_data.py
[2024-07-25T10:06:02.813+0000] {logging_mixin.py:188} INFO - [2024-07-25T10:06:02.813+0000] {base.py:84} INFO - Using connection ID 'source_db' for task execution.
[2024-07-25T10:07:23.311+0000] {processor.py:161} INFO - Started process (PID=430) to work on /opt/airflow/dags/refresh_data.py
[2024-07-25T10:07:23.312+0000] {processor.py:830} INFO - Processing file /opt/airflow/dags/refresh_data.py for tasks to queue
[2024-07-25T10:07:23.313+0000] {logging_mixin.py:188} INFO - [2024-07-25T10:07:23.312+0000] {dagbag.py:545} INFO - Filling up the DagBag from /opt/airflow/dags/refresh_data.py
[2024-07-25T10:07:23.333+0000] {logging_mixin.py:188} INFO - [2024-07-25T10:07:23.333+0000] {base.py:84} INFO - Using connection ID 'source_db' for task execution.
[2024-07-25T10:08:44.104+0000] {processor.py:161} INFO - Started process (PID=552) to work on /opt/airflow/dags/refresh_data.py
[2024-07-25T10:08:44.105+0000] {processor.py:830} INFO - Processing file /opt/airflow/dags/refresh_data.py for tasks to queue
[2024-07-25T10:08:44.106+0000] {logging_mixin.py:188} INFO - [2024-07-25T10:08:44.106+0000] {dagbag.py:545} INFO - Filling up the DagBag from /opt/airflow/dags/refresh_data.py
[2024-07-25T10:08:44.143+0000] {logging_mixin.py:188} INFO - [2024-07-25T10:08:44.143+0000] {base.py:84} INFO - Using connection ID 'source_db' for task execution.
[2024-07-25T10:10:04.297+0000] {processor.py:161} INFO - Started process (PID=720) to work on /opt/airflow/dags/refresh_data.py
[2024-07-25T10:10:04.298+0000] {processor.py:830} INFO - Processing file /opt/airflow/dags/refresh_data.py for tasks to queue
[2024-07-25T10:10:04.299+0000] {logging_mixin.py:188} INFO - [2024-07-25T10:10:04.299+0000] {dagbag.py:545} INFO - Filling up the DagBag from /opt/airflow/dags/refresh_data.py
[2024-07-25T10:10:04.325+0000] {logging_mixin.py:188} INFO - [2024-07-25T10:10:04.325+0000] {base.py:84} INFO - Using connection ID 'source_db' for task execution.
[2024-07-25T10:11:25.237+0000] {processor.py:161} INFO - Started process (PID=812) to work on /opt/airflow/dags/refresh_data.py
[2024-07-25T10:11:25.238+0000] {processor.py:830} INFO - Processing file /opt/airflow/dags/refresh_data.py for tasks to queue
[2024-07-25T10:11:25.239+0000] {logging_mixin.py:188} INFO - [2024-07-25T10:11:25.239+0000] {dagbag.py:545} INFO - Filling up the DagBag from /opt/airflow/dags/refresh_data.py
[2024-07-25T10:11:25.270+0000] {logging_mixin.py:188} INFO - [2024-07-25T10:11:25.270+0000] {base.py:84} INFO - Using connection ID 'source_db' for task execution.
[2024-07-25T10:12:45.835+0000] {processor.py:161} INFO - Started process (PID=934) to work on /opt/airflow/dags/refresh_data.py
[2024-07-25T10:12:45.836+0000] {processor.py:830} INFO - Processing file /opt/airflow/dags/refresh_data.py for tasks to queue
[2024-07-25T10:12:45.837+0000] {logging_mixin.py:188} INFO - [2024-07-25T10:12:45.836+0000] {dagbag.py:545} INFO - Filling up the DagBag from /opt/airflow/dags/refresh_data.py
[2024-07-25T10:12:45.856+0000] {logging_mixin.py:188} INFO - [2024-07-25T10:12:45.855+0000] {base.py:84} INFO - Using connection ID 'source_db' for task execution.
[2024-07-25T10:14:06.761+0000] {processor.py:161} INFO - Started process (PID=1050) to work on /opt/airflow/dags/refresh_data.py
[2024-07-25T10:14:06.762+0000] {processor.py:830} INFO - Processing file /opt/airflow/dags/refresh_data.py for tasks to queue
[2024-07-25T10:14:06.763+0000] {logging_mixin.py:188} INFO - [2024-07-25T10:14:06.762+0000] {dagbag.py:545} INFO - Filling up the DagBag from /opt/airflow/dags/refresh_data.py
[2024-07-25T10:14:06.783+0000] {logging_mixin.py:188} INFO - [2024-07-25T10:14:06.783+0000] {base.py:84} INFO - Using connection ID 'source_db' for task execution.
[2024-07-25T10:15:27.541+0000] {processor.py:161} INFO - Started process (PID=1172) to work on /opt/airflow/dags/refresh_data.py
[2024-07-25T10:15:27.542+0000] {processor.py:830} INFO - Processing file /opt/airflow/dags/refresh_data.py for tasks to queue
[2024-07-25T10:15:27.543+0000] {logging_mixin.py:188} INFO - [2024-07-25T10:15:27.543+0000] {dagbag.py:545} INFO - Filling up the DagBag from /opt/airflow/dags/refresh_data.py
[2024-07-25T10:15:27.566+0000] {logging_mixin.py:188} INFO - [2024-07-25T10:15:27.566+0000] {base.py:84} INFO - Using connection ID 'source_db' for task execution.
[2024-07-25T10:16:47.782+0000] {processor.py:161} INFO - Started process (PID=1275) to work on /opt/airflow/dags/refresh_data.py
[2024-07-25T10:16:47.783+0000] {processor.py:830} INFO - Processing file /opt/airflow/dags/refresh_data.py for tasks to queue
[2024-07-25T10:16:47.784+0000] {logging_mixin.py:188} INFO - [2024-07-25T10:16:47.784+0000] {dagbag.py:545} INFO - Filling up the DagBag from /opt/airflow/dags/refresh_data.py
[2024-07-25T10:16:47.801+0000] {logging_mixin.py:188} INFO - [2024-07-25T10:16:47.801+0000] {base.py:84} INFO - Using connection ID 'source_db' for task execution.
[2024-07-25T10:18:09.424+0000] {processor.py:161} INFO - Started process (PID=1388) to work on /opt/airflow/dags/refresh_data.py
[2024-07-25T10:18:09.425+0000] {processor.py:830} INFO - Processing file /opt/airflow/dags/refresh_data.py for tasks to queue
[2024-07-25T10:18:09.425+0000] {logging_mixin.py:188} INFO - [2024-07-25T10:18:09.425+0000] {dagbag.py:545} INFO - Filling up the DagBag from /opt/airflow/dags/refresh_data.py
[2024-07-25T10:18:09.434+0000] {logging_mixin.py:188} INFO - [2024-07-25T10:18:09.434+0000] {base.py:84} INFO - Using connection ID 'source_db' for task execution.
[2024-07-25T10:19:30.868+0000] {processor.py:161} INFO - Started process (PID=1510) to work on /opt/airflow/dags/refresh_data.py
[2024-07-25T10:19:30.871+0000] {processor.py:830} INFO - Processing file /opt/airflow/dags/refresh_data.py for tasks to queue
[2024-07-25T10:19:30.872+0000] {logging_mixin.py:188} INFO - [2024-07-25T10:19:30.872+0000] {dagbag.py:545} INFO - Filling up the DagBag from /opt/airflow/dags/refresh_data.py
[2024-07-25T10:19:30.895+0000] {logging_mixin.py:188} INFO - [2024-07-25T10:19:30.895+0000] {base.py:84} INFO - Using connection ID 'source_db' for task execution.
[2024-07-25T10:20:51.644+0000] {processor.py:161} INFO - Started process (PID=1632) to work on /opt/airflow/dags/refresh_data.py
[2024-07-25T10:20:51.645+0000] {processor.py:830} INFO - Processing file /opt/airflow/dags/refresh_data.py for tasks to queue
[2024-07-25T10:20:51.646+0000] {logging_mixin.py:188} INFO - [2024-07-25T10:20:51.645+0000] {dagbag.py:545} INFO - Filling up the DagBag from /opt/airflow/dags/refresh_data.py
[2024-07-25T10:20:51.689+0000] {logging_mixin.py:188} INFO - [2024-07-25T10:20:51.688+0000] {base.py:84} INFO - Using connection ID 'source_db' for task execution.
[2024-07-25T10:22:12.583+0000] {processor.py:161} INFO - Started process (PID=1748) to work on /opt/airflow/dags/refresh_data.py
[2024-07-25T10:22:12.584+0000] {processor.py:830} INFO - Processing file /opt/airflow/dags/refresh_data.py for tasks to queue
[2024-07-25T10:22:12.585+0000] {logging_mixin.py:188} INFO - [2024-07-25T10:22:12.585+0000] {dagbag.py:545} INFO - Filling up the DagBag from /opt/airflow/dags/refresh_data.py
[2024-07-25T10:22:12.605+0000] {logging_mixin.py:188} INFO - [2024-07-25T10:22:12.604+0000] {base.py:84} INFO - Using connection ID 'source_db' for task execution.
[2024-07-25T10:23:33.794+0000] {processor.py:161} INFO - Started process (PID=1870) to work on /opt/airflow/dags/refresh_data.py
[2024-07-25T10:23:33.795+0000] {processor.py:830} INFO - Processing file /opt/airflow/dags/refresh_data.py for tasks to queue
[2024-07-25T10:23:33.796+0000] {logging_mixin.py:188} INFO - [2024-07-25T10:23:33.796+0000] {dagbag.py:545} INFO - Filling up the DagBag from /opt/airflow/dags/refresh_data.py
[2024-07-25T10:23:33.818+0000] {logging_mixin.py:188} INFO - [2024-07-25T10:23:33.817+0000] {base.py:84} INFO - Using connection ID 'source_db' for task execution.
[2024-07-25T10:24:53.887+0000] {processor.py:161} INFO - Started process (PID=1992) to work on /opt/airflow/dags/refresh_data.py
[2024-07-25T10:24:53.888+0000] {processor.py:830} INFO - Processing file /opt/airflow/dags/refresh_data.py for tasks to queue
[2024-07-25T10:24:53.889+0000] {logging_mixin.py:188} INFO - [2024-07-25T10:24:53.888+0000] {dagbag.py:545} INFO - Filling up the DagBag from /opt/airflow/dags/refresh_data.py
[2024-07-25T10:24:53.943+0000] {logging_mixin.py:188} INFO - [2024-07-25T10:24:53.943+0000] {base.py:84} INFO - Using connection ID 'source_db' for task execution.
[2024-07-25T10:26:14.754+0000] {processor.py:161} INFO - Started process (PID=2108) to work on /opt/airflow/dags/refresh_data.py
[2024-07-25T10:26:14.755+0000] {processor.py:830} INFO - Processing file /opt/airflow/dags/refresh_data.py for tasks to queue
[2024-07-25T10:26:14.756+0000] {logging_mixin.py:188} INFO - [2024-07-25T10:26:14.756+0000] {dagbag.py:545} INFO - Filling up the DagBag from /opt/airflow/dags/refresh_data.py
[2024-07-25T10:26:14.797+0000] {logging_mixin.py:188} INFO - [2024-07-25T10:26:14.797+0000] {base.py:84} INFO - Using connection ID 'source_db' for task execution.
[2024-07-25T10:27:35.582+0000] {processor.py:161} INFO - Started process (PID=2230) to work on /opt/airflow/dags/refresh_data.py
[2024-07-25T10:27:35.582+0000] {processor.py:830} INFO - Processing file /opt/airflow/dags/refresh_data.py for tasks to queue
[2024-07-25T10:27:35.586+0000] {logging_mixin.py:188} INFO - [2024-07-25T10:27:35.584+0000] {dagbag.py:545} INFO - Filling up the DagBag from /opt/airflow/dags/refresh_data.py
[2024-07-25T10:27:35.615+0000] {logging_mixin.py:188} INFO - [2024-07-25T10:27:35.615+0000] {base.py:84} INFO - Using connection ID 'source_db' for task execution.
[2024-07-25T10:28:57.136+0000] {processor.py:161} INFO - Started process (PID=2352) to work on /opt/airflow/dags/refresh_data.py
[2024-07-25T10:28:57.137+0000] {processor.py:830} INFO - Processing file /opt/airflow/dags/refresh_data.py for tasks to queue
[2024-07-25T10:28:57.138+0000] {logging_mixin.py:188} INFO - [2024-07-25T10:28:57.138+0000] {dagbag.py:545} INFO - Filling up the DagBag from /opt/airflow/dags/refresh_data.py
[2024-07-25T10:28:57.163+0000] {logging_mixin.py:188} INFO - [2024-07-25T10:28:57.163+0000] {base.py:84} INFO - Using connection ID 'source_db' for task execution.
[2024-07-25T10:30:17.597+0000] {processor.py:161} INFO - Started process (PID=2467) to work on /opt/airflow/dags/refresh_data.py
[2024-07-25T10:30:17.598+0000] {processor.py:830} INFO - Processing file /opt/airflow/dags/refresh_data.py for tasks to queue
[2024-07-25T10:30:17.599+0000] {logging_mixin.py:188} INFO - [2024-07-25T10:30:17.599+0000] {dagbag.py:545} INFO - Filling up the DagBag from /opt/airflow/dags/refresh_data.py
[2024-07-25T10:30:17.643+0000] {logging_mixin.py:188} INFO - [2024-07-25T10:30:17.643+0000] {base.py:84} INFO - Using connection ID 'source_db' for task execution.
[2024-07-25T10:31:38.140+0000] {processor.py:161} INFO - Started process (PID=2590) to work on /opt/airflow/dags/refresh_data.py
[2024-07-25T10:31:38.141+0000] {processor.py:830} INFO - Processing file /opt/airflow/dags/refresh_data.py for tasks to queue
[2024-07-25T10:31:38.142+0000] {logging_mixin.py:188} INFO - [2024-07-25T10:31:38.142+0000] {dagbag.py:545} INFO - Filling up the DagBag from /opt/airflow/dags/refresh_data.py
[2024-07-25T10:31:38.179+0000] {logging_mixin.py:188} INFO - [2024-07-25T10:31:38.179+0000] {base.py:84} INFO - Using connection ID 'source_db' for task execution.
[2024-07-25T10:33:36.087+0000] {processor.py:161} INFO - Started process (PID=2719) to work on /opt/airflow/dags/refresh_data.py
[2024-07-25T10:33:36.090+0000] {processor.py:830} INFO - Processing file /opt/airflow/dags/refresh_data.py for tasks to queue
[2024-07-25T10:33:36.093+0000] {logging_mixin.py:188} INFO - [2024-07-25T10:33:36.091+0000] {dagbag.py:545} INFO - Filling up the DagBag from /opt/airflow/dags/refresh_data.py
[2024-07-25T10:33:36.120+0000] {logging_mixin.py:188} INFO - [2024-07-25T10:33:36.120+0000] {base.py:84} INFO - Using connection ID 'source_db' for task execution.
[2024-07-25T10:34:57.510+0000] {processor.py:161} INFO - Started process (PID=2828) to work on /opt/airflow/dags/refresh_data.py
[2024-07-25T10:34:57.512+0000] {processor.py:830} INFO - Processing file /opt/airflow/dags/refresh_data.py for tasks to queue
[2024-07-25T10:34:57.514+0000] {logging_mixin.py:188} INFO - [2024-07-25T10:34:57.513+0000] {dagbag.py:545} INFO - Filling up the DagBag from /opt/airflow/dags/refresh_data.py
[2024-07-25T10:34:57.554+0000] {logging_mixin.py:188} INFO - [2024-07-25T10:34:57.554+0000] {base.py:84} INFO - Using connection ID 'source_db' for task execution.
[2024-07-25T10:36:18.283+0000] {processor.py:161} INFO - Started process (PID=2997) to work on /opt/airflow/dags/refresh_data.py
[2024-07-25T10:36:18.285+0000] {processor.py:830} INFO - Processing file /opt/airflow/dags/refresh_data.py for tasks to queue
[2024-07-25T10:36:18.287+0000] {logging_mixin.py:188} INFO - [2024-07-25T10:36:18.286+0000] {dagbag.py:545} INFO - Filling up the DagBag from /opt/airflow/dags/refresh_data.py
[2024-07-25T10:36:18.330+0000] {logging_mixin.py:188} INFO - [2024-07-25T10:36:18.330+0000] {base.py:84} INFO - Using connection ID 'source_db' for task execution.
[2024-07-25T10:37:39.091+0000] {processor.py:161} INFO - Started process (PID=3119) to work on /opt/airflow/dags/refresh_data.py
[2024-07-25T10:37:39.092+0000] {processor.py:830} INFO - Processing file /opt/airflow/dags/refresh_data.py for tasks to queue
[2024-07-25T10:37:39.093+0000] {logging_mixin.py:188} INFO - [2024-07-25T10:37:39.092+0000] {dagbag.py:545} INFO - Filling up the DagBag from /opt/airflow/dags/refresh_data.py
[2024-07-25T10:37:39.122+0000] {logging_mixin.py:188} INFO - [2024-07-25T10:37:39.121+0000] {base.py:84} INFO - Using connection ID 'source_db' for task execution.
[2024-07-25T10:38:54.159+0000] {logging_mixin.py:188} INFO - [2024-07-25T10:38:54.157+0000] {timeout.py:68} ERROR - Process timed out, PID: 3119
[2024-07-25T10:38:54.448+0000] {processor.py:161} INFO - Started process (PID=3191) to work on /opt/airflow/dags/refresh_data.py
[2024-07-25T10:38:54.450+0000] {processor.py:830} INFO - Processing file /opt/airflow/dags/refresh_data.py for tasks to queue
[2024-07-25T10:38:54.451+0000] {logging_mixin.py:188} INFO - [2024-07-25T10:38:54.450+0000] {dagbag.py:545} INFO - Filling up the DagBag from /opt/airflow/dags/refresh_data.py
[2024-07-25T10:38:54.475+0000] {logging_mixin.py:188} INFO - [2024-07-25T10:38:54.475+0000] {base.py:84} INFO - Using connection ID 'source_db' for task execution.
[2024-07-25T10:40:16.410+0000] {processor.py:161} INFO - Started process (PID=3295) to work on /opt/airflow/dags/refresh_data.py
[2024-07-25T10:40:16.411+0000] {processor.py:830} INFO - Processing file /opt/airflow/dags/refresh_data.py for tasks to queue
[2024-07-25T10:40:16.412+0000] {logging_mixin.py:188} INFO - [2024-07-25T10:40:16.412+0000] {dagbag.py:545} INFO - Filling up the DagBag from /opt/airflow/dags/refresh_data.py
[2024-07-25T10:40:16.434+0000] {logging_mixin.py:188} INFO - [2024-07-25T10:40:16.433+0000] {base.py:84} INFO - Using connection ID 'source_db' for task execution.
[2024-07-25T10:41:37.518+0000] {processor.py:161} INFO - Started process (PID=3470) to work on /opt/airflow/dags/refresh_data.py
[2024-07-25T10:41:37.522+0000] {processor.py:830} INFO - Processing file /opt/airflow/dags/refresh_data.py for tasks to queue
[2024-07-25T10:41:37.523+0000] {logging_mixin.py:188} INFO - [2024-07-25T10:41:37.522+0000] {dagbag.py:545} INFO - Filling up the DagBag from /opt/airflow/dags/refresh_data.py
[2024-07-25T10:41:37.555+0000] {logging_mixin.py:188} INFO - [2024-07-25T10:41:37.554+0000] {base.py:84} INFO - Using connection ID 'source_db' for task execution.
[2024-07-25T10:42:58.984+0000] {processor.py:161} INFO - Started process (PID=3560) to work on /opt/airflow/dags/refresh_data.py
[2024-07-25T10:42:58.985+0000] {processor.py:830} INFO - Processing file /opt/airflow/dags/refresh_data.py for tasks to queue
[2024-07-25T10:42:58.986+0000] {logging_mixin.py:188} INFO - [2024-07-25T10:42:58.985+0000] {dagbag.py:545} INFO - Filling up the DagBag from /opt/airflow/dags/refresh_data.py
[2024-07-25T10:42:59.026+0000] {logging_mixin.py:188} INFO - [2024-07-25T10:42:59.026+0000] {base.py:84} INFO - Using connection ID 'source_db' for task execution.
[2024-07-25T10:44:14.039+0000] {logging_mixin.py:188} INFO - [2024-07-25T10:44:14.035+0000] {timeout.py:68} ERROR - Process timed out, PID: 3560
[2024-07-25T10:44:14.372+0000] {processor.py:161} INFO - Started process (PID=3626) to work on /opt/airflow/dags/refresh_data.py
[2024-07-25T10:44:14.372+0000] {processor.py:830} INFO - Processing file /opt/airflow/dags/refresh_data.py for tasks to queue
[2024-07-25T10:44:14.373+0000] {logging_mixin.py:188} INFO - [2024-07-25T10:44:14.373+0000] {dagbag.py:545} INFO - Filling up the DagBag from /opt/airflow/dags/refresh_data.py
[2024-07-25T10:44:14.394+0000] {logging_mixin.py:188} INFO - [2024-07-25T10:44:14.394+0000] {base.py:84} INFO - Using connection ID 'source_db' for task execution.
[2024-07-25T10:45:35.700+0000] {processor.py:161} INFO - Started process (PID=3736) to work on /opt/airflow/dags/refresh_data.py
[2024-07-25T10:45:35.703+0000] {processor.py:830} INFO - Processing file /opt/airflow/dags/refresh_data.py for tasks to queue
[2024-07-25T10:45:35.704+0000] {logging_mixin.py:188} INFO - [2024-07-25T10:45:35.704+0000] {dagbag.py:545} INFO - Filling up the DagBag from /opt/airflow/dags/refresh_data.py
[2024-07-25T10:45:35.748+0000] {logging_mixin.py:188} INFO - [2024-07-25T10:45:35.748+0000] {base.py:84} INFO - Using connection ID 'source_db' for task execution.
[2024-07-25T10:46:56.289+0000] {processor.py:161} INFO - Started process (PID=3911) to work on /opt/airflow/dags/refresh_data.py
[2024-07-25T10:46:56.290+0000] {processor.py:830} INFO - Processing file /opt/airflow/dags/refresh_data.py for tasks to queue
[2024-07-25T10:46:56.292+0000] {logging_mixin.py:188} INFO - [2024-07-25T10:46:56.291+0000] {dagbag.py:545} INFO - Filling up the DagBag from /opt/airflow/dags/refresh_data.py
[2024-07-25T10:46:56.312+0000] {logging_mixin.py:188} INFO - [2024-07-25T10:46:56.312+0000] {base.py:84} INFO - Using connection ID 'source_db' for task execution.
[2024-07-25T10:48:16.895+0000] {processor.py:161} INFO - Started process (PID=4021) to work on /opt/airflow/dags/refresh_data.py
[2024-07-25T10:48:16.898+0000] {processor.py:830} INFO - Processing file /opt/airflow/dags/refresh_data.py for tasks to queue
[2024-07-25T10:48:16.899+0000] {logging_mixin.py:188} INFO - [2024-07-25T10:48:16.899+0000] {dagbag.py:545} INFO - Filling up the DagBag from /opt/airflow/dags/refresh_data.py
[2024-07-25T10:48:16.933+0000] {logging_mixin.py:188} INFO - [2024-07-25T10:48:16.933+0000] {base.py:84} INFO - Using connection ID 'source_db' for task execution.
[2024-07-25T10:49:38.091+0000] {processor.py:161} INFO - Started process (PID=4143) to work on /opt/airflow/dags/refresh_data.py
[2024-07-25T10:49:38.092+0000] {processor.py:830} INFO - Processing file /opt/airflow/dags/refresh_data.py for tasks to queue
[2024-07-25T10:49:38.092+0000] {logging_mixin.py:188} INFO - [2024-07-25T10:49:38.092+0000] {dagbag.py:545} INFO - Filling up the DagBag from /opt/airflow/dags/refresh_data.py
[2024-07-25T10:49:38.130+0000] {logging_mixin.py:188} INFO - [2024-07-25T10:49:38.130+0000] {base.py:84} INFO - Using connection ID 'source_db' for task execution.
[2024-07-25T10:50:59.489+0000] {processor.py:161} INFO - Started process (PID=4265) to work on /opt/airflow/dags/refresh_data.py
[2024-07-25T10:50:59.490+0000] {processor.py:830} INFO - Processing file /opt/airflow/dags/refresh_data.py for tasks to queue
[2024-07-25T10:50:59.491+0000] {logging_mixin.py:188} INFO - [2024-07-25T10:50:59.491+0000] {dagbag.py:545} INFO - Filling up the DagBag from /opt/airflow/dags/refresh_data.py
[2024-07-25T10:50:59.524+0000] {logging_mixin.py:188} INFO - [2024-07-25T10:50:59.524+0000] {base.py:84} INFO - Using connection ID 'source_db' for task execution.
[2024-07-25T10:52:20.623+0000] {processor.py:161} INFO - Started process (PID=4381) to work on /opt/airflow/dags/refresh_data.py
[2024-07-25T10:52:20.625+0000] {processor.py:830} INFO - Processing file /opt/airflow/dags/refresh_data.py for tasks to queue
[2024-07-25T10:52:20.626+0000] {logging_mixin.py:188} INFO - [2024-07-25T10:52:20.626+0000] {dagbag.py:545} INFO - Filling up the DagBag from /opt/airflow/dags/refresh_data.py
[2024-07-25T10:52:20.675+0000] {logging_mixin.py:188} INFO - [2024-07-25T10:52:20.675+0000] {base.py:84} INFO - Using connection ID 'source_db' for task execution.
[2024-07-25T10:53:41.589+0000] {processor.py:161} INFO - Started process (PID=4503) to work on /opt/airflow/dags/refresh_data.py
[2024-07-25T10:53:41.590+0000] {processor.py:830} INFO - Processing file /opt/airflow/dags/refresh_data.py for tasks to queue
[2024-07-25T10:53:41.594+0000] {logging_mixin.py:188} INFO - [2024-07-25T10:53:41.594+0000] {dagbag.py:545} INFO - Filling up the DagBag from /opt/airflow/dags/refresh_data.py
[2024-07-25T10:53:41.640+0000] {logging_mixin.py:188} INFO - [2024-07-25T10:53:41.640+0000] {base.py:84} INFO - Using connection ID 'source_db' for task execution.
[2024-07-25T10:55:02.164+0000] {processor.py:161} INFO - Started process (PID=4613) to work on /opt/airflow/dags/refresh_data.py
[2024-07-25T10:55:02.165+0000] {processor.py:830} INFO - Processing file /opt/airflow/dags/refresh_data.py for tasks to queue
[2024-07-25T10:55:02.166+0000] {logging_mixin.py:188} INFO - [2024-07-25T10:55:02.166+0000] {dagbag.py:545} INFO - Filling up the DagBag from /opt/airflow/dags/refresh_data.py
[2024-07-25T10:55:02.192+0000] {logging_mixin.py:188} INFO - [2024-07-25T10:55:02.192+0000] {base.py:84} INFO - Using connection ID 'source_db' for task execution.
[2024-07-25T10:56:23.315+0000] {processor.py:161} INFO - Started process (PID=4745) to work on /opt/airflow/dags/refresh_data.py
[2024-07-25T10:56:23.316+0000] {processor.py:830} INFO - Processing file /opt/airflow/dags/refresh_data.py for tasks to queue
[2024-07-25T10:56:23.317+0000] {logging_mixin.py:188} INFO - [2024-07-25T10:56:23.317+0000] {dagbag.py:545} INFO - Filling up the DagBag from /opt/airflow/dags/refresh_data.py
[2024-07-25T10:56:23.341+0000] {logging_mixin.py:188} INFO - [2024-07-25T10:56:23.341+0000] {base.py:84} INFO - Using connection ID 'source_db' for task execution.
[2024-07-25T10:57:43.988+0000] {processor.py:161} INFO - Started process (PID=4867) to work on /opt/airflow/dags/refresh_data.py
[2024-07-25T10:57:43.990+0000] {processor.py:830} INFO - Processing file /opt/airflow/dags/refresh_data.py for tasks to queue
[2024-07-25T10:57:43.991+0000] {logging_mixin.py:188} INFO - [2024-07-25T10:57:43.990+0000] {dagbag.py:545} INFO - Filling up the DagBag from /opt/airflow/dags/refresh_data.py
[2024-07-25T10:57:44.025+0000] {logging_mixin.py:188} INFO - [2024-07-25T10:57:44.025+0000] {base.py:84} INFO - Using connection ID 'source_db' for task execution.
[2024-07-25T10:59:04.620+0000] {processor.py:161} INFO - Started process (PID=4989) to work on /opt/airflow/dags/refresh_data.py
[2024-07-25T10:59:04.621+0000] {processor.py:830} INFO - Processing file /opt/airflow/dags/refresh_data.py for tasks to queue
[2024-07-25T10:59:04.622+0000] {logging_mixin.py:188} INFO - [2024-07-25T10:59:04.621+0000] {dagbag.py:545} INFO - Filling up the DagBag from /opt/airflow/dags/refresh_data.py
[2024-07-25T10:59:04.660+0000] {logging_mixin.py:188} INFO - [2024-07-25T10:59:04.660+0000] {base.py:84} INFO - Using connection ID 'source_db' for task execution.
[2024-07-25T11:00:25.691+0000] {processor.py:161} INFO - Started process (PID=5111) to work on /opt/airflow/dags/refresh_data.py
[2024-07-25T11:00:25.692+0000] {processor.py:830} INFO - Processing file /opt/airflow/dags/refresh_data.py for tasks to queue
[2024-07-25T11:00:25.692+0000] {logging_mixin.py:188} INFO - [2024-07-25T11:00:25.692+0000] {dagbag.py:545} INFO - Filling up the DagBag from /opt/airflow/dags/refresh_data.py
[2024-07-25T11:00:25.711+0000] {logging_mixin.py:188} INFO - [2024-07-25T11:00:25.711+0000] {base.py:84} INFO - Using connection ID 'source_db' for task execution.
[2024-07-25T11:01:46.343+0000] {processor.py:161} INFO - Started process (PID=5227) to work on /opt/airflow/dags/refresh_data.py
[2024-07-25T11:01:46.344+0000] {processor.py:830} INFO - Processing file /opt/airflow/dags/refresh_data.py for tasks to queue
[2024-07-25T11:01:46.345+0000] {logging_mixin.py:188} INFO - [2024-07-25T11:01:46.344+0000] {dagbag.py:545} INFO - Filling up the DagBag from /opt/airflow/dags/refresh_data.py
[2024-07-25T11:01:46.381+0000] {logging_mixin.py:188} INFO - [2024-07-25T11:01:46.381+0000] {base.py:84} INFO - Using connection ID 'source_db' for task execution.
[2024-07-25T11:03:06.919+0000] {processor.py:161} INFO - Started process (PID=5349) to work on /opt/airflow/dags/refresh_data.py
[2024-07-25T11:03:06.920+0000] {processor.py:830} INFO - Processing file /opt/airflow/dags/refresh_data.py for tasks to queue
[2024-07-25T11:03:06.922+0000] {logging_mixin.py:188} INFO - [2024-07-25T11:03:06.921+0000] {dagbag.py:545} INFO - Filling up the DagBag from /opt/airflow/dags/refresh_data.py
[2024-07-25T11:03:06.945+0000] {logging_mixin.py:188} INFO - [2024-07-25T11:03:06.945+0000] {base.py:84} INFO - Using connection ID 'source_db' for task execution.
[2024-07-25T11:04:27.923+0000] {processor.py:161} INFO - Started process (PID=5471) to work on /opt/airflow/dags/refresh_data.py
[2024-07-25T11:04:27.924+0000] {processor.py:830} INFO - Processing file /opt/airflow/dags/refresh_data.py for tasks to queue
[2024-07-25T11:04:27.925+0000] {logging_mixin.py:188} INFO - [2024-07-25T11:04:27.924+0000] {dagbag.py:545} INFO - Filling up the DagBag from /opt/airflow/dags/refresh_data.py
[2024-07-25T11:04:27.947+0000] {logging_mixin.py:188} INFO - [2024-07-25T11:04:27.947+0000] {base.py:84} INFO - Using connection ID 'source_db' for task execution.
[2024-07-25T11:05:48.994+0000] {processor.py:161} INFO - Started process (PID=5587) to work on /opt/airflow/dags/refresh_data.py
[2024-07-25T11:05:48.995+0000] {processor.py:830} INFO - Processing file /opt/airflow/dags/refresh_data.py for tasks to queue
[2024-07-25T11:05:48.996+0000] {logging_mixin.py:188} INFO - [2024-07-25T11:05:48.996+0000] {dagbag.py:545} INFO - Filling up the DagBag from /opt/airflow/dags/refresh_data.py
[2024-07-25T11:05:49.021+0000] {logging_mixin.py:188} INFO - [2024-07-25T11:05:49.020+0000] {base.py:84} INFO - Using connection ID 'source_db' for task execution.
[2024-07-25T11:05:49.160+0000] {logging_mixin.py:188} INFO - [2024-07-25T11:05:49.160+0000] {base.py:84} INFO - Using connection ID 'target_db' for task execution.
[2024-07-25T11:05:49.303+0000] {logging_mixin.py:188} INFO - [2024-07-25T11:05:49.300+0000] {templater.py:93} ERROR - Failed to resolve template field 'sql'
Traceback (most recent call last):
  File "/home/airflow/.local/lib/python3.12/site-packages/airflow/template/templater.py", line 91, in resolve_template_files
    setattr(self, field, env.loader.get_source(env, content)[0])  # type: ignore
                         ^^^^^^^^^^^^^^^^^^^^^^^^^^^^^^^^^^^
  File "/home/airflow/.local/lib/python3.12/site-packages/jinja2/loaders.py", line 207, in get_source
    raise TemplateNotFound(template)
jinja2.exceptions.TemplateNotFound: sql-scripts/dds_refresh.sql
[2024-07-25T11:05:49.304+0000] {logging_mixin.py:188} INFO - [2024-07-25T11:05:49.304+0000] {templater.py:93} ERROR - Failed to resolve template field 'sql'
Traceback (most recent call last):
  File "/home/airflow/.local/lib/python3.12/site-packages/airflow/template/templater.py", line 91, in resolve_template_files
    setattr(self, field, env.loader.get_source(env, content)[0])  # type: ignore
                         ^^^^^^^^^^^^^^^^^^^^^^^^^^^^^^^^^^^
  File "/home/airflow/.local/lib/python3.12/site-packages/jinja2/loaders.py", line 207, in get_source
    raise TemplateNotFound(template)
jinja2.exceptions.TemplateNotFound: sql-scripts/dm_refresh.sql
[2024-07-25T11:05:49.305+0000] {processor.py:840} INFO - DAG(s) 'refresh_ods' retrieved from /opt/airflow/dags/refresh_data.py
[2024-07-25T11:05:49.377+0000] {logging_mixin.py:188} INFO - [2024-07-25T11:05:49.377+0000] {dag.py:3096} INFO - Sync 1 DAGs
[2024-07-25T11:05:49.385+0000] {logging_mixin.py:188} INFO - [2024-07-25T11:05:49.385+0000] {dag.py:3954} INFO - Setting next_dagrun for refresh_ods to 2024-07-24 00:00:00+00:00, run_after=2024-07-25 00:00:00+00:00
[2024-07-25T11:05:49.394+0000] {processor.py:183} INFO - Processing /opt/airflow/dags/refresh_data.py took 0.414 seconds
[2024-07-25T11:06:20.027+0000] {processor.py:161} INFO - Started process (PID=5645) to work on /opt/airflow/dags/refresh_data.py
[2024-07-25T11:06:20.028+0000] {processor.py:830} INFO - Processing file /opt/airflow/dags/refresh_data.py for tasks to queue
[2024-07-25T11:06:20.030+0000] {logging_mixin.py:188} INFO - [2024-07-25T11:06:20.029+0000] {dagbag.py:545} INFO - Filling up the DagBag from /opt/airflow/dags/refresh_data.py
[2024-07-25T11:06:20.070+0000] {logging_mixin.py:188} INFO - [2024-07-25T11:06:20.070+0000] {base.py:84} INFO - Using connection ID 'source_db' for task execution.
[2024-07-25T11:06:20.220+0000] {logging_mixin.py:188} INFO - [2024-07-25T11:06:20.220+0000] {base.py:84} INFO - Using connection ID 'target_db' for task execution.
[2024-07-25T11:06:20.361+0000] {logging_mixin.py:188} INFO - [2024-07-25T11:06:20.359+0000] {templater.py:93} ERROR - Failed to resolve template field 'sql'
Traceback (most recent call last):
  File "/home/airflow/.local/lib/python3.12/site-packages/airflow/template/templater.py", line 91, in resolve_template_files
    setattr(self, field, env.loader.get_source(env, content)[0])  # type: ignore
                         ^^^^^^^^^^^^^^^^^^^^^^^^^^^^^^^^^^^
  File "/home/airflow/.local/lib/python3.12/site-packages/jinja2/loaders.py", line 207, in get_source
    raise TemplateNotFound(template)
jinja2.exceptions.TemplateNotFound: sql-scripts/dds_refresh.sql
[2024-07-25T11:06:20.362+0000] {logging_mixin.py:188} INFO - [2024-07-25T11:06:20.361+0000] {templater.py:93} ERROR - Failed to resolve template field 'sql'
Traceback (most recent call last):
  File "/home/airflow/.local/lib/python3.12/site-packages/airflow/template/templater.py", line 91, in resolve_template_files
    setattr(self, field, env.loader.get_source(env, content)[0])  # type: ignore
                         ^^^^^^^^^^^^^^^^^^^^^^^^^^^^^^^^^^^
  File "/home/airflow/.local/lib/python3.12/site-packages/jinja2/loaders.py", line 207, in get_source
    raise TemplateNotFound(template)
jinja2.exceptions.TemplateNotFound: sql-scripts/dm_refresh.sql
[2024-07-25T11:06:20.362+0000] {processor.py:840} INFO - DAG(s) 'refresh_ods' retrieved from /opt/airflow/dags/refresh_data.py
[2024-07-25T11:06:20.372+0000] {logging_mixin.py:188} INFO - [2024-07-25T11:06:20.372+0000] {dag.py:3096} INFO - Sync 1 DAGs
[2024-07-25T11:06:20.384+0000] {logging_mixin.py:188} INFO - [2024-07-25T11:06:20.384+0000] {dag.py:3954} INFO - Setting next_dagrun for refresh_ods to 2024-07-25 00:00:00+00:00, run_after=2024-07-26 00:00:00+00:00
[2024-07-25T11:06:20.394+0000] {processor.py:183} INFO - Processing /opt/airflow/dags/refresh_data.py took 0.380 seconds
[2024-07-25T11:06:50.678+0000] {processor.py:161} INFO - Started process (PID=5703) to work on /opt/airflow/dags/refresh_data.py
[2024-07-25T11:06:50.679+0000] {processor.py:830} INFO - Processing file /opt/airflow/dags/refresh_data.py for tasks to queue
[2024-07-25T11:06:50.680+0000] {logging_mixin.py:188} INFO - [2024-07-25T11:06:50.679+0000] {dagbag.py:545} INFO - Filling up the DagBag from /opt/airflow/dags/refresh_data.py
[2024-07-25T11:06:50.739+0000] {logging_mixin.py:188} INFO - [2024-07-25T11:06:50.739+0000] {base.py:84} INFO - Using connection ID 'source_db' for task execution.
[2024-07-25T11:06:50.894+0000] {logging_mixin.py:188} INFO - [2024-07-25T11:06:50.894+0000] {base.py:84} INFO - Using connection ID 'target_db' for task execution.
[2024-07-25T11:06:51.033+0000] {logging_mixin.py:188} INFO - [2024-07-25T11:06:51.032+0000] {templater.py:93} ERROR - Failed to resolve template field 'sql'
Traceback (most recent call last):
  File "/home/airflow/.local/lib/python3.12/site-packages/airflow/template/templater.py", line 91, in resolve_template_files
    setattr(self, field, env.loader.get_source(env, content)[0])  # type: ignore
                         ^^^^^^^^^^^^^^^^^^^^^^^^^^^^^^^^^^^
  File "/home/airflow/.local/lib/python3.12/site-packages/jinja2/loaders.py", line 207, in get_source
    raise TemplateNotFound(template)
jinja2.exceptions.TemplateNotFound: sql-scripts/dds_refresh.sql
[2024-07-25T11:06:51.035+0000] {logging_mixin.py:188} INFO - [2024-07-25T11:06:51.034+0000] {templater.py:93} ERROR - Failed to resolve template field 'sql'
Traceback (most recent call last):
  File "/home/airflow/.local/lib/python3.12/site-packages/airflow/template/templater.py", line 91, in resolve_template_files
    setattr(self, field, env.loader.get_source(env, content)[0])  # type: ignore
                         ^^^^^^^^^^^^^^^^^^^^^^^^^^^^^^^^^^^
  File "/home/airflow/.local/lib/python3.12/site-packages/jinja2/loaders.py", line 207, in get_source
    raise TemplateNotFound(template)
jinja2.exceptions.TemplateNotFound: sql-scripts/dm_refresh.sql
[2024-07-25T11:06:51.035+0000] {processor.py:840} INFO - DAG(s) 'refresh_ods' retrieved from /opt/airflow/dags/refresh_data.py
[2024-07-25T11:06:51.039+0000] {logging_mixin.py:188} INFO - [2024-07-25T11:06:51.039+0000] {dag.py:3096} INFO - Sync 1 DAGs
[2024-07-25T11:06:51.060+0000] {logging_mixin.py:188} INFO - [2024-07-25T11:06:51.060+0000] {dag.py:3954} INFO - Setting next_dagrun for refresh_ods to 2024-07-25 00:00:00+00:00, run_after=2024-07-26 00:00:00+00:00
[2024-07-25T11:06:51.069+0000] {processor.py:183} INFO - Processing /opt/airflow/dags/refresh_data.py took 0.403 seconds
[2024-07-25T11:07:21.555+0000] {processor.py:161} INFO - Started process (PID=5762) to work on /opt/airflow/dags/refresh_data.py
[2024-07-25T11:07:21.556+0000] {processor.py:830} INFO - Processing file /opt/airflow/dags/refresh_data.py for tasks to queue
[2024-07-25T11:07:21.559+0000] {logging_mixin.py:188} INFO - [2024-07-25T11:07:21.557+0000] {dagbag.py:545} INFO - Filling up the DagBag from /opt/airflow/dags/refresh_data.py
[2024-07-25T11:07:21.619+0000] {logging_mixin.py:188} INFO - [2024-07-25T11:07:21.619+0000] {base.py:84} INFO - Using connection ID 'source_db' for task execution.
[2024-07-25T11:07:21.760+0000] {logging_mixin.py:188} INFO - [2024-07-25T11:07:21.760+0000] {base.py:84} INFO - Using connection ID 'target_db' for task execution.
[2024-07-25T11:07:21.899+0000] {logging_mixin.py:188} INFO - [2024-07-25T11:07:21.898+0000] {templater.py:93} ERROR - Failed to resolve template field 'sql'
Traceback (most recent call last):
  File "/home/airflow/.local/lib/python3.12/site-packages/airflow/template/templater.py", line 91, in resolve_template_files
    setattr(self, field, env.loader.get_source(env, content)[0])  # type: ignore
                         ^^^^^^^^^^^^^^^^^^^^^^^^^^^^^^^^^^^
  File "/home/airflow/.local/lib/python3.12/site-packages/jinja2/loaders.py", line 207, in get_source
    raise TemplateNotFound(template)
jinja2.exceptions.TemplateNotFound: sql-scripts/dds_refresh.sql
[2024-07-25T11:07:21.899+0000] {logging_mixin.py:188} INFO - [2024-07-25T11:07:21.899+0000] {templater.py:93} ERROR - Failed to resolve template field 'sql'
Traceback (most recent call last):
  File "/home/airflow/.local/lib/python3.12/site-packages/airflow/template/templater.py", line 91, in resolve_template_files
    setattr(self, field, env.loader.get_source(env, content)[0])  # type: ignore
                         ^^^^^^^^^^^^^^^^^^^^^^^^^^^^^^^^^^^
  File "/home/airflow/.local/lib/python3.12/site-packages/jinja2/loaders.py", line 207, in get_source
    raise TemplateNotFound(template)
jinja2.exceptions.TemplateNotFound: sql-scripts/dm_refresh.sql
[2024-07-25T11:07:21.900+0000] {processor.py:840} INFO - DAG(s) 'refresh_ods' retrieved from /opt/airflow/dags/refresh_data.py
[2024-07-25T11:07:21.937+0000] {logging_mixin.py:188} INFO - [2024-07-25T11:07:21.937+0000] {dag.py:3096} INFO - Sync 1 DAGs
[2024-07-25T11:07:21.945+0000] {logging_mixin.py:188} INFO - [2024-07-25T11:07:21.945+0000] {dag.py:3954} INFO - Setting next_dagrun for refresh_ods to 2024-07-25 00:00:00+00:00, run_after=2024-07-26 00:00:00+00:00
[2024-07-25T11:07:21.950+0000] {processor.py:183} INFO - Processing /opt/airflow/dags/refresh_data.py took 0.422 seconds
[2024-07-25T11:07:52.345+0000] {processor.py:161} INFO - Started process (PID=5821) to work on /opt/airflow/dags/refresh_data.py
[2024-07-25T11:07:52.348+0000] {processor.py:830} INFO - Processing file /opt/airflow/dags/refresh_data.py for tasks to queue
[2024-07-25T11:07:52.479+0000] {logging_mixin.py:188} INFO - [2024-07-25T11:07:52.473+0000] {dagbag.py:545} INFO - Filling up the DagBag from /opt/airflow/dags/refresh_data.py
[2024-07-25T11:07:53.008+0000] {logging_mixin.py:188} INFO - [2024-07-25T11:07:53.008+0000] {base.py:84} INFO - Using connection ID 'source_db' for task execution.
[2024-07-25T11:07:53.164+0000] {logging_mixin.py:188} INFO - [2024-07-25T11:07:53.164+0000] {base.py:84} INFO - Using connection ID 'target_db' for task execution.
[2024-07-25T11:07:53.341+0000] {logging_mixin.py:188} INFO - [2024-07-25T11:07:53.332+0000] {templater.py:93} ERROR - Failed to resolve template field 'sql'
Traceback (most recent call last):
  File "/home/airflow/.local/lib/python3.12/site-packages/airflow/template/templater.py", line 91, in resolve_template_files
    setattr(self, field, env.loader.get_source(env, content)[0])  # type: ignore
                         ^^^^^^^^^^^^^^^^^^^^^^^^^^^^^^^^^^^
  File "/home/airflow/.local/lib/python3.12/site-packages/jinja2/loaders.py", line 207, in get_source
    raise TemplateNotFound(template)
jinja2.exceptions.TemplateNotFound: sql-scripts/dds_refresh.sql
[2024-07-25T11:07:53.342+0000] {logging_mixin.py:188} INFO - [2024-07-25T11:07:53.342+0000] {templater.py:93} ERROR - Failed to resolve template field 'sql'
Traceback (most recent call last):
  File "/home/airflow/.local/lib/python3.12/site-packages/airflow/template/templater.py", line 91, in resolve_template_files
    setattr(self, field, env.loader.get_source(env, content)[0])  # type: ignore
                         ^^^^^^^^^^^^^^^^^^^^^^^^^^^^^^^^^^^
  File "/home/airflow/.local/lib/python3.12/site-packages/jinja2/loaders.py", line 207, in get_source
    raise TemplateNotFound(template)
jinja2.exceptions.TemplateNotFound: sql-scripts/dm_refresh.sql
[2024-07-25T11:07:53.342+0000] {processor.py:840} INFO - DAG(s) 'refresh_ods' retrieved from /opt/airflow/dags/refresh_data.py
[2024-07-25T11:07:53.352+0000] {logging_mixin.py:188} INFO - [2024-07-25T11:07:53.352+0000] {dag.py:3096} INFO - Sync 1 DAGs
[2024-07-25T11:07:53.438+0000] {logging_mixin.py:188} INFO - [2024-07-25T11:07:53.437+0000] {dag.py:3954} INFO - Setting next_dagrun for refresh_ods to 2024-07-25 00:00:00+00:00, run_after=2024-07-26 00:00:00+00:00
[2024-07-25T11:07:53.460+0000] {processor.py:183} INFO - Processing /opt/airflow/dags/refresh_data.py took 1.172 seconds
