[2024-07-12T13:53:35.537+0000] {local_task_job_runner.py:120} INFO - ::group::Pre task execution logs
[2024-07-12T13:53:35.557+0000] {taskinstance.py:2076} INFO - Dependencies all met for dep_context=non-requeueable deps ti=<TaskInstance: init_ods_layer.get_source_params manual__2024-07-12T13:53:33.276533+00:00 [queued]>
[2024-07-12T13:53:35.564+0000] {taskinstance.py:2076} INFO - Dependencies all met for dep_context=requeueable deps ti=<TaskInstance: init_ods_layer.get_source_params manual__2024-07-12T13:53:33.276533+00:00 [queued]>
[2024-07-12T13:53:35.564+0000] {taskinstance.py:2306} INFO - Starting attempt 1 of 1
[2024-07-12T13:53:35.574+0000] {taskinstance.py:2330} INFO - Executing <Task(PythonOperator): get_source_params> on 2024-07-12 13:53:33.276533+00:00
[2024-07-12T13:53:35.591+0000] {warnings.py:112} WARNING - /home/***/.local/lib/python3.12/site-packages/***/task/task_runner/standard_task_runner.py:61: DeprecationWarning: This process (pid=6728) is multi-threaded, use of fork() may lead to deadlocks in the child.
  pid = os.fork()

[2024-07-12T13:53:35.597+0000] {standard_task_runner.py:63} INFO - Started process 6730 to run task
[2024-07-12T13:53:35.593+0000] {standard_task_runner.py:90} INFO - Running: ['***', 'tasks', 'run', 'init_ods_layer', 'get_source_params', 'manual__2024-07-12T13:53:33.276533+00:00', '--job-id', '51', '--raw', '--subdir', 'DAGS_FOLDER/init_ods.py', '--cfg-path', '/tmp/tmpgrhydgcu']
[2024-07-12T13:53:35.604+0000] {standard_task_runner.py:91} INFO - Job 51: Subtask get_source_params
[2024-07-12T13:53:35.673+0000] {task_command.py:426} INFO - Running <TaskInstance: init_ods_layer.get_source_params manual__2024-07-12T13:53:33.276533+00:00 [running]> on host 8047aa21fe02
[2024-07-12T13:53:35.837+0000] {taskinstance.py:2648} INFO - Exporting env vars: AIRFLOW_CTX_DAG_OWNER='***' AIRFLOW_CTX_DAG_ID='init_ods_layer' AIRFLOW_CTX_TASK_ID='get_source_params' AIRFLOW_CTX_EXECUTION_DATE='2024-07-12T13:53:33.276533+00:00' AIRFLOW_CTX_TRY_NUMBER='1' AIRFLOW_CTX_DAG_RUN_ID='manual__2024-07-12T13:53:33.276533+00:00'
[2024-07-12T13:53:35.844+0000] {taskinstance.py:430} INFO - ::endgroup::
[2024-07-12T13:53:35.872+0000] {base.py:84} INFO - Using connection ID 'source_db' for task execution.
[2024-07-12T13:53:36.133+0000] {python.py:237} INFO - Done. Returned value was: None
[2024-07-12T13:53:36.135+0000] {taskinstance.py:441} INFO - ::group::Post task execution logs
[2024-07-12T13:53:36.146+0000] {taskinstance.py:1206} INFO - Marking task as SUCCESS. dag_id=init_ods_layer, task_id=get_source_params, run_id=manual__2024-07-12T13:53:33.276533+00:00, execution_date=20240712T135333, start_date=20240712T135335, end_date=20240712T135336
[2024-07-12T13:53:36.209+0000] {local_task_job_runner.py:240} INFO - Task exited with return code 0
[2024-07-12T13:53:36.253+0000] {taskinstance.py:3503} INFO - 1 downstream tasks scheduled from follow-on schedule check
[2024-07-12T13:53:36.258+0000] {local_task_job_runner.py:222} INFO - ::endgroup::
