[2024-07-21T09:09:33.655+0000] {local_task_job_runner.py:120} INFO - ::group::Pre task execution logs
[2024-07-21T09:09:33.675+0000] {taskinstance.py:2076} INFO - Dependencies all met for dep_context=non-requeueable deps ti=<TaskInstance: refresh_ods.clear_target_schema manual__2024-07-21T09:09:22.511849+00:00 [queued]>
[2024-07-21T09:09:33.681+0000] {taskinstance.py:2076} INFO - Dependencies all met for dep_context=requeueable deps ti=<TaskInstance: refresh_ods.clear_target_schema manual__2024-07-21T09:09:22.511849+00:00 [queued]>
[2024-07-21T09:09:33.681+0000] {taskinstance.py:2306} INFO - Starting attempt 1 of 2
[2024-07-21T09:09:33.687+0000] {taskinstance.py:2330} INFO - Executing <Task(PostgresOperator): clear_target_schema> on 2024-07-21 09:09:22.511849+00:00
[2024-07-21T09:09:33.692+0000] {warnings.py:112} WARNING - /home/***/.local/lib/python3.12/site-packages/***/task/task_runner/standard_task_runner.py:61: DeprecationWarning: This process (pid=6148) is multi-threaded, use of fork() may lead to deadlocks in the child.
  pid = os.fork()

[2024-07-21T09:09:33.693+0000] {standard_task_runner.py:63} INFO - Started process 6150 to run task
[2024-07-21T09:09:33.693+0000] {standard_task_runner.py:90} INFO - Running: ['***', 'tasks', 'run', 'refresh_ods', 'clear_target_schema', 'manual__2024-07-21T09:09:22.511849+00:00', '--job-id', '343', '--raw', '--subdir', 'DAGS_FOLDER/refresh_ods.py', '--cfg-path', '/tmp/tmpioynzl_w']
[2024-07-21T09:09:33.695+0000] {standard_task_runner.py:91} INFO - Job 343: Subtask clear_target_schema
[2024-07-21T09:09:33.740+0000] {task_command.py:426} INFO - Running <TaskInstance: refresh_ods.clear_target_schema manual__2024-07-21T09:09:22.511849+00:00 [running]> on host 89202c950a25
[2024-07-21T09:09:33.801+0000] {taskinstance.py:2648} INFO - Exporting env vars: AIRFLOW_CTX_DAG_OWNER='***' AIRFLOW_CTX_DAG_ID='refresh_ods' AIRFLOW_CTX_TASK_ID='clear_target_schema' AIRFLOW_CTX_EXECUTION_DATE='2024-07-21T09:09:22.511849+00:00' AIRFLOW_CTX_TRY_NUMBER='1' AIRFLOW_CTX_DAG_RUN_ID='manual__2024-07-21T09:09:22.511849+00:00'
[2024-07-21T09:09:33.804+0000] {taskinstance.py:430} INFO - ::endgroup::
[2024-07-21T09:09:33.804+0000] {sql.py:276} INFO - Executing: 
    DO $$
    DECLARE
        table_name text;
    BEGIN
        FOR table_name IN
            SELECT table_name
            FROM information_schema.tables
            WHERE table_schema = 'ods_data'
        LOOP
            EXECUTE format('TRUNCATE TABLE %I.%I RESTART IDENTITY CASCADE;', 'ods_data', table_name);
        END LOOP;
    END $$;
    
[2024-07-21T09:09:33.807+0000] {base.py:84} INFO - Using connection ID 'target_db' for task execution.
[2024-07-21T09:09:33.810+0000] {base.py:84} INFO - Using connection ID 'target_db' for task execution.
[2024-07-21T09:09:33.945+0000] {sql.py:487} INFO - Running statement: 
    DO $$
    DECLARE
        table_name text;
    BEGIN
        FOR table_name IN
            SELECT table_name
            FROM information_schema.tables
            WHERE table_schema = 'ods_data'
        LOOP
            EXECUTE format('TRUNCATE TABLE %I.%I RESTART IDENTITY CASCADE;', 'ods_data', table_name);
        END LOOP;
    END $$;
    , parameters: None
[2024-07-21T09:09:34.005+0000] {taskinstance.py:441} INFO - ::group::Post task execution logs
[2024-07-21T09:09:34.006+0000] {taskinstance.py:2905} ERROR - Task failed with exception
Traceback (most recent call last):
  File "/home/airflow/.local/lib/python3.12/site-packages/airflow/models/taskinstance.py", line 465, in _execute_task
    result = _execute_callable(context=context, **execute_callable_kwargs)
             ^^^^^^^^^^^^^^^^^^^^^^^^^^^^^^^^^^^^^^^^^^^^^^^^^^^^^^^^^^^^^
  File "/home/airflow/.local/lib/python3.12/site-packages/airflow/models/taskinstance.py", line 432, in _execute_callable
    return execute_callable(context=context, **execute_callable_kwargs)
           ^^^^^^^^^^^^^^^^^^^^^^^^^^^^^^^^^^^^^^^^^^^^^^^^^^^^^^^^^^^^
  File "/home/airflow/.local/lib/python3.12/site-packages/airflow/models/baseoperator.py", line 401, in wrapper
    return func(self, *args, **kwargs)
           ^^^^^^^^^^^^^^^^^^^^^^^^^^^
  File "/home/airflow/.local/lib/python3.12/site-packages/airflow/providers/common/sql/operators/sql.py", line 282, in execute
    output = hook.run(
             ^^^^^^^^^
  File "/home/airflow/.local/lib/python3.12/site-packages/airflow/providers/common/sql/hooks/sql.py", line 435, in run
    self._run_command(cur, sql_statement, parameters)
  File "/home/airflow/.local/lib/python3.12/site-packages/airflow/providers/common/sql/hooks/sql.py", line 492, in _run_command
    cur.execute(sql_statement)
psycopg2.errors.AmbiguousColumn: ОШИБКА:  неоднозначная ссылка на столбец "table_name"
LINE 1: SELECT table_name
               ^
DETAIL:  Подразумевается ссылка на переменную PL/pgSQL или столбец таблицы.
QUERY:  SELECT table_name
            FROM information_schema.tables
            WHERE table_schema = 'ods_data'
CONTEXT:  функция PL/pgSQL inline_code_block, строка 5, оператор FOR по результатам SELECT

[2024-07-21T09:09:34.021+0000] {taskinstance.py:1206} INFO - Marking task as UP_FOR_RETRY. dag_id=refresh_ods, task_id=clear_target_schema, run_id=manual__2024-07-21T09:09:22.511849+00:00, execution_date=20240721T090922, start_date=20240721T090933, end_date=20240721T090934
[2024-07-21T09:09:34.030+0000] {standard_task_runner.py:110} ERROR - Failed to execute job 343 for task clear_target_schema (ОШИБКА:  неоднозначная ссылка на столбец "table_name"
LINE 1: SELECT table_name
               ^
DETAIL:  Подразумевается ссылка на переменную PL/pgSQL или столбец таблицы.
QUERY:  SELECT table_name
            FROM information_schema.tables
            WHERE table_schema = 'ods_data'
CONTEXT:  функция PL/pgSQL inline_code_block, строка 5, оператор FOR по результатам SELECT
; 6150)
[2024-07-21T09:09:34.045+0000] {local_task_job_runner.py:240} INFO - Task exited with return code 1
[2024-07-21T09:09:34.055+0000] {warnings.py:112} WARNING - /home/***/.local/lib/python3.12/site-packages/***/models/baseoperator.py:1297: AirflowProviderDeprecationWarning: Call to deprecated class PostgresOperator. (Please use `***.providers.common.sql.operators.sql.SQLExecuteQueryOperator`.Also, you can provide `hook_params={'schema': <database>}`.)
  result = cls.__new__(cls)

[2024-07-21T09:09:34.062+0000] {taskinstance.py:3503} INFO - 0 downstream tasks scheduled from follow-on schedule check
[2024-07-21T09:09:34.063+0000] {local_task_job_runner.py:222} INFO - ::endgroup::
