[2024-07-12T14:24:55.736+0000] {local_task_job_runner.py:120} INFO - ::group::Pre task execution logs
[2024-07-12T14:24:55.744+0000] {taskinstance.py:2076} INFO - Dependencies all met for dep_context=non-requeueable deps ti=<TaskInstance: init_ods_layer.get_source_params manual__2024-07-12T14:24:54.461440+00:00 [queued]>
[2024-07-12T14:24:55.747+0000] {taskinstance.py:2076} INFO - Dependencies all met for dep_context=requeueable deps ti=<TaskInstance: init_ods_layer.get_source_params manual__2024-07-12T14:24:54.461440+00:00 [queued]>
[2024-07-12T14:24:55.747+0000] {taskinstance.py:2306} INFO - Starting attempt 1 of 1
[2024-07-12T14:24:55.752+0000] {taskinstance.py:2330} INFO - Executing <Task(PythonOperator): get_source_params> on 2024-07-12 14:24:54.461440+00:00
[2024-07-12T14:24:55.755+0000] {warnings.py:112} WARNING - /home/***/.local/lib/python3.12/site-packages/***/task/task_runner/standard_task_runner.py:61: DeprecationWarning: This process (pid=7179) is multi-threaded, use of fork() may lead to deadlocks in the child.
  pid = os.fork()

[2024-07-12T14:24:55.756+0000] {standard_task_runner.py:63} INFO - Started process 7181 to run task
[2024-07-12T14:24:55.756+0000] {standard_task_runner.py:90} INFO - Running: ['***', 'tasks', 'run', 'init_ods_layer', 'get_source_params', 'manual__2024-07-12T14:24:54.461440+00:00', '--job-id', '61', '--raw', '--subdir', 'DAGS_FOLDER/init_ods.py', '--cfg-path', '/tmp/tmp2bmi71oo']
[2024-07-12T14:24:55.758+0000] {standard_task_runner.py:91} INFO - Job 61: Subtask get_source_params
[2024-07-12T14:24:55.784+0000] {task_command.py:426} INFO - Running <TaskInstance: init_ods_layer.get_source_params manual__2024-07-12T14:24:54.461440+00:00 [running]> on host 8047aa21fe02
[2024-07-12T14:24:55.813+0000] {taskinstance.py:2648} INFO - Exporting env vars: AIRFLOW_CTX_DAG_OWNER='***' AIRFLOW_CTX_DAG_ID='init_ods_layer' AIRFLOW_CTX_TASK_ID='get_source_params' AIRFLOW_CTX_EXECUTION_DATE='2024-07-12T14:24:54.461440+00:00' AIRFLOW_CTX_TRY_NUMBER='1' AIRFLOW_CTX_DAG_RUN_ID='manual__2024-07-12T14:24:54.461440+00:00'
[2024-07-12T14:24:55.814+0000] {taskinstance.py:430} INFO - ::endgroup::
[2024-07-12T14:24:55.818+0000] {base.py:84} INFO - Using connection ID 'source_db' for task execution.
[2024-07-12T14:24:55.956+0000] {python.py:237} INFO - Done. Returned value was: None
[2024-07-12T14:24:55.956+0000] {taskinstance.py:441} INFO - ::group::Post task execution logs
[2024-07-12T14:24:55.963+0000] {taskinstance.py:1206} INFO - Marking task as SUCCESS. dag_id=init_ods_layer, task_id=get_source_params, run_id=manual__2024-07-12T14:24:54.461440+00:00, execution_date=20240712T142454, start_date=20240712T142455, end_date=20240712T142455
[2024-07-12T14:24:55.986+0000] {local_task_job_runner.py:240} INFO - Task exited with return code 0
[2024-07-12T14:24:56.012+0000] {taskinstance.py:3503} INFO - 1 downstream tasks scheduled from follow-on schedule check
[2024-07-12T14:24:56.014+0000] {local_task_job_runner.py:222} INFO - ::endgroup::
