[2024-07-17T11:17:47.979+0000] {local_task_job_runner.py:120} INFO - ::group::Pre task execution logs
[2024-07-17T11:17:47.988+0000] {taskinstance.py:2076} INFO - Dependencies all met for dep_context=non-requeueable deps ti=<TaskInstance: init_ods_layer.get_target_params manual__2024-07-17T11:17:38.170549+00:00 [queued]>
[2024-07-17T11:17:47.991+0000] {taskinstance.py:2076} INFO - Dependencies all met for dep_context=requeueable deps ti=<TaskInstance: init_ods_layer.get_target_params manual__2024-07-17T11:17:38.170549+00:00 [queued]>
[2024-07-17T11:17:47.991+0000] {taskinstance.py:2306} INFO - Starting attempt 1 of 1
[2024-07-17T11:17:47.995+0000] {taskinstance.py:2330} INFO - Executing <Task(PythonOperator): get_target_params> on 2024-07-17 11:17:38.170549+00:00
[2024-07-17T11:17:48.000+0000] {warnings.py:112} WARNING - /home/***/.local/lib/python3.12/site-packages/***/task/task_runner/standard_task_runner.py:61: DeprecationWarning: This process (pid=1007) is multi-threaded, use of fork() may lead to deadlocks in the child.
  pid = os.fork()

[2024-07-17T11:17:48.001+0000] {standard_task_runner.py:63} INFO - Started process 1009 to run task
[2024-07-17T11:17:48.002+0000] {standard_task_runner.py:90} INFO - Running: ['***', 'tasks', 'run', 'init_ods_layer', 'get_target_params', 'manual__2024-07-17T11:17:38.170549+00:00', '--job-id', '154', '--raw', '--subdir', 'DAGS_FOLDER/init_ods.py', '--cfg-path', '/tmp/tmp9qxxy81_']
[2024-07-17T11:17:48.003+0000] {standard_task_runner.py:91} INFO - Job 154: Subtask get_target_params
[2024-07-17T11:17:48.022+0000] {task_command.py:426} INFO - Running <TaskInstance: init_ods_layer.get_target_params manual__2024-07-17T11:17:38.170549+00:00 [running]> on host 70110a06f087
[2024-07-17T11:17:48.062+0000] {taskinstance.py:2648} INFO - Exporting env vars: AIRFLOW_CTX_DAG_OWNER='***' AIRFLOW_CTX_DAG_ID='init_ods_layer' AIRFLOW_CTX_TASK_ID='get_target_params' AIRFLOW_CTX_EXECUTION_DATE='2024-07-17T11:17:38.170549+00:00' AIRFLOW_CTX_TRY_NUMBER='1' AIRFLOW_CTX_DAG_RUN_ID='manual__2024-07-17T11:17:38.170549+00:00'
[2024-07-17T11:17:48.063+0000] {taskinstance.py:430} INFO - ::endgroup::
[2024-07-17T11:17:48.067+0000] {base.py:84} INFO - Using connection ID 'target_db' for task execution.
[2024-07-17T11:17:48.189+0000] {python.py:237} INFO - Done. Returned value was: None
[2024-07-17T11:17:48.189+0000] {taskinstance.py:441} INFO - ::group::Post task execution logs
[2024-07-17T11:17:48.198+0000] {taskinstance.py:1206} INFO - Marking task as SUCCESS. dag_id=init_ods_layer, task_id=get_target_params, run_id=manual__2024-07-17T11:17:38.170549+00:00, execution_date=20240717T111738, start_date=20240717T111747, end_date=20240717T111748
[2024-07-17T11:17:48.222+0000] {local_task_job_runner.py:240} INFO - Task exited with return code 0
[2024-07-17T11:17:48.233+0000] {taskinstance.py:3503} INFO - 0 downstream tasks scheduled from follow-on schedule check
[2024-07-17T11:17:48.234+0000] {local_task_job_runner.py:222} INFO - ::endgroup::
