[2024-07-21T09:35:46.768+0000] {local_task_job_runner.py:120} INFO - ::group::Pre task execution logs
[2024-07-21T09:35:46.785+0000] {taskinstance.py:2076} INFO - Dependencies all met for dep_context=non-requeueable deps ti=<TaskInstance: refresh_ods.extract_dump manual__2024-07-21T09:35:32.992217+00:00 [queued]>
[2024-07-21T09:35:46.788+0000] {taskinstance.py:2076} INFO - Dependencies all met for dep_context=requeueable deps ti=<TaskInstance: refresh_ods.extract_dump manual__2024-07-21T09:35:32.992217+00:00 [queued]>
[2024-07-21T09:35:46.788+0000] {taskinstance.py:2306} INFO - Starting attempt 1 of 2
[2024-07-21T09:35:46.794+0000] {taskinstance.py:2330} INFO - Executing <Task(BashOperator): extract_dump> on 2024-07-21 09:35:32.992217+00:00
[2024-07-21T09:35:46.820+0000] {warnings.py:112} WARNING - /home/***/.local/lib/python3.12/site-packages/***/task/task_runner/standard_task_runner.py:61: DeprecationWarning: This process (pid=6533) is multi-threaded, use of fork() may lead to deadlocks in the child.
  pid = os.fork()

[2024-07-21T09:35:46.821+0000] {standard_task_runner.py:63} INFO - Started process 6535 to run task
[2024-07-21T09:35:46.822+0000] {standard_task_runner.py:90} INFO - Running: ['***', 'tasks', 'run', 'refresh_ods', 'extract_dump', 'manual__2024-07-21T09:35:32.992217+00:00', '--job-id', '351', '--raw', '--subdir', 'DAGS_FOLDER/refresh_ods.py', '--cfg-path', '/tmp/tmp6_fn5cdf']
[2024-07-21T09:35:46.825+0000] {standard_task_runner.py:91} INFO - Job 351: Subtask extract_dump
[2024-07-21T09:35:46.872+0000] {task_command.py:426} INFO - Running <TaskInstance: refresh_ods.extract_dump manual__2024-07-21T09:35:32.992217+00:00 [running]> on host 89202c950a25
[2024-07-21T09:35:46.931+0000] {taskinstance.py:2648} INFO - Exporting env vars: AIRFLOW_CTX_DAG_OWNER='***' AIRFLOW_CTX_DAG_ID='refresh_ods' AIRFLOW_CTX_TASK_ID='extract_dump' AIRFLOW_CTX_EXECUTION_DATE='2024-07-21T09:35:32.992217+00:00' AIRFLOW_CTX_TRY_NUMBER='1' AIRFLOW_CTX_DAG_RUN_ID='manual__2024-07-21T09:35:32.992217+00:00'
[2024-07-21T09:35:46.933+0000] {taskinstance.py:430} INFO - ::endgroup::
[2024-07-21T09:35:46.937+0000] {subprocess.py:63} INFO - Tmp dir root location: /tmp
[2024-07-21T09:35:46.938+0000] {subprocess.py:75} INFO - Running command: ['/usr/bin/bash', '-c', "\n    PGPASSWORD='***' pg_restore -f /opt/***/dags/scripts/sql-scripts/extracted_dump.sql -F c /opt/***/dags/scripts/sql-scripts/ods_refresh.dump\n    "]
[2024-07-21T09:35:46.944+0000] {subprocess.py:86} INFO - Output:
[2024-07-21T09:35:47.023+0000] {subprocess.py:97} INFO - Command exited with return code 0
[2024-07-21T09:35:47.024+0000] {taskinstance.py:441} INFO - ::group::Post task execution logs
[2024-07-21T09:35:47.037+0000] {taskinstance.py:1206} INFO - Marking task as SUCCESS. dag_id=refresh_ods, task_id=extract_dump, run_id=manual__2024-07-21T09:35:32.992217+00:00, execution_date=20240721T093532, start_date=20240721T093546, end_date=20240721T093547
[2024-07-21T09:35:47.046+0000] {local_task_job_runner.py:240} INFO - Task exited with return code 0
[2024-07-21T09:35:47.055+0000] {warnings.py:112} WARNING - /home/***/.local/lib/python3.12/site-packages/***/models/baseoperator.py:1297: AirflowProviderDeprecationWarning: Call to deprecated class PostgresOperator. (Please use `***.providers.common.sql.operators.sql.SQLExecuteQueryOperator`.Also, you can provide `hook_params={'schema': <database>}`.)
  result = cls.__new__(cls)

[2024-07-21T09:35:47.068+0000] {taskinstance.py:3503} INFO - 1 downstream tasks scheduled from follow-on schedule check
[2024-07-21T09:35:47.068+0000] {local_task_job_runner.py:222} INFO - ::endgroup::
