[2024-07-02T21:18:51.982+0000] {processor.py:161} INFO - Started process (PID=13229) to work on /opt/airflow/dags/example.py
[2024-07-02T21:18:51.983+0000] {processor.py:830} INFO - Processing file /opt/airflow/dags/example.py for tasks to queue
[2024-07-02T21:18:51.985+0000] {logging_mixin.py:188} INFO - [2024-07-02T21:18:51.985+0000] {dagbag.py:545} INFO - Filling up the DagBag from /opt/airflow/dags/example.py
[2024-07-02T21:18:52.109+0000] {logging_mixin.py:188} INFO - [2024-07-02T21:18:52.104+0000] {dagbag.py:355} ERROR - Failed to import: /opt/airflow/dags/example.py
Traceback (most recent call last):
  File "/home/airflow/.local/lib/python3.12/site-packages/airflow/models/dagbag.py", line 351, in parse
    loader.exec_module(new_module)
  File "<frozen importlib._bootstrap_external>", line 995, in exec_module
  File "<frozen importlib._bootstrap>", line 488, in _call_with_frames_removed
  File "/opt/airflow/dags/example.py", line 9, in <module>
    config = Variable.get("hello", deserialize_json=True)
             ^^^^^^^^^^^^^^^^^^^^^^^^^^^^^^^^^^^^^^^^^^^^
  File "/home/airflow/.local/lib/python3.12/site-packages/airflow/models/variable.py", line 143, in get
    raise KeyError(f"Variable {key} does not exist")
KeyError: 'Variable hello does not exist'
[2024-07-02T21:18:52.114+0000] {processor.py:842} WARNING - No viable dags retrieved from /opt/airflow/dags/example.py
[2024-07-02T21:18:52.132+0000] {processor.py:183} INFO - Processing /opt/airflow/dags/example.py took 0.155 seconds
[2024-07-02T21:19:02.659+0000] {processor.py:161} INFO - Started process (PID=13264) to work on /opt/airflow/dags/example.py
[2024-07-02T21:19:02.660+0000] {processor.py:830} INFO - Processing file /opt/airflow/dags/example.py for tasks to queue
[2024-07-02T21:19:02.663+0000] {logging_mixin.py:188} INFO - [2024-07-02T21:19:02.663+0000] {dagbag.py:545} INFO - Filling up the DagBag from /opt/airflow/dags/example.py
[2024-07-02T21:19:02.720+0000] {logging_mixin.py:188} INFO - [2024-07-02T21:19:02.715+0000] {dagbag.py:355} ERROR - Failed to import: /opt/airflow/dags/example.py
Traceback (most recent call last):
  File "/home/airflow/.local/lib/python3.12/site-packages/airflow/models/dagbag.py", line 351, in parse
    loader.exec_module(new_module)
  File "<frozen importlib._bootstrap_external>", line 995, in exec_module
  File "<frozen importlib._bootstrap>", line 488, in _call_with_frames_removed
  File "/opt/airflow/dags/example.py", line 9, in <module>
    config = Variable.get("hello", deserialize_json=True)
             ^^^^^^^^^^^^^^^^^^^^^^^^^^^^^^^^^^^^^^^^^^^^
  File "/home/airflow/.local/lib/python3.12/site-packages/airflow/models/variable.py", line 143, in get
    raise KeyError(f"Variable {key} does not exist")
KeyError: 'Variable hello does not exist'
[2024-07-02T21:19:02.721+0000] {processor.py:842} WARNING - No viable dags retrieved from /opt/airflow/dags/example.py
[2024-07-02T21:19:02.734+0000] {processor.py:183} INFO - Processing /opt/airflow/dags/example.py took 0.081 seconds
[2024-07-02T21:19:33.040+0000] {processor.py:161} INFO - Started process (PID=13322) to work on /opt/airflow/dags/example.py
[2024-07-02T21:19:33.041+0000] {processor.py:830} INFO - Processing file /opt/airflow/dags/example.py for tasks to queue
[2024-07-02T21:19:33.043+0000] {logging_mixin.py:188} INFO - [2024-07-02T21:19:33.042+0000] {dagbag.py:545} INFO - Filling up the DagBag from /opt/airflow/dags/example.py
[2024-07-02T21:19:33.101+0000] {logging_mixin.py:188} INFO - [2024-07-02T21:19:33.097+0000] {dagbag.py:355} ERROR - Failed to import: /opt/airflow/dags/example.py
Traceback (most recent call last):
  File "/home/airflow/.local/lib/python3.12/site-packages/airflow/models/dagbag.py", line 351, in parse
    loader.exec_module(new_module)
  File "<frozen importlib._bootstrap_external>", line 995, in exec_module
  File "<frozen importlib._bootstrap>", line 488, in _call_with_frames_removed
  File "/opt/airflow/dags/example.py", line 9, in <module>
    config = Variable.get("hello", deserialize_json=True)
             ^^^^^^^^^^^^^^^^^^^^^^^^^^^^^^^^^^^^^^^^^^^^
  File "/home/airflow/.local/lib/python3.12/site-packages/airflow/models/variable.py", line 143, in get
    raise KeyError(f"Variable {key} does not exist")
KeyError: 'Variable hello does not exist'
[2024-07-02T21:19:33.103+0000] {processor.py:842} WARNING - No viable dags retrieved from /opt/airflow/dags/example.py
[2024-07-02T21:19:33.115+0000] {processor.py:183} INFO - Processing /opt/airflow/dags/example.py took 0.080 seconds
[2024-07-02T21:20:03.500+0000] {processor.py:161} INFO - Started process (PID=13381) to work on /opt/airflow/dags/example.py
[2024-07-02T21:20:03.502+0000] {processor.py:830} INFO - Processing file /opt/airflow/dags/example.py for tasks to queue
[2024-07-02T21:20:03.504+0000] {logging_mixin.py:188} INFO - [2024-07-02T21:20:03.504+0000] {dagbag.py:545} INFO - Filling up the DagBag from /opt/airflow/dags/example.py
[2024-07-02T21:20:03.551+0000] {logging_mixin.py:188} INFO - [2024-07-02T21:20:03.546+0000] {dagbag.py:355} ERROR - Failed to import: /opt/airflow/dags/example.py
Traceback (most recent call last):
  File "/home/airflow/.local/lib/python3.12/site-packages/airflow/models/dagbag.py", line 351, in parse
    loader.exec_module(new_module)
  File "<frozen importlib._bootstrap_external>", line 995, in exec_module
  File "<frozen importlib._bootstrap>", line 488, in _call_with_frames_removed
  File "/opt/airflow/dags/example.py", line 9, in <module>
    config = Variable.get("hello", deserialize_json=True)
             ^^^^^^^^^^^^^^^^^^^^^^^^^^^^^^^^^^^^^^^^^^^^
  File "/home/airflow/.local/lib/python3.12/site-packages/airflow/models/variable.py", line 143, in get
    raise KeyError(f"Variable {key} does not exist")
KeyError: 'Variable hello does not exist'
[2024-07-02T21:20:03.554+0000] {processor.py:842} WARNING - No viable dags retrieved from /opt/airflow/dags/example.py
[2024-07-02T21:20:03.569+0000] {processor.py:183} INFO - Processing /opt/airflow/dags/example.py took 0.074 seconds
[2024-07-02T21:20:33.674+0000] {processor.py:161} INFO - Started process (PID=13434) to work on /opt/airflow/dags/example.py
[2024-07-02T21:20:33.675+0000] {processor.py:830} INFO - Processing file /opt/airflow/dags/example.py for tasks to queue
[2024-07-02T21:20:33.677+0000] {logging_mixin.py:188} INFO - [2024-07-02T21:20:33.677+0000] {dagbag.py:545} INFO - Filling up the DagBag from /opt/airflow/dags/example.py
[2024-07-02T21:20:33.738+0000] {logging_mixin.py:188} INFO - [2024-07-02T21:20:33.732+0000] {dagbag.py:355} ERROR - Failed to import: /opt/airflow/dags/example.py
Traceback (most recent call last):
  File "/home/airflow/.local/lib/python3.12/site-packages/airflow/models/dagbag.py", line 351, in parse
    loader.exec_module(new_module)
  File "<frozen importlib._bootstrap_external>", line 995, in exec_module
  File "<frozen importlib._bootstrap>", line 488, in _call_with_frames_removed
  File "/opt/airflow/dags/example.py", line 9, in <module>
    config = Variable.get("hello", deserialize_json=True)
             ^^^^^^^^^^^^^^^^^^^^^^^^^^^^^^^^^^^^^^^^^^^^
  File "/home/airflow/.local/lib/python3.12/site-packages/airflow/models/variable.py", line 143, in get
    raise KeyError(f"Variable {key} does not exist")
KeyError: 'Variable hello does not exist'
[2024-07-02T21:20:33.741+0000] {processor.py:842} WARNING - No viable dags retrieved from /opt/airflow/dags/example.py
[2024-07-02T21:20:33.765+0000] {processor.py:183} INFO - Processing /opt/airflow/dags/example.py took 0.098 seconds
[2024-07-02T21:20:38.491+0000] {processor.py:161} INFO - Started process (PID=13463) to work on /opt/airflow/dags/example.py
[2024-07-02T21:20:38.492+0000] {processor.py:830} INFO - Processing file /opt/airflow/dags/example.py for tasks to queue
[2024-07-02T21:20:38.494+0000] {logging_mixin.py:188} INFO - [2024-07-02T21:20:38.494+0000] {dagbag.py:545} INFO - Filling up the DagBag from /opt/airflow/dags/example.py
[2024-07-02T21:20:38.547+0000] {logging_mixin.py:188} INFO - [2024-07-02T21:20:38.542+0000] {dagbag.py:355} ERROR - Failed to import: /opt/airflow/dags/example.py
Traceback (most recent call last):
  File "/home/airflow/.local/lib/python3.12/site-packages/airflow/models/dagbag.py", line 351, in parse
    loader.exec_module(new_module)
  File "<frozen importlib._bootstrap_external>", line 995, in exec_module
  File "<frozen importlib._bootstrap>", line 488, in _call_with_frames_removed
  File "/opt/airflow/dags/example.py", line 8, in <module>
    config = Variable.get("airflow", deserialize_json=True)
             ^^^^^^^^^^^^^^^^^^^^^^^^^^^^^^^^^^^^^^^^^^^^^^
  File "/home/airflow/.local/lib/python3.12/site-packages/airflow/models/variable.py", line 143, in get
    raise KeyError(f"Variable {key} does not exist")
KeyError: 'Variable airflow does not exist'
[2024-07-02T21:20:38.548+0000] {processor.py:842} WARNING - No viable dags retrieved from /opt/airflow/dags/example.py
[2024-07-02T21:20:38.561+0000] {processor.py:183} INFO - Processing /opt/airflow/dags/example.py took 0.075 seconds
[2024-07-02T21:21:08.953+0000] {processor.py:161} INFO - Started process (PID=13522) to work on /opt/airflow/dags/example.py
[2024-07-02T21:21:08.954+0000] {processor.py:830} INFO - Processing file /opt/airflow/dags/example.py for tasks to queue
[2024-07-02T21:21:08.955+0000] {logging_mixin.py:188} INFO - [2024-07-02T21:21:08.955+0000] {dagbag.py:545} INFO - Filling up the DagBag from /opt/airflow/dags/example.py
[2024-07-02T21:21:08.999+0000] {logging_mixin.py:188} INFO - [2024-07-02T21:21:08.994+0000] {dagbag.py:355} ERROR - Failed to import: /opt/airflow/dags/example.py
Traceback (most recent call last):
  File "/home/airflow/.local/lib/python3.12/site-packages/airflow/models/dagbag.py", line 351, in parse
    loader.exec_module(new_module)
  File "<frozen importlib._bootstrap_external>", line 995, in exec_module
  File "<frozen importlib._bootstrap>", line 488, in _call_with_frames_removed
  File "/opt/airflow/dags/example.py", line 8, in <module>
    config = Variable.get("airflow", deserialize_json=True)
             ^^^^^^^^^^^^^^^^^^^^^^^^^^^^^^^^^^^^^^^^^^^^^^
  File "/home/airflow/.local/lib/python3.12/site-packages/airflow/models/variable.py", line 143, in get
    raise KeyError(f"Variable {key} does not exist")
KeyError: 'Variable airflow does not exist'
[2024-07-02T21:21:09.001+0000] {processor.py:842} WARNING - No viable dags retrieved from /opt/airflow/dags/example.py
[2024-07-02T21:21:09.022+0000] {processor.py:183} INFO - Processing /opt/airflow/dags/example.py took 0.075 seconds
[2024-07-02T21:21:39.464+0000] {processor.py:161} INFO - Started process (PID=13581) to work on /opt/airflow/dags/example.py
[2024-07-02T21:21:39.465+0000] {processor.py:830} INFO - Processing file /opt/airflow/dags/example.py for tasks to queue
[2024-07-02T21:21:39.467+0000] {logging_mixin.py:188} INFO - [2024-07-02T21:21:39.467+0000] {dagbag.py:545} INFO - Filling up the DagBag from /opt/airflow/dags/example.py
[2024-07-02T21:21:39.508+0000] {logging_mixin.py:188} INFO - [2024-07-02T21:21:39.503+0000] {dagbag.py:355} ERROR - Failed to import: /opt/airflow/dags/example.py
Traceback (most recent call last):
  File "/home/airflow/.local/lib/python3.12/site-packages/airflow/models/dagbag.py", line 351, in parse
    loader.exec_module(new_module)
  File "<frozen importlib._bootstrap_external>", line 995, in exec_module
  File "<frozen importlib._bootstrap>", line 488, in _call_with_frames_removed
  File "/opt/airflow/dags/example.py", line 8, in <module>
    config = Variable.get("airflow", deserialize_json=True)
             ^^^^^^^^^^^^^^^^^^^^^^^^^^^^^^^^^^^^^^^^^^^^^^
  File "/home/airflow/.local/lib/python3.12/site-packages/airflow/models/variable.py", line 143, in get
    raise KeyError(f"Variable {key} does not exist")
KeyError: 'Variable airflow does not exist'
[2024-07-02T21:21:39.510+0000] {processor.py:842} WARNING - No viable dags retrieved from /opt/airflow/dags/example.py
[2024-07-02T21:21:39.530+0000] {processor.py:183} INFO - Processing /opt/airflow/dags/example.py took 0.071 seconds
[2024-07-02T21:22:09.675+0000] {processor.py:161} INFO - Started process (PID=13640) to work on /opt/airflow/dags/example.py
[2024-07-02T21:22:09.676+0000] {processor.py:830} INFO - Processing file /opt/airflow/dags/example.py for tasks to queue
[2024-07-02T21:22:09.678+0000] {logging_mixin.py:188} INFO - [2024-07-02T21:22:09.678+0000] {dagbag.py:545} INFO - Filling up the DagBag from /opt/airflow/dags/example.py
[2024-07-02T21:22:09.721+0000] {logging_mixin.py:188} INFO - [2024-07-02T21:22:09.716+0000] {dagbag.py:355} ERROR - Failed to import: /opt/airflow/dags/example.py
Traceback (most recent call last):
  File "/home/airflow/.local/lib/python3.12/site-packages/airflow/models/dagbag.py", line 351, in parse
    loader.exec_module(new_module)
  File "<frozen importlib._bootstrap_external>", line 995, in exec_module
  File "<frozen importlib._bootstrap>", line 488, in _call_with_frames_removed
  File "/opt/airflow/dags/example.py", line 8, in <module>
    config = Variable.get("airflow", deserialize_json=True)
             ^^^^^^^^^^^^^^^^^^^^^^^^^^^^^^^^^^^^^^^^^^^^^^
  File "/home/airflow/.local/lib/python3.12/site-packages/airflow/models/variable.py", line 143, in get
    raise KeyError(f"Variable {key} does not exist")
KeyError: 'Variable airflow does not exist'
[2024-07-02T21:22:09.723+0000] {processor.py:842} WARNING - No viable dags retrieved from /opt/airflow/dags/example.py
[2024-07-02T21:22:09.737+0000] {processor.py:183} INFO - Processing /opt/airflow/dags/example.py took 0.067 seconds
[2024-07-02T21:22:40.201+0000] {processor.py:161} INFO - Started process (PID=13699) to work on /opt/airflow/dags/example.py
[2024-07-02T21:22:40.202+0000] {processor.py:830} INFO - Processing file /opt/airflow/dags/example.py for tasks to queue
[2024-07-02T21:22:40.204+0000] {logging_mixin.py:188} INFO - [2024-07-02T21:22:40.204+0000] {dagbag.py:545} INFO - Filling up the DagBag from /opt/airflow/dags/example.py
[2024-07-02T21:22:40.253+0000] {logging_mixin.py:188} INFO - [2024-07-02T21:22:40.248+0000] {dagbag.py:355} ERROR - Failed to import: /opt/airflow/dags/example.py
Traceback (most recent call last):
  File "/home/airflow/.local/lib/python3.12/site-packages/airflow/models/dagbag.py", line 351, in parse
    loader.exec_module(new_module)
  File "<frozen importlib._bootstrap_external>", line 995, in exec_module
  File "<frozen importlib._bootstrap>", line 488, in _call_with_frames_removed
  File "/opt/airflow/dags/example.py", line 8, in <module>
    config = Variable.get("airflow", deserialize_json=True)
             ^^^^^^^^^^^^^^^^^^^^^^^^^^^^^^^^^^^^^^^^^^^^^^
  File "/home/airflow/.local/lib/python3.12/site-packages/airflow/models/variable.py", line 143, in get
    raise KeyError(f"Variable {key} does not exist")
KeyError: 'Variable airflow does not exist'
[2024-07-02T21:22:40.255+0000] {processor.py:842} WARNING - No viable dags retrieved from /opt/airflow/dags/example.py
[2024-07-02T21:22:40.278+0000] {processor.py:183} INFO - Processing /opt/airflow/dags/example.py took 0.084 seconds
[2024-07-02T21:23:10.706+0000] {processor.py:161} INFO - Started process (PID=13758) to work on /opt/airflow/dags/example.py
[2024-07-02T21:23:10.707+0000] {processor.py:830} INFO - Processing file /opt/airflow/dags/example.py for tasks to queue
[2024-07-02T21:23:10.710+0000] {logging_mixin.py:188} INFO - [2024-07-02T21:23:10.709+0000] {dagbag.py:545} INFO - Filling up the DagBag from /opt/airflow/dags/example.py
[2024-07-02T21:23:10.752+0000] {logging_mixin.py:188} INFO - [2024-07-02T21:23:10.748+0000] {dagbag.py:355} ERROR - Failed to import: /opt/airflow/dags/example.py
Traceback (most recent call last):
  File "/home/airflow/.local/lib/python3.12/site-packages/airflow/models/dagbag.py", line 351, in parse
    loader.exec_module(new_module)
  File "<frozen importlib._bootstrap_external>", line 995, in exec_module
  File "<frozen importlib._bootstrap>", line 488, in _call_with_frames_removed
  File "/opt/airflow/dags/example.py", line 8, in <module>
    config = Variable.get("airflow", deserialize_json=True)
             ^^^^^^^^^^^^^^^^^^^^^^^^^^^^^^^^^^^^^^^^^^^^^^
  File "/home/airflow/.local/lib/python3.12/site-packages/airflow/models/variable.py", line 143, in get
    raise KeyError(f"Variable {key} does not exist")
KeyError: 'Variable airflow does not exist'
[2024-07-02T21:23:10.754+0000] {processor.py:842} WARNING - No viable dags retrieved from /opt/airflow/dags/example.py
[2024-07-02T21:23:10.776+0000] {processor.py:183} INFO - Processing /opt/airflow/dags/example.py took 0.074 seconds
[2024-07-02T21:23:40.855+0000] {processor.py:161} INFO - Started process (PID=13817) to work on /opt/airflow/dags/example.py
[2024-07-02T21:23:40.856+0000] {processor.py:830} INFO - Processing file /opt/airflow/dags/example.py for tasks to queue
[2024-07-02T21:23:40.858+0000] {logging_mixin.py:188} INFO - [2024-07-02T21:23:40.858+0000] {dagbag.py:545} INFO - Filling up the DagBag from /opt/airflow/dags/example.py
[2024-07-02T21:23:40.900+0000] {logging_mixin.py:188} INFO - [2024-07-02T21:23:40.895+0000] {dagbag.py:355} ERROR - Failed to import: /opt/airflow/dags/example.py
Traceback (most recent call last):
  File "/home/airflow/.local/lib/python3.12/site-packages/airflow/models/dagbag.py", line 351, in parse
    loader.exec_module(new_module)
  File "<frozen importlib._bootstrap_external>", line 995, in exec_module
  File "<frozen importlib._bootstrap>", line 488, in _call_with_frames_removed
  File "/opt/airflow/dags/example.py", line 8, in <module>
    config = Variable.get("airflow", deserialize_json=True)
             ^^^^^^^^^^^^^^^^^^^^^^^^^^^^^^^^^^^^^^^^^^^^^^
  File "/home/airflow/.local/lib/python3.12/site-packages/airflow/models/variable.py", line 143, in get
    raise KeyError(f"Variable {key} does not exist")
KeyError: 'Variable airflow does not exist'
[2024-07-02T21:23:40.901+0000] {processor.py:842} WARNING - No viable dags retrieved from /opt/airflow/dags/example.py
[2024-07-02T21:23:40.913+0000] {processor.py:183} INFO - Processing /opt/airflow/dags/example.py took 0.064 seconds
[2024-07-02T21:24:11.440+0000] {processor.py:161} INFO - Started process (PID=13876) to work on /opt/airflow/dags/example.py
[2024-07-02T21:24:11.441+0000] {processor.py:830} INFO - Processing file /opt/airflow/dags/example.py for tasks to queue
[2024-07-02T21:24:11.443+0000] {logging_mixin.py:188} INFO - [2024-07-02T21:24:11.443+0000] {dagbag.py:545} INFO - Filling up the DagBag from /opt/airflow/dags/example.py
[2024-07-02T21:24:11.499+0000] {logging_mixin.py:188} INFO - [2024-07-02T21:24:11.494+0000] {dagbag.py:355} ERROR - Failed to import: /opt/airflow/dags/example.py
Traceback (most recent call last):
  File "/home/airflow/.local/lib/python3.12/site-packages/airflow/models/dagbag.py", line 351, in parse
    loader.exec_module(new_module)
  File "<frozen importlib._bootstrap_external>", line 995, in exec_module
  File "<frozen importlib._bootstrap>", line 488, in _call_with_frames_removed
  File "/opt/airflow/dags/example.py", line 8, in <module>
    config = Variable.get("airflow", deserialize_json=True)
             ^^^^^^^^^^^^^^^^^^^^^^^^^^^^^^^^^^^^^^^^^^^^^^
  File "/home/airflow/.local/lib/python3.12/site-packages/airflow/models/variable.py", line 143, in get
    raise KeyError(f"Variable {key} does not exist")
KeyError: 'Variable airflow does not exist'
[2024-07-02T21:24:11.501+0000] {processor.py:842} WARNING - No viable dags retrieved from /opt/airflow/dags/example.py
[2024-07-02T21:24:11.514+0000] {processor.py:183} INFO - Processing /opt/airflow/dags/example.py took 0.082 seconds
[2024-07-02T21:24:41.857+0000] {processor.py:161} INFO - Started process (PID=13935) to work on /opt/airflow/dags/example.py
[2024-07-02T21:24:41.858+0000] {processor.py:830} INFO - Processing file /opt/airflow/dags/example.py for tasks to queue
[2024-07-02T21:24:41.860+0000] {logging_mixin.py:188} INFO - [2024-07-02T21:24:41.859+0000] {dagbag.py:545} INFO - Filling up the DagBag from /opt/airflow/dags/example.py
[2024-07-02T21:24:41.902+0000] {logging_mixin.py:188} INFO - [2024-07-02T21:24:41.897+0000] {dagbag.py:355} ERROR - Failed to import: /opt/airflow/dags/example.py
Traceback (most recent call last):
  File "/home/airflow/.local/lib/python3.12/site-packages/airflow/models/dagbag.py", line 351, in parse
    loader.exec_module(new_module)
  File "<frozen importlib._bootstrap_external>", line 995, in exec_module
  File "<frozen importlib._bootstrap>", line 488, in _call_with_frames_removed
  File "/opt/airflow/dags/example.py", line 8, in <module>
    config = Variable.get("airflow", deserialize_json=True)
             ^^^^^^^^^^^^^^^^^^^^^^^^^^^^^^^^^^^^^^^^^^^^^^
  File "/home/airflow/.local/lib/python3.12/site-packages/airflow/models/variable.py", line 143, in get
    raise KeyError(f"Variable {key} does not exist")
KeyError: 'Variable airflow does not exist'
[2024-07-02T21:24:41.904+0000] {processor.py:842} WARNING - No viable dags retrieved from /opt/airflow/dags/example.py
[2024-07-02T21:24:41.926+0000] {processor.py:183} INFO - Processing /opt/airflow/dags/example.py took 0.074 seconds
[2024-07-02T21:24:53.004+0000] {processor.py:161} INFO - Started process (PID=13936) to work on /opt/airflow/dags/example.py
[2024-07-02T21:24:53.005+0000] {processor.py:830} INFO - Processing file /opt/airflow/dags/example.py for tasks to queue
[2024-07-02T21:24:53.007+0000] {logging_mixin.py:188} INFO - [2024-07-02T21:24:53.007+0000] {dagbag.py:545} INFO - Filling up the DagBag from /opt/airflow/dags/example.py
[2024-07-02T21:24:53.070+0000] {logging_mixin.py:188} INFO - [2024-07-02T21:24:53.065+0000] {dagbag.py:355} ERROR - Failed to import: /opt/airflow/dags/example.py
Traceback (most recent call last):
  File "/home/airflow/.local/lib/python3.12/site-packages/airflow/models/dagbag.py", line 351, in parse
    loader.exec_module(new_module)
  File "<frozen importlib._bootstrap_external>", line 995, in exec_module
  File "<frozen importlib._bootstrap>", line 488, in _call_with_frames_removed
  File "/opt/airflow/dags/example.py", line 8, in <module>
    config = Variable.get("var", deserialize_json=True)
             ^^^^^^^^^^^^^^^^^^^^^^^^^^^^^^^^^^^^^^^^^^
  File "/home/airflow/.local/lib/python3.12/site-packages/airflow/models/variable.py", line 146, in get
    obj = json.loads(var_val)
          ^^^^^^^^^^^^^^^^^^^
  File "/usr/local/lib/python3.12/json/__init__.py", line 346, in loads
    return _default_decoder.decode(s)
           ^^^^^^^^^^^^^^^^^^^^^^^^^^
  File "/usr/local/lib/python3.12/json/decoder.py", line 337, in decode
    obj, end = self.raw_decode(s, idx=_w(s, 0).end())
               ^^^^^^^^^^^^^^^^^^^^^^^^^^^^^^^^^^^^^^
  File "/usr/local/lib/python3.12/json/decoder.py", line 355, in raw_decode
    raise JSONDecodeError("Expecting value", s, err.value) from None
json.decoder.JSONDecodeError: Expecting value: line 1 column 1 (char 0)
[2024-07-02T21:24:53.071+0000] {processor.py:842} WARNING - No viable dags retrieved from /opt/airflow/dags/example.py
[2024-07-02T21:24:53.094+0000] {processor.py:183} INFO - Processing /opt/airflow/dags/example.py took 0.098 seconds
[2024-07-02T21:25:23.275+0000] {processor.py:161} INFO - Started process (PID=13995) to work on /opt/airflow/dags/example.py
[2024-07-02T21:25:23.276+0000] {processor.py:830} INFO - Processing file /opt/airflow/dags/example.py for tasks to queue
[2024-07-02T21:25:23.278+0000] {logging_mixin.py:188} INFO - [2024-07-02T21:25:23.277+0000] {dagbag.py:545} INFO - Filling up the DagBag from /opt/airflow/dags/example.py
[2024-07-02T21:25:23.328+0000] {logging_mixin.py:188} INFO - [2024-07-02T21:25:23.322+0000] {dagbag.py:355} ERROR - Failed to import: /opt/airflow/dags/example.py
Traceback (most recent call last):
  File "/home/airflow/.local/lib/python3.12/site-packages/airflow/models/dagbag.py", line 351, in parse
    loader.exec_module(new_module)
  File "<frozen importlib._bootstrap_external>", line 995, in exec_module
  File "<frozen importlib._bootstrap>", line 488, in _call_with_frames_removed
  File "/opt/airflow/dags/example.py", line 8, in <module>
    config = Variable.get("var", deserialize_json=True)
             ^^^^^^^^^^^^^^^^^^^^^^^^^^^^^^^^^^^^^^^^^^
  File "/home/airflow/.local/lib/python3.12/site-packages/airflow/models/variable.py", line 146, in get
    obj = json.loads(var_val)
          ^^^^^^^^^^^^^^^^^^^
  File "/usr/local/lib/python3.12/json/__init__.py", line 346, in loads
    return _default_decoder.decode(s)
           ^^^^^^^^^^^^^^^^^^^^^^^^^^
  File "/usr/local/lib/python3.12/json/decoder.py", line 337, in decode
    obj, end = self.raw_decode(s, idx=_w(s, 0).end())
               ^^^^^^^^^^^^^^^^^^^^^^^^^^^^^^^^^^^^^^
  File "/usr/local/lib/python3.12/json/decoder.py", line 355, in raw_decode
    raise JSONDecodeError("Expecting value", s, err.value) from None
json.decoder.JSONDecodeError: Expecting value: line 1 column 1 (char 0)
[2024-07-02T21:25:23.329+0000] {processor.py:842} WARNING - No viable dags retrieved from /opt/airflow/dags/example.py
[2024-07-02T21:25:23.353+0000] {processor.py:183} INFO - Processing /opt/airflow/dags/example.py took 0.084 seconds
[2024-07-02T21:25:53.649+0000] {processor.py:161} INFO - Started process (PID=14054) to work on /opt/airflow/dags/example.py
[2024-07-02T21:25:53.650+0000] {processor.py:830} INFO - Processing file /opt/airflow/dags/example.py for tasks to queue
[2024-07-02T21:25:53.652+0000] {logging_mixin.py:188} INFO - [2024-07-02T21:25:53.652+0000] {dagbag.py:545} INFO - Filling up the DagBag from /opt/airflow/dags/example.py
[2024-07-02T21:25:53.702+0000] {logging_mixin.py:188} INFO - [2024-07-02T21:25:53.696+0000] {dagbag.py:355} ERROR - Failed to import: /opt/airflow/dags/example.py
Traceback (most recent call last):
  File "/home/airflow/.local/lib/python3.12/site-packages/airflow/models/dagbag.py", line 351, in parse
    loader.exec_module(new_module)
  File "<frozen importlib._bootstrap_external>", line 995, in exec_module
  File "<frozen importlib._bootstrap>", line 488, in _call_with_frames_removed
  File "/opt/airflow/dags/example.py", line 8, in <module>
    config = Variable.get("var", deserialize_json=True)
             ^^^^^^^^^^^^^^^^^^^^^^^^^^^^^^^^^^^^^^^^^^
  File "/home/airflow/.local/lib/python3.12/site-packages/airflow/models/variable.py", line 146, in get
    obj = json.loads(var_val)
          ^^^^^^^^^^^^^^^^^^^
  File "/usr/local/lib/python3.12/json/__init__.py", line 346, in loads
    return _default_decoder.decode(s)
           ^^^^^^^^^^^^^^^^^^^^^^^^^^
  File "/usr/local/lib/python3.12/json/decoder.py", line 337, in decode
    obj, end = self.raw_decode(s, idx=_w(s, 0).end())
               ^^^^^^^^^^^^^^^^^^^^^^^^^^^^^^^^^^^^^^
  File "/usr/local/lib/python3.12/json/decoder.py", line 355, in raw_decode
    raise JSONDecodeError("Expecting value", s, err.value) from None
json.decoder.JSONDecodeError: Expecting value: line 1 column 1 (char 0)
[2024-07-02T21:25:53.703+0000] {processor.py:842} WARNING - No viable dags retrieved from /opt/airflow/dags/example.py
[2024-07-02T21:25:53.716+0000] {processor.py:183} INFO - Processing /opt/airflow/dags/example.py took 0.072 seconds
[2024-07-02T21:26:23.867+0000] {processor.py:161} INFO - Started process (PID=14113) to work on /opt/airflow/dags/example.py
[2024-07-02T21:26:23.868+0000] {processor.py:830} INFO - Processing file /opt/airflow/dags/example.py for tasks to queue
[2024-07-02T21:26:23.870+0000] {logging_mixin.py:188} INFO - [2024-07-02T21:26:23.869+0000] {dagbag.py:545} INFO - Filling up the DagBag from /opt/airflow/dags/example.py
[2024-07-02T21:26:23.916+0000] {logging_mixin.py:188} INFO - [2024-07-02T21:26:23.910+0000] {dagbag.py:355} ERROR - Failed to import: /opt/airflow/dags/example.py
Traceback (most recent call last):
  File "/home/airflow/.local/lib/python3.12/site-packages/airflow/models/dagbag.py", line 351, in parse
    loader.exec_module(new_module)
  File "<frozen importlib._bootstrap_external>", line 995, in exec_module
  File "<frozen importlib._bootstrap>", line 488, in _call_with_frames_removed
  File "/opt/airflow/dags/example.py", line 8, in <module>
    config = Variable.get("var", deserialize_json=True)
             ^^^^^^^^^^^^^^^^^^^^^^^^^^^^^^^^^^^^^^^^^^
  File "/home/airflow/.local/lib/python3.12/site-packages/airflow/models/variable.py", line 146, in get
    obj = json.loads(var_val)
          ^^^^^^^^^^^^^^^^^^^
  File "/usr/local/lib/python3.12/json/__init__.py", line 346, in loads
    return _default_decoder.decode(s)
           ^^^^^^^^^^^^^^^^^^^^^^^^^^
  File "/usr/local/lib/python3.12/json/decoder.py", line 337, in decode
    obj, end = self.raw_decode(s, idx=_w(s, 0).end())
               ^^^^^^^^^^^^^^^^^^^^^^^^^^^^^^^^^^^^^^
  File "/usr/local/lib/python3.12/json/decoder.py", line 355, in raw_decode
    raise JSONDecodeError("Expecting value", s, err.value) from None
json.decoder.JSONDecodeError: Expecting value: line 1 column 1 (char 0)
[2024-07-02T21:26:23.917+0000] {processor.py:842} WARNING - No viable dags retrieved from /opt/airflow/dags/example.py
[2024-07-02T21:26:23.940+0000] {processor.py:183} INFO - Processing /opt/airflow/dags/example.py took 0.079 seconds
[2024-07-02T21:26:54.026+0000] {processor.py:161} INFO - Started process (PID=14172) to work on /opt/airflow/dags/example.py
[2024-07-02T21:26:54.027+0000] {processor.py:830} INFO - Processing file /opt/airflow/dags/example.py for tasks to queue
[2024-07-02T21:26:54.029+0000] {logging_mixin.py:188} INFO - [2024-07-02T21:26:54.029+0000] {dagbag.py:545} INFO - Filling up the DagBag from /opt/airflow/dags/example.py
[2024-07-02T21:26:54.084+0000] {logging_mixin.py:188} INFO - [2024-07-02T21:26:54.078+0000] {dagbag.py:355} ERROR - Failed to import: /opt/airflow/dags/example.py
Traceback (most recent call last):
  File "/home/airflow/.local/lib/python3.12/site-packages/airflow/models/dagbag.py", line 351, in parse
    loader.exec_module(new_module)
  File "<frozen importlib._bootstrap_external>", line 995, in exec_module
  File "<frozen importlib._bootstrap>", line 488, in _call_with_frames_removed
  File "/opt/airflow/dags/example.py", line 8, in <module>
    config = Variable.get("var", deserialize_json=True)
             ^^^^^^^^^^^^^^^^^^^^^^^^^^^^^^^^^^^^^^^^^^
  File "/home/airflow/.local/lib/python3.12/site-packages/airflow/models/variable.py", line 146, in get
    obj = json.loads(var_val)
          ^^^^^^^^^^^^^^^^^^^
  File "/usr/local/lib/python3.12/json/__init__.py", line 346, in loads
    return _default_decoder.decode(s)
           ^^^^^^^^^^^^^^^^^^^^^^^^^^
  File "/usr/local/lib/python3.12/json/decoder.py", line 337, in decode
    obj, end = self.raw_decode(s, idx=_w(s, 0).end())
               ^^^^^^^^^^^^^^^^^^^^^^^^^^^^^^^^^^^^^^
  File "/usr/local/lib/python3.12/json/decoder.py", line 355, in raw_decode
    raise JSONDecodeError("Expecting value", s, err.value) from None
json.decoder.JSONDecodeError: Expecting value: line 1 column 1 (char 0)
[2024-07-02T21:26:54.085+0000] {processor.py:842} WARNING - No viable dags retrieved from /opt/airflow/dags/example.py
[2024-07-02T21:26:54.107+0000] {processor.py:183} INFO - Processing /opt/airflow/dags/example.py took 0.088 seconds
[2024-07-02T21:27:24.269+0000] {processor.py:161} INFO - Started process (PID=14231) to work on /opt/airflow/dags/example.py
[2024-07-02T21:27:24.270+0000] {processor.py:830} INFO - Processing file /opt/airflow/dags/example.py for tasks to queue
[2024-07-02T21:27:24.271+0000] {logging_mixin.py:188} INFO - [2024-07-02T21:27:24.271+0000] {dagbag.py:545} INFO - Filling up the DagBag from /opt/airflow/dags/example.py
[2024-07-02T21:27:24.318+0000] {logging_mixin.py:188} INFO - [2024-07-02T21:27:24.311+0000] {dagbag.py:355} ERROR - Failed to import: /opt/airflow/dags/example.py
Traceback (most recent call last):
  File "/home/airflow/.local/lib/python3.12/site-packages/airflow/models/dagbag.py", line 351, in parse
    loader.exec_module(new_module)
  File "<frozen importlib._bootstrap_external>", line 995, in exec_module
  File "<frozen importlib._bootstrap>", line 488, in _call_with_frames_removed
  File "/opt/airflow/dags/example.py", line 8, in <module>
    config = Variable.get("var", deserialize_json=True)
             ^^^^^^^^^^^^^^^^^^^^^^^^^^^^^^^^^^^^^^^^^^
  File "/home/airflow/.local/lib/python3.12/site-packages/airflow/models/variable.py", line 146, in get
    obj = json.loads(var_val)
          ^^^^^^^^^^^^^^^^^^^
  File "/usr/local/lib/python3.12/json/__init__.py", line 346, in loads
    return _default_decoder.decode(s)
           ^^^^^^^^^^^^^^^^^^^^^^^^^^
  File "/usr/local/lib/python3.12/json/decoder.py", line 337, in decode
    obj, end = self.raw_decode(s, idx=_w(s, 0).end())
               ^^^^^^^^^^^^^^^^^^^^^^^^^^^^^^^^^^^^^^
  File "/usr/local/lib/python3.12/json/decoder.py", line 355, in raw_decode
    raise JSONDecodeError("Expecting value", s, err.value) from None
json.decoder.JSONDecodeError: Expecting value: line 1 column 1 (char 0)
[2024-07-02T21:27:24.319+0000] {processor.py:842} WARNING - No viable dags retrieved from /opt/airflow/dags/example.py
[2024-07-02T21:27:24.339+0000] {processor.py:183} INFO - Processing /opt/airflow/dags/example.py took 0.076 seconds
[2024-07-02T21:27:55.161+0000] {processor.py:161} INFO - Started process (PID=14290) to work on /opt/airflow/dags/example.py
[2024-07-02T21:27:55.163+0000] {processor.py:830} INFO - Processing file /opt/airflow/dags/example.py for tasks to queue
[2024-07-02T21:27:55.167+0000] {logging_mixin.py:188} INFO - [2024-07-02T21:27:55.167+0000] {dagbag.py:545} INFO - Filling up the DagBag from /opt/airflow/dags/example.py
[2024-07-02T21:27:55.229+0000] {logging_mixin.py:188} INFO - [2024-07-02T21:27:55.223+0000] {dagbag.py:355} ERROR - Failed to import: /opt/airflow/dags/example.py
Traceback (most recent call last):
  File "/home/airflow/.local/lib/python3.12/site-packages/airflow/models/dagbag.py", line 351, in parse
    loader.exec_module(new_module)
  File "<frozen importlib._bootstrap_external>", line 995, in exec_module
  File "<frozen importlib._bootstrap>", line 488, in _call_with_frames_removed
  File "/opt/airflow/dags/example.py", line 8, in <module>
    config = Variable.get("var", deserialize_json=True)
             ^^^^^^^^^^^^^^^^^^^^^^^^^^^^^^^^^^^^^^^^^^
  File "/home/airflow/.local/lib/python3.12/site-packages/airflow/models/variable.py", line 146, in get
    obj = json.loads(var_val)
          ^^^^^^^^^^^^^^^^^^^
  File "/usr/local/lib/python3.12/json/__init__.py", line 346, in loads
    return _default_decoder.decode(s)
           ^^^^^^^^^^^^^^^^^^^^^^^^^^
  File "/usr/local/lib/python3.12/json/decoder.py", line 337, in decode
    obj, end = self.raw_decode(s, idx=_w(s, 0).end())
               ^^^^^^^^^^^^^^^^^^^^^^^^^^^^^^^^^^^^^^
  File "/usr/local/lib/python3.12/json/decoder.py", line 355, in raw_decode
    raise JSONDecodeError("Expecting value", s, err.value) from None
json.decoder.JSONDecodeError: Expecting value: line 1 column 1 (char 0)
[2024-07-02T21:27:55.230+0000] {processor.py:842} WARNING - No viable dags retrieved from /opt/airflow/dags/example.py
[2024-07-02T21:27:55.246+0000] {processor.py:183} INFO - Processing /opt/airflow/dags/example.py took 0.099 seconds
[2024-07-02T21:28:25.530+0000] {processor.py:161} INFO - Started process (PID=14348) to work on /opt/airflow/dags/example.py
[2024-07-02T21:28:25.531+0000] {processor.py:830} INFO - Processing file /opt/airflow/dags/example.py for tasks to queue
[2024-07-02T21:28:25.533+0000] {logging_mixin.py:188} INFO - [2024-07-02T21:28:25.533+0000] {dagbag.py:545} INFO - Filling up the DagBag from /opt/airflow/dags/example.py
[2024-07-02T21:28:25.581+0000] {logging_mixin.py:188} INFO - [2024-07-02T21:28:25.575+0000] {dagbag.py:355} ERROR - Failed to import: /opt/airflow/dags/example.py
Traceback (most recent call last):
  File "/home/airflow/.local/lib/python3.12/site-packages/airflow/models/dagbag.py", line 351, in parse
    loader.exec_module(new_module)
  File "<frozen importlib._bootstrap_external>", line 995, in exec_module
  File "<frozen importlib._bootstrap>", line 488, in _call_with_frames_removed
  File "/opt/airflow/dags/example.py", line 8, in <module>
    config = Variable.get("var", deserialize_json=True)
             ^^^^^^^^^^^^^^^^^^^^^^^^^^^^^^^^^^^^^^^^^^
  File "/home/airflow/.local/lib/python3.12/site-packages/airflow/models/variable.py", line 146, in get
    obj = json.loads(var_val)
          ^^^^^^^^^^^^^^^^^^^
  File "/usr/local/lib/python3.12/json/__init__.py", line 346, in loads
    return _default_decoder.decode(s)
           ^^^^^^^^^^^^^^^^^^^^^^^^^^
  File "/usr/local/lib/python3.12/json/decoder.py", line 337, in decode
    obj, end = self.raw_decode(s, idx=_w(s, 0).end())
               ^^^^^^^^^^^^^^^^^^^^^^^^^^^^^^^^^^^^^^
  File "/usr/local/lib/python3.12/json/decoder.py", line 355, in raw_decode
    raise JSONDecodeError("Expecting value", s, err.value) from None
json.decoder.JSONDecodeError: Expecting value: line 1 column 1 (char 0)
[2024-07-02T21:28:25.582+0000] {processor.py:842} WARNING - No viable dags retrieved from /opt/airflow/dags/example.py
[2024-07-02T21:28:25.594+0000] {processor.py:183} INFO - Processing /opt/airflow/dags/example.py took 0.070 seconds
[2024-07-02T21:28:55.852+0000] {processor.py:161} INFO - Started process (PID=14407) to work on /opt/airflow/dags/example.py
[2024-07-02T21:28:55.853+0000] {processor.py:830} INFO - Processing file /opt/airflow/dags/example.py for tasks to queue
[2024-07-02T21:28:55.855+0000] {logging_mixin.py:188} INFO - [2024-07-02T21:28:55.854+0000] {dagbag.py:545} INFO - Filling up the DagBag from /opt/airflow/dags/example.py
[2024-07-02T21:28:55.901+0000] {logging_mixin.py:188} INFO - [2024-07-02T21:28:55.896+0000] {dagbag.py:355} ERROR - Failed to import: /opt/airflow/dags/example.py
Traceback (most recent call last):
  File "/home/airflow/.local/lib/python3.12/site-packages/airflow/models/dagbag.py", line 351, in parse
    loader.exec_module(new_module)
  File "<frozen importlib._bootstrap_external>", line 995, in exec_module
  File "<frozen importlib._bootstrap>", line 488, in _call_with_frames_removed
  File "/opt/airflow/dags/example.py", line 8, in <module>
    config = Variable.get("var", deserialize_json=True)
             ^^^^^^^^^^^^^^^^^^^^^^^^^^^^^^^^^^^^^^^^^^
  File "/home/airflow/.local/lib/python3.12/site-packages/airflow/models/variable.py", line 146, in get
    obj = json.loads(var_val)
          ^^^^^^^^^^^^^^^^^^^
  File "/usr/local/lib/python3.12/json/__init__.py", line 346, in loads
    return _default_decoder.decode(s)
           ^^^^^^^^^^^^^^^^^^^^^^^^^^
  File "/usr/local/lib/python3.12/json/decoder.py", line 337, in decode
    obj, end = self.raw_decode(s, idx=_w(s, 0).end())
               ^^^^^^^^^^^^^^^^^^^^^^^^^^^^^^^^^^^^^^
  File "/usr/local/lib/python3.12/json/decoder.py", line 355, in raw_decode
    raise JSONDecodeError("Expecting value", s, err.value) from None
json.decoder.JSONDecodeError: Expecting value: line 1 column 1 (char 0)
[2024-07-02T21:28:55.902+0000] {processor.py:842} WARNING - No viable dags retrieved from /opt/airflow/dags/example.py
[2024-07-02T21:28:55.924+0000] {processor.py:183} INFO - Processing /opt/airflow/dags/example.py took 0.077 seconds
[2024-07-02T21:29:26.363+0000] {processor.py:161} INFO - Started process (PID=14466) to work on /opt/airflow/dags/example.py
[2024-07-02T21:29:26.364+0000] {processor.py:830} INFO - Processing file /opt/airflow/dags/example.py for tasks to queue
[2024-07-02T21:29:26.366+0000] {logging_mixin.py:188} INFO - [2024-07-02T21:29:26.366+0000] {dagbag.py:545} INFO - Filling up the DagBag from /opt/airflow/dags/example.py
[2024-07-02T21:29:26.424+0000] {logging_mixin.py:188} INFO - [2024-07-02T21:29:26.417+0000] {dagbag.py:355} ERROR - Failed to import: /opt/airflow/dags/example.py
Traceback (most recent call last):
  File "/home/airflow/.local/lib/python3.12/site-packages/airflow/models/dagbag.py", line 351, in parse
    loader.exec_module(new_module)
  File "<frozen importlib._bootstrap_external>", line 995, in exec_module
  File "<frozen importlib._bootstrap>", line 488, in _call_with_frames_removed
  File "/opt/airflow/dags/example.py", line 8, in <module>
    config = Variable.get("var", deserialize_json=True)
             ^^^^^^^^^^^^^^^^^^^^^^^^^^^^^^^^^^^^^^^^^^
  File "/home/airflow/.local/lib/python3.12/site-packages/airflow/models/variable.py", line 146, in get
    obj = json.loads(var_val)
          ^^^^^^^^^^^^^^^^^^^
  File "/usr/local/lib/python3.12/json/__init__.py", line 346, in loads
    return _default_decoder.decode(s)
           ^^^^^^^^^^^^^^^^^^^^^^^^^^
  File "/usr/local/lib/python3.12/json/decoder.py", line 337, in decode
    obj, end = self.raw_decode(s, idx=_w(s, 0).end())
               ^^^^^^^^^^^^^^^^^^^^^^^^^^^^^^^^^^^^^^
  File "/usr/local/lib/python3.12/json/decoder.py", line 355, in raw_decode
    raise JSONDecodeError("Expecting value", s, err.value) from None
json.decoder.JSONDecodeError: Expecting value: line 1 column 1 (char 0)
[2024-07-02T21:29:26.425+0000] {processor.py:842} WARNING - No viable dags retrieved from /opt/airflow/dags/example.py
[2024-07-02T21:29:26.443+0000] {processor.py:183} INFO - Processing /opt/airflow/dags/example.py took 0.086 seconds
[2024-07-02T21:29:56.780+0000] {processor.py:161} INFO - Started process (PID=14525) to work on /opt/airflow/dags/example.py
[2024-07-02T21:29:56.781+0000] {processor.py:830} INFO - Processing file /opt/airflow/dags/example.py for tasks to queue
[2024-07-02T21:29:56.783+0000] {logging_mixin.py:188} INFO - [2024-07-02T21:29:56.783+0000] {dagbag.py:545} INFO - Filling up the DagBag from /opt/airflow/dags/example.py
[2024-07-02T21:29:56.834+0000] {logging_mixin.py:188} INFO - [2024-07-02T21:29:56.828+0000] {dagbag.py:355} ERROR - Failed to import: /opt/airflow/dags/example.py
Traceback (most recent call last):
  File "/home/airflow/.local/lib/python3.12/site-packages/airflow/models/dagbag.py", line 351, in parse
    loader.exec_module(new_module)
  File "<frozen importlib._bootstrap_external>", line 995, in exec_module
  File "<frozen importlib._bootstrap>", line 488, in _call_with_frames_removed
  File "/opt/airflow/dags/example.py", line 8, in <module>
    config = Variable.get("var", deserialize_json=True)
             ^^^^^^^^^^^^^^^^^^^^^^^^^^^^^^^^^^^^^^^^^^
  File "/home/airflow/.local/lib/python3.12/site-packages/airflow/models/variable.py", line 146, in get
    obj = json.loads(var_val)
          ^^^^^^^^^^^^^^^^^^^
  File "/usr/local/lib/python3.12/json/__init__.py", line 346, in loads
    return _default_decoder.decode(s)
           ^^^^^^^^^^^^^^^^^^^^^^^^^^
  File "/usr/local/lib/python3.12/json/decoder.py", line 337, in decode
    obj, end = self.raw_decode(s, idx=_w(s, 0).end())
               ^^^^^^^^^^^^^^^^^^^^^^^^^^^^^^^^^^^^^^
  File "/usr/local/lib/python3.12/json/decoder.py", line 355, in raw_decode
    raise JSONDecodeError("Expecting value", s, err.value) from None
json.decoder.JSONDecodeError: Expecting value: line 1 column 1 (char 0)
[2024-07-02T21:29:56.834+0000] {processor.py:842} WARNING - No viable dags retrieved from /opt/airflow/dags/example.py
[2024-07-02T21:29:56.846+0000] {processor.py:183} INFO - Processing /opt/airflow/dags/example.py took 0.072 seconds
[2024-07-02T21:30:27.317+0000] {processor.py:161} INFO - Started process (PID=14584) to work on /opt/airflow/dags/example.py
[2024-07-02T21:30:27.318+0000] {processor.py:830} INFO - Processing file /opt/airflow/dags/example.py for tasks to queue
[2024-07-02T21:30:27.320+0000] {logging_mixin.py:188} INFO - [2024-07-02T21:30:27.320+0000] {dagbag.py:545} INFO - Filling up the DagBag from /opt/airflow/dags/example.py
[2024-07-02T21:30:27.363+0000] {logging_mixin.py:188} INFO - [2024-07-02T21:30:27.358+0000] {dagbag.py:355} ERROR - Failed to import: /opt/airflow/dags/example.py
Traceback (most recent call last):
  File "/home/airflow/.local/lib/python3.12/site-packages/airflow/models/dagbag.py", line 351, in parse
    loader.exec_module(new_module)
  File "<frozen importlib._bootstrap_external>", line 995, in exec_module
  File "<frozen importlib._bootstrap>", line 488, in _call_with_frames_removed
  File "/opt/airflow/dags/example.py", line 8, in <module>
    config = Variable.get("var", deserialize_json=True)
             ^^^^^^^^^^^^^^^^^^^^^^^^^^^^^^^^^^^^^^^^^^
  File "/home/airflow/.local/lib/python3.12/site-packages/airflow/models/variable.py", line 146, in get
    obj = json.loads(var_val)
          ^^^^^^^^^^^^^^^^^^^
  File "/usr/local/lib/python3.12/json/__init__.py", line 346, in loads
    return _default_decoder.decode(s)
           ^^^^^^^^^^^^^^^^^^^^^^^^^^
  File "/usr/local/lib/python3.12/json/decoder.py", line 337, in decode
    obj, end = self.raw_decode(s, idx=_w(s, 0).end())
               ^^^^^^^^^^^^^^^^^^^^^^^^^^^^^^^^^^^^^^
  File "/usr/local/lib/python3.12/json/decoder.py", line 355, in raw_decode
    raise JSONDecodeError("Expecting value", s, err.value) from None
json.decoder.JSONDecodeError: Expecting value: line 1 column 1 (char 0)
[2024-07-02T21:30:27.364+0000] {processor.py:842} WARNING - No viable dags retrieved from /opt/airflow/dags/example.py
[2024-07-02T21:30:27.385+0000] {processor.py:183} INFO - Processing /opt/airflow/dags/example.py took 0.074 seconds
[2024-07-02T21:30:28.366+0000] {processor.py:161} INFO - Started process (PID=14585) to work on /opt/airflow/dags/example.py
[2024-07-02T21:30:28.367+0000] {processor.py:830} INFO - Processing file /opt/airflow/dags/example.py for tasks to queue
[2024-07-02T21:30:28.369+0000] {logging_mixin.py:188} INFO - [2024-07-02T21:30:28.369+0000] {dagbag.py:545} INFO - Filling up the DagBag from /opt/airflow/dags/example.py
[2024-07-02T21:30:28.426+0000] {logging_mixin.py:188} INFO - [2024-07-02T21:30:28.421+0000] {dagbag.py:355} ERROR - Failed to import: /opt/airflow/dags/example.py
Traceback (most recent call last):
  File "/home/airflow/.local/lib/python3.12/site-packages/airflow/models/dagbag.py", line 351, in parse
    loader.exec_module(new_module)
  File "<frozen importlib._bootstrap_external>", line 995, in exec_module
  File "<frozen importlib._bootstrap>", line 488, in _call_with_frames_removed
  File "/opt/airflow/dags/example.py", line 8, in <module>
    config = Variable.get("var", deserialize_json=True)
             ^^^^^^^^^^^^^^^^^^^^^^^^^^^^^^^^^^^^^^^^^^
  File "/home/airflow/.local/lib/python3.12/site-packages/airflow/models/variable.py", line 146, in get
    obj = json.loads(var_val)
          ^^^^^^^^^^^^^^^^^^^
  File "/usr/local/lib/python3.12/json/__init__.py", line 346, in loads
    return _default_decoder.decode(s)
           ^^^^^^^^^^^^^^^^^^^^^^^^^^
  File "/usr/local/lib/python3.12/json/decoder.py", line 337, in decode
    obj, end = self.raw_decode(s, idx=_w(s, 0).end())
               ^^^^^^^^^^^^^^^^^^^^^^^^^^^^^^^^^^^^^^
  File "/usr/local/lib/python3.12/json/decoder.py", line 355, in raw_decode
    raise JSONDecodeError("Expecting value", s, err.value) from None
json.decoder.JSONDecodeError: Expecting value: line 1 column 1 (char 0)
[2024-07-02T21:30:28.426+0000] {processor.py:842} WARNING - No viable dags retrieved from /opt/airflow/dags/example.py
[2024-07-02T21:30:28.448+0000] {processor.py:183} INFO - Processing /opt/airflow/dags/example.py took 0.087 seconds
[2024-07-02T21:30:59.455+0000] {processor.py:161} INFO - Started process (PID=14644) to work on /opt/airflow/dags/example.py
[2024-07-02T21:30:59.456+0000] {processor.py:830} INFO - Processing file /opt/airflow/dags/example.py for tasks to queue
[2024-07-02T21:30:59.459+0000] {logging_mixin.py:188} INFO - [2024-07-02T21:30:59.458+0000] {dagbag.py:545} INFO - Filling up the DagBag from /opt/airflow/dags/example.py
[2024-07-02T21:30:59.532+0000] {logging_mixin.py:188} INFO - [2024-07-02T21:30:59.525+0000] {dagbag.py:355} ERROR - Failed to import: /opt/airflow/dags/example.py
Traceback (most recent call last):
  File "/home/airflow/.local/lib/python3.12/site-packages/airflow/models/dagbag.py", line 351, in parse
    loader.exec_module(new_module)
  File "<frozen importlib._bootstrap_external>", line 995, in exec_module
  File "<frozen importlib._bootstrap>", line 488, in _call_with_frames_removed
  File "/opt/airflow/dags/example.py", line 10, in <module>
    schedule_interval=config['time_start'],
                      ~~~~~~^^^^^^^^^^^^^^
TypeError: 'int' object is not subscriptable
[2024-07-02T21:30:59.534+0000] {processor.py:842} WARNING - No viable dags retrieved from /opt/airflow/dags/example.py
[2024-07-02T21:30:59.556+0000] {processor.py:183} INFO - Processing /opt/airflow/dags/example.py took 0.108 seconds
[2024-07-02T21:31:30.009+0000] {processor.py:161} INFO - Started process (PID=14703) to work on /opt/airflow/dags/example.py
[2024-07-02T21:31:30.010+0000] {processor.py:830} INFO - Processing file /opt/airflow/dags/example.py for tasks to queue
[2024-07-02T21:31:30.012+0000] {logging_mixin.py:188} INFO - [2024-07-02T21:31:30.012+0000] {dagbag.py:545} INFO - Filling up the DagBag from /opt/airflow/dags/example.py
[2024-07-02T21:31:30.055+0000] {logging_mixin.py:188} INFO - [2024-07-02T21:31:30.051+0000] {dagbag.py:355} ERROR - Failed to import: /opt/airflow/dags/example.py
Traceback (most recent call last):
  File "/home/airflow/.local/lib/python3.12/site-packages/airflow/models/dagbag.py", line 351, in parse
    loader.exec_module(new_module)
  File "<frozen importlib._bootstrap_external>", line 995, in exec_module
  File "<frozen importlib._bootstrap>", line 488, in _call_with_frames_removed
  File "/opt/airflow/dags/example.py", line 10, in <module>
    schedule_interval=config['time_start'],
                      ~~~~~~^^^^^^^^^^^^^^
TypeError: 'int' object is not subscriptable
[2024-07-02T21:31:30.057+0000] {processor.py:842} WARNING - No viable dags retrieved from /opt/airflow/dags/example.py
[2024-07-02T21:31:30.078+0000] {processor.py:183} INFO - Processing /opt/airflow/dags/example.py took 0.075 seconds
[2024-07-02T21:32:00.786+0000] {processor.py:161} INFO - Started process (PID=14762) to work on /opt/airflow/dags/example.py
[2024-07-02T21:32:00.787+0000] {processor.py:830} INFO - Processing file /opt/airflow/dags/example.py for tasks to queue
[2024-07-02T21:32:00.789+0000] {logging_mixin.py:188} INFO - [2024-07-02T21:32:00.789+0000] {dagbag.py:545} INFO - Filling up the DagBag from /opt/airflow/dags/example.py
[2024-07-02T21:32:00.839+0000] {logging_mixin.py:188} INFO - [2024-07-02T21:32:00.834+0000] {dagbag.py:355} ERROR - Failed to import: /opt/airflow/dags/example.py
Traceback (most recent call last):
  File "/home/airflow/.local/lib/python3.12/site-packages/airflow/models/dagbag.py", line 351, in parse
    loader.exec_module(new_module)
  File "<frozen importlib._bootstrap_external>", line 995, in exec_module
  File "<frozen importlib._bootstrap>", line 488, in _call_with_frames_removed
  File "/opt/airflow/dags/example.py", line 10, in <module>
    schedule_interval=config['time_start'],
                      ~~~~~~^^^^^^^^^^^^^^
TypeError: 'int' object is not subscriptable
[2024-07-02T21:32:00.841+0000] {processor.py:842} WARNING - No viable dags retrieved from /opt/airflow/dags/example.py
[2024-07-02T21:32:00.861+0000] {processor.py:183} INFO - Processing /opt/airflow/dags/example.py took 0.082 seconds
[2024-07-02T21:32:23.006+0000] {processor.py:161} INFO - Started process (PID=14821) to work on /opt/airflow/dags/example.py
[2024-07-02T21:32:23.007+0000] {processor.py:830} INFO - Processing file /opt/airflow/dags/example.py for tasks to queue
[2024-07-02T21:32:23.009+0000] {logging_mixin.py:188} INFO - [2024-07-02T21:32:23.008+0000] {dagbag.py:545} INFO - Filling up the DagBag from /opt/airflow/dags/example.py
[2024-07-02T21:32:23.072+0000] {processor.py:840} INFO - DAG(s) 'postgres' retrieved from /opt/airflow/dags/example.py
[2024-07-02T21:32:23.169+0000] {logging_mixin.py:188} INFO - [2024-07-02T21:32:23.168+0000] {override.py:1829} INFO - Created Permission View: can delete on DAG:postgres
[2024-07-02T21:32:23.181+0000] {logging_mixin.py:188} INFO - [2024-07-02T21:32:23.181+0000] {override.py:1829} INFO - Created Permission View: can read on DAG:postgres
[2024-07-02T21:32:23.190+0000] {logging_mixin.py:188} INFO - [2024-07-02T21:32:23.190+0000] {override.py:1829} INFO - Created Permission View: can edit on DAG:postgres
[2024-07-02T21:32:23.191+0000] {logging_mixin.py:188} INFO - [2024-07-02T21:32:23.191+0000] {dag.py:3096} INFO - Sync 1 DAGs
[2024-07-02T21:32:23.203+0000] {logging_mixin.py:188} INFO - [2024-07-02T21:32:23.202+0000] {dag.py:3118} INFO - Creating ORM DAG for postgres
[2024-07-02T21:32:23.213+0000] {logging_mixin.py:188} INFO - [2024-07-02T21:32:23.213+0000] {dag.py:3954} INFO - Setting next_dagrun for postgres to 2024-07-01 00:00:00+00:00, run_after=2024-07-02 00:00:00+00:00
[2024-07-02T21:32:23.238+0000] {processor.py:183} INFO - Processing /opt/airflow/dags/example.py took 0.237 seconds
[2024-07-02T21:32:53.397+0000] {processor.py:161} INFO - Started process (PID=14880) to work on /opt/airflow/dags/example.py
[2024-07-02T21:32:53.398+0000] {processor.py:830} INFO - Processing file /opt/airflow/dags/example.py for tasks to queue
[2024-07-02T21:32:53.399+0000] {logging_mixin.py:188} INFO - [2024-07-02T21:32:53.399+0000] {dagbag.py:545} INFO - Filling up the DagBag from /opt/airflow/dags/example.py
[2024-07-02T21:32:53.438+0000] {processor.py:840} INFO - DAG(s) 'postgres' retrieved from /opt/airflow/dags/example.py
[2024-07-02T21:32:53.450+0000] {logging_mixin.py:188} INFO - [2024-07-02T21:32:53.449+0000] {dag.py:3096} INFO - Sync 1 DAGs
[2024-07-02T21:32:53.474+0000] {logging_mixin.py:188} INFO - [2024-07-02T21:32:53.473+0000] {dag.py:3954} INFO - Setting next_dagrun for postgres to 2024-07-01 00:00:00+00:00, run_after=2024-07-02 00:00:00+00:00
[2024-07-02T21:32:53.506+0000] {processor.py:183} INFO - Processing /opt/airflow/dags/example.py took 0.114 seconds
[2024-07-02T21:32:58.481+0000] {processor.py:161} INFO - Started process (PID=14881) to work on /opt/airflow/dags/example.py
[2024-07-02T21:32:58.482+0000] {processor.py:830} INFO - Processing file /opt/airflow/dags/example.py for tasks to queue
[2024-07-02T21:32:58.484+0000] {logging_mixin.py:188} INFO - [2024-07-02T21:32:58.483+0000] {dagbag.py:545} INFO - Filling up the DagBag from /opt/airflow/dags/example.py
[2024-07-02T21:32:58.532+0000] {processor.py:840} INFO - DAG(s) 'postgres' retrieved from /opt/airflow/dags/example.py
[2024-07-02T21:32:58.544+0000] {logging_mixin.py:188} INFO - [2024-07-02T21:32:58.543+0000] {dag.py:3096} INFO - Sync 1 DAGs
[2024-07-02T21:32:58.565+0000] {logging_mixin.py:188} INFO - [2024-07-02T21:32:58.565+0000] {dag.py:3954} INFO - Setting next_dagrun for postgres to 2024-07-01 00:00:00+00:00, run_after=2024-07-02 00:00:00+00:00
[2024-07-02T21:32:58.602+0000] {processor.py:183} INFO - Processing /opt/airflow/dags/example.py took 0.127 seconds
