[2024-07-20T22:23:12.221+0000] {local_task_job_runner.py:120} INFO - ::group::Pre task execution logs
[2024-07-20T22:23:12.234+0000] {taskinstance.py:2076} INFO - Dependencies all met for dep_context=non-requeueable deps ti=<TaskInstance: refresh_ods.restore_dump manual__2024-07-20T22:22:57.984633+00:00 [queued]>
[2024-07-20T22:23:12.237+0000] {taskinstance.py:2076} INFO - Dependencies all met for dep_context=requeueable deps ti=<TaskInstance: refresh_ods.restore_dump manual__2024-07-20T22:22:57.984633+00:00 [queued]>
[2024-07-20T22:23:12.237+0000] {taskinstance.py:2306} INFO - Starting attempt 1 of 2
[2024-07-20T22:23:12.242+0000] {taskinstance.py:2330} INFO - Executing <Task(BashOperator): restore_dump> on 2024-07-20 22:22:57.984633+00:00
[2024-07-20T22:23:12.261+0000] {warnings.py:112} WARNING - /home/***/.local/lib/python3.12/site-packages/***/task/task_runner/standard_task_runner.py:61: DeprecationWarning: This process (pid=4031) is multi-threaded, use of fork() may lead to deadlocks in the child.
  pid = os.fork()

[2024-07-20T22:23:12.263+0000] {standard_task_runner.py:63} INFO - Started process 4033 to run task
[2024-07-20T22:23:12.262+0000] {standard_task_runner.py:90} INFO - Running: ['***', 'tasks', 'run', 'refresh_ods', 'restore_dump', 'manual__2024-07-20T22:22:57.984633+00:00', '--job-id', '301', '--raw', '--subdir', 'DAGS_FOLDER/refresh_ods.py', '--cfg-path', '/tmp/tmpirvan0mj']
[2024-07-20T22:23:12.265+0000] {standard_task_runner.py:91} INFO - Job 301: Subtask restore_dump
[2024-07-20T22:23:12.303+0000] {task_command.py:426} INFO - Running <TaskInstance: refresh_ods.restore_dump manual__2024-07-20T22:22:57.984633+00:00 [running]> on host 89202c950a25
[2024-07-20T22:23:12.345+0000] {taskinstance.py:2648} INFO - Exporting env vars: AIRFLOW_CTX_DAG_OWNER='***' AIRFLOW_CTX_DAG_ID='refresh_ods' AIRFLOW_CTX_TASK_ID='restore_dump' AIRFLOW_CTX_EXECUTION_DATE='2024-07-20T22:22:57.984633+00:00' AIRFLOW_CTX_TRY_NUMBER='1' AIRFLOW_CTX_DAG_RUN_ID='manual__2024-07-20T22:22:57.984633+00:00'
[2024-07-20T22:23:12.347+0000] {taskinstance.py:430} INFO - ::endgroup::
[2024-07-20T22:23:12.349+0000] {subprocess.py:63} INFO - Tmp dir root location: /tmp
[2024-07-20T22:23:12.350+0000] {subprocess.py:75} INFO - Running command: ['/usr/bin/bash', '-c', "PGPASSWORD='***' pg_restore -h 10.82.0.4 -U etl_user_3 -d etl_db_3 --schema=ods_data < /opt/***/dags/scripts/sql-scripts/ods_refresh.dump"]
[2024-07-20T22:23:12.360+0000] {subprocess.py:86} INFO - Output:
[2024-07-20T22:23:13.283+0000] {subprocess.py:97} INFO - Command exited with return code 0
[2024-07-20T22:23:13.285+0000] {taskinstance.py:441} INFO - ::group::Post task execution logs
[2024-07-20T22:23:13.372+0000] {taskinstance.py:1206} INFO - Marking task as SUCCESS. dag_id=refresh_ods, task_id=restore_dump, run_id=manual__2024-07-20T22:22:57.984633+00:00, execution_date=20240720T222257, start_date=20240720T222312, end_date=20240720T222313
[2024-07-20T22:23:13.416+0000] {local_task_job_runner.py:240} INFO - Task exited with return code 0
[2024-07-20T22:23:13.445+0000] {taskinstance.py:3503} INFO - 0 downstream tasks scheduled from follow-on schedule check
[2024-07-20T22:23:13.447+0000] {local_task_job_runner.py:222} INFO - ::endgroup::
