[2024-07-25T11:11:15.156+0000] {local_task_job_runner.py:120} INFO - ::group::Pre task execution logs
[2024-07-25T11:11:15.166+0000] {taskinstance.py:2076} INFO - Dependencies all met for dep_context=non-requeueable deps ti=<TaskInstance: data_pipeline.edit_dump scheduled__2024-07-24T00:00:00+00:00 [queued]>
[2024-07-25T11:11:15.169+0000] {taskinstance.py:2076} INFO - Dependencies all met for dep_context=requeueable deps ti=<TaskInstance: data_pipeline.edit_dump scheduled__2024-07-24T00:00:00+00:00 [queued]>
[2024-07-25T11:11:15.169+0000] {taskinstance.py:2306} INFO - Starting attempt 1 of 2
[2024-07-25T11:11:15.174+0000] {taskinstance.py:2330} INFO - Executing <Task(BashOperator): edit_dump> on 2024-07-24 00:00:00+00:00
[2024-07-25T11:11:15.179+0000] {warnings.py:112} WARNING - /home/***/.local/lib/python3.12/site-packages/***/task/task_runner/standard_task_runner.py:61: DeprecationWarning: This process (pid=970) is multi-threaded, use of fork() may lead to deadlocks in the child.
  pid = os.fork()

[2024-07-25T11:11:15.180+0000] {standard_task_runner.py:63} INFO - Started process 972 to run task
[2024-07-25T11:11:15.180+0000] {standard_task_runner.py:90} INFO - Running: ['***', 'tasks', 'run', 'data_pipeline', 'edit_dump', 'scheduled__2024-07-24T00:00:00+00:00', '--job-id', '371', '--raw', '--subdir', 'DAGS_FOLDER/data_pipeline.py', '--cfg-path', '/tmp/tmpi54anxva']
[2024-07-25T11:11:15.182+0000] {standard_task_runner.py:91} INFO - Job 371: Subtask edit_dump
[2024-07-25T11:11:15.211+0000] {task_command.py:426} INFO - Running <TaskInstance: data_pipeline.edit_dump scheduled__2024-07-24T00:00:00+00:00 [running]> on host ce8b503e836d
[2024-07-25T11:11:15.242+0000] {taskinstance.py:2648} INFO - Exporting env vars: AIRFLOW_CTX_DAG_OWNER='***' AIRFLOW_CTX_DAG_ID='data_pipeline' AIRFLOW_CTX_TASK_ID='edit_dump' AIRFLOW_CTX_EXECUTION_DATE='2024-07-24T00:00:00+00:00' AIRFLOW_CTX_TRY_NUMBER='1' AIRFLOW_CTX_DAG_RUN_ID='scheduled__2024-07-24T00:00:00+00:00'
[2024-07-25T11:11:15.246+0000] {taskinstance.py:430} INFO - ::endgroup::
[2024-07-25T11:11:15.248+0000] {subprocess.py:63} INFO - Tmp dir root location: /tmp
[2024-07-25T11:11:15.249+0000] {subprocess.py:75} INFO - Running command: ['/usr/bin/bash', '-c', "\n    sed -i 's/source_data/ods_data/g' /opt/***/dags/scripts/sql-scripts/ods_refresh.sql\n    "]
[2024-07-25T11:11:15.255+0000] {subprocess.py:86} INFO - Output:
[2024-07-25T11:11:15.292+0000] {subprocess.py:97} INFO - Command exited with return code 0
[2024-07-25T11:11:15.292+0000] {taskinstance.py:441} INFO - ::group::Post task execution logs
[2024-07-25T11:11:15.312+0000] {taskinstance.py:1206} INFO - Marking task as SUCCESS. dag_id=data_pipeline, task_id=edit_dump, run_id=scheduled__2024-07-24T00:00:00+00:00, execution_date=20240724T000000, start_date=20240725T111115, end_date=20240725T111115
[2024-07-25T11:11:15.360+0000] {local_task_job_runner.py:240} INFO - Task exited with return code 0
[2024-07-25T11:11:15.371+0000] {warnings.py:112} WARNING - /home/***/.local/lib/python3.12/site-packages/***/models/baseoperator.py:1297: AirflowProviderDeprecationWarning: Call to deprecated class PostgresOperator. (Please use `***.providers.common.sql.operators.sql.SQLExecuteQueryOperator`.Also, you can provide `hook_params={'schema': <database>}`.)
  result = cls.__new__(cls)

[2024-07-25T11:11:15.381+0000] {taskinstance.py:3503} INFO - 1 downstream tasks scheduled from follow-on schedule check
[2024-07-25T11:11:15.382+0000] {local_task_job_runner.py:222} INFO - ::endgroup::
