[2024-07-12T22:45:36.880+0000] {local_task_job_runner.py:120} INFO - ::group::Pre task execution logs
[2024-07-12T22:45:36.900+0000] {taskinstance.py:2076} INFO - Dependencies all met for dep_context=non-requeueable deps ti=<TaskInstance: init_ods_layer.create_dump manual__2024-07-12T22:45:30.153336+00:00 [queued]>
[2024-07-12T22:45:36.904+0000] {taskinstance.py:2076} INFO - Dependencies all met for dep_context=requeueable deps ti=<TaskInstance: init_ods_layer.create_dump manual__2024-07-12T22:45:30.153336+00:00 [queued]>
[2024-07-12T22:45:36.904+0000] {taskinstance.py:2306} INFO - Starting attempt 1 of 1
[2024-07-12T22:45:36.913+0000] {taskinstance.py:2330} INFO - Executing <Task(PythonOperator): create_dump> on 2024-07-12 22:45:30.153336+00:00
[2024-07-12T22:45:36.926+0000] {warnings.py:112} WARNING - /home/***/.local/lib/python3.12/site-packages/***/task/task_runner/standard_task_runner.py:61: DeprecationWarning: This process (pid=1266) is multi-threaded, use of fork() may lead to deadlocks in the child.
  pid = os.fork()

[2024-07-12T22:45:36.930+0000] {standard_task_runner.py:63} INFO - Started process 1268 to run task
[2024-07-12T22:45:36.930+0000] {standard_task_runner.py:90} INFO - Running: ['***', 'tasks', 'run', 'init_ods_layer', 'create_dump', 'manual__2024-07-12T22:45:30.153336+00:00', '--job-id', '110', '--raw', '--subdir', 'DAGS_FOLDER/init_ods.py', '--cfg-path', '/tmp/tmp06dewo1j']
[2024-07-12T22:45:36.933+0000] {standard_task_runner.py:91} INFO - Job 110: Subtask create_dump
[2024-07-12T22:45:36.993+0000] {task_command.py:426} INFO - Running <TaskInstance: init_ods_layer.create_dump manual__2024-07-12T22:45:30.153336+00:00 [running]> on host 861c3600257c
[2024-07-12T22:45:37.073+0000] {taskinstance.py:2648} INFO - Exporting env vars: AIRFLOW_CTX_DAG_OWNER='***' AIRFLOW_CTX_DAG_ID='init_ods_layer' AIRFLOW_CTX_TASK_ID='create_dump' AIRFLOW_CTX_EXECUTION_DATE='2024-07-12T22:45:30.153336+00:00' AIRFLOW_CTX_TRY_NUMBER='1' AIRFLOW_CTX_DAG_RUN_ID='manual__2024-07-12T22:45:30.153336+00:00'
[2024-07-12T22:45:37.077+0000] {taskinstance.py:430} INFO - ::endgroup::
[2024-07-12T22:45:41.707+0000] {logging_mixin.py:188} INFO - Схема и данные схемы source_data базы данных source успешно экспортированы в файл dags/scripts/sql-scripts/ods_migration.sql.
[2024-07-12T22:45:41.713+0000] {python.py:237} INFO - Done. Returned value was: None
[2024-07-12T22:45:41.714+0000] {taskinstance.py:441} INFO - ::group::Post task execution logs
[2024-07-12T22:45:41.769+0000] {taskinstance.py:1206} INFO - Marking task as SUCCESS. dag_id=init_ods_layer, task_id=create_dump, run_id=manual__2024-07-12T22:45:30.153336+00:00, execution_date=20240712T224530, start_date=20240712T224536, end_date=20240712T224541
[2024-07-12T22:45:41.854+0000] {local_task_job_runner.py:240} INFO - Task exited with return code 0
[2024-07-12T22:45:41.901+0000] {taskinstance.py:3503} INFO - 1 downstream tasks scheduled from follow-on schedule check
[2024-07-12T22:45:41.903+0000] {local_task_job_runner.py:222} INFO - ::endgroup::
