[2024-07-20T22:23:00.221+0000] {local_task_job_runner.py:120} INFO - ::group::Pre task execution logs
[2024-07-20T22:23:00.249+0000] {taskinstance.py:2076} INFO - Dependencies all met for dep_context=non-requeueable deps ti=<TaskInstance: refresh_ods.create_dump manual__2024-07-20T22:22:57.984633+00:00 [queued]>
[2024-07-20T22:23:00.254+0000] {taskinstance.py:2076} INFO - Dependencies all met for dep_context=requeueable deps ti=<TaskInstance: refresh_ods.create_dump manual__2024-07-20T22:22:57.984633+00:00 [queued]>
[2024-07-20T22:23:00.254+0000] {taskinstance.py:2306} INFO - Starting attempt 1 of 2
[2024-07-20T22:23:00.263+0000] {taskinstance.py:2330} INFO - Executing <Task(BashOperator): create_dump> on 2024-07-20 22:22:57.984633+00:00
[2024-07-20T22:23:00.273+0000] {warnings.py:112} WARNING - /home/***/.local/lib/python3.12/site-packages/***/task/task_runner/standard_task_runner.py:61: DeprecationWarning: This process (pid=4020) is multi-threaded, use of fork() may lead to deadlocks in the child.
  pid = os.fork()

[2024-07-20T22:23:00.276+0000] {standard_task_runner.py:63} INFO - Started process 4029 to run task
[2024-07-20T22:23:00.275+0000] {standard_task_runner.py:90} INFO - Running: ['***', 'tasks', 'run', 'refresh_ods', 'create_dump', 'manual__2024-07-20T22:22:57.984633+00:00', '--job-id', '300', '--raw', '--subdir', 'DAGS_FOLDER/refresh_ods.py', '--cfg-path', '/tmp/tmpojr5d_p9']
[2024-07-20T22:23:00.278+0000] {standard_task_runner.py:91} INFO - Job 300: Subtask create_dump
[2024-07-20T22:23:00.309+0000] {task_command.py:426} INFO - Running <TaskInstance: refresh_ods.create_dump manual__2024-07-20T22:22:57.984633+00:00 [running]> on host 89202c950a25
[2024-07-20T22:23:00.387+0000] {taskinstance.py:2648} INFO - Exporting env vars: AIRFLOW_CTX_DAG_OWNER='***' AIRFLOW_CTX_DAG_ID='refresh_ods' AIRFLOW_CTX_TASK_ID='create_dump' AIRFLOW_CTX_EXECUTION_DATE='2024-07-20T22:22:57.984633+00:00' AIRFLOW_CTX_TRY_NUMBER='1' AIRFLOW_CTX_DAG_RUN_ID='manual__2024-07-20T22:22:57.984633+00:00'
[2024-07-20T22:23:00.389+0000] {taskinstance.py:430} INFO - ::endgroup::
[2024-07-20T22:23:00.391+0000] {subprocess.py:63} INFO - Tmp dir root location: /tmp
[2024-07-20T22:23:00.392+0000] {subprocess.py:75} INFO - Running command: ['/usr/bin/bash', '-c', "PGPASSWORD='***' pg_dump -h 10.82.0.4 -U etl_user_3 -n source_data -Fc -f /opt/***/dags/scripts/sql-scripts/ods_refresh.dump source"]
[2024-07-20T22:23:00.398+0000] {subprocess.py:86} INFO - Output:
[2024-07-20T22:23:08.640+0000] {subprocess.py:97} INFO - Command exited with return code 0
[2024-07-20T22:23:08.656+0000] {taskinstance.py:441} INFO - ::group::Post task execution logs
[2024-07-20T22:23:08.873+0000] {taskinstance.py:1206} INFO - Marking task as SUCCESS. dag_id=refresh_ods, task_id=create_dump, run_id=manual__2024-07-20T22:22:57.984633+00:00, execution_date=20240720T222257, start_date=20240720T222300, end_date=20240720T222308
[2024-07-20T22:23:08.949+0000] {local_task_job_runner.py:240} INFO - Task exited with return code 0
[2024-07-20T22:23:09.066+0000] {taskinstance.py:3503} INFO - 1 downstream tasks scheduled from follow-on schedule check
[2024-07-20T22:23:09.077+0000] {local_task_job_runner.py:222} INFO - ::endgroup::
