[2024-07-25T12:41:27.388+0000] {local_task_job_runner.py:120} INFO - ::group::Pre task execution logs
[2024-07-25T12:41:27.403+0000] {taskinstance.py:2076} INFO - Dependencies all met for dep_context=non-requeueable deps ti=<TaskInstance: data_pipeline.clear_target_schema manual__2024-07-25T12:41:15.826539+00:00 [queued]>
[2024-07-25T12:41:27.407+0000] {taskinstance.py:2076} INFO - Dependencies all met for dep_context=requeueable deps ti=<TaskInstance: data_pipeline.clear_target_schema manual__2024-07-25T12:41:15.826539+00:00 [queued]>
[2024-07-25T12:41:27.407+0000] {taskinstance.py:2306} INFO - Starting attempt 1 of 2
[2024-07-25T12:41:27.418+0000] {taskinstance.py:2330} INFO - Executing <Task(PostgresOperator): clear_target_schema> on 2024-07-25 12:41:15.826539+00:00
[2024-07-25T12:41:27.426+0000] {warnings.py:112} WARNING - /home/***/.local/lib/python3.12/site-packages/***/task/task_runner/standard_task_runner.py:61: DeprecationWarning: This process (pid=560) is multi-threaded, use of fork() may lead to deadlocks in the child.
  pid = os.fork()

[2024-07-25T12:41:27.427+0000] {standard_task_runner.py:63} INFO - Started process 562 to run task
[2024-07-25T12:41:27.428+0000] {standard_task_runner.py:90} INFO - Running: ['***', 'tasks', 'run', 'data_pipeline', 'clear_target_schema', 'manual__2024-07-25T12:41:15.826539+00:00', '--job-id', '398', '--raw', '--subdir', 'DAGS_FOLDER/data_pipeline.py', '--cfg-path', '/tmp/tmpv8wtpxh_']
[2024-07-25T12:41:27.429+0000] {standard_task_runner.py:91} INFO - Job 398: Subtask clear_target_schema
[2024-07-25T12:41:27.450+0000] {task_command.py:426} INFO - Running <TaskInstance: data_pipeline.clear_target_schema manual__2024-07-25T12:41:15.826539+00:00 [running]> on host ce8b503e836d
[2024-07-25T12:41:27.484+0000] {taskinstance.py:2648} INFO - Exporting env vars: AIRFLOW_CTX_DAG_OWNER='***' AIRFLOW_CTX_DAG_ID='data_pipeline' AIRFLOW_CTX_TASK_ID='clear_target_schema' AIRFLOW_CTX_EXECUTION_DATE='2024-07-25T12:41:15.826539+00:00' AIRFLOW_CTX_TRY_NUMBER='1' AIRFLOW_CTX_DAG_RUN_ID='manual__2024-07-25T12:41:15.826539+00:00'
[2024-07-25T12:41:27.485+0000] {taskinstance.py:430} INFO - ::endgroup::
[2024-07-25T12:41:27.486+0000] {sql.py:276} INFO - Executing: 
        DO $$ DECLARE
            r RECORD;
        BEGIN
            FOR r IN (SELECT tablename FROM pg_tables WHERE schemaname = 'ods_data') LOOP
                EXECUTE 'TRUNCATE TABLE ods_data.' || quote_ident(r.tablename) || ' CASCADE';
            END LOOP;
        END $$;
        
[2024-07-25T12:41:27.488+0000] {base.py:84} INFO - Using connection ID 'target_db' for task execution.
[2024-07-25T12:41:27.492+0000] {base.py:84} INFO - Using connection ID 'target_db' for task execution.
[2024-07-25T12:41:27.718+0000] {sql.py:487} INFO - Running statement: 
        DO $$ DECLARE
            r RECORD;
        BEGIN
            FOR r IN (SELECT tablename FROM pg_tables WHERE schemaname = 'ods_data') LOOP
                EXECUTE 'TRUNCATE TABLE ods_data.' || quote_ident(r.tablename) || ' CASCADE';
            END LOOP;
        END $$;
        , parameters: None
[2024-07-25T12:41:28.051+0000] {taskinstance.py:441} INFO - ::group::Post task execution logs
[2024-07-25T12:41:28.069+0000] {taskinstance.py:1206} INFO - Marking task as SUCCESS. dag_id=data_pipeline, task_id=clear_target_schema, run_id=manual__2024-07-25T12:41:15.826539+00:00, execution_date=20240725T124115, start_date=20240725T124127, end_date=20240725T124128
[2024-07-25T12:41:28.099+0000] {local_task_job_runner.py:240} INFO - Task exited with return code 0
[2024-07-25T12:41:28.112+0000] {warnings.py:112} WARNING - /home/***/.local/lib/python3.12/site-packages/***/models/baseoperator.py:1297: AirflowProviderDeprecationWarning: Call to deprecated class PostgresOperator. (Please use `***.providers.common.sql.operators.sql.SQLExecuteQueryOperator`.Also, you can provide `hook_params={'schema': <database>}`.)
  result = cls.__new__(cls)

[2024-07-25T12:41:28.123+0000] {taskinstance.py:3503} INFO - 1 downstream tasks scheduled from follow-on schedule check
[2024-07-25T12:41:28.124+0000] {local_task_job_runner.py:222} INFO - ::endgroup::
