[2024-07-25T11:06:03.343+0000] {local_task_job_runner.py:120} INFO - ::group::Pre task execution logs
[2024-07-25T11:06:03.356+0000] {taskinstance.py:2076} INFO - Dependencies all met for dep_context=non-requeueable deps ti=<TaskInstance: refresh_ods.restore_dump scheduled__2024-07-24T00:00:00+00:00 [queued]>
[2024-07-25T11:06:03.359+0000] {taskinstance.py:2076} INFO - Dependencies all met for dep_context=requeueable deps ti=<TaskInstance: refresh_ods.restore_dump scheduled__2024-07-24T00:00:00+00:00 [queued]>
[2024-07-25T11:06:03.359+0000] {taskinstance.py:2306} INFO - Starting attempt 1 of 2
[2024-07-25T11:06:03.366+0000] {taskinstance.py:2330} INFO - Executing <Task(BashOperator): restore_dump> on 2024-07-24 00:00:00+00:00
[2024-07-25T11:06:03.371+0000] {warnings.py:112} WARNING - /home/***/.local/lib/python3.12/site-packages/***/task/task_runner/standard_task_runner.py:61: DeprecationWarning: This process (pid=887) is multi-threaded, use of fork() may lead to deadlocks in the child.
  pid = os.fork()

[2024-07-25T11:06:03.373+0000] {standard_task_runner.py:63} INFO - Started process 889 to run task
[2024-07-25T11:06:03.373+0000] {standard_task_runner.py:90} INFO - Running: ['***', 'tasks', 'run', 'refresh_ods', 'restore_dump', 'scheduled__2024-07-24T00:00:00+00:00', '--job-id', '368', '--raw', '--subdir', 'DAGS_FOLDER/refresh_data.py', '--cfg-path', '/tmp/tmps6f3ul_r']
[2024-07-25T11:06:03.377+0000] {standard_task_runner.py:91} INFO - Job 368: Subtask restore_dump
[2024-07-25T11:06:03.412+0000] {task_command.py:426} INFO - Running <TaskInstance: refresh_ods.restore_dump scheduled__2024-07-24T00:00:00+00:00 [running]> on host ce8b503e836d
[2024-07-25T11:06:03.452+0000] {taskinstance.py:2648} INFO - Exporting env vars: AIRFLOW_CTX_DAG_OWNER='***' AIRFLOW_CTX_DAG_ID='refresh_ods' AIRFLOW_CTX_TASK_ID='restore_dump' AIRFLOW_CTX_EXECUTION_DATE='2024-07-24T00:00:00+00:00' AIRFLOW_CTX_TRY_NUMBER='1' AIRFLOW_CTX_DAG_RUN_ID='scheduled__2024-07-24T00:00:00+00:00'
[2024-07-25T11:06:03.453+0000] {taskinstance.py:430} INFO - ::endgroup::
[2024-07-25T11:06:03.453+0000] {subprocess.py:63} INFO - Tmp dir root location: /tmp
[2024-07-25T11:06:03.454+0000] {subprocess.py:75} INFO - Running command: ['/usr/bin/bash', '-c', "\n    PGPASSWORD='***' psql -h 10.82.0.4 -U etl_user_3 -d etl_db_3 -f /opt/***/dags/scripts/sql-scripts/ods_refresh.sql\n    "]
[2024-07-25T11:06:03.462+0000] {subprocess.py:86} INFO - Output:
[2024-07-25T11:06:03.694+0000] {subprocess.py:93} INFO - SET
[2024-07-25T11:06:03.728+0000] {subprocess.py:93} INFO - SET
[2024-07-25T11:06:03.759+0000] {subprocess.py:93} INFO - SET
[2024-07-25T11:06:03.786+0000] {subprocess.py:93} INFO - SET
[2024-07-25T11:06:03.814+0000] {subprocess.py:93} INFO - SET
[2024-07-25T11:06:03.851+0000] {subprocess.py:93} INFO -  set_config
[2024-07-25T11:06:03.852+0000] {subprocess.py:93} INFO - ------------
[2024-07-25T11:06:03.852+0000] {subprocess.py:93} INFO - 
[2024-07-25T11:06:03.852+0000] {subprocess.py:93} INFO - (1 row)
[2024-07-25T11:06:03.852+0000] {subprocess.py:93} INFO - 
[2024-07-25T11:06:03.888+0000] {subprocess.py:93} INFO - SET
[2024-07-25T11:06:03.916+0000] {subprocess.py:93} INFO - SET
[2024-07-25T11:06:03.955+0000] {subprocess.py:93} INFO - SET
[2024-07-25T11:06:03.985+0000] {subprocess.py:93} INFO - SET
[2024-07-25T11:06:04.045+0000] {subprocess.py:93} INFO - COPY 17
[2024-07-25T11:06:04.188+0000] {subprocess.py:93} INFO - COPY 495
[2024-07-25T11:06:04.258+0000] {subprocess.py:93} INFO - COPY 25
[2024-07-25T11:06:04.513+0000] {subprocess.py:93} INFO - COPY 1993
[2024-07-25T11:06:05.900+0000] {subprocess.py:93} INFO - COPY 2971
[2024-07-25T11:06:06.008+0000] {subprocess.py:93} INFO - COPY 306
[2024-07-25T11:06:06.130+0000] {subprocess.py:93} INFO - COPY 318
[2024-07-25T11:06:06.836+0000] {subprocess.py:93} INFO - COPY 8
[2024-07-25T11:06:06.985+0000] {subprocess.py:93} INFO - COPY 40
[2024-07-25T11:06:07.257+0000] {subprocess.py:93} INFO - COPY 1489
[2024-07-25T11:06:07.312+0000] {subprocess.py:93} INFO - COPY 13
[2024-07-25T11:06:08.145+0000] {subprocess.py:93} INFO - COPY 493
[2024-07-25T11:06:08.889+0000] {subprocess.py:93} INFO - COPY 1235
[2024-07-25T11:06:09.131+0000] {subprocess.py:93} INFO - COPY 483
[2024-07-25T11:06:09.196+0000] {subprocess.py:93} INFO - COPY 6
[2024-07-25T11:06:09.274+0000] {subprocess.py:93} INFO - COPY 188
[2024-07-25T11:06:09.339+0000] {subprocess.py:93} INFO - COPY 55
[2024-07-25T11:06:10.099+0000] {subprocess.py:93} INFO - COPY 2520
[2024-07-25T11:06:10.176+0000] {subprocess.py:93} INFO - COPY 8
[2024-07-25T11:06:10.629+0000] {subprocess.py:93} INFO - COPY 278
[2024-07-25T11:06:10.695+0000] {subprocess.py:93} INFO - COPY 31
[2024-07-25T11:06:10.764+0000] {subprocess.py:93} INFO - COPY 6
[2024-07-25T11:06:10.825+0000] {subprocess.py:93} INFO - COPY 6
[2024-07-25T11:06:10.880+0000] {subprocess.py:93} INFO - COPY 3
[2024-07-25T11:06:10.938+0000] {subprocess.py:93} INFO - COPY 3
[2024-07-25T11:06:11.002+0000] {subprocess.py:93} INFO - COPY 17
[2024-07-25T11:06:11.107+0000] {subprocess.py:93} INFO - COPY 174
[2024-07-25T11:06:11.168+0000] {subprocess.py:93} INFO - COPY 6
[2024-07-25T11:06:11.361+0000] {subprocess.py:93} INFO - COPY 451
[2024-07-25T11:06:11.418+0000] {subprocess.py:93} INFO - COPY 32
[2024-07-25T11:06:12.046+0000] {subprocess.py:93} INFO - COPY 1227
[2024-07-25T11:06:12.064+0000] {subprocess.py:97} INFO - Command exited with return code 0
[2024-07-25T11:06:12.069+0000] {taskinstance.py:441} INFO - ::group::Post task execution logs
[2024-07-25T11:06:12.134+0000] {taskinstance.py:1206} INFO - Marking task as SUCCESS. dag_id=refresh_ods, task_id=restore_dump, run_id=scheduled__2024-07-24T00:00:00+00:00, execution_date=20240724T000000, start_date=20240725T110603, end_date=20240725T110612
[2024-07-25T11:06:12.175+0000] {local_task_job_runner.py:240} INFO - Task exited with return code 0
[2024-07-25T11:06:12.205+0000] {warnings.py:112} WARNING - /home/***/.local/lib/python3.12/site-packages/***/models/baseoperator.py:1297: AirflowProviderDeprecationWarning: Call to deprecated class PostgresOperator. (Please use `***.providers.common.sql.operators.sql.SQLExecuteQueryOperator`.Also, you can provide `hook_params={'schema': <database>}`.)
  result = cls.__new__(cls)

[2024-07-25T11:06:12.220+0000] {taskinstance.py:3503} INFO - 1 downstream tasks scheduled from follow-on schedule check
[2024-07-25T11:06:12.221+0000] {local_task_job_runner.py:222} INFO - ::endgroup::
