[2024-07-12T13:50:20.301+0000] {local_task_job_runner.py:120} INFO - ::group::Pre task execution logs
[2024-07-12T13:50:20.310+0000] {taskinstance.py:2076} INFO - Dependencies all met for dep_context=non-requeueable deps ti=<TaskInstance: init_ods_layer.get_source_params manual__2024-07-12T13:50:17.737197+00:00 [queued]>
[2024-07-12T13:50:20.313+0000] {taskinstance.py:2076} INFO - Dependencies all met for dep_context=requeueable deps ti=<TaskInstance: init_ods_layer.get_source_params manual__2024-07-12T13:50:17.737197+00:00 [queued]>
[2024-07-12T13:50:20.313+0000] {taskinstance.py:2306} INFO - Starting attempt 1 of 1
[2024-07-12T13:50:20.318+0000] {taskinstance.py:2330} INFO - Executing <Task(PythonOperator): get_source_params> on 2024-07-12 13:50:17.737197+00:00
[2024-07-12T13:50:20.321+0000] {warnings.py:112} WARNING - /home/***/.local/lib/python3.12/site-packages/***/task/task_runner/standard_task_runner.py:61: DeprecationWarning: This process (pid=6679) is multi-threaded, use of fork() may lead to deadlocks in the child.
  pid = os.fork()

[2024-07-12T13:50:20.322+0000] {standard_task_runner.py:63} INFO - Started process 6681 to run task
[2024-07-12T13:50:20.322+0000] {standard_task_runner.py:90} INFO - Running: ['***', 'tasks', 'run', 'init_ods_layer', 'get_source_params', 'manual__2024-07-12T13:50:17.737197+00:00', '--job-id', '49', '--raw', '--subdir', 'DAGS_FOLDER/init_ods.py', '--cfg-path', '/tmp/tmp_2ckhyu4']
[2024-07-12T13:50:20.323+0000] {standard_task_runner.py:91} INFO - Job 49: Subtask get_source_params
[2024-07-12T13:50:20.362+0000] {task_command.py:426} INFO - Running <TaskInstance: init_ods_layer.get_source_params manual__2024-07-12T13:50:17.737197+00:00 [running]> on host 8047aa21fe02
[2024-07-12T13:50:20.397+0000] {taskinstance.py:2648} INFO - Exporting env vars: AIRFLOW_CTX_DAG_OWNER='***' AIRFLOW_CTX_DAG_ID='init_ods_layer' AIRFLOW_CTX_TASK_ID='get_source_params' AIRFLOW_CTX_EXECUTION_DATE='2024-07-12T13:50:17.737197+00:00' AIRFLOW_CTX_TRY_NUMBER='1' AIRFLOW_CTX_DAG_RUN_ID='manual__2024-07-12T13:50:17.737197+00:00'
[2024-07-12T13:50:20.399+0000] {taskinstance.py:430} INFO - ::endgroup::
[2024-07-12T13:50:20.404+0000] {base.py:84} INFO - Using connection ID 'source_db' for task execution.
[2024-07-12T13:50:20.537+0000] {python.py:237} INFO - Done. Returned value was: None
[2024-07-12T13:50:20.538+0000] {taskinstance.py:441} INFO - ::group::Post task execution logs
[2024-07-12T13:50:20.543+0000] {taskinstance.py:1206} INFO - Marking task as SUCCESS. dag_id=init_ods_layer, task_id=get_source_params, run_id=manual__2024-07-12T13:50:17.737197+00:00, execution_date=20240712T135017, start_date=20240712T135020, end_date=20240712T135020
[2024-07-12T13:50:20.591+0000] {local_task_job_runner.py:240} INFO - Task exited with return code 0
[2024-07-12T13:50:20.604+0000] {taskinstance.py:3503} INFO - 1 downstream tasks scheduled from follow-on schedule check
[2024-07-12T13:50:20.604+0000] {local_task_job_runner.py:222} INFO - ::endgroup::
