[2024-07-25T12:41:29.490+0000] {local_task_job_runner.py:120} INFO - ::group::Pre task execution logs
[2024-07-25T12:41:29.501+0000] {taskinstance.py:2076} INFO - Dependencies all met for dep_context=non-requeueable deps ti=<TaskInstance: data_pipeline.restore_dump manual__2024-07-25T12:41:15.826539+00:00 [queued]>
[2024-07-25T12:41:29.503+0000] {taskinstance.py:2076} INFO - Dependencies all met for dep_context=requeueable deps ti=<TaskInstance: data_pipeline.restore_dump manual__2024-07-25T12:41:15.826539+00:00 [queued]>
[2024-07-25T12:41:29.504+0000] {taskinstance.py:2306} INFO - Starting attempt 1 of 2
[2024-07-25T12:41:29.509+0000] {taskinstance.py:2330} INFO - Executing <Task(BashOperator): restore_dump> on 2024-07-25 12:41:15.826539+00:00
[2024-07-25T12:41:29.519+0000] {warnings.py:112} WARNING - /home/***/.local/lib/python3.12/site-packages/***/task/task_runner/standard_task_runner.py:61: DeprecationWarning: This process (pid=563) is multi-threaded, use of fork() may lead to deadlocks in the child.
  pid = os.fork()

[2024-07-25T12:41:29.522+0000] {standard_task_runner.py:63} INFO - Started process 565 to run task
[2024-07-25T12:41:29.521+0000] {standard_task_runner.py:90} INFO - Running: ['***', 'tasks', 'run', 'data_pipeline', 'restore_dump', 'manual__2024-07-25T12:41:15.826539+00:00', '--job-id', '399', '--raw', '--subdir', 'DAGS_FOLDER/data_pipeline.py', '--cfg-path', '/tmp/tmpckxdsi7h']
[2024-07-25T12:41:29.524+0000] {standard_task_runner.py:91} INFO - Job 399: Subtask restore_dump
[2024-07-25T12:41:29.547+0000] {task_command.py:426} INFO - Running <TaskInstance: data_pipeline.restore_dump manual__2024-07-25T12:41:15.826539+00:00 [running]> on host ce8b503e836d
[2024-07-25T12:41:29.593+0000] {taskinstance.py:2648} INFO - Exporting env vars: AIRFLOW_CTX_DAG_OWNER='***' AIRFLOW_CTX_DAG_ID='data_pipeline' AIRFLOW_CTX_TASK_ID='restore_dump' AIRFLOW_CTX_EXECUTION_DATE='2024-07-25T12:41:15.826539+00:00' AIRFLOW_CTX_TRY_NUMBER='1' AIRFLOW_CTX_DAG_RUN_ID='manual__2024-07-25T12:41:15.826539+00:00'
[2024-07-25T12:41:29.594+0000] {taskinstance.py:430} INFO - ::endgroup::
[2024-07-25T12:41:29.595+0000] {subprocess.py:63} INFO - Tmp dir root location: /tmp
[2024-07-25T12:41:29.596+0000] {subprocess.py:75} INFO - Running command: ['/usr/bin/bash', '-c', "\n    PGPASSWORD='***' psql -h 10.82.0.4 -U etl_user_3 -d etl_db_3 -f /opt/***/dags/scripts/sql-scripts/ods_refresh.sql\n    "]
[2024-07-25T12:41:29.601+0000] {subprocess.py:86} INFO - Output:
[2024-07-25T12:41:29.784+0000] {subprocess.py:93} INFO - SET
[2024-07-25T12:41:29.810+0000] {subprocess.py:93} INFO - SET
[2024-07-25T12:41:29.841+0000] {subprocess.py:93} INFO - SET
[2024-07-25T12:41:29.899+0000] {subprocess.py:93} INFO - SET
[2024-07-25T12:41:29.928+0000] {subprocess.py:93} INFO - SET
[2024-07-25T12:41:29.962+0000] {subprocess.py:93} INFO -  set_config
[2024-07-25T12:41:29.963+0000] {subprocess.py:93} INFO - ------------
[2024-07-25T12:41:29.964+0000] {subprocess.py:93} INFO - 
[2024-07-25T12:41:29.965+0000] {subprocess.py:93} INFO - (1 row)
[2024-07-25T12:41:29.966+0000] {subprocess.py:93} INFO - 
[2024-07-25T12:41:29.991+0000] {subprocess.py:93} INFO - SET
[2024-07-25T12:41:30.024+0000] {subprocess.py:93} INFO - SET
[2024-07-25T12:41:30.054+0000] {subprocess.py:93} INFO - SET
[2024-07-25T12:41:30.083+0000] {subprocess.py:93} INFO - SET
[2024-07-25T12:41:30.139+0000] {subprocess.py:93} INFO - COPY 17
[2024-07-25T12:41:30.277+0000] {subprocess.py:93} INFO - COPY 495
[2024-07-25T12:41:30.336+0000] {subprocess.py:93} INFO - COPY 25
[2024-07-25T12:41:30.535+0000] {subprocess.py:93} INFO - COPY 1993
[2024-07-25T12:41:30.842+0000] {subprocess.py:93} INFO - COPY 2971
[2024-07-25T12:41:30.920+0000] {subprocess.py:93} INFO - COPY 306
[2024-07-25T12:41:30.994+0000] {subprocess.py:93} INFO - COPY 318
[2024-07-25T12:41:31.068+0000] {subprocess.py:93} INFO - COPY 8
[2024-07-25T12:41:31.138+0000] {subprocess.py:93} INFO - COPY 40
[2024-07-25T12:41:31.252+0000] {subprocess.py:93} INFO - COPY 1489
[2024-07-25T12:41:31.320+0000] {subprocess.py:93} INFO - COPY 13
[2024-07-25T12:41:31.466+0000] {subprocess.py:93} INFO - COPY 493
[2024-07-25T12:41:31.582+0000] {subprocess.py:93} INFO - COPY 1235
[2024-07-25T12:41:31.656+0000] {subprocess.py:93} INFO - COPY 483
[2024-07-25T12:41:31.736+0000] {subprocess.py:93} INFO - COPY 6
[2024-07-25T12:41:31.814+0000] {subprocess.py:93} INFO - COPY 188
[2024-07-25T12:41:31.896+0000] {subprocess.py:93} INFO - COPY 55
[2024-07-25T12:41:32.049+0000] {subprocess.py:93} INFO - COPY 2520
[2024-07-25T12:41:32.131+0000] {subprocess.py:93} INFO - COPY 8
[2024-07-25T12:41:32.206+0000] {subprocess.py:93} INFO - COPY 278
[2024-07-25T12:41:32.266+0000] {subprocess.py:93} INFO - COPY 31
[2024-07-25T12:41:32.380+0000] {subprocess.py:93} INFO - COPY 6
[2024-07-25T12:41:32.454+0000] {subprocess.py:93} INFO - COPY 6
[2024-07-25T12:41:32.566+0000] {subprocess.py:93} INFO - COPY 3
[2024-07-25T12:41:32.625+0000] {subprocess.py:93} INFO - COPY 3
[2024-07-25T12:41:32.708+0000] {subprocess.py:93} INFO - COPY 17
[2024-07-25T12:41:32.811+0000] {subprocess.py:93} INFO - COPY 174
[2024-07-25T12:41:32.894+0000] {subprocess.py:93} INFO - COPY 6
[2024-07-25T12:41:32.965+0000] {subprocess.py:93} INFO - COPY 451
[2024-07-25T12:41:33.118+0000] {subprocess.py:93} INFO - COPY 32
[2024-07-25T12:41:33.223+0000] {subprocess.py:93} INFO - COPY 1227
[2024-07-25T12:41:33.235+0000] {subprocess.py:97} INFO - Command exited with return code 0
[2024-07-25T12:41:33.240+0000] {taskinstance.py:441} INFO - ::group::Post task execution logs
[2024-07-25T12:41:33.310+0000] {taskinstance.py:1206} INFO - Marking task as SUCCESS. dag_id=data_pipeline, task_id=restore_dump, run_id=manual__2024-07-25T12:41:15.826539+00:00, execution_date=20240725T124115, start_date=20240725T124129, end_date=20240725T124133
[2024-07-25T12:41:33.330+0000] {local_task_job_runner.py:240} INFO - Task exited with return code 0
[2024-07-25T12:41:33.355+0000] {warnings.py:112} WARNING - /home/***/.local/lib/python3.12/site-packages/***/models/baseoperator.py:1297: AirflowProviderDeprecationWarning: Call to deprecated class PostgresOperator. (Please use `***.providers.common.sql.operators.sql.SQLExecuteQueryOperator`.Also, you can provide `hook_params={'schema': <database>}`.)
  result = cls.__new__(cls)

[2024-07-25T12:41:33.368+0000] {taskinstance.py:3503} INFO - 1 downstream tasks scheduled from follow-on schedule check
[2024-07-25T12:41:33.369+0000] {local_task_job_runner.py:222} INFO - ::endgroup::
