[2024-07-17T10:43:14.313+0000] {local_task_job_runner.py:120} INFO - ::group::Pre task execution logs
[2024-07-17T10:43:17.609+0000] {taskinstance.py:2076} INFO - Dependencies all met for dep_context=non-requeueable deps ti=<TaskInstance: refresh_ods_layer.modify_schema manual__2024-07-17T10:43:03.077440+00:00 [queued]>
[2024-07-17T10:43:17.677+0000] {taskinstance.py:2076} INFO - Dependencies all met for dep_context=requeueable deps ti=<TaskInstance: refresh_ods_layer.modify_schema manual__2024-07-17T10:43:03.077440+00:00 [queued]>
[2024-07-17T10:43:17.678+0000] {taskinstance.py:2306} INFO - Starting attempt 1 of 1
[2024-07-17T10:43:17.736+0000] {taskinstance.py:2330} INFO - Executing <Task(PythonOperator): modify_schema> on 2024-07-17 10:43:03.077440+00:00
[2024-07-17T10:43:17.786+0000] {warnings.py:112} WARNING - /home/***/.local/lib/python3.12/site-packages/***/task/task_runner/standard_task_runner.py:61: DeprecationWarning: This process (pid=534) is multi-threaded, use of fork() may lead to deadlocks in the child.
  pid = os.fork()

[2024-07-17T10:43:17.803+0000] {standard_task_runner.py:63} INFO - Started process 536 to run task
[2024-07-17T10:43:17.788+0000] {standard_task_runner.py:90} INFO - Running: ['***', 'tasks', 'run', 'refresh_ods_layer', 'modify_schema', 'manual__2024-07-17T10:43:03.077440+00:00', '--job-id', '128', '--raw', '--subdir', 'DAGS_FOLDER/init_ods.py', '--cfg-path', '/tmp/tmpcw7mewvi']
[2024-07-17T10:43:17.817+0000] {standard_task_runner.py:91} INFO - Job 128: Subtask modify_schema
[2024-07-17T10:43:18.338+0000] {task_command.py:426} INFO - Running <TaskInstance: refresh_ods_layer.modify_schema manual__2024-07-17T10:43:03.077440+00:00 [running]> on host 70110a06f087
[2024-07-17T10:43:18.527+0000] {taskinstance.py:2648} INFO - Exporting env vars: AIRFLOW_CTX_DAG_OWNER='***' AIRFLOW_CTX_DAG_ID='refresh_ods_layer' AIRFLOW_CTX_TASK_ID='modify_schema' AIRFLOW_CTX_EXECUTION_DATE='2024-07-17T10:43:03.077440+00:00' AIRFLOW_CTX_TRY_NUMBER='1' AIRFLOW_CTX_DAG_RUN_ID='manual__2024-07-17T10:43:03.077440+00:00'
[2024-07-17T10:43:18.561+0000] {taskinstance.py:430} INFO - ::endgroup::
[2024-07-17T10:43:18.593+0000] {logging_mixin.py:188} INFO - Ошибка при изменении имени схемы: [Errno 13] Permission denied: 'dags/scripts/sql-scripts/ods_migration.sql'
[2024-07-17T10:43:18.594+0000] {python.py:237} INFO - Done. Returned value was: None
[2024-07-17T10:43:18.596+0000] {taskinstance.py:441} INFO - ::group::Post task execution logs
[2024-07-17T10:43:18.606+0000] {taskinstance.py:1206} INFO - Marking task as SUCCESS. dag_id=refresh_ods_layer, task_id=modify_schema, run_id=manual__2024-07-17T10:43:03.077440+00:00, execution_date=20240717T104303, start_date=20240717T104317, end_date=20240717T104318
[2024-07-17T10:43:18.641+0000] {local_task_job_runner.py:240} INFO - Task exited with return code 0
[2024-07-17T10:43:18.701+0000] {taskinstance.py:3503} INFO - 1 downstream tasks scheduled from follow-on schedule check
[2024-07-17T10:43:18.706+0000] {local_task_job_runner.py:222} INFO - ::endgroup::
