[2024-07-21T09:09:26.640+0000] {local_task_job_runner.py:120} INFO - ::group::Pre task execution logs
[2024-07-21T09:09:26.657+0000] {taskinstance.py:2076} INFO - Dependencies all met for dep_context=non-requeueable deps ti=<TaskInstance: refresh_ods.create_dump manual__2024-07-21T09:09:22.511849+00:00 [queued]>
[2024-07-21T09:09:26.660+0000] {taskinstance.py:2076} INFO - Dependencies all met for dep_context=requeueable deps ti=<TaskInstance: refresh_ods.create_dump manual__2024-07-21T09:09:22.511849+00:00 [queued]>
[2024-07-21T09:09:26.661+0000] {taskinstance.py:2306} INFO - Starting attempt 1 of 2
[2024-07-21T09:09:26.667+0000] {taskinstance.py:2330} INFO - Executing <Task(BashOperator): create_dump> on 2024-07-21 09:09:22.511849+00:00
[2024-07-21T09:09:26.680+0000] {warnings.py:112} WARNING - /home/***/.local/lib/python3.12/site-packages/***/task/task_runner/standard_task_runner.py:61: DeprecationWarning: This process (pid=6143) is multi-threaded, use of fork() may lead to deadlocks in the child.
  pid = os.fork()

[2024-07-21T09:09:26.683+0000] {standard_task_runner.py:63} INFO - Started process 6145 to run task
[2024-07-21T09:09:26.684+0000] {standard_task_runner.py:90} INFO - Running: ['***', 'tasks', 'run', 'refresh_ods', 'create_dump', 'manual__2024-07-21T09:09:22.511849+00:00', '--job-id', '342', '--raw', '--subdir', 'DAGS_FOLDER/refresh_ods.py', '--cfg-path', '/tmp/tmpj4fft8q2']
[2024-07-21T09:09:26.688+0000] {standard_task_runner.py:91} INFO - Job 342: Subtask create_dump
[2024-07-21T09:09:26.725+0000] {task_command.py:426} INFO - Running <TaskInstance: refresh_ods.create_dump manual__2024-07-21T09:09:22.511849+00:00 [running]> on host 89202c950a25
[2024-07-21T09:09:26.766+0000] {taskinstance.py:2648} INFO - Exporting env vars: AIRFLOW_CTX_DAG_OWNER='***' AIRFLOW_CTX_DAG_ID='refresh_ods' AIRFLOW_CTX_TASK_ID='create_dump' AIRFLOW_CTX_EXECUTION_DATE='2024-07-21T09:09:22.511849+00:00' AIRFLOW_CTX_TRY_NUMBER='1' AIRFLOW_CTX_DAG_RUN_ID='manual__2024-07-21T09:09:22.511849+00:00'
[2024-07-21T09:09:26.768+0000] {taskinstance.py:430} INFO - ::endgroup::
[2024-07-21T09:09:26.778+0000] {subprocess.py:63} INFO - Tmp dir root location: /tmp
[2024-07-21T09:09:26.779+0000] {subprocess.py:75} INFO - Running command: ['/usr/bin/bash', '-c', "\n    PGPASSWORD='***' pg_dump -h 10.82.0.4 -U etl_user_3 -d source -F c -f /opt/***/dags/scripts/sql-scripts/ods_refresh.dump --schema=source_data --data-only\n    "]
[2024-07-21T09:09:26.788+0000] {subprocess.py:86} INFO - Output:
[2024-07-21T09:09:31.525+0000] {subprocess.py:97} INFO - Command exited with return code 0
[2024-07-21T09:09:31.529+0000] {taskinstance.py:441} INFO - ::group::Post task execution logs
[2024-07-21T09:09:31.565+0000] {taskinstance.py:1206} INFO - Marking task as SUCCESS. dag_id=refresh_ods, task_id=create_dump, run_id=manual__2024-07-21T09:09:22.511849+00:00, execution_date=20240721T090922, start_date=20240721T090926, end_date=20240721T090931
[2024-07-21T09:09:31.604+0000] {local_task_job_runner.py:240} INFO - Task exited with return code 0
[2024-07-21T09:09:31.633+0000] {warnings.py:112} WARNING - /home/***/.local/lib/python3.12/site-packages/***/models/baseoperator.py:1297: AirflowProviderDeprecationWarning: Call to deprecated class PostgresOperator. (Please use `***.providers.common.sql.operators.sql.SQLExecuteQueryOperator`.Also, you can provide `hook_params={'schema': <database>}`.)
  result = cls.__new__(cls)

[2024-07-21T09:09:31.654+0000] {taskinstance.py:3503} INFO - 0 downstream tasks scheduled from follow-on schedule check
[2024-07-21T09:09:31.655+0000] {local_task_job_runner.py:222} INFO - ::endgroup::
