[2024-07-20T16:43:20.923+0000] {local_task_job_runner.py:120} INFO - ::group::Pre task execution logs
[2024-07-20T16:43:20.938+0000] {taskinstance.py:2076} INFO - Dependencies all met for dep_context=non-requeueable deps ti=<TaskInstance: daily_copy_schema_optimized_with_cache.get_and_cache_tables_list scheduled__2024-07-19T00:00:00+00:00 [queued]>
[2024-07-20T16:43:20.941+0000] {taskinstance.py:2076} INFO - Dependencies all met for dep_context=requeueable deps ti=<TaskInstance: daily_copy_schema_optimized_with_cache.get_and_cache_tables_list scheduled__2024-07-19T00:00:00+00:00 [queued]>
[2024-07-20T16:43:20.941+0000] {taskinstance.py:2306} INFO - Starting attempt 1 of 2
[2024-07-20T16:43:20.946+0000] {taskinstance.py:2330} INFO - Executing <Task(PythonOperator): get_and_cache_tables_list> on 2024-07-19 00:00:00+00:00
[2024-07-20T16:43:20.964+0000] {warnings.py:112} WARNING - /home/***/.local/lib/python3.12/site-packages/***/task/task_runner/standard_task_runner.py:61: DeprecationWarning: This process (pid=105) is multi-threaded, use of fork() may lead to deadlocks in the child.
  pid = os.fork()

[2024-07-20T16:43:20.966+0000] {standard_task_runner.py:63} INFO - Started process 107 to run task
[2024-07-20T16:43:20.966+0000] {standard_task_runner.py:90} INFO - Running: ['***', 'tasks', 'run', 'daily_copy_schema_optimized_with_cache', 'get_and_cache_tables_list', 'scheduled__2024-07-19T00:00:00+00:00', '--job-id', '160', '--raw', '--subdir', 'DAGS_FOLDER/update_ods.py', '--cfg-path', '/tmp/tmpga8x18cl']
[2024-07-20T16:43:20.967+0000] {standard_task_runner.py:91} INFO - Job 160: Subtask get_and_cache_tables_list
[2024-07-20T16:43:21.012+0000] {task_command.py:426} INFO - Running <TaskInstance: daily_copy_schema_optimized_with_cache.get_and_cache_tables_list scheduled__2024-07-19T00:00:00+00:00 [running]> on host 89202c950a25
[2024-07-20T16:43:21.056+0000] {taskinstance.py:2648} INFO - Exporting env vars: AIRFLOW_CTX_DAG_OWNER='***' AIRFLOW_CTX_DAG_ID='daily_copy_schema_optimized_with_cache' AIRFLOW_CTX_TASK_ID='get_and_cache_tables_list' AIRFLOW_CTX_EXECUTION_DATE='2024-07-19T00:00:00+00:00' AIRFLOW_CTX_TRY_NUMBER='1' AIRFLOW_CTX_DAG_RUN_ID='scheduled__2024-07-19T00:00:00+00:00'
[2024-07-20T16:43:21.059+0000] {taskinstance.py:430} INFO - ::endgroup::
[2024-07-20T16:43:21.071+0000] {base.py:84} INFO - Using connection ID 'source_db' for task execution.
[2024-07-20T16:43:21.250+0000] {crypto.py:82} WARNING - empty cryptography key - values will not be stored encrypted.
[2024-07-20T16:43:21.260+0000] {python.py:237} INFO - Done. Returned value was: None
[2024-07-20T16:43:21.262+0000] {taskinstance.py:441} INFO - ::group::Post task execution logs
[2024-07-20T16:43:21.266+0000] {taskinstance.py:1206} INFO - Marking task as SUCCESS. dag_id=daily_copy_schema_optimized_with_cache, task_id=get_and_cache_tables_list, run_id=scheduled__2024-07-19T00:00:00+00:00, execution_date=20240719T000000, start_date=20240720T164320, end_date=20240720T164321
[2024-07-20T16:43:21.283+0000] {local_task_job_runner.py:240} INFO - Task exited with return code 0
[2024-07-20T16:43:21.517+0000] {taskinstance.py:3503} INFO - 1 downstream tasks scheduled from follow-on schedule check
[2024-07-20T16:43:21.522+0000] {local_task_job_runner.py:222} INFO - ::endgroup::
