[2024-07-21T09:22:57.167+0000] {local_task_job_runner.py:120} INFO - ::group::Pre task execution logs
[2024-07-21T09:22:57.182+0000] {taskinstance.py:2076} INFO - Dependencies all met for dep_context=non-requeueable deps ti=<TaskInstance: refresh_ods.create_dump manual__2024-07-21T09:22:53.560463+00:00 [queued]>
[2024-07-21T09:22:57.188+0000] {taskinstance.py:2076} INFO - Dependencies all met for dep_context=requeueable deps ti=<TaskInstance: refresh_ods.create_dump manual__2024-07-21T09:22:53.560463+00:00 [queued]>
[2024-07-21T09:22:57.188+0000] {taskinstance.py:2306} INFO - Starting attempt 1 of 2
[2024-07-21T09:22:57.195+0000] {taskinstance.py:2330} INFO - Executing <Task(BashOperator): create_dump> on 2024-07-21 09:22:53.560463+00:00
[2024-07-21T09:22:57.205+0000] {warnings.py:112} WARNING - /home/***/.local/lib/python3.12/site-packages/***/task/task_runner/standard_task_runner.py:61: DeprecationWarning: This process (pid=6340) is multi-threaded, use of fork() may lead to deadlocks in the child.
  pid = os.fork()

[2024-07-21T09:22:57.206+0000] {standard_task_runner.py:63} INFO - Started process 6342 to run task
[2024-07-21T09:22:57.220+0000] {standard_task_runner.py:90} INFO - Running: ['***', 'tasks', 'run', 'refresh_ods', 'create_dump', 'manual__2024-07-21T09:22:53.560463+00:00', '--job-id', '347', '--raw', '--subdir', 'DAGS_FOLDER/refresh_ods.py', '--cfg-path', '/tmp/tmpuc0l55_l']
[2024-07-21T09:22:57.235+0000] {standard_task_runner.py:91} INFO - Job 347: Subtask create_dump
[2024-07-21T09:22:57.356+0000] {task_command.py:426} INFO - Running <TaskInstance: refresh_ods.create_dump manual__2024-07-21T09:22:53.560463+00:00 [running]> on host 89202c950a25
[2024-07-21T09:22:57.529+0000] {taskinstance.py:2648} INFO - Exporting env vars: AIRFLOW_CTX_DAG_OWNER='***' AIRFLOW_CTX_DAG_ID='refresh_ods' AIRFLOW_CTX_TASK_ID='create_dump' AIRFLOW_CTX_EXECUTION_DATE='2024-07-21T09:22:53.560463+00:00' AIRFLOW_CTX_TRY_NUMBER='1' AIRFLOW_CTX_DAG_RUN_ID='manual__2024-07-21T09:22:53.560463+00:00'
[2024-07-21T09:22:57.546+0000] {taskinstance.py:430} INFO - ::endgroup::
[2024-07-21T09:22:57.554+0000] {subprocess.py:63} INFO - Tmp dir root location: /tmp
[2024-07-21T09:22:57.562+0000] {subprocess.py:75} INFO - Running command: ['/usr/bin/bash', '-c', "\n    PGPASSWORD='***' pg_dump -h 10.82.0.4 -U etl_user_3 -d source -F c -f /opt/***/dags/scripts/sql-scripts/ods_refresh.dump --schema=source_data --data-only\n    "]
[2024-07-21T09:22:57.583+0000] {subprocess.py:86} INFO - Output:
[2024-07-21T09:23:02.382+0000] {subprocess.py:97} INFO - Command exited with return code 0
[2024-07-21T09:23:02.388+0000] {taskinstance.py:441} INFO - ::group::Post task execution logs
[2024-07-21T09:23:02.433+0000] {taskinstance.py:1206} INFO - Marking task as SUCCESS. dag_id=refresh_ods, task_id=create_dump, run_id=manual__2024-07-21T09:22:53.560463+00:00, execution_date=20240721T092253, start_date=20240721T092257, end_date=20240721T092302
[2024-07-21T09:23:02.477+0000] {local_task_job_runner.py:240} INFO - Task exited with return code 0
[2024-07-21T09:23:02.488+0000] {warnings.py:112} WARNING - /home/***/.local/lib/python3.12/site-packages/***/models/baseoperator.py:1297: AirflowProviderDeprecationWarning: Call to deprecated class PostgresOperator. (Please use `***.providers.common.sql.operators.sql.SQLExecuteQueryOperator`.Also, you can provide `hook_params={'schema': <database>}`.)
  result = cls.__new__(cls)

[2024-07-21T09:23:02.500+0000] {taskinstance.py:3503} INFO - 1 downstream tasks scheduled from follow-on schedule check
[2024-07-21T09:23:02.501+0000] {local_task_job_runner.py:222} INFO - ::endgroup::
