[2024-07-25T12:19:16.298+0000] {local_task_job_runner.py:120} INFO - ::group::Pre task execution logs
[2024-07-25T12:19:16.307+0000] {taskinstance.py:2076} INFO - Dependencies all met for dep_context=non-requeueable deps ti=<TaskInstance: data_pipeline.restore_dump manual__2024-07-25T12:19:01.138470+00:00 [queued]>
[2024-07-25T12:19:16.309+0000] {taskinstance.py:2076} INFO - Dependencies all met for dep_context=requeueable deps ti=<TaskInstance: data_pipeline.restore_dump manual__2024-07-25T12:19:01.138470+00:00 [queued]>
[2024-07-25T12:19:16.310+0000] {taskinstance.py:2306} INFO - Starting attempt 1 of 2
[2024-07-25T12:19:16.314+0000] {taskinstance.py:2330} INFO - Executing <Task(BashOperator): restore_dump> on 2024-07-25 12:19:01.138470+00:00
[2024-07-25T12:19:16.324+0000] {warnings.py:112} WARNING - /home/***/.local/lib/python3.12/site-packages/***/task/task_runner/standard_task_runner.py:61: DeprecationWarning: This process (pid=220) is multi-threaded, use of fork() may lead to deadlocks in the child.
  pid = os.fork()

[2024-07-25T12:19:16.326+0000] {standard_task_runner.py:63} INFO - Started process 222 to run task
[2024-07-25T12:19:16.326+0000] {standard_task_runner.py:90} INFO - Running: ['***', 'tasks', 'run', 'data_pipeline', 'restore_dump', 'manual__2024-07-25T12:19:01.138470+00:00', '--job-id', '386', '--raw', '--subdir', 'DAGS_FOLDER/data_pipeline.py', '--cfg-path', '/tmp/tmpn0xt4bf9']
[2024-07-25T12:19:16.327+0000] {standard_task_runner.py:91} INFO - Job 386: Subtask restore_dump
[2024-07-25T12:19:16.349+0000] {task_command.py:426} INFO - Running <TaskInstance: data_pipeline.restore_dump manual__2024-07-25T12:19:01.138470+00:00 [running]> on host ce8b503e836d
[2024-07-25T12:19:16.379+0000] {taskinstance.py:2648} INFO - Exporting env vars: AIRFLOW_CTX_DAG_OWNER='***' AIRFLOW_CTX_DAG_ID='data_pipeline' AIRFLOW_CTX_TASK_ID='restore_dump' AIRFLOW_CTX_EXECUTION_DATE='2024-07-25T12:19:01.138470+00:00' AIRFLOW_CTX_TRY_NUMBER='1' AIRFLOW_CTX_DAG_RUN_ID='manual__2024-07-25T12:19:01.138470+00:00'
[2024-07-25T12:19:16.381+0000] {taskinstance.py:430} INFO - ::endgroup::
[2024-07-25T12:19:16.381+0000] {subprocess.py:63} INFO - Tmp dir root location: /tmp
[2024-07-25T12:19:16.382+0000] {subprocess.py:75} INFO - Running command: ['/usr/bin/bash', '-c', "\n    PGPASSWORD='***' psql -h 10.82.0.4 -U etl_user_3 -d etl_db_3 -f /opt/***/dags/scripts/sql-scripts/ods_refresh.sql\n    "]
[2024-07-25T12:19:16.386+0000] {subprocess.py:86} INFO - Output:
[2024-07-25T12:19:16.596+0000] {subprocess.py:93} INFO - SET
[2024-07-25T12:19:16.631+0000] {subprocess.py:93} INFO - SET
[2024-07-25T12:19:16.664+0000] {subprocess.py:93} INFO - SET
[2024-07-25T12:19:16.709+0000] {subprocess.py:93} INFO - SET
[2024-07-25T12:19:16.742+0000] {subprocess.py:93} INFO - SET
[2024-07-25T12:19:16.773+0000] {subprocess.py:93} INFO -  set_config
[2024-07-25T12:19:16.774+0000] {subprocess.py:93} INFO - ------------
[2024-07-25T12:19:16.775+0000] {subprocess.py:93} INFO - 
[2024-07-25T12:19:16.776+0000] {subprocess.py:93} INFO - (1 row)
[2024-07-25T12:19:16.776+0000] {subprocess.py:93} INFO - 
[2024-07-25T12:19:16.802+0000] {subprocess.py:93} INFO - SET
[2024-07-25T12:19:16.832+0000] {subprocess.py:93} INFO - SET
[2024-07-25T12:19:16.873+0000] {subprocess.py:93} INFO - SET
[2024-07-25T12:19:16.903+0000] {subprocess.py:93} INFO - SET
[2024-07-25T12:19:16.965+0000] {subprocess.py:93} INFO - COPY 17
[2024-07-25T12:19:17.091+0000] {subprocess.py:93} INFO - COPY 495
[2024-07-25T12:19:17.151+0000] {subprocess.py:93} INFO - COPY 25
[2024-07-25T12:19:17.382+0000] {subprocess.py:93} INFO - COPY 1993
[2024-07-25T12:19:17.829+0000] {subprocess.py:93} INFO - COPY 2971
[2024-07-25T12:19:17.944+0000] {subprocess.py:93} INFO - COPY 306
[2024-07-25T12:19:18.092+0000] {subprocess.py:93} INFO - COPY 318
[2024-07-25T12:19:18.153+0000] {subprocess.py:93} INFO - COPY 8
[2024-07-25T12:19:18.215+0000] {subprocess.py:93} INFO - COPY 40
[2024-07-25T12:19:18.375+0000] {subprocess.py:93} INFO - COPY 1489
[2024-07-25T12:19:18.435+0000] {subprocess.py:93} INFO - COPY 13
[2024-07-25T12:19:18.542+0000] {subprocess.py:93} INFO - COPY 493
[2024-07-25T12:19:18.659+0000] {subprocess.py:93} INFO - COPY 1235
[2024-07-25T12:19:18.739+0000] {subprocess.py:93} INFO - COPY 483
[2024-07-25T12:19:18.800+0000] {subprocess.py:93} INFO - COPY 6
[2024-07-25T12:19:18.866+0000] {subprocess.py:93} INFO - COPY 188
[2024-07-25T12:19:18.933+0000] {subprocess.py:93} INFO - COPY 55
[2024-07-25T12:19:19.094+0000] {subprocess.py:93} INFO - COPY 2520
[2024-07-25T12:19:19.153+0000] {subprocess.py:93} INFO - COPY 8
[2024-07-25T12:19:19.222+0000] {subprocess.py:93} INFO - COPY 278
[2024-07-25T12:19:19.290+0000] {subprocess.py:93} INFO - COPY 31
[2024-07-25T12:19:19.350+0000] {subprocess.py:93} INFO - COPY 6
[2024-07-25T12:19:19.412+0000] {subprocess.py:93} INFO - COPY 6
[2024-07-25T12:19:19.478+0000] {subprocess.py:93} INFO - COPY 3
[2024-07-25T12:19:19.535+0000] {subprocess.py:93} INFO - COPY 3
[2024-07-25T12:19:19.596+0000] {subprocess.py:93} INFO - COPY 17
[2024-07-25T12:19:19.659+0000] {subprocess.py:93} INFO - COPY 174
[2024-07-25T12:19:19.729+0000] {subprocess.py:93} INFO - COPY 6
[2024-07-25T12:19:19.812+0000] {subprocess.py:93} INFO - COPY 451
[2024-07-25T12:19:19.874+0000] {subprocess.py:93} INFO - COPY 32
[2024-07-25T12:19:20.002+0000] {subprocess.py:93} INFO - COPY 1227
[2024-07-25T12:19:20.016+0000] {subprocess.py:97} INFO - Command exited with return code 0
[2024-07-25T12:19:20.019+0000] {taskinstance.py:441} INFO - ::group::Post task execution logs
[2024-07-25T12:19:20.068+0000] {taskinstance.py:1206} INFO - Marking task as SUCCESS. dag_id=data_pipeline, task_id=restore_dump, run_id=manual__2024-07-25T12:19:01.138470+00:00, execution_date=20240725T121901, start_date=20240725T121916, end_date=20240725T121920
[2024-07-25T12:19:20.106+0000] {local_task_job_runner.py:240} INFO - Task exited with return code 0
[2024-07-25T12:19:20.127+0000] {warnings.py:112} WARNING - /home/***/.local/lib/python3.12/site-packages/***/models/baseoperator.py:1297: AirflowProviderDeprecationWarning: Call to deprecated class PostgresOperator. (Please use `***.providers.common.sql.operators.sql.SQLExecuteQueryOperator`.Also, you can provide `hook_params={'schema': <database>}`.)
  result = cls.__new__(cls)

[2024-07-25T12:19:20.139+0000] {taskinstance.py:3503} INFO - 1 downstream tasks scheduled from follow-on schedule check
[2024-07-25T12:19:20.139+0000] {local_task_job_runner.py:222} INFO - ::endgroup::
