[2024-07-17T11:08:53.612+0000] {local_task_job_runner.py:120} INFO - ::group::Pre task execution logs
[2024-07-17T11:08:53.624+0000] {taskinstance.py:2076} INFO - Dependencies all met for dep_context=non-requeueable deps ti=<TaskInstance: init_ods_layer.modify_schema manual__2024-07-17T11:08:45.218070+00:00 [queued]>
[2024-07-17T11:08:53.630+0000] {taskinstance.py:2076} INFO - Dependencies all met for dep_context=requeueable deps ti=<TaskInstance: init_ods_layer.modify_schema manual__2024-07-17T11:08:45.218070+00:00 [queued]>
[2024-07-17T11:08:53.630+0000] {taskinstance.py:2306} INFO - Starting attempt 1 of 1
[2024-07-17T11:08:53.641+0000] {taskinstance.py:2330} INFO - Executing <Task(PythonOperator): modify_schema> on 2024-07-17 11:08:45.218070+00:00
[2024-07-17T11:08:53.653+0000] {warnings.py:112} WARNING - /home/***/.local/lib/python3.12/site-packages/***/task/task_runner/standard_task_runner.py:61: DeprecationWarning: This process (pid=931) is multi-threaded, use of fork() may lead to deadlocks in the child.
  pid = os.fork()

[2024-07-17T11:08:53.659+0000] {standard_task_runner.py:63} INFO - Started process 933 to run task
[2024-07-17T11:08:53.657+0000] {standard_task_runner.py:90} INFO - Running: ['***', 'tasks', 'run', 'init_ods_layer', 'modify_schema', 'manual__2024-07-17T11:08:45.218070+00:00', '--job-id', '148', '--raw', '--subdir', 'DAGS_FOLDER/init_ods.py', '--cfg-path', '/tmp/tmpddeuvvbj']
[2024-07-17T11:08:53.665+0000] {standard_task_runner.py:91} INFO - Job 148: Subtask modify_schema
[2024-07-17T11:08:53.707+0000] {task_command.py:426} INFO - Running <TaskInstance: init_ods_layer.modify_schema manual__2024-07-17T11:08:45.218070+00:00 [running]> on host 70110a06f087
[2024-07-17T11:08:53.769+0000] {taskinstance.py:2648} INFO - Exporting env vars: AIRFLOW_CTX_DAG_OWNER='***' AIRFLOW_CTX_DAG_ID='init_ods_layer' AIRFLOW_CTX_TASK_ID='modify_schema' AIRFLOW_CTX_EXECUTION_DATE='2024-07-17T11:08:45.218070+00:00' AIRFLOW_CTX_TRY_NUMBER='1' AIRFLOW_CTX_DAG_RUN_ID='manual__2024-07-17T11:08:45.218070+00:00'
[2024-07-17T11:08:53.771+0000] {taskinstance.py:430} INFO - ::endgroup::
[2024-07-17T11:08:53.772+0000] {logging_mixin.py:188} INFO - Ошибка при изменении имени схемы: [Errno 2] No such file or directory: 'scripts/sql-scripts/ods_migration.sql'
[2024-07-17T11:08:53.772+0000] {python.py:237} INFO - Done. Returned value was: None
[2024-07-17T11:08:53.773+0000] {taskinstance.py:441} INFO - ::group::Post task execution logs
[2024-07-17T11:08:53.782+0000] {taskinstance.py:1206} INFO - Marking task as SUCCESS. dag_id=init_ods_layer, task_id=modify_schema, run_id=manual__2024-07-17T11:08:45.218070+00:00, execution_date=20240717T110845, start_date=20240717T110853, end_date=20240717T110853
[2024-07-17T11:08:53.802+0000] {local_task_job_runner.py:240} INFO - Task exited with return code 0
[2024-07-17T11:08:53.822+0000] {taskinstance.py:3503} INFO - 1 downstream tasks scheduled from follow-on schedule check
[2024-07-17T11:08:53.823+0000] {local_task_job_runner.py:222} INFO - ::endgroup::
