[2024-07-21T09:35:50.006+0000] {local_task_job_runner.py:120} INFO - ::group::Pre task execution logs
[2024-07-21T09:35:50.026+0000] {taskinstance.py:2076} INFO - Dependencies all met for dep_context=non-requeueable deps ti=<TaskInstance: refresh_ods.edit_dump manual__2024-07-21T09:35:32.992217+00:00 [queued]>
[2024-07-21T09:35:50.030+0000] {taskinstance.py:2076} INFO - Dependencies all met for dep_context=requeueable deps ti=<TaskInstance: refresh_ods.edit_dump manual__2024-07-21T09:35:32.992217+00:00 [queued]>
[2024-07-21T09:35:50.031+0000] {taskinstance.py:2306} INFO - Starting attempt 1 of 2
[2024-07-21T09:35:50.037+0000] {taskinstance.py:2330} INFO - Executing <Task(BashOperator): edit_dump> on 2024-07-21 09:35:32.992217+00:00
[2024-07-21T09:35:50.044+0000] {warnings.py:112} WARNING - /home/***/.local/lib/python3.12/site-packages/***/task/task_runner/standard_task_runner.py:61: DeprecationWarning: This process (pid=6538) is multi-threaded, use of fork() may lead to deadlocks in the child.
  pid = os.fork()

[2024-07-21T09:35:50.046+0000] {standard_task_runner.py:63} INFO - Started process 6540 to run task
[2024-07-21T09:35:50.048+0000] {standard_task_runner.py:90} INFO - Running: ['***', 'tasks', 'run', 'refresh_ods', 'edit_dump', 'manual__2024-07-21T09:35:32.992217+00:00', '--job-id', '352', '--raw', '--subdir', 'DAGS_FOLDER/refresh_ods.py', '--cfg-path', '/tmp/tmpihyxiqn0']
[2024-07-21T09:35:50.050+0000] {standard_task_runner.py:91} INFO - Job 352: Subtask edit_dump
[2024-07-21T09:35:50.094+0000] {task_command.py:426} INFO - Running <TaskInstance: refresh_ods.edit_dump manual__2024-07-21T09:35:32.992217+00:00 [running]> on host 89202c950a25
[2024-07-21T09:35:50.164+0000] {taskinstance.py:2648} INFO - Exporting env vars: AIRFLOW_CTX_DAG_OWNER='***' AIRFLOW_CTX_DAG_ID='refresh_ods' AIRFLOW_CTX_TASK_ID='edit_dump' AIRFLOW_CTX_EXECUTION_DATE='2024-07-21T09:35:32.992217+00:00' AIRFLOW_CTX_TRY_NUMBER='1' AIRFLOW_CTX_DAG_RUN_ID='manual__2024-07-21T09:35:32.992217+00:00'
[2024-07-21T09:35:50.173+0000] {taskinstance.py:430} INFO - ::endgroup::
[2024-07-21T09:35:50.209+0000] {subprocess.py:63} INFO - Tmp dir root location: /tmp
[2024-07-21T09:35:50.213+0000] {subprocess.py:75} INFO - Running command: ['/usr/bin/bash', '-c', "\n    sed -i 's/source_data/ods_data/g' /opt/***/dags/scripts/sql-scripts/extracted_dump.sql\n    "]
[2024-07-21T09:35:50.246+0000] {subprocess.py:86} INFO - Output:
[2024-07-21T09:35:50.321+0000] {subprocess.py:97} INFO - Command exited with return code 0
[2024-07-21T09:35:50.324+0000] {taskinstance.py:441} INFO - ::group::Post task execution logs
[2024-07-21T09:35:50.355+0000] {taskinstance.py:1206} INFO - Marking task as SUCCESS. dag_id=refresh_ods, task_id=edit_dump, run_id=manual__2024-07-21T09:35:32.992217+00:00, execution_date=20240721T093532, start_date=20240721T093550, end_date=20240721T093550
[2024-07-21T09:35:50.391+0000] {local_task_job_runner.py:240} INFO - Task exited with return code 0
[2024-07-21T09:35:50.417+0000] {warnings.py:112} WARNING - /home/***/.local/lib/python3.12/site-packages/***/models/baseoperator.py:1297: AirflowProviderDeprecationWarning: Call to deprecated class PostgresOperator. (Please use `***.providers.common.sql.operators.sql.SQLExecuteQueryOperator`.Also, you can provide `hook_params={'schema': <database>}`.)
  result = cls.__new__(cls)

[2024-07-21T09:35:50.430+0000] {taskinstance.py:3503} INFO - 1 downstream tasks scheduled from follow-on schedule check
[2024-07-21T09:35:50.431+0000] {local_task_job_runner.py:222} INFO - ::endgroup::
