[2024-07-20T16:48:26.451+0000] {local_task_job_runner.py:120} INFO - ::group::Pre task execution logs
[2024-07-20T16:48:26.463+0000] {taskinstance.py:2076} INFO - Dependencies all met for dep_context=non-requeueable deps ti=<TaskInstance: daily_copy_schema_optimized_with_cache.copy_all_tables scheduled__2024-07-19T00:00:00+00:00 [queued]>
[2024-07-20T16:48:26.466+0000] {taskinstance.py:2076} INFO - Dependencies all met for dep_context=requeueable deps ti=<TaskInstance: daily_copy_schema_optimized_with_cache.copy_all_tables scheduled__2024-07-19T00:00:00+00:00 [queued]>
[2024-07-20T16:48:26.466+0000] {taskinstance.py:2306} INFO - Starting attempt 2 of 2
[2024-07-20T16:48:26.472+0000] {taskinstance.py:2330} INFO - Executing <Task(PythonOperator): copy_all_tables> on 2024-07-19 00:00:00+00:00
[2024-07-20T16:48:26.484+0000] {warnings.py:112} WARNING - /home/***/.local/lib/python3.12/site-packages/***/task/task_runner/standard_task_runner.py:61: DeprecationWarning: This process (pid=185) is multi-threaded, use of fork() may lead to deadlocks in the child.
  pid = os.fork()

[2024-07-20T16:48:26.485+0000] {standard_task_runner.py:63} INFO - Started process 187 to run task
[2024-07-20T16:48:26.485+0000] {standard_task_runner.py:90} INFO - Running: ['***', 'tasks', 'run', 'daily_copy_schema_optimized_with_cache', 'copy_all_tables', 'scheduled__2024-07-19T00:00:00+00:00', '--job-id', '166', '--raw', '--subdir', 'DAGS_FOLDER/update_ods.py', '--cfg-path', '/tmp/tmpem69j4y_']
[2024-07-20T16:48:26.486+0000] {standard_task_runner.py:91} INFO - Job 166: Subtask copy_all_tables
[2024-07-20T16:48:26.516+0000] {task_command.py:426} INFO - Running <TaskInstance: daily_copy_schema_optimized_with_cache.copy_all_tables scheduled__2024-07-19T00:00:00+00:00 [running]> on host 89202c950a25
[2024-07-20T16:48:26.548+0000] {taskinstance.py:2648} INFO - Exporting env vars: AIRFLOW_CTX_DAG_OWNER='***' AIRFLOW_CTX_DAG_ID='daily_copy_schema_optimized_with_cache' AIRFLOW_CTX_TASK_ID='copy_all_tables' AIRFLOW_CTX_EXECUTION_DATE='2024-07-19T00:00:00+00:00' AIRFLOW_CTX_TRY_NUMBER='2' AIRFLOW_CTX_DAG_RUN_ID='scheduled__2024-07-19T00:00:00+00:00'
[2024-07-20T16:48:26.549+0000] {taskinstance.py:430} INFO - ::endgroup::
[2024-07-20T16:48:26.554+0000] {base.py:84} INFO - Using connection ID 'source_db' for task execution.
[2024-07-20T16:48:26.676+0000] {base.py:84} INFO - Using connection ID 'target_db' for task execution.
[2024-07-20T16:48:26.863+0000] {taskinstance.py:441} INFO - ::group::Post task execution logs
[2024-07-20T16:48:26.864+0000] {taskinstance.py:2905} ERROR - Task failed with exception
Traceback (most recent call last):
  File "/home/airflow/.local/lib/python3.12/site-packages/airflow/models/taskinstance.py", line 465, in _execute_task
    result = _execute_callable(context=context, **execute_callable_kwargs)
             ^^^^^^^^^^^^^^^^^^^^^^^^^^^^^^^^^^^^^^^^^^^^^^^^^^^^^^^^^^^^^
  File "/home/airflow/.local/lib/python3.12/site-packages/airflow/models/taskinstance.py", line 432, in _execute_callable
    return execute_callable(context=context, **execute_callable_kwargs)
           ^^^^^^^^^^^^^^^^^^^^^^^^^^^^^^^^^^^^^^^^^^^^^^^^^^^^^^^^^^^^
  File "/home/airflow/.local/lib/python3.12/site-packages/airflow/models/baseoperator.py", line 401, in wrapper
    return func(self, *args, **kwargs)
           ^^^^^^^^^^^^^^^^^^^^^^^^^^^
  File "/home/airflow/.local/lib/python3.12/site-packages/airflow/operators/python.py", line 235, in execute
    return_value = self.execute_callable()
                   ^^^^^^^^^^^^^^^^^^^^^^^
  File "/home/airflow/.local/lib/python3.12/site-packages/airflow/operators/python.py", line 252, in execute_callable
    return self.python_callable(*self.op_args, **self.op_kwargs)
           ^^^^^^^^^^^^^^^^^^^^^^^^^^^^^^^^^^^^^^^^^^^^^^^^^^^^^
  File "/opt/airflow/dags/update_ods.py", line 67, in copy_all_tables
    target_cursor.executemany(insert_query, rows)
TypeError: not all arguments converted during string formatting
[2024-07-20T16:48:26.872+0000] {taskinstance.py:1206} INFO - Marking task as FAILED. dag_id=daily_copy_schema_optimized_with_cache, task_id=copy_all_tables, run_id=scheduled__2024-07-19T00:00:00+00:00, execution_date=20240719T000000, start_date=20240720T164826, end_date=20240720T164826
[2024-07-20T16:48:26.879+0000] {standard_task_runner.py:110} ERROR - Failed to execute job 166 for task copy_all_tables (not all arguments converted during string formatting; 187)
[2024-07-20T16:48:26.915+0000] {local_task_job_runner.py:240} INFO - Task exited with return code 1
[2024-07-20T16:48:26.925+0000] {taskinstance.py:3503} INFO - 0 downstream tasks scheduled from follow-on schedule check
[2024-07-20T16:48:26.925+0000] {local_task_job_runner.py:222} INFO - ::endgroup::
