[2024-07-05T23:34:06.657+0000] {processor.py:161} INFO - Started process (PID=40) to work on /home/airflow/.local/lib/python3.12/site-packages/airflow/example_dags/example_xcomargs.py
[2024-07-05T23:34:06.657+0000] {processor.py:830} INFO - Processing file /home/airflow/.local/lib/python3.12/site-packages/airflow/example_dags/example_xcomargs.py for tasks to queue
[2024-07-05T23:34:06.658+0000] {logging_mixin.py:188} INFO - [2024-07-05T23:34:06.658+0000] {dagbag.py:545} INFO - Filling up the DagBag from /home/airflow/.local/lib/python3.12/site-packages/airflow/example_dags/example_xcomargs.py
[2024-07-05T23:34:06.667+0000] {processor.py:840} INFO - DAG(s) 'example_xcom_args_with_operators', 'example_xcom_args' retrieved from /home/airflow/.local/lib/python3.12/site-packages/airflow/example_dags/example_xcomargs.py
[2024-07-05T23:34:06.676+0000] {logging_mixin.py:188} INFO - [2024-07-05T23:34:06.676+0000] {dag.py:3096} INFO - Sync 2 DAGs
[2024-07-05T23:34:06.683+0000] {logging_mixin.py:188} INFO - [2024-07-05T23:34:06.682+0000] {dag.py:3954} INFO - Setting next_dagrun for example_xcom_args to None, run_after=None
[2024-07-05T23:34:06.684+0000] {logging_mixin.py:188} INFO - [2024-07-05T23:34:06.684+0000] {dag.py:3954} INFO - Setting next_dagrun for example_xcom_args_with_operators to None, run_after=None
[2024-07-05T23:34:06.692+0000] {processor.py:183} INFO - Processing /home/airflow/.local/lib/python3.12/site-packages/airflow/example_dags/example_xcomargs.py took 0.037 seconds
[2024-07-05T23:34:36.982+0000] {processor.py:161} INFO - Started process (PID=99) to work on /home/airflow/.local/lib/python3.12/site-packages/airflow/example_dags/example_xcomargs.py
[2024-07-05T23:34:36.982+0000] {processor.py:830} INFO - Processing file /home/airflow/.local/lib/python3.12/site-packages/airflow/example_dags/example_xcomargs.py for tasks to queue
[2024-07-05T23:34:36.982+0000] {logging_mixin.py:188} INFO - [2024-07-05T23:34:36.982+0000] {dagbag.py:545} INFO - Filling up the DagBag from /home/airflow/.local/lib/python3.12/site-packages/airflow/example_dags/example_xcomargs.py
[2024-07-05T23:34:36.986+0000] {processor.py:840} INFO - DAG(s) 'example_xcom_args_with_operators', 'example_xcom_args' retrieved from /home/airflow/.local/lib/python3.12/site-packages/airflow/example_dags/example_xcomargs.py
[2024-07-05T23:34:37.029+0000] {logging_mixin.py:188} INFO - [2024-07-05T23:34:37.029+0000] {dag.py:3096} INFO - Sync 2 DAGs
[2024-07-05T23:34:37.033+0000] {logging_mixin.py:188} INFO - [2024-07-05T23:34:37.033+0000] {dag.py:3954} INFO - Setting next_dagrun for example_xcom_args to None, run_after=None
[2024-07-05T23:34:37.034+0000] {logging_mixin.py:188} INFO - [2024-07-05T23:34:37.034+0000] {dag.py:3954} INFO - Setting next_dagrun for example_xcom_args_with_operators to None, run_after=None
[2024-07-05T23:34:37.040+0000] {processor.py:183} INFO - Processing /home/airflow/.local/lib/python3.12/site-packages/airflow/example_dags/example_xcomargs.py took 0.060 seconds
[2024-07-05T23:35:07.409+0000] {processor.py:161} INFO - Started process (PID=158) to work on /home/airflow/.local/lib/python3.12/site-packages/airflow/example_dags/example_xcomargs.py
[2024-07-05T23:35:07.411+0000] {processor.py:830} INFO - Processing file /home/airflow/.local/lib/python3.12/site-packages/airflow/example_dags/example_xcomargs.py for tasks to queue
[2024-07-05T23:35:07.413+0000] {logging_mixin.py:188} INFO - [2024-07-05T23:35:07.412+0000] {dagbag.py:545} INFO - Filling up the DagBag from /home/airflow/.local/lib/python3.12/site-packages/airflow/example_dags/example_xcomargs.py
[2024-07-05T23:35:07.425+0000] {processor.py:840} INFO - DAG(s) 'example_xcom_args_with_operators', 'example_xcom_args' retrieved from /home/airflow/.local/lib/python3.12/site-packages/airflow/example_dags/example_xcomargs.py
[2024-07-05T23:35:07.478+0000] {logging_mixin.py:188} INFO - [2024-07-05T23:35:07.478+0000] {dag.py:3096} INFO - Sync 2 DAGs
[2024-07-05T23:35:07.490+0000] {logging_mixin.py:188} INFO - [2024-07-05T23:35:07.490+0000] {dag.py:3954} INFO - Setting next_dagrun for example_xcom_args to None, run_after=None
[2024-07-05T23:35:07.497+0000] {logging_mixin.py:188} INFO - [2024-07-05T23:35:07.497+0000] {dag.py:3954} INFO - Setting next_dagrun for example_xcom_args_with_operators to None, run_after=None
[2024-07-05T23:35:07.515+0000] {processor.py:183} INFO - Processing /home/airflow/.local/lib/python3.12/site-packages/airflow/example_dags/example_xcomargs.py took 0.110 seconds
[2024-07-05T23:35:38.456+0000] {processor.py:161} INFO - Started process (PID=217) to work on /home/airflow/.local/lib/python3.12/site-packages/airflow/example_dags/example_xcomargs.py
[2024-07-05T23:35:38.457+0000] {processor.py:830} INFO - Processing file /home/airflow/.local/lib/python3.12/site-packages/airflow/example_dags/example_xcomargs.py for tasks to queue
[2024-07-05T23:35:38.457+0000] {logging_mixin.py:188} INFO - [2024-07-05T23:35:38.457+0000] {dagbag.py:545} INFO - Filling up the DagBag from /home/airflow/.local/lib/python3.12/site-packages/airflow/example_dags/example_xcomargs.py
[2024-07-05T23:35:38.462+0000] {processor.py:840} INFO - DAG(s) 'example_xcom_args_with_operators', 'example_xcom_args' retrieved from /home/airflow/.local/lib/python3.12/site-packages/airflow/example_dags/example_xcomargs.py
[2024-07-05T23:35:38.471+0000] {logging_mixin.py:188} INFO - [2024-07-05T23:35:38.470+0000] {dag.py:3096} INFO - Sync 2 DAGs
[2024-07-05T23:35:38.475+0000] {logging_mixin.py:188} INFO - [2024-07-05T23:35:38.475+0000] {dag.py:3954} INFO - Setting next_dagrun for example_xcom_args to None, run_after=None
[2024-07-05T23:35:38.477+0000] {logging_mixin.py:188} INFO - [2024-07-05T23:35:38.476+0000] {dag.py:3954} INFO - Setting next_dagrun for example_xcom_args_with_operators to None, run_after=None
[2024-07-05T23:35:38.483+0000] {processor.py:183} INFO - Processing /home/airflow/.local/lib/python3.12/site-packages/airflow/example_dags/example_xcomargs.py took 0.029 seconds
