[2024-07-05T23:34:07.215+0000] {processor.py:161} INFO - Started process (PID=59) to work on /home/airflow/.local/lib/python3.12/site-packages/airflow/example_dags/example_sensors.py
[2024-07-05T23:34:07.215+0000] {processor.py:830} INFO - Processing file /home/airflow/.local/lib/python3.12/site-packages/airflow/example_dags/example_sensors.py for tasks to queue
[2024-07-05T23:34:07.216+0000] {logging_mixin.py:188} INFO - [2024-07-05T23:34:07.216+0000] {dagbag.py:545} INFO - Filling up the DagBag from /home/airflow/.local/lib/python3.12/site-packages/airflow/example_dags/example_sensors.py
[2024-07-05T23:34:07.227+0000] {processor.py:840} INFO - DAG(s) 'example_sensors' retrieved from /home/airflow/.local/lib/python3.12/site-packages/airflow/example_dags/example_sensors.py
[2024-07-05T23:34:07.238+0000] {logging_mixin.py:188} INFO - [2024-07-05T23:34:07.237+0000] {dag.py:3096} INFO - Sync 1 DAGs
[2024-07-05T23:34:07.246+0000] {logging_mixin.py:188} INFO - [2024-07-05T23:34:07.246+0000] {dag.py:3954} INFO - Setting next_dagrun for example_sensors to None, run_after=None
[2024-07-05T23:34:07.257+0000] {processor.py:183} INFO - Processing /home/airflow/.local/lib/python3.12/site-packages/airflow/example_dags/example_sensors.py took 0.046 seconds
[2024-07-05T23:34:37.646+0000] {processor.py:161} INFO - Started process (PID=118) to work on /home/airflow/.local/lib/python3.12/site-packages/airflow/example_dags/example_sensors.py
[2024-07-05T23:34:37.646+0000] {processor.py:830} INFO - Processing file /home/airflow/.local/lib/python3.12/site-packages/airflow/example_dags/example_sensors.py for tasks to queue
[2024-07-05T23:34:37.647+0000] {logging_mixin.py:188} INFO - [2024-07-05T23:34:37.647+0000] {dagbag.py:545} INFO - Filling up the DagBag from /home/airflow/.local/lib/python3.12/site-packages/airflow/example_dags/example_sensors.py
[2024-07-05T23:34:37.651+0000] {processor.py:840} INFO - DAG(s) 'example_sensors' retrieved from /home/airflow/.local/lib/python3.12/site-packages/airflow/example_dags/example_sensors.py
[2024-07-05T23:34:37.688+0000] {logging_mixin.py:188} INFO - [2024-07-05T23:34:37.688+0000] {dag.py:3096} INFO - Sync 1 DAGs
[2024-07-05T23:34:37.692+0000] {logging_mixin.py:188} INFO - [2024-07-05T23:34:37.691+0000] {dag.py:3954} INFO - Setting next_dagrun for example_sensors to None, run_after=None
[2024-07-05T23:34:37.697+0000] {processor.py:183} INFO - Processing /home/airflow/.local/lib/python3.12/site-packages/airflow/example_dags/example_sensors.py took 0.053 seconds
[2024-07-05T23:35:08.403+0000] {processor.py:161} INFO - Started process (PID=177) to work on /home/airflow/.local/lib/python3.12/site-packages/airflow/example_dags/example_sensors.py
[2024-07-05T23:35:08.404+0000] {processor.py:830} INFO - Processing file /home/airflow/.local/lib/python3.12/site-packages/airflow/example_dags/example_sensors.py for tasks to queue
[2024-07-05T23:35:08.409+0000] {logging_mixin.py:188} INFO - [2024-07-05T23:35:08.409+0000] {dagbag.py:545} INFO - Filling up the DagBag from /home/airflow/.local/lib/python3.12/site-packages/airflow/example_dags/example_sensors.py
[2024-07-05T23:35:08.422+0000] {processor.py:840} INFO - DAG(s) 'example_sensors' retrieved from /home/airflow/.local/lib/python3.12/site-packages/airflow/example_dags/example_sensors.py
[2024-07-05T23:35:08.439+0000] {logging_mixin.py:188} INFO - [2024-07-05T23:35:08.439+0000] {dag.py:3096} INFO - Sync 1 DAGs
[2024-07-05T23:35:08.448+0000] {logging_mixin.py:188} INFO - [2024-07-05T23:35:08.448+0000] {dag.py:3954} INFO - Setting next_dagrun for example_sensors to None, run_after=None
[2024-07-05T23:35:08.465+0000] {processor.py:183} INFO - Processing /home/airflow/.local/lib/python3.12/site-packages/airflow/example_dags/example_sensors.py took 0.065 seconds
[2024-07-05T23:35:38.855+0000] {processor.py:161} INFO - Started process (PID=236) to work on /home/airflow/.local/lib/python3.12/site-packages/airflow/example_dags/example_sensors.py
[2024-07-05T23:35:38.856+0000] {processor.py:830} INFO - Processing file /home/airflow/.local/lib/python3.12/site-packages/airflow/example_dags/example_sensors.py for tasks to queue
[2024-07-05T23:35:38.856+0000] {logging_mixin.py:188} INFO - [2024-07-05T23:35:38.856+0000] {dagbag.py:545} INFO - Filling up the DagBag from /home/airflow/.local/lib/python3.12/site-packages/airflow/example_dags/example_sensors.py
[2024-07-05T23:35:38.859+0000] {processor.py:840} INFO - DAG(s) 'example_sensors' retrieved from /home/airflow/.local/lib/python3.12/site-packages/airflow/example_dags/example_sensors.py
[2024-07-05T23:35:38.869+0000] {logging_mixin.py:188} INFO - [2024-07-05T23:35:38.869+0000] {dag.py:3096} INFO - Sync 1 DAGs
[2024-07-05T23:35:38.874+0000] {logging_mixin.py:188} INFO - [2024-07-05T23:35:38.874+0000] {dag.py:3954} INFO - Setting next_dagrun for example_sensors to None, run_after=None
[2024-07-05T23:35:38.879+0000] {processor.py:183} INFO - Processing /home/airflow/.local/lib/python3.12/site-packages/airflow/example_dags/example_sensors.py took 0.026 seconds
