[2024-07-05T23:34:07.787+0000] {processor.py:161} INFO - Started process (PID=72) to work on /home/airflow/.local/lib/python3.12/site-packages/airflow/example_dags/example_complex.py
[2024-07-05T23:34:07.788+0000] {processor.py:830} INFO - Processing file /home/airflow/.local/lib/python3.12/site-packages/airflow/example_dags/example_complex.py for tasks to queue
[2024-07-05T23:34:07.789+0000] {logging_mixin.py:188} INFO - [2024-07-05T23:34:07.789+0000] {dagbag.py:545} INFO - Filling up the DagBag from /home/airflow/.local/lib/python3.12/site-packages/airflow/example_dags/example_complex.py
[2024-07-05T23:34:07.798+0000] {processor.py:840} INFO - DAG(s) 'example_complex' retrieved from /home/airflow/.local/lib/python3.12/site-packages/airflow/example_dags/example_complex.py
[2024-07-05T23:34:07.805+0000] {logging_mixin.py:188} INFO - [2024-07-05T23:34:07.804+0000] {dag.py:3096} INFO - Sync 1 DAGs
[2024-07-05T23:34:07.812+0000] {logging_mixin.py:188} INFO - [2024-07-05T23:34:07.812+0000] {dag.py:3954} INFO - Setting next_dagrun for example_complex to None, run_after=None
[2024-07-05T23:34:07.821+0000] {processor.py:183} INFO - Processing /home/airflow/.local/lib/python3.12/site-packages/airflow/example_dags/example_complex.py took 0.039 seconds
[2024-07-05T23:34:38.345+0000] {processor.py:161} INFO - Started process (PID=131) to work on /home/airflow/.local/lib/python3.12/site-packages/airflow/example_dags/example_complex.py
[2024-07-05T23:34:38.346+0000] {processor.py:830} INFO - Processing file /home/airflow/.local/lib/python3.12/site-packages/airflow/example_dags/example_complex.py for tasks to queue
[2024-07-05T23:34:38.346+0000] {logging_mixin.py:188} INFO - [2024-07-05T23:34:38.346+0000] {dagbag.py:545} INFO - Filling up the DagBag from /home/airflow/.local/lib/python3.12/site-packages/airflow/example_dags/example_complex.py
[2024-07-05T23:34:38.351+0000] {processor.py:840} INFO - DAG(s) 'example_complex' retrieved from /home/airflow/.local/lib/python3.12/site-packages/airflow/example_dags/example_complex.py
[2024-07-05T23:34:38.404+0000] {logging_mixin.py:188} INFO - [2024-07-05T23:34:38.404+0000] {dag.py:3096} INFO - Sync 1 DAGs
[2024-07-05T23:34:38.410+0000] {logging_mixin.py:188} INFO - [2024-07-05T23:34:38.410+0000] {dag.py:3954} INFO - Setting next_dagrun for example_complex to None, run_after=None
[2024-07-05T23:34:38.419+0000] {processor.py:183} INFO - Processing /home/airflow/.local/lib/python3.12/site-packages/airflow/example_dags/example_complex.py took 0.077 seconds
[2024-07-05T23:35:08.824+0000] {processor.py:161} INFO - Started process (PID=190) to work on /home/airflow/.local/lib/python3.12/site-packages/airflow/example_dags/example_complex.py
[2024-07-05T23:35:08.824+0000] {processor.py:830} INFO - Processing file /home/airflow/.local/lib/python3.12/site-packages/airflow/example_dags/example_complex.py for tasks to queue
[2024-07-05T23:35:08.825+0000] {logging_mixin.py:188} INFO - [2024-07-05T23:35:08.824+0000] {dagbag.py:545} INFO - Filling up the DagBag from /home/airflow/.local/lib/python3.12/site-packages/airflow/example_dags/example_complex.py
[2024-07-05T23:35:08.828+0000] {processor.py:840} INFO - DAG(s) 'example_complex' retrieved from /home/airflow/.local/lib/python3.12/site-packages/airflow/example_dags/example_complex.py
[2024-07-05T23:35:08.839+0000] {logging_mixin.py:188} INFO - [2024-07-05T23:35:08.839+0000] {dag.py:3096} INFO - Sync 1 DAGs
[2024-07-05T23:35:08.843+0000] {logging_mixin.py:188} INFO - [2024-07-05T23:35:08.843+0000] {dag.py:3954} INFO - Setting next_dagrun for example_complex to None, run_after=None
[2024-07-05T23:35:08.849+0000] {processor.py:183} INFO - Processing /home/airflow/.local/lib/python3.12/site-packages/airflow/example_dags/example_complex.py took 0.027 seconds
[2024-07-05T23:35:39.104+0000] {processor.py:161} INFO - Started process (PID=249) to work on /home/airflow/.local/lib/python3.12/site-packages/airflow/example_dags/example_complex.py
[2024-07-05T23:35:39.105+0000] {processor.py:830} INFO - Processing file /home/airflow/.local/lib/python3.12/site-packages/airflow/example_dags/example_complex.py for tasks to queue
[2024-07-05T23:35:39.105+0000] {logging_mixin.py:188} INFO - [2024-07-05T23:35:39.105+0000] {dagbag.py:545} INFO - Filling up the DagBag from /home/airflow/.local/lib/python3.12/site-packages/airflow/example_dags/example_complex.py
[2024-07-05T23:35:39.109+0000] {processor.py:840} INFO - DAG(s) 'example_complex' retrieved from /home/airflow/.local/lib/python3.12/site-packages/airflow/example_dags/example_complex.py
[2024-07-05T23:35:39.120+0000] {logging_mixin.py:188} INFO - [2024-07-05T23:35:39.120+0000] {dag.py:3096} INFO - Sync 1 DAGs
[2024-07-05T23:35:39.125+0000] {logging_mixin.py:188} INFO - [2024-07-05T23:35:39.125+0000] {dag.py:3954} INFO - Setting next_dagrun for example_complex to None, run_after=None
[2024-07-05T23:35:39.131+0000] {processor.py:183} INFO - Processing /home/airflow/.local/lib/python3.12/site-packages/airflow/example_dags/example_complex.py took 0.029 seconds
