[2024-07-05T23:34:06.390+0000] {processor.py:161} INFO - Started process (PID=32) to work on /home/airflow/.local/lib/python3.12/site-packages/airflow/example_dags/example_datasets.py
[2024-07-05T23:34:06.390+0000] {processor.py:830} INFO - Processing file /home/airflow/.local/lib/python3.12/site-packages/airflow/example_dags/example_datasets.py for tasks to queue
[2024-07-05T23:34:06.391+0000] {logging_mixin.py:188} INFO - [2024-07-05T23:34:06.391+0000] {dagbag.py:545} INFO - Filling up the DagBag from /home/airflow/.local/lib/python3.12/site-packages/airflow/example_dags/example_datasets.py
[2024-07-05T23:34:06.400+0000] {processor.py:840} INFO - DAG(s) 'dataset_produces_2', 'consume_1_or_2_with_dataset_expressions', 'dataset_consumes_1', 'dataset_consumes_1_and_2', 'dataset_produces_1', 'consume_1_and_2_with_dataset_expressions', 'dataset_consumes_1_never_scheduled', 'consume_1_or_both_2_and_3_with_dataset_expressions', 'conditional_dataset_and_time_based_timetable', 'dataset_consumes_unknown_never_scheduled' retrieved from /home/airflow/.local/lib/python3.12/site-packages/airflow/example_dags/example_datasets.py
[2024-07-05T23:34:06.410+0000] {logging_mixin.py:188} INFO - [2024-07-05T23:34:06.410+0000] {dag.py:3096} INFO - Sync 10 DAGs
[2024-07-05T23:34:06.431+0000] {logging_mixin.py:188} INFO - [2024-07-05T23:34:06.431+0000] {dag.py:3954} INFO - Setting next_dagrun for conditional_dataset_and_time_based_timetable to 2024-07-03 01:00:00+00:00, run_after=2024-07-03 01:00:00+00:00
[2024-07-05T23:34:06.435+0000] {logging_mixin.py:188} INFO - [2024-07-05T23:34:06.435+0000] {dag.py:3954} INFO - Setting next_dagrun for consume_1_and_2_with_dataset_expressions to None, run_after=None
[2024-07-05T23:34:06.438+0000] {logging_mixin.py:188} INFO - [2024-07-05T23:34:06.438+0000] {dag.py:3954} INFO - Setting next_dagrun for consume_1_or_2_with_dataset_expressions to None, run_after=None
[2024-07-05T23:34:06.441+0000] {logging_mixin.py:188} INFO - [2024-07-05T23:34:06.441+0000] {dag.py:3954} INFO - Setting next_dagrun for consume_1_or_both_2_and_3_with_dataset_expressions to None, run_after=None
[2024-07-05T23:34:06.442+0000] {logging_mixin.py:188} INFO - [2024-07-05T23:34:06.442+0000] {dag.py:3954} INFO - Setting next_dagrun for dataset_consumes_1 to None, run_after=None
[2024-07-05T23:34:06.445+0000] {logging_mixin.py:188} INFO - [2024-07-05T23:34:06.445+0000] {dag.py:3954} INFO - Setting next_dagrun for dataset_consumes_1_and_2 to None, run_after=None
[2024-07-05T23:34:06.447+0000] {logging_mixin.py:188} INFO - [2024-07-05T23:34:06.447+0000] {dag.py:3954} INFO - Setting next_dagrun for dataset_consumes_1_never_scheduled to None, run_after=None
[2024-07-05T23:34:06.448+0000] {logging_mixin.py:188} INFO - [2024-07-05T23:34:06.448+0000] {dag.py:3954} INFO - Setting next_dagrun for dataset_consumes_unknown_never_scheduled to None, run_after=None
[2024-07-05T23:34:06.451+0000] {logging_mixin.py:188} INFO - [2024-07-05T23:34:06.451+0000] {dag.py:3954} INFO - Setting next_dagrun for dataset_produces_1 to 2024-07-04 00:00:00+00:00, run_after=2024-07-05 00:00:00+00:00
[2024-07-05T23:34:06.454+0000] {logging_mixin.py:188} INFO - [2024-07-05T23:34:06.453+0000] {dag.py:3954} INFO - Setting next_dagrun for dataset_produces_2 to None, run_after=None
[2024-07-05T23:34:06.491+0000] {processor.py:183} INFO - Processing /home/airflow/.local/lib/python3.12/site-packages/airflow/example_dags/example_datasets.py took 0.104 seconds
[2024-07-05T23:34:36.687+0000] {processor.py:161} INFO - Started process (PID=91) to work on /home/airflow/.local/lib/python3.12/site-packages/airflow/example_dags/example_datasets.py
[2024-07-05T23:34:36.687+0000] {processor.py:830} INFO - Processing file /home/airflow/.local/lib/python3.12/site-packages/airflow/example_dags/example_datasets.py for tasks to queue
[2024-07-05T23:34:36.687+0000] {logging_mixin.py:188} INFO - [2024-07-05T23:34:36.687+0000] {dagbag.py:545} INFO - Filling up the DagBag from /home/airflow/.local/lib/python3.12/site-packages/airflow/example_dags/example_datasets.py
[2024-07-05T23:34:36.695+0000] {processor.py:840} INFO - DAG(s) 'dataset_produces_1', 'dataset_consumes_1_never_scheduled', 'dataset_consumes_1', 'consume_1_or_both_2_and_3_with_dataset_expressions', 'consume_1_or_2_with_dataset_expressions', 'conditional_dataset_and_time_based_timetable', 'dataset_produces_2', 'dataset_consumes_unknown_never_scheduled', 'dataset_consumes_1_and_2', 'consume_1_and_2_with_dataset_expressions' retrieved from /home/airflow/.local/lib/python3.12/site-packages/airflow/example_dags/example_datasets.py
[2024-07-05T23:34:36.756+0000] {logging_mixin.py:188} INFO - [2024-07-05T23:34:36.756+0000] {dag.py:3096} INFO - Sync 10 DAGs
[2024-07-05T23:34:36.763+0000] {logging_mixin.py:188} INFO - [2024-07-05T23:34:36.763+0000] {dag.py:3954} INFO - Setting next_dagrun for conditional_dataset_and_time_based_timetable to 2024-07-03 01:00:00+00:00, run_after=2024-07-03 01:00:00+00:00
[2024-07-05T23:34:36.765+0000] {logging_mixin.py:188} INFO - [2024-07-05T23:34:36.765+0000] {dag.py:3954} INFO - Setting next_dagrun for consume_1_and_2_with_dataset_expressions to None, run_after=None
[2024-07-05T23:34:36.765+0000] {logging_mixin.py:188} INFO - [2024-07-05T23:34:36.765+0000] {dag.py:3954} INFO - Setting next_dagrun for consume_1_or_2_with_dataset_expressions to None, run_after=None
[2024-07-05T23:34:36.765+0000] {logging_mixin.py:188} INFO - [2024-07-05T23:34:36.765+0000] {dag.py:3954} INFO - Setting next_dagrun for consume_1_or_both_2_and_3_with_dataset_expressions to None, run_after=None
[2024-07-05T23:34:36.766+0000] {logging_mixin.py:188} INFO - [2024-07-05T23:34:36.766+0000] {dag.py:3954} INFO - Setting next_dagrun for dataset_consumes_1 to None, run_after=None
[2024-07-05T23:34:36.766+0000] {logging_mixin.py:188} INFO - [2024-07-05T23:34:36.766+0000] {dag.py:3954} INFO - Setting next_dagrun for dataset_consumes_1_and_2 to None, run_after=None
[2024-07-05T23:34:36.767+0000] {logging_mixin.py:188} INFO - [2024-07-05T23:34:36.767+0000] {dag.py:3954} INFO - Setting next_dagrun for dataset_consumes_1_never_scheduled to None, run_after=None
[2024-07-05T23:34:36.767+0000] {logging_mixin.py:188} INFO - [2024-07-05T23:34:36.767+0000] {dag.py:3954} INFO - Setting next_dagrun for dataset_consumes_unknown_never_scheduled to None, run_after=None
[2024-07-05T23:34:36.768+0000] {logging_mixin.py:188} INFO - [2024-07-05T23:34:36.768+0000] {dag.py:3954} INFO - Setting next_dagrun for dataset_produces_1 to 2024-07-04 00:00:00+00:00, run_after=2024-07-05 00:00:00+00:00
[2024-07-05T23:34:36.768+0000] {logging_mixin.py:188} INFO - [2024-07-05T23:34:36.768+0000] {dag.py:3954} INFO - Setting next_dagrun for dataset_produces_2 to None, run_after=None
[2024-07-05T23:34:36.780+0000] {processor.py:183} INFO - Processing /home/airflow/.local/lib/python3.12/site-packages/airflow/example_dags/example_datasets.py took 0.095 seconds
[2024-07-05T23:35:07.072+0000] {processor.py:161} INFO - Started process (PID=150) to work on /home/airflow/.local/lib/python3.12/site-packages/airflow/example_dags/example_datasets.py
[2024-07-05T23:35:07.072+0000] {processor.py:830} INFO - Processing file /home/airflow/.local/lib/python3.12/site-packages/airflow/example_dags/example_datasets.py for tasks to queue
[2024-07-05T23:35:07.073+0000] {logging_mixin.py:188} INFO - [2024-07-05T23:35:07.073+0000] {dagbag.py:545} INFO - Filling up the DagBag from /home/airflow/.local/lib/python3.12/site-packages/airflow/example_dags/example_datasets.py
[2024-07-05T23:35:07.085+0000] {processor.py:840} INFO - DAG(s) 'consume_1_or_both_2_and_3_with_dataset_expressions', 'dataset_produces_1', 'dataset_produces_2', 'dataset_consumes_1_never_scheduled', 'consume_1_and_2_with_dataset_expressions', 'dataset_consumes_1', 'consume_1_or_2_with_dataset_expressions', 'conditional_dataset_and_time_based_timetable', 'dataset_consumes_1_and_2', 'dataset_consumes_unknown_never_scheduled' retrieved from /home/airflow/.local/lib/python3.12/site-packages/airflow/example_dags/example_datasets.py
[2024-07-05T23:35:07.144+0000] {logging_mixin.py:188} INFO - [2024-07-05T23:35:07.144+0000] {dag.py:3096} INFO - Sync 10 DAGs
[2024-07-05T23:35:07.164+0000] {logging_mixin.py:188} INFO - [2024-07-05T23:35:07.164+0000] {dag.py:3954} INFO - Setting next_dagrun for conditional_dataset_and_time_based_timetable to 2024-07-03 01:00:00+00:00, run_after=2024-07-03 01:00:00+00:00
[2024-07-05T23:35:07.169+0000] {logging_mixin.py:188} INFO - [2024-07-05T23:35:07.169+0000] {dag.py:3954} INFO - Setting next_dagrun for consume_1_and_2_with_dataset_expressions to None, run_after=None
[2024-07-05T23:35:07.170+0000] {logging_mixin.py:188} INFO - [2024-07-05T23:35:07.170+0000] {dag.py:3954} INFO - Setting next_dagrun for consume_1_or_2_with_dataset_expressions to None, run_after=None
[2024-07-05T23:35:07.172+0000] {logging_mixin.py:188} INFO - [2024-07-05T23:35:07.172+0000] {dag.py:3954} INFO - Setting next_dagrun for consume_1_or_both_2_and_3_with_dataset_expressions to None, run_after=None
[2024-07-05T23:35:07.173+0000] {logging_mixin.py:188} INFO - [2024-07-05T23:35:07.173+0000] {dag.py:3954} INFO - Setting next_dagrun for dataset_consumes_1 to None, run_after=None
[2024-07-05T23:35:07.174+0000] {logging_mixin.py:188} INFO - [2024-07-05T23:35:07.174+0000] {dag.py:3954} INFO - Setting next_dagrun for dataset_consumes_1_and_2 to None, run_after=None
[2024-07-05T23:35:07.175+0000] {logging_mixin.py:188} INFO - [2024-07-05T23:35:07.174+0000] {dag.py:3954} INFO - Setting next_dagrun for dataset_consumes_1_never_scheduled to None, run_after=None
[2024-07-05T23:35:07.175+0000] {logging_mixin.py:188} INFO - [2024-07-05T23:35:07.175+0000] {dag.py:3954} INFO - Setting next_dagrun for dataset_consumes_unknown_never_scheduled to None, run_after=None
[2024-07-05T23:35:07.177+0000] {logging_mixin.py:188} INFO - [2024-07-05T23:35:07.177+0000] {dag.py:3954} INFO - Setting next_dagrun for dataset_produces_1 to 2024-07-04 00:00:00+00:00, run_after=2024-07-05 00:00:00+00:00
[2024-07-05T23:35:07.178+0000] {logging_mixin.py:188} INFO - [2024-07-05T23:35:07.178+0000] {dag.py:3954} INFO - Setting next_dagrun for dataset_produces_2 to None, run_after=None
[2024-07-05T23:35:07.206+0000] {processor.py:183} INFO - Processing /home/airflow/.local/lib/python3.12/site-packages/airflow/example_dags/example_datasets.py took 0.138 seconds
[2024-07-05T23:35:37.244+0000] {processor.py:161} INFO - Started process (PID=209) to work on /home/airflow/.local/lib/python3.12/site-packages/airflow/example_dags/example_datasets.py
[2024-07-05T23:35:37.245+0000] {processor.py:830} INFO - Processing file /home/airflow/.local/lib/python3.12/site-packages/airflow/example_dags/example_datasets.py for tasks to queue
[2024-07-05T23:35:37.245+0000] {logging_mixin.py:188} INFO - [2024-07-05T23:35:37.245+0000] {dagbag.py:545} INFO - Filling up the DagBag from /home/airflow/.local/lib/python3.12/site-packages/airflow/example_dags/example_datasets.py
[2024-07-05T23:35:37.251+0000] {processor.py:840} INFO - DAG(s) 'consume_1_or_2_with_dataset_expressions', 'conditional_dataset_and_time_based_timetable', 'consume_1_or_both_2_and_3_with_dataset_expressions', 'dataset_produces_2', 'dataset_produces_1', 'dataset_consumes_1_never_scheduled', 'dataset_consumes_unknown_never_scheduled', 'dataset_consumes_1', 'consume_1_and_2_with_dataset_expressions', 'dataset_consumes_1_and_2' retrieved from /home/airflow/.local/lib/python3.12/site-packages/airflow/example_dags/example_datasets.py
[2024-07-05T23:35:37.265+0000] {logging_mixin.py:188} INFO - [2024-07-05T23:35:37.265+0000] {dag.py:3096} INFO - Sync 10 DAGs
[2024-07-05T23:35:37.273+0000] {logging_mixin.py:188} INFO - [2024-07-05T23:35:37.273+0000] {dag.py:3954} INFO - Setting next_dagrun for conditional_dataset_and_time_based_timetable to 2024-07-03 01:00:00+00:00, run_after=2024-07-03 01:00:00+00:00
[2024-07-05T23:35:37.274+0000] {logging_mixin.py:188} INFO - [2024-07-05T23:35:37.274+0000] {dag.py:3954} INFO - Setting next_dagrun for consume_1_and_2_with_dataset_expressions to None, run_after=None
[2024-07-05T23:35:37.275+0000] {logging_mixin.py:188} INFO - [2024-07-05T23:35:37.275+0000] {dag.py:3954} INFO - Setting next_dagrun for consume_1_or_2_with_dataset_expressions to None, run_after=None
[2024-07-05T23:35:37.275+0000] {logging_mixin.py:188} INFO - [2024-07-05T23:35:37.275+0000] {dag.py:3954} INFO - Setting next_dagrun for consume_1_or_both_2_and_3_with_dataset_expressions to None, run_after=None
[2024-07-05T23:35:37.276+0000] {logging_mixin.py:188} INFO - [2024-07-05T23:35:37.276+0000] {dag.py:3954} INFO - Setting next_dagrun for dataset_consumes_1 to None, run_after=None
[2024-07-05T23:35:37.276+0000] {logging_mixin.py:188} INFO - [2024-07-05T23:35:37.276+0000] {dag.py:3954} INFO - Setting next_dagrun for dataset_consumes_1_and_2 to None, run_after=None
[2024-07-05T23:35:37.276+0000] {logging_mixin.py:188} INFO - [2024-07-05T23:35:37.276+0000] {dag.py:3954} INFO - Setting next_dagrun for dataset_consumes_1_never_scheduled to None, run_after=None
[2024-07-05T23:35:37.277+0000] {logging_mixin.py:188} INFO - [2024-07-05T23:35:37.277+0000] {dag.py:3954} INFO - Setting next_dagrun for dataset_consumes_unknown_never_scheduled to None, run_after=None
[2024-07-05T23:35:37.277+0000] {logging_mixin.py:188} INFO - [2024-07-05T23:35:37.277+0000] {dag.py:3954} INFO - Setting next_dagrun for dataset_produces_1 to 2024-07-04 00:00:00+00:00, run_after=2024-07-05 00:00:00+00:00
[2024-07-05T23:35:37.278+0000] {logging_mixin.py:188} INFO - [2024-07-05T23:35:37.278+0000] {dag.py:3954} INFO - Setting next_dagrun for dataset_produces_2 to None, run_after=None
[2024-07-05T23:35:37.287+0000] {processor.py:183} INFO - Processing /home/airflow/.local/lib/python3.12/site-packages/airflow/example_dags/example_datasets.py took 0.045 seconds
