[2024-07-05T23:34:07.446+0000] {processor.py:161} INFO - Started process (PID=65) to work on /home/airflow/.local/lib/python3.12/site-packages/airflow/example_dags/example_skip_dag.py
[2024-07-05T23:34:07.447+0000] {processor.py:830} INFO - Processing file /home/airflow/.local/lib/python3.12/site-packages/airflow/example_dags/example_skip_dag.py for tasks to queue
[2024-07-05T23:34:07.449+0000] {logging_mixin.py:188} INFO - [2024-07-05T23:34:07.448+0000] {dagbag.py:545} INFO - Filling up the DagBag from /home/airflow/.local/lib/python3.12/site-packages/airflow/example_dags/example_skip_dag.py
[2024-07-05T23:34:07.456+0000] {processor.py:840} INFO - DAG(s) 'example_skip_dag' retrieved from /home/airflow/.local/lib/python3.12/site-packages/airflow/example_dags/example_skip_dag.py
[2024-07-05T23:34:07.473+0000] {logging_mixin.py:188} INFO - [2024-07-05T23:34:07.473+0000] {dag.py:3096} INFO - Sync 1 DAGs
[2024-07-05T23:34:07.491+0000] {logging_mixin.py:188} INFO - [2024-07-05T23:34:07.491+0000] {dag.py:3954} INFO - Setting next_dagrun for example_skip_dag to 2024-07-04 00:00:00+00:00, run_after=2024-07-05 00:00:00+00:00
[2024-07-05T23:34:07.507+0000] {processor.py:183} INFO - Processing /home/airflow/.local/lib/python3.12/site-packages/airflow/example_dags/example_skip_dag.py took 0.067 seconds
[2024-07-05T23:34:37.991+0000] {processor.py:161} INFO - Started process (PID=124) to work on /home/airflow/.local/lib/python3.12/site-packages/airflow/example_dags/example_skip_dag.py
[2024-07-05T23:34:37.992+0000] {processor.py:830} INFO - Processing file /home/airflow/.local/lib/python3.12/site-packages/airflow/example_dags/example_skip_dag.py for tasks to queue
[2024-07-05T23:34:37.993+0000] {logging_mixin.py:188} INFO - [2024-07-05T23:34:37.993+0000] {dagbag.py:545} INFO - Filling up the DagBag from /home/airflow/.local/lib/python3.12/site-packages/airflow/example_dags/example_skip_dag.py
[2024-07-05T23:34:37.997+0000] {processor.py:840} INFO - DAG(s) 'example_skip_dag' retrieved from /home/airflow/.local/lib/python3.12/site-packages/airflow/example_dags/example_skip_dag.py
[2024-07-05T23:34:38.049+0000] {logging_mixin.py:188} INFO - [2024-07-05T23:34:38.048+0000] {dag.py:3096} INFO - Sync 1 DAGs
[2024-07-05T23:34:38.055+0000] {logging_mixin.py:188} INFO - [2024-07-05T23:34:38.055+0000] {dag.py:3954} INFO - Setting next_dagrun for example_skip_dag to 2024-07-04 00:00:00+00:00, run_after=2024-07-05 00:00:00+00:00
[2024-07-05T23:34:38.061+0000] {processor.py:183} INFO - Processing /home/airflow/.local/lib/python3.12/site-packages/airflow/example_dags/example_skip_dag.py took 0.073 seconds
[2024-07-05T23:35:08.613+0000] {processor.py:161} INFO - Started process (PID=183) to work on /home/airflow/.local/lib/python3.12/site-packages/airflow/example_dags/example_skip_dag.py
[2024-07-05T23:35:08.613+0000] {processor.py:830} INFO - Processing file /home/airflow/.local/lib/python3.12/site-packages/airflow/example_dags/example_skip_dag.py for tasks to queue
[2024-07-05T23:35:08.614+0000] {logging_mixin.py:188} INFO - [2024-07-05T23:35:08.614+0000] {dagbag.py:545} INFO - Filling up the DagBag from /home/airflow/.local/lib/python3.12/site-packages/airflow/example_dags/example_skip_dag.py
[2024-07-05T23:35:08.616+0000] {processor.py:840} INFO - DAG(s) 'example_skip_dag' retrieved from /home/airflow/.local/lib/python3.12/site-packages/airflow/example_dags/example_skip_dag.py
[2024-07-05T23:35:08.624+0000] {logging_mixin.py:188} INFO - [2024-07-05T23:35:08.624+0000] {dag.py:3096} INFO - Sync 1 DAGs
[2024-07-05T23:35:08.632+0000] {logging_mixin.py:188} INFO - [2024-07-05T23:35:08.632+0000] {dag.py:3954} INFO - Setting next_dagrun for example_skip_dag to 2024-07-04 00:00:00+00:00, run_after=2024-07-05 00:00:00+00:00
[2024-07-05T23:35:08.637+0000] {processor.py:183} INFO - Processing /home/airflow/.local/lib/python3.12/site-packages/airflow/example_dags/example_skip_dag.py took 0.026 seconds
[2024-07-05T23:35:38.951+0000] {processor.py:161} INFO - Started process (PID=242) to work on /home/airflow/.local/lib/python3.12/site-packages/airflow/example_dags/example_skip_dag.py
[2024-07-05T23:35:38.951+0000] {processor.py:830} INFO - Processing file /home/airflow/.local/lib/python3.12/site-packages/airflow/example_dags/example_skip_dag.py for tasks to queue
[2024-07-05T23:35:38.952+0000] {logging_mixin.py:188} INFO - [2024-07-05T23:35:38.952+0000] {dagbag.py:545} INFO - Filling up the DagBag from /home/airflow/.local/lib/python3.12/site-packages/airflow/example_dags/example_skip_dag.py
[2024-07-05T23:35:38.954+0000] {processor.py:840} INFO - DAG(s) 'example_skip_dag' retrieved from /home/airflow/.local/lib/python3.12/site-packages/airflow/example_dags/example_skip_dag.py
[2024-07-05T23:35:38.962+0000] {logging_mixin.py:188} INFO - [2024-07-05T23:35:38.962+0000] {dag.py:3096} INFO - Sync 1 DAGs
[2024-07-05T23:35:38.970+0000] {logging_mixin.py:188} INFO - [2024-07-05T23:35:38.970+0000] {dag.py:3954} INFO - Setting next_dagrun for example_skip_dag to 2024-07-04 00:00:00+00:00, run_after=2024-07-05 00:00:00+00:00
[2024-07-05T23:35:38.978+0000] {processor.py:183} INFO - Processing /home/airflow/.local/lib/python3.12/site-packages/airflow/example_dags/example_skip_dag.py took 0.029 seconds
