[2024-07-05T23:34:07.351+0000] {processor.py:161} INFO - Started process (PID=63) to work on /home/airflow/.local/lib/python3.12/site-packages/airflow/example_dags/example_sla_dag.py
[2024-07-05T23:34:07.352+0000] {processor.py:830} INFO - Processing file /home/airflow/.local/lib/python3.12/site-packages/airflow/example_dags/example_sla_dag.py for tasks to queue
[2024-07-05T23:34:07.354+0000] {logging_mixin.py:188} INFO - [2024-07-05T23:34:07.353+0000] {dagbag.py:545} INFO - Filling up the DagBag from /home/airflow/.local/lib/python3.12/site-packages/airflow/example_dags/example_sla_dag.py
[2024-07-05T23:34:07.362+0000] {processor.py:840} INFO - DAG(s) 'example_sla_dag' retrieved from /home/airflow/.local/lib/python3.12/site-packages/airflow/example_dags/example_sla_dag.py
[2024-07-05T23:34:07.376+0000] {logging_mixin.py:188} INFO - [2024-07-05T23:34:07.376+0000] {dag.py:3096} INFO - Sync 1 DAGs
[2024-07-05T23:34:07.398+0000] {logging_mixin.py:188} INFO - [2024-07-05T23:34:07.398+0000] {dag.py:3954} INFO - Setting next_dagrun for example_sla_dag to 2024-07-05 23:32:00+00:00, run_after=2024-07-05 23:34:00+00:00
[2024-07-05T23:34:07.416+0000] {processor.py:183} INFO - Processing /home/airflow/.local/lib/python3.12/site-packages/airflow/example_dags/example_sla_dag.py took 0.070 seconds
[2024-07-05T23:34:37.872+0000] {processor.py:161} INFO - Started process (PID=122) to work on /home/airflow/.local/lib/python3.12/site-packages/airflow/example_dags/example_sla_dag.py
[2024-07-05T23:34:37.872+0000] {processor.py:830} INFO - Processing file /home/airflow/.local/lib/python3.12/site-packages/airflow/example_dags/example_sla_dag.py for tasks to queue
[2024-07-05T23:34:37.873+0000] {logging_mixin.py:188} INFO - [2024-07-05T23:34:37.873+0000] {dagbag.py:545} INFO - Filling up the DagBag from /home/airflow/.local/lib/python3.12/site-packages/airflow/example_dags/example_sla_dag.py
[2024-07-05T23:34:37.879+0000] {processor.py:840} INFO - DAG(s) 'example_sla_dag' retrieved from /home/airflow/.local/lib/python3.12/site-packages/airflow/example_dags/example_sla_dag.py
[2024-07-05T23:34:37.950+0000] {logging_mixin.py:188} INFO - [2024-07-05T23:34:37.950+0000] {dag.py:3096} INFO - Sync 1 DAGs
[2024-07-05T23:34:37.962+0000] {logging_mixin.py:188} INFO - [2024-07-05T23:34:37.962+0000] {dag.py:3954} INFO - Setting next_dagrun for example_sla_dag to 2024-07-05 23:32:00+00:00, run_after=2024-07-05 23:34:00+00:00
[2024-07-05T23:34:37.973+0000] {processor.py:183} INFO - Processing /home/airflow/.local/lib/python3.12/site-packages/airflow/example_dags/example_sla_dag.py took 0.104 seconds
[2024-07-05T23:35:08.577+0000] {processor.py:161} INFO - Started process (PID=181) to work on /home/airflow/.local/lib/python3.12/site-packages/airflow/example_dags/example_sla_dag.py
[2024-07-05T23:35:08.577+0000] {processor.py:830} INFO - Processing file /home/airflow/.local/lib/python3.12/site-packages/airflow/example_dags/example_sla_dag.py for tasks to queue
[2024-07-05T23:35:08.578+0000] {logging_mixin.py:188} INFO - [2024-07-05T23:35:08.577+0000] {dagbag.py:545} INFO - Filling up the DagBag from /home/airflow/.local/lib/python3.12/site-packages/airflow/example_dags/example_sla_dag.py
[2024-07-05T23:35:08.582+0000] {processor.py:840} INFO - DAG(s) 'example_sla_dag' retrieved from /home/airflow/.local/lib/python3.12/site-packages/airflow/example_dags/example_sla_dag.py
[2024-07-05T23:35:08.589+0000] {logging_mixin.py:188} INFO - [2024-07-05T23:35:08.589+0000] {dag.py:3096} INFO - Sync 1 DAGs
[2024-07-05T23:35:08.598+0000] {logging_mixin.py:188} INFO - [2024-07-05T23:35:08.598+0000] {dag.py:3954} INFO - Setting next_dagrun for example_sla_dag to 2024-07-05 23:32:00+00:00, run_after=2024-07-05 23:34:00+00:00
[2024-07-05T23:35:08.604+0000] {processor.py:183} INFO - Processing /home/airflow/.local/lib/python3.12/site-packages/airflow/example_dags/example_sla_dag.py took 0.029 seconds
[2024-07-05T23:35:38.917+0000] {processor.py:161} INFO - Started process (PID=240) to work on /home/airflow/.local/lib/python3.12/site-packages/airflow/example_dags/example_sla_dag.py
[2024-07-05T23:35:38.918+0000] {processor.py:830} INFO - Processing file /home/airflow/.local/lib/python3.12/site-packages/airflow/example_dags/example_sla_dag.py for tasks to queue
[2024-07-05T23:35:38.918+0000] {logging_mixin.py:188} INFO - [2024-07-05T23:35:38.918+0000] {dagbag.py:545} INFO - Filling up the DagBag from /home/airflow/.local/lib/python3.12/site-packages/airflow/example_dags/example_sla_dag.py
[2024-07-05T23:35:38.921+0000] {processor.py:840} INFO - DAG(s) 'example_sla_dag' retrieved from /home/airflow/.local/lib/python3.12/site-packages/airflow/example_dags/example_sla_dag.py
[2024-07-05T23:35:38.929+0000] {logging_mixin.py:188} INFO - [2024-07-05T23:35:38.929+0000] {dag.py:3096} INFO - Sync 1 DAGs
[2024-07-05T23:35:38.937+0000] {logging_mixin.py:188} INFO - [2024-07-05T23:35:38.937+0000] {dag.py:3954} INFO - Setting next_dagrun for example_sla_dag to 2024-07-05 23:32:00+00:00, run_after=2024-07-05 23:34:00+00:00
[2024-07-05T23:35:38.943+0000] {processor.py:183} INFO - Processing /home/airflow/.local/lib/python3.12/site-packages/airflow/example_dags/example_sla_dag.py took 0.027 seconds
