[2024-07-05T23:34:07.041+0000] {processor.py:161} INFO - Started process (PID=53) to work on /home/airflow/.local/lib/python3.12/site-packages/airflow/example_dags/example_display_name.py
[2024-07-05T23:34:07.042+0000] {processor.py:830} INFO - Processing file /home/airflow/.local/lib/python3.12/site-packages/airflow/example_dags/example_display_name.py for tasks to queue
[2024-07-05T23:34:07.042+0000] {logging_mixin.py:188} INFO - [2024-07-05T23:34:07.042+0000] {dagbag.py:545} INFO - Filling up the DagBag from /home/airflow/.local/lib/python3.12/site-packages/airflow/example_dags/example_display_name.py
[2024-07-05T23:34:07.050+0000] {processor.py:840} INFO - DAG(s) 'example_display_name' retrieved from /home/airflow/.local/lib/python3.12/site-packages/airflow/example_dags/example_display_name.py
[2024-07-05T23:34:07.058+0000] {logging_mixin.py:188} INFO - [2024-07-05T23:34:07.057+0000] {dag.py:3096} INFO - Sync 1 DAGs
[2024-07-05T23:34:07.066+0000] {logging_mixin.py:188} INFO - [2024-07-05T23:34:07.066+0000] {dag.py:3954} INFO - Setting next_dagrun for example_display_name to None, run_after=None
[2024-07-05T23:34:07.076+0000] {processor.py:183} INFO - Processing /home/airflow/.local/lib/python3.12/site-packages/airflow/example_dags/example_display_name.py took 0.037 seconds
[2024-07-05T23:34:37.420+0000] {processor.py:161} INFO - Started process (PID=112) to work on /home/airflow/.local/lib/python3.12/site-packages/airflow/example_dags/example_display_name.py
[2024-07-05T23:34:37.420+0000] {processor.py:830} INFO - Processing file /home/airflow/.local/lib/python3.12/site-packages/airflow/example_dags/example_display_name.py for tasks to queue
[2024-07-05T23:34:37.421+0000] {logging_mixin.py:188} INFO - [2024-07-05T23:34:37.421+0000] {dagbag.py:545} INFO - Filling up the DagBag from /home/airflow/.local/lib/python3.12/site-packages/airflow/example_dags/example_display_name.py
[2024-07-05T23:34:37.424+0000] {processor.py:840} INFO - DAG(s) 'example_display_name' retrieved from /home/airflow/.local/lib/python3.12/site-packages/airflow/example_dags/example_display_name.py
[2024-07-05T23:34:37.457+0000] {logging_mixin.py:188} INFO - [2024-07-05T23:34:37.456+0000] {dag.py:3096} INFO - Sync 1 DAGs
[2024-07-05T23:34:37.460+0000] {logging_mixin.py:188} INFO - [2024-07-05T23:34:37.460+0000] {dag.py:3954} INFO - Setting next_dagrun for example_display_name to None, run_after=None
[2024-07-05T23:34:37.466+0000] {processor.py:183} INFO - Processing /home/airflow/.local/lib/python3.12/site-packages/airflow/example_dags/example_display_name.py took 0.048 seconds
[2024-07-05T23:35:08.108+0000] {processor.py:161} INFO - Started process (PID=171) to work on /home/airflow/.local/lib/python3.12/site-packages/airflow/example_dags/example_display_name.py
[2024-07-05T23:35:08.110+0000] {processor.py:830} INFO - Processing file /home/airflow/.local/lib/python3.12/site-packages/airflow/example_dags/example_display_name.py for tasks to queue
[2024-07-05T23:35:08.111+0000] {logging_mixin.py:188} INFO - [2024-07-05T23:35:08.111+0000] {dagbag.py:545} INFO - Filling up the DagBag from /home/airflow/.local/lib/python3.12/site-packages/airflow/example_dags/example_display_name.py
[2024-07-05T23:35:08.116+0000] {processor.py:840} INFO - DAG(s) 'example_display_name' retrieved from /home/airflow/.local/lib/python3.12/site-packages/airflow/example_dags/example_display_name.py
[2024-07-05T23:35:08.146+0000] {logging_mixin.py:188} INFO - [2024-07-05T23:35:08.145+0000] {dag.py:3096} INFO - Sync 1 DAGs
[2024-07-05T23:35:08.160+0000] {logging_mixin.py:188} INFO - [2024-07-05T23:35:08.159+0000] {dag.py:3954} INFO - Setting next_dagrun for example_display_name to None, run_after=None
[2024-07-05T23:35:08.184+0000] {processor.py:183} INFO - Processing /home/airflow/.local/lib/python3.12/site-packages/airflow/example_dags/example_display_name.py took 0.080 seconds
[2024-07-05T23:35:38.725+0000] {processor.py:161} INFO - Started process (PID=230) to work on /home/airflow/.local/lib/python3.12/site-packages/airflow/example_dags/example_display_name.py
[2024-07-05T23:35:38.725+0000] {processor.py:830} INFO - Processing file /home/airflow/.local/lib/python3.12/site-packages/airflow/example_dags/example_display_name.py for tasks to queue
[2024-07-05T23:35:38.725+0000] {logging_mixin.py:188} INFO - [2024-07-05T23:35:38.725+0000] {dagbag.py:545} INFO - Filling up the DagBag from /home/airflow/.local/lib/python3.12/site-packages/airflow/example_dags/example_display_name.py
[2024-07-05T23:35:38.728+0000] {processor.py:840} INFO - DAG(s) 'example_display_name' retrieved from /home/airflow/.local/lib/python3.12/site-packages/airflow/example_dags/example_display_name.py
[2024-07-05T23:35:38.736+0000] {logging_mixin.py:188} INFO - [2024-07-05T23:35:38.736+0000] {dag.py:3096} INFO - Sync 1 DAGs
[2024-07-05T23:35:38.740+0000] {logging_mixin.py:188} INFO - [2024-07-05T23:35:38.740+0000] {dag.py:3954} INFO - Setting next_dagrun for example_display_name to None, run_after=None
[2024-07-05T23:35:38.747+0000] {processor.py:183} INFO - Processing /home/airflow/.local/lib/python3.12/site-packages/airflow/example_dags/example_display_name.py took 0.024 seconds
