[2024-07-05T23:34:07.253+0000] {processor.py:161} INFO - Started process (PID=60) to work on /home/airflow/.local/lib/python3.12/site-packages/airflow/example_dags/example_branch_operator_decorator.py
[2024-07-05T23:34:07.253+0000] {processor.py:830} INFO - Processing file /home/airflow/.local/lib/python3.12/site-packages/airflow/example_dags/example_branch_operator_decorator.py for tasks to queue
[2024-07-05T23:34:07.254+0000] {logging_mixin.py:188} INFO - [2024-07-05T23:34:07.254+0000] {dagbag.py:545} INFO - Filling up the DagBag from /home/airflow/.local/lib/python3.12/site-packages/airflow/example_dags/example_branch_operator_decorator.py
[2024-07-05T23:34:07.266+0000] {processor.py:840} INFO - DAG(s) 'example_branch_python_operator_decorator' retrieved from /home/airflow/.local/lib/python3.12/site-packages/airflow/example_dags/example_branch_operator_decorator.py
[2024-07-05T23:34:07.272+0000] {logging_mixin.py:188} INFO - [2024-07-05T23:34:07.272+0000] {dag.py:3096} INFO - Sync 1 DAGs
[2024-07-05T23:34:07.285+0000] {logging_mixin.py:188} INFO - [2024-07-05T23:34:07.285+0000] {dag.py:3954} INFO - Setting next_dagrun for example_branch_python_operator_decorator to 2024-07-04 00:00:00+00:00, run_after=2024-07-05 00:00:00+00:00
[2024-07-05T23:34:07.298+0000] {processor.py:183} INFO - Processing /home/airflow/.local/lib/python3.12/site-packages/airflow/example_dags/example_branch_operator_decorator.py took 0.048 seconds
[2024-07-05T23:34:37.705+0000] {processor.py:161} INFO - Started process (PID=119) to work on /home/airflow/.local/lib/python3.12/site-packages/airflow/example_dags/example_branch_operator_decorator.py
[2024-07-05T23:34:37.705+0000] {processor.py:830} INFO - Processing file /home/airflow/.local/lib/python3.12/site-packages/airflow/example_dags/example_branch_operator_decorator.py for tasks to queue
[2024-07-05T23:34:37.705+0000] {logging_mixin.py:188} INFO - [2024-07-05T23:34:37.705+0000] {dagbag.py:545} INFO - Filling up the DagBag from /home/airflow/.local/lib/python3.12/site-packages/airflow/example_dags/example_branch_operator_decorator.py
[2024-07-05T23:34:37.712+0000] {processor.py:840} INFO - DAG(s) 'example_branch_python_operator_decorator' retrieved from /home/airflow/.local/lib/python3.12/site-packages/airflow/example_dags/example_branch_operator_decorator.py
[2024-07-05T23:34:37.748+0000] {logging_mixin.py:188} INFO - [2024-07-05T23:34:37.747+0000] {dag.py:3096} INFO - Sync 1 DAGs
[2024-07-05T23:34:37.755+0000] {logging_mixin.py:188} INFO - [2024-07-05T23:34:37.754+0000] {dag.py:3954} INFO - Setting next_dagrun for example_branch_python_operator_decorator to 2024-07-04 00:00:00+00:00, run_after=2024-07-05 00:00:00+00:00
[2024-07-05T23:34:37.763+0000] {processor.py:183} INFO - Processing /home/airflow/.local/lib/python3.12/site-packages/airflow/example_dags/example_branch_operator_decorator.py took 0.061 seconds
[2024-07-05T23:35:08.467+0000] {processor.py:161} INFO - Started process (PID=178) to work on /home/airflow/.local/lib/python3.12/site-packages/airflow/example_dags/example_branch_operator_decorator.py
[2024-07-05T23:35:08.469+0000] {processor.py:830} INFO - Processing file /home/airflow/.local/lib/python3.12/site-packages/airflow/example_dags/example_branch_operator_decorator.py for tasks to queue
[2024-07-05T23:35:08.470+0000] {logging_mixin.py:188} INFO - [2024-07-05T23:35:08.470+0000] {dagbag.py:545} INFO - Filling up the DagBag from /home/airflow/.local/lib/python3.12/site-packages/airflow/example_dags/example_branch_operator_decorator.py
[2024-07-05T23:35:08.490+0000] {processor.py:840} INFO - DAG(s) 'example_branch_python_operator_decorator' retrieved from /home/airflow/.local/lib/python3.12/site-packages/airflow/example_dags/example_branch_operator_decorator.py
[2024-07-05T23:35:08.516+0000] {logging_mixin.py:188} INFO - [2024-07-05T23:35:08.516+0000] {dag.py:3096} INFO - Sync 1 DAGs
[2024-07-05T23:35:08.525+0000] {logging_mixin.py:188} INFO - [2024-07-05T23:35:08.525+0000] {dag.py:3954} INFO - Setting next_dagrun for example_branch_python_operator_decorator to 2024-07-04 00:00:00+00:00, run_after=2024-07-05 00:00:00+00:00
[2024-07-05T23:35:08.531+0000] {processor.py:183} INFO - Processing /home/airflow/.local/lib/python3.12/site-packages/airflow/example_dags/example_branch_operator_decorator.py took 0.079 seconds
[2024-07-05T23:35:38.857+0000] {processor.py:161} INFO - Started process (PID=237) to work on /home/airflow/.local/lib/python3.12/site-packages/airflow/example_dags/example_branch_operator_decorator.py
[2024-07-05T23:35:38.857+0000] {processor.py:830} INFO - Processing file /home/airflow/.local/lib/python3.12/site-packages/airflow/example_dags/example_branch_operator_decorator.py for tasks to queue
[2024-07-05T23:35:38.857+0000] {logging_mixin.py:188} INFO - [2024-07-05T23:35:38.857+0000] {dagbag.py:545} INFO - Filling up the DagBag from /home/airflow/.local/lib/python3.12/site-packages/airflow/example_dags/example_branch_operator_decorator.py
[2024-07-05T23:35:38.864+0000] {processor.py:840} INFO - DAG(s) 'example_branch_python_operator_decorator' retrieved from /home/airflow/.local/lib/python3.12/site-packages/airflow/example_dags/example_branch_operator_decorator.py
[2024-07-05T23:35:38.874+0000] {logging_mixin.py:188} INFO - [2024-07-05T23:35:38.874+0000] {dag.py:3096} INFO - Sync 1 DAGs
[2024-07-05T23:35:38.882+0000] {logging_mixin.py:188} INFO - [2024-07-05T23:35:38.882+0000] {dag.py:3954} INFO - Setting next_dagrun for example_branch_python_operator_decorator to 2024-07-04 00:00:00+00:00, run_after=2024-07-05 00:00:00+00:00
[2024-07-05T23:35:38.887+0000] {processor.py:183} INFO - Processing /home/airflow/.local/lib/python3.12/site-packages/airflow/example_dags/example_branch_operator_decorator.py took 0.032 seconds
