[2024-07-05T23:34:07.709+0000] {processor.py:161} INFO - Started process (PID=70) to work on /home/airflow/.local/lib/python3.12/site-packages/airflow/example_dags/example_subdag_operator.py
[2024-07-05T23:34:07.710+0000] {processor.py:830} INFO - Processing file /home/airflow/.local/lib/python3.12/site-packages/airflow/example_dags/example_subdag_operator.py for tasks to queue
[2024-07-05T23:34:07.710+0000] {logging_mixin.py:188} INFO - [2024-07-05T23:34:07.710+0000] {dagbag.py:545} INFO - Filling up the DagBag from /home/airflow/.local/lib/python3.12/site-packages/airflow/example_dags/example_subdag_operator.py
[2024-07-05T23:34:07.729+0000] {processor.py:840} INFO - DAG(s) 'example_subdag_operator.section-1', 'example_subdag_operator.section-2', 'example_subdag_operator' retrieved from /home/airflow/.local/lib/python3.12/site-packages/airflow/example_dags/example_subdag_operator.py
[2024-07-05T23:34:07.735+0000] {logging_mixin.py:188} INFO - [2024-07-05T23:34:07.735+0000] {dag.py:3096} INFO - Sync 3 DAGs
[2024-07-05T23:34:07.753+0000] {logging_mixin.py:188} INFO - [2024-07-05T23:34:07.752+0000] {dag.py:3954} INFO - Setting next_dagrun for example_subdag_operator to 2022-01-01 00:00:00+00:00, run_after=2022-01-01 00:00:00+00:00
[2024-07-05T23:34:07.755+0000] {logging_mixin.py:188} INFO - [2024-07-05T23:34:07.755+0000] {dag.py:3954} INFO - Setting next_dagrun for example_subdag_operator.section-1 to None, run_after=None
[2024-07-05T23:34:07.755+0000] {logging_mixin.py:188} INFO - [2024-07-05T23:34:07.755+0000] {dag.py:3954} INFO - Setting next_dagrun for example_subdag_operator.section-2 to None, run_after=None
[2024-07-05T23:34:07.759+0000] {logging_mixin.py:188} INFO - [2024-07-05T23:34:07.759+0000] {dag.py:3096} INFO - Sync 2 DAGs
[2024-07-05T23:34:07.762+0000] {logging_mixin.py:188} INFO - [2024-07-05T23:34:07.762+0000] {dag.py:3954} INFO - Setting next_dagrun for example_subdag_operator.section-1 to None, run_after=None
[2024-07-05T23:34:07.763+0000] {logging_mixin.py:188} INFO - [2024-07-05T23:34:07.763+0000] {dag.py:3954} INFO - Setting next_dagrun for example_subdag_operator.section-2 to None, run_after=None
[2024-07-05T23:34:07.769+0000] {processor.py:183} INFO - Processing /home/airflow/.local/lib/python3.12/site-packages/airflow/example_dags/example_subdag_operator.py took 0.062 seconds
[2024-07-05T23:34:38.243+0000] {processor.py:161} INFO - Started process (PID=129) to work on /home/airflow/.local/lib/python3.12/site-packages/airflow/example_dags/example_subdag_operator.py
[2024-07-05T23:34:38.244+0000] {processor.py:830} INFO - Processing file /home/airflow/.local/lib/python3.12/site-packages/airflow/example_dags/example_subdag_operator.py for tasks to queue
[2024-07-05T23:34:38.245+0000] {logging_mixin.py:188} INFO - [2024-07-05T23:34:38.245+0000] {dagbag.py:545} INFO - Filling up the DagBag from /home/airflow/.local/lib/python3.12/site-packages/airflow/example_dags/example_subdag_operator.py
[2024-07-05T23:34:38.256+0000] {processor.py:840} INFO - DAG(s) 'example_subdag_operator.section-1', 'example_subdag_operator.section-2', 'example_subdag_operator' retrieved from /home/airflow/.local/lib/python3.12/site-packages/airflow/example_dags/example_subdag_operator.py
[2024-07-05T23:34:38.307+0000] {logging_mixin.py:188} INFO - [2024-07-05T23:34:38.307+0000] {dag.py:3096} INFO - Sync 3 DAGs
[2024-07-05T23:34:38.317+0000] {logging_mixin.py:188} INFO - [2024-07-05T23:34:38.317+0000] {dag.py:3954} INFO - Setting next_dagrun for example_subdag_operator to 2022-01-01 00:00:00+00:00, run_after=2022-01-01 00:00:00+00:00
[2024-07-05T23:34:38.319+0000] {logging_mixin.py:188} INFO - [2024-07-05T23:34:38.318+0000] {dag.py:3954} INFO - Setting next_dagrun for example_subdag_operator.section-1 to None, run_after=None
[2024-07-05T23:34:38.319+0000] {logging_mixin.py:188} INFO - [2024-07-05T23:34:38.319+0000] {dag.py:3954} INFO - Setting next_dagrun for example_subdag_operator.section-2 to None, run_after=None
[2024-07-05T23:34:38.324+0000] {logging_mixin.py:188} INFO - [2024-07-05T23:34:38.324+0000] {dag.py:3096} INFO - Sync 2 DAGs
[2024-07-05T23:34:38.327+0000] {logging_mixin.py:188} INFO - [2024-07-05T23:34:38.327+0000] {dag.py:3954} INFO - Setting next_dagrun for example_subdag_operator.section-1 to None, run_after=None
[2024-07-05T23:34:38.327+0000] {logging_mixin.py:188} INFO - [2024-07-05T23:34:38.327+0000] {dag.py:3954} INFO - Setting next_dagrun for example_subdag_operator.section-2 to None, run_after=None
[2024-07-05T23:34:38.332+0000] {processor.py:183} INFO - Processing /home/airflow/.local/lib/python3.12/site-packages/airflow/example_dags/example_subdag_operator.py took 0.092 seconds
[2024-07-05T23:35:08.784+0000] {processor.py:161} INFO - Started process (PID=188) to work on /home/airflow/.local/lib/python3.12/site-packages/airflow/example_dags/example_subdag_operator.py
[2024-07-05T23:35:08.784+0000] {processor.py:830} INFO - Processing file /home/airflow/.local/lib/python3.12/site-packages/airflow/example_dags/example_subdag_operator.py for tasks to queue
[2024-07-05T23:35:08.785+0000] {logging_mixin.py:188} INFO - [2024-07-05T23:35:08.785+0000] {dagbag.py:545} INFO - Filling up the DagBag from /home/airflow/.local/lib/python3.12/site-packages/airflow/example_dags/example_subdag_operator.py
[2024-07-05T23:35:08.793+0000] {processor.py:840} INFO - DAG(s) 'example_subdag_operator.section-1', 'example_subdag_operator.section-2', 'example_subdag_operator' retrieved from /home/airflow/.local/lib/python3.12/site-packages/airflow/example_dags/example_subdag_operator.py
[2024-07-05T23:35:08.799+0000] {logging_mixin.py:188} INFO - [2024-07-05T23:35:08.799+0000] {dag.py:3096} INFO - Sync 3 DAGs
[2024-07-05T23:35:08.806+0000] {logging_mixin.py:188} INFO - [2024-07-05T23:35:08.806+0000] {dag.py:3954} INFO - Setting next_dagrun for example_subdag_operator to 2022-01-01 00:00:00+00:00, run_after=2022-01-01 00:00:00+00:00
[2024-07-05T23:35:08.807+0000] {logging_mixin.py:188} INFO - [2024-07-05T23:35:08.807+0000] {dag.py:3954} INFO - Setting next_dagrun for example_subdag_operator.section-1 to None, run_after=None
[2024-07-05T23:35:08.808+0000] {logging_mixin.py:188} INFO - [2024-07-05T23:35:08.808+0000] {dag.py:3954} INFO - Setting next_dagrun for example_subdag_operator.section-2 to None, run_after=None
[2024-07-05T23:35:08.810+0000] {logging_mixin.py:188} INFO - [2024-07-05T23:35:08.810+0000] {dag.py:3096} INFO - Sync 2 DAGs
[2024-07-05T23:35:08.812+0000] {logging_mixin.py:188} INFO - [2024-07-05T23:35:08.812+0000] {dag.py:3954} INFO - Setting next_dagrun for example_subdag_operator.section-1 to None, run_after=None
[2024-07-05T23:35:08.812+0000] {logging_mixin.py:188} INFO - [2024-07-05T23:35:08.812+0000] {dag.py:3954} INFO - Setting next_dagrun for example_subdag_operator.section-2 to None, run_after=None
[2024-07-05T23:35:08.815+0000] {processor.py:183} INFO - Processing /home/airflow/.local/lib/python3.12/site-packages/airflow/example_dags/example_subdag_operator.py took 0.033 seconds
[2024-07-05T23:35:39.059+0000] {processor.py:161} INFO - Started process (PID=247) to work on /home/airflow/.local/lib/python3.12/site-packages/airflow/example_dags/example_subdag_operator.py
[2024-07-05T23:35:39.060+0000] {processor.py:830} INFO - Processing file /home/airflow/.local/lib/python3.12/site-packages/airflow/example_dags/example_subdag_operator.py for tasks to queue
[2024-07-05T23:35:39.060+0000] {logging_mixin.py:188} INFO - [2024-07-05T23:35:39.060+0000] {dagbag.py:545} INFO - Filling up the DagBag from /home/airflow/.local/lib/python3.12/site-packages/airflow/example_dags/example_subdag_operator.py
[2024-07-05T23:35:39.069+0000] {processor.py:840} INFO - DAG(s) 'example_subdag_operator.section-1', 'example_subdag_operator.section-2', 'example_subdag_operator' retrieved from /home/airflow/.local/lib/python3.12/site-packages/airflow/example_dags/example_subdag_operator.py
[2024-07-05T23:35:39.077+0000] {logging_mixin.py:188} INFO - [2024-07-05T23:35:39.077+0000] {dag.py:3096} INFO - Sync 3 DAGs
[2024-07-05T23:35:39.085+0000] {logging_mixin.py:188} INFO - [2024-07-05T23:35:39.085+0000] {dag.py:3954} INFO - Setting next_dagrun for example_subdag_operator to 2022-01-01 00:00:00+00:00, run_after=2022-01-01 00:00:00+00:00
[2024-07-05T23:35:39.086+0000] {logging_mixin.py:188} INFO - [2024-07-05T23:35:39.086+0000] {dag.py:3954} INFO - Setting next_dagrun for example_subdag_operator.section-1 to None, run_after=None
[2024-07-05T23:35:39.087+0000] {logging_mixin.py:188} INFO - [2024-07-05T23:35:39.087+0000] {dag.py:3954} INFO - Setting next_dagrun for example_subdag_operator.section-2 to None, run_after=None
[2024-07-05T23:35:39.089+0000] {logging_mixin.py:188} INFO - [2024-07-05T23:35:39.089+0000] {dag.py:3096} INFO - Sync 2 DAGs
[2024-07-05T23:35:39.091+0000] {logging_mixin.py:188} INFO - [2024-07-05T23:35:39.091+0000] {dag.py:3954} INFO - Setting next_dagrun for example_subdag_operator.section-1 to None, run_after=None
[2024-07-05T23:35:39.091+0000] {logging_mixin.py:188} INFO - [2024-07-05T23:35:39.091+0000] {dag.py:3954} INFO - Setting next_dagrun for example_subdag_operator.section-2 to None, run_after=None
[2024-07-05T23:35:39.094+0000] {processor.py:183} INFO - Processing /home/airflow/.local/lib/python3.12/site-packages/airflow/example_dags/example_subdag_operator.py took 0.037 seconds
