[2024-07-05T23:34:07.327+0000] {processor.py:161} INFO - Started process (PID=62) to work on /home/airflow/.local/lib/python3.12/site-packages/airflow/example_dags/example_latest_only_with_trigger.py
[2024-07-05T23:34:07.333+0000] {processor.py:830} INFO - Processing file /home/airflow/.local/lib/python3.12/site-packages/airflow/example_dags/example_latest_only_with_trigger.py for tasks to queue
[2024-07-05T23:34:07.335+0000] {logging_mixin.py:188} INFO - [2024-07-05T23:34:07.334+0000] {dagbag.py:545} INFO - Filling up the DagBag from /home/airflow/.local/lib/python3.12/site-packages/airflow/example_dags/example_latest_only_with_trigger.py
[2024-07-05T23:34:07.347+0000] {processor.py:840} INFO - DAG(s) 'latest_only_with_trigger' retrieved from /home/airflow/.local/lib/python3.12/site-packages/airflow/example_dags/example_latest_only_with_trigger.py
[2024-07-05T23:34:07.363+0000] {logging_mixin.py:188} INFO - [2024-07-05T23:34:07.363+0000] {dag.py:3096} INFO - Sync 1 DAGs
[2024-07-05T23:34:07.380+0000] {logging_mixin.py:188} INFO - [2024-07-05T23:34:07.380+0000] {dag.py:3954} INFO - Setting next_dagrun for latest_only_with_trigger to 2024-07-05 16:00:00+00:00, run_after=2024-07-05 20:00:00+00:00
[2024-07-05T23:34:07.402+0000] {processor.py:183} INFO - Processing /home/airflow/.local/lib/python3.12/site-packages/airflow/example_dags/example_latest_only_with_trigger.py took 0.079 seconds
[2024-07-05T23:34:37.776+0000] {processor.py:161} INFO - Started process (PID=121) to work on /home/airflow/.local/lib/python3.12/site-packages/airflow/example_dags/example_latest_only_with_trigger.py
[2024-07-05T23:34:37.777+0000] {processor.py:830} INFO - Processing file /home/airflow/.local/lib/python3.12/site-packages/airflow/example_dags/example_latest_only_with_trigger.py for tasks to queue
[2024-07-05T23:34:37.777+0000] {logging_mixin.py:188} INFO - [2024-07-05T23:34:37.777+0000] {dagbag.py:545} INFO - Filling up the DagBag from /home/airflow/.local/lib/python3.12/site-packages/airflow/example_dags/example_latest_only_with_trigger.py
[2024-07-05T23:34:37.780+0000] {processor.py:840} INFO - DAG(s) 'latest_only_with_trigger' retrieved from /home/airflow/.local/lib/python3.12/site-packages/airflow/example_dags/example_latest_only_with_trigger.py
[2024-07-05T23:34:37.841+0000] {logging_mixin.py:188} INFO - [2024-07-05T23:34:37.841+0000] {dag.py:3096} INFO - Sync 1 DAGs
[2024-07-05T23:34:37.851+0000] {logging_mixin.py:188} INFO - [2024-07-05T23:34:37.851+0000] {dag.py:3954} INFO - Setting next_dagrun for latest_only_with_trigger to 2024-07-05 16:00:00+00:00, run_after=2024-07-05 20:00:00+00:00
[2024-07-05T23:34:37.863+0000] {processor.py:183} INFO - Processing /home/airflow/.local/lib/python3.12/site-packages/airflow/example_dags/example_latest_only_with_trigger.py took 0.089 seconds
[2024-07-05T23:35:08.540+0000] {processor.py:161} INFO - Started process (PID=180) to work on /home/airflow/.local/lib/python3.12/site-packages/airflow/example_dags/example_latest_only_with_trigger.py
[2024-07-05T23:35:08.541+0000] {processor.py:830} INFO - Processing file /home/airflow/.local/lib/python3.12/site-packages/airflow/example_dags/example_latest_only_with_trigger.py for tasks to queue
[2024-07-05T23:35:08.541+0000] {logging_mixin.py:188} INFO - [2024-07-05T23:35:08.541+0000] {dagbag.py:545} INFO - Filling up the DagBag from /home/airflow/.local/lib/python3.12/site-packages/airflow/example_dags/example_latest_only_with_trigger.py
[2024-07-05T23:35:08.544+0000] {processor.py:840} INFO - DAG(s) 'latest_only_with_trigger' retrieved from /home/airflow/.local/lib/python3.12/site-packages/airflow/example_dags/example_latest_only_with_trigger.py
[2024-07-05T23:35:08.553+0000] {logging_mixin.py:188} INFO - [2024-07-05T23:35:08.553+0000] {dag.py:3096} INFO - Sync 1 DAGs
[2024-07-05T23:35:08.560+0000] {logging_mixin.py:188} INFO - [2024-07-05T23:35:08.560+0000] {dag.py:3954} INFO - Setting next_dagrun for latest_only_with_trigger to 2024-07-05 16:00:00+00:00, run_after=2024-07-05 20:00:00+00:00
[2024-07-05T23:35:08.567+0000] {processor.py:183} INFO - Processing /home/airflow/.local/lib/python3.12/site-packages/airflow/example_dags/example_latest_only_with_trigger.py took 0.029 seconds
[2024-07-05T23:35:38.896+0000] {processor.py:161} INFO - Started process (PID=239) to work on /home/airflow/.local/lib/python3.12/site-packages/airflow/example_dags/example_latest_only_with_trigger.py
[2024-07-05T23:35:38.896+0000] {processor.py:830} INFO - Processing file /home/airflow/.local/lib/python3.12/site-packages/airflow/example_dags/example_latest_only_with_trigger.py for tasks to queue
[2024-07-05T23:35:38.897+0000] {logging_mixin.py:188} INFO - [2024-07-05T23:35:38.896+0000] {dagbag.py:545} INFO - Filling up the DagBag from /home/airflow/.local/lib/python3.12/site-packages/airflow/example_dags/example_latest_only_with_trigger.py
[2024-07-05T23:35:38.899+0000] {processor.py:840} INFO - DAG(s) 'latest_only_with_trigger' retrieved from /home/airflow/.local/lib/python3.12/site-packages/airflow/example_dags/example_latest_only_with_trigger.py
[2024-07-05T23:35:38.906+0000] {logging_mixin.py:188} INFO - [2024-07-05T23:35:38.906+0000] {dag.py:3096} INFO - Sync 1 DAGs
[2024-07-05T23:35:38.914+0000] {logging_mixin.py:188} INFO - [2024-07-05T23:35:38.914+0000] {dag.py:3954} INFO - Setting next_dagrun for latest_only_with_trigger to 2024-07-05 16:00:00+00:00, run_after=2024-07-05 20:00:00+00:00
[2024-07-05T23:35:38.920+0000] {processor.py:183} INFO - Processing /home/airflow/.local/lib/python3.12/site-packages/airflow/example_dags/example_latest_only_with_trigger.py took 0.026 seconds
