[2024-07-05T23:34:06.556+0000] {processor.py:161} INFO - Started process (PID=36) to work on /home/airflow/.local/lib/python3.12/site-packages/airflow/example_dags/example_task_group.py
[2024-07-05T23:34:06.556+0000] {processor.py:830} INFO - Processing file /home/airflow/.local/lib/python3.12/site-packages/airflow/example_dags/example_task_group.py for tasks to queue
[2024-07-05T23:34:06.556+0000] {logging_mixin.py:188} INFO - [2024-07-05T23:34:06.556+0000] {dagbag.py:545} INFO - Filling up the DagBag from /home/airflow/.local/lib/python3.12/site-packages/airflow/example_dags/example_task_group.py
[2024-07-05T23:34:06.561+0000] {processor.py:840} INFO - DAG(s) 'example_task_group' retrieved from /home/airflow/.local/lib/python3.12/site-packages/airflow/example_dags/example_task_group.py
[2024-07-05T23:34:06.567+0000] {logging_mixin.py:188} INFO - [2024-07-05T23:34:06.567+0000] {dag.py:3096} INFO - Sync 1 DAGs
[2024-07-05T23:34:06.577+0000] {logging_mixin.py:188} INFO - [2024-07-05T23:34:06.577+0000] {dag.py:3954} INFO - Setting next_dagrun for example_task_group to 2024-07-04 00:00:00+00:00, run_after=2024-07-05 00:00:00+00:00
[2024-07-05T23:34:06.585+0000] {processor.py:183} INFO - Processing /home/airflow/.local/lib/python3.12/site-packages/airflow/example_dags/example_task_group.py took 0.032 seconds
[2024-07-05T23:34:36.857+0000] {processor.py:161} INFO - Started process (PID=95) to work on /home/airflow/.local/lib/python3.12/site-packages/airflow/example_dags/example_task_group.py
[2024-07-05T23:34:36.858+0000] {processor.py:830} INFO - Processing file /home/airflow/.local/lib/python3.12/site-packages/airflow/example_dags/example_task_group.py for tasks to queue
[2024-07-05T23:34:36.858+0000] {logging_mixin.py:188} INFO - [2024-07-05T23:34:36.858+0000] {dagbag.py:545} INFO - Filling up the DagBag from /home/airflow/.local/lib/python3.12/site-packages/airflow/example_dags/example_task_group.py
[2024-07-05T23:34:36.862+0000] {processor.py:840} INFO - DAG(s) 'example_task_group' retrieved from /home/airflow/.local/lib/python3.12/site-packages/airflow/example_dags/example_task_group.py
[2024-07-05T23:34:36.900+0000] {logging_mixin.py:188} INFO - [2024-07-05T23:34:36.900+0000] {dag.py:3096} INFO - Sync 1 DAGs
[2024-07-05T23:34:36.907+0000] {logging_mixin.py:188} INFO - [2024-07-05T23:34:36.907+0000] {dag.py:3954} INFO - Setting next_dagrun for example_task_group to 2024-07-04 00:00:00+00:00, run_after=2024-07-05 00:00:00+00:00
[2024-07-05T23:34:36.913+0000] {processor.py:183} INFO - Processing /home/airflow/.local/lib/python3.12/site-packages/airflow/example_dags/example_task_group.py took 0.058 seconds
[2024-07-05T23:35:07.223+0000] {processor.py:161} INFO - Started process (PID=154) to work on /home/airflow/.local/lib/python3.12/site-packages/airflow/example_dags/example_task_group.py
[2024-07-05T23:35:07.224+0000] {processor.py:830} INFO - Processing file /home/airflow/.local/lib/python3.12/site-packages/airflow/example_dags/example_task_group.py for tasks to queue
[2024-07-05T23:35:07.227+0000] {logging_mixin.py:188} INFO - [2024-07-05T23:35:07.227+0000] {dagbag.py:545} INFO - Filling up the DagBag from /home/airflow/.local/lib/python3.12/site-packages/airflow/example_dags/example_task_group.py
[2024-07-05T23:35:07.231+0000] {processor.py:840} INFO - DAG(s) 'example_task_group' retrieved from /home/airflow/.local/lib/python3.12/site-packages/airflow/example_dags/example_task_group.py
[2024-07-05T23:35:07.244+0000] {logging_mixin.py:188} INFO - [2024-07-05T23:35:07.244+0000] {dag.py:3096} INFO - Sync 1 DAGs
[2024-07-05T23:35:07.258+0000] {logging_mixin.py:188} INFO - [2024-07-05T23:35:07.258+0000] {dag.py:3954} INFO - Setting next_dagrun for example_task_group to 2024-07-04 00:00:00+00:00, run_after=2024-07-05 00:00:00+00:00
[2024-07-05T23:35:07.279+0000] {processor.py:183} INFO - Processing /home/airflow/.local/lib/python3.12/site-packages/airflow/example_dags/example_task_group.py took 0.059 seconds
[2024-07-05T23:35:37.334+0000] {processor.py:161} INFO - Started process (PID=213) to work on /home/airflow/.local/lib/python3.12/site-packages/airflow/example_dags/example_task_group.py
[2024-07-05T23:35:37.335+0000] {processor.py:830} INFO - Processing file /home/airflow/.local/lib/python3.12/site-packages/airflow/example_dags/example_task_group.py for tasks to queue
[2024-07-05T23:35:37.335+0000] {logging_mixin.py:188} INFO - [2024-07-05T23:35:37.335+0000] {dagbag.py:545} INFO - Filling up the DagBag from /home/airflow/.local/lib/python3.12/site-packages/airflow/example_dags/example_task_group.py
[2024-07-05T23:35:37.338+0000] {processor.py:840} INFO - DAG(s) 'example_task_group' retrieved from /home/airflow/.local/lib/python3.12/site-packages/airflow/example_dags/example_task_group.py
[2024-07-05T23:35:37.345+0000] {logging_mixin.py:188} INFO - [2024-07-05T23:35:37.345+0000] {dag.py:3096} INFO - Sync 1 DAGs
[2024-07-05T23:35:37.353+0000] {logging_mixin.py:188} INFO - [2024-07-05T23:35:37.353+0000] {dag.py:3954} INFO - Setting next_dagrun for example_task_group to 2024-07-04 00:00:00+00:00, run_after=2024-07-05 00:00:00+00:00
[2024-07-05T23:35:37.359+0000] {processor.py:183} INFO - Processing /home/airflow/.local/lib/python3.12/site-packages/airflow/example_dags/example_task_group.py took 0.027 seconds
