[2024-07-05T23:34:07.040+0000] {processor.py:161} INFO - Started process (PID=52) to work on /home/airflow/.local/lib/python3.12/site-packages/airflow/example_dags/example_branch_labels.py
[2024-07-05T23:34:07.040+0000] {processor.py:830} INFO - Processing file /home/airflow/.local/lib/python3.12/site-packages/airflow/example_dags/example_branch_labels.py for tasks to queue
[2024-07-05T23:34:07.040+0000] {logging_mixin.py:188} INFO - [2024-07-05T23:34:07.040+0000] {dagbag.py:545} INFO - Filling up the DagBag from /home/airflow/.local/lib/python3.12/site-packages/airflow/example_dags/example_branch_labels.py
[2024-07-05T23:34:07.048+0000] {processor.py:840} INFO - DAG(s) 'example_branch_labels' retrieved from /home/airflow/.local/lib/python3.12/site-packages/airflow/example_dags/example_branch_labels.py
[2024-07-05T23:34:07.057+0000] {logging_mixin.py:188} INFO - [2024-07-05T23:34:07.056+0000] {dag.py:3096} INFO - Sync 1 DAGs
[2024-07-05T23:34:07.071+0000] {logging_mixin.py:188} INFO - [2024-07-05T23:34:07.071+0000] {dag.py:3954} INFO - Setting next_dagrun for example_branch_labels to 2024-07-04 00:00:00+00:00, run_after=2024-07-05 00:00:00+00:00
[2024-07-05T23:34:07.082+0000] {processor.py:183} INFO - Processing /home/airflow/.local/lib/python3.12/site-packages/airflow/example_dags/example_branch_labels.py took 0.045 seconds
[2024-07-05T23:34:37.417+0000] {processor.py:161} INFO - Started process (PID=111) to work on /home/airflow/.local/lib/python3.12/site-packages/airflow/example_dags/example_branch_labels.py
[2024-07-05T23:34:37.417+0000] {processor.py:830} INFO - Processing file /home/airflow/.local/lib/python3.12/site-packages/airflow/example_dags/example_branch_labels.py for tasks to queue
[2024-07-05T23:34:37.418+0000] {logging_mixin.py:188} INFO - [2024-07-05T23:34:37.418+0000] {dagbag.py:545} INFO - Filling up the DagBag from /home/airflow/.local/lib/python3.12/site-packages/airflow/example_dags/example_branch_labels.py
[2024-07-05T23:34:37.421+0000] {processor.py:840} INFO - DAG(s) 'example_branch_labels' retrieved from /home/airflow/.local/lib/python3.12/site-packages/airflow/example_dags/example_branch_labels.py
[2024-07-05T23:34:37.456+0000] {logging_mixin.py:188} INFO - [2024-07-05T23:34:37.456+0000] {dag.py:3096} INFO - Sync 1 DAGs
[2024-07-05T23:34:37.463+0000] {logging_mixin.py:188} INFO - [2024-07-05T23:34:37.463+0000] {dag.py:3954} INFO - Setting next_dagrun for example_branch_labels to 2024-07-04 00:00:00+00:00, run_after=2024-07-05 00:00:00+00:00
[2024-07-05T23:34:37.468+0000] {processor.py:183} INFO - Processing /home/airflow/.local/lib/python3.12/site-packages/airflow/example_dags/example_branch_labels.py took 0.054 seconds
[2024-07-05T23:35:08.094+0000] {processor.py:161} INFO - Started process (PID=170) to work on /home/airflow/.local/lib/python3.12/site-packages/airflow/example_dags/example_branch_labels.py
[2024-07-05T23:35:08.096+0000] {processor.py:830} INFO - Processing file /home/airflow/.local/lib/python3.12/site-packages/airflow/example_dags/example_branch_labels.py for tasks to queue
[2024-07-05T23:35:08.097+0000] {logging_mixin.py:188} INFO - [2024-07-05T23:35:08.097+0000] {dagbag.py:545} INFO - Filling up the DagBag from /home/airflow/.local/lib/python3.12/site-packages/airflow/example_dags/example_branch_labels.py
[2024-07-05T23:35:08.105+0000] {processor.py:840} INFO - DAG(s) 'example_branch_labels' retrieved from /home/airflow/.local/lib/python3.12/site-packages/airflow/example_dags/example_branch_labels.py
[2024-07-05T23:35:08.130+0000] {logging_mixin.py:188} INFO - [2024-07-05T23:35:08.130+0000] {dag.py:3096} INFO - Sync 1 DAGs
[2024-07-05T23:35:08.169+0000] {logging_mixin.py:188} INFO - [2024-07-05T23:35:08.168+0000] {dag.py:3954} INFO - Setting next_dagrun for example_branch_labels to 2024-07-04 00:00:00+00:00, run_after=2024-07-05 00:00:00+00:00
[2024-07-05T23:35:08.192+0000] {processor.py:183} INFO - Processing /home/airflow/.local/lib/python3.12/site-packages/airflow/example_dags/example_branch_labels.py took 0.100 seconds
[2024-07-05T23:35:38.696+0000] {processor.py:161} INFO - Started process (PID=229) to work on /home/airflow/.local/lib/python3.12/site-packages/airflow/example_dags/example_branch_labels.py
[2024-07-05T23:35:38.696+0000] {processor.py:830} INFO - Processing file /home/airflow/.local/lib/python3.12/site-packages/airflow/example_dags/example_branch_labels.py for tasks to queue
[2024-07-05T23:35:38.696+0000] {logging_mixin.py:188} INFO - [2024-07-05T23:35:38.696+0000] {dagbag.py:545} INFO - Filling up the DagBag from /home/airflow/.local/lib/python3.12/site-packages/airflow/example_dags/example_branch_labels.py
[2024-07-05T23:35:38.699+0000] {processor.py:840} INFO - DAG(s) 'example_branch_labels' retrieved from /home/airflow/.local/lib/python3.12/site-packages/airflow/example_dags/example_branch_labels.py
[2024-07-05T23:35:38.707+0000] {logging_mixin.py:188} INFO - [2024-07-05T23:35:38.706+0000] {dag.py:3096} INFO - Sync 1 DAGs
[2024-07-05T23:35:38.714+0000] {logging_mixin.py:188} INFO - [2024-07-05T23:35:38.714+0000] {dag.py:3954} INFO - Setting next_dagrun for example_branch_labels to 2024-07-04 00:00:00+00:00, run_after=2024-07-05 00:00:00+00:00
[2024-07-05T23:35:38.719+0000] {processor.py:183} INFO - Processing /home/airflow/.local/lib/python3.12/site-packages/airflow/example_dags/example_branch_labels.py took 0.026 seconds
