[2024-07-05T23:34:07.421+0000] {processor.py:161} INFO - Started process (PID=64) to work on /home/airflow/.local/lib/python3.12/site-packages/airflow/example_dags/example_branch_python_dop_operator_3.py
[2024-07-05T23:34:07.422+0000] {processor.py:830} INFO - Processing file /home/airflow/.local/lib/python3.12/site-packages/airflow/example_dags/example_branch_python_dop_operator_3.py for tasks to queue
[2024-07-05T23:34:07.423+0000] {logging_mixin.py:188} INFO - [2024-07-05T23:34:07.422+0000] {dagbag.py:545} INFO - Filling up the DagBag from /home/airflow/.local/lib/python3.12/site-packages/airflow/example_dags/example_branch_python_dop_operator_3.py
[2024-07-05T23:34:07.430+0000] {processor.py:840} INFO - DAG(s) 'example_branch_dop_operator_v3' retrieved from /home/airflow/.local/lib/python3.12/site-packages/airflow/example_dags/example_branch_python_dop_operator_3.py
[2024-07-05T23:34:07.449+0000] {logging_mixin.py:188} INFO - [2024-07-05T23:34:07.449+0000] {dag.py:3096} INFO - Sync 1 DAGs
[2024-07-05T23:34:07.475+0000] {logging_mixin.py:188} INFO - [2024-07-05T23:34:07.475+0000] {dag.py:3954} INFO - Setting next_dagrun for example_branch_dop_operator_v3 to 2024-07-05 23:33:00+00:00, run_after=2024-07-05 23:34:00+00:00
[2024-07-05T23:34:07.492+0000] {processor.py:183} INFO - Processing /home/airflow/.local/lib/python3.12/site-packages/airflow/example_dags/example_branch_python_dop_operator_3.py took 0.075 seconds
[2024-07-05T23:34:37.989+0000] {processor.py:161} INFO - Started process (PID=123) to work on /home/airflow/.local/lib/python3.12/site-packages/airflow/example_dags/example_branch_python_dop_operator_3.py
[2024-07-05T23:34:37.989+0000] {processor.py:830} INFO - Processing file /home/airflow/.local/lib/python3.12/site-packages/airflow/example_dags/example_branch_python_dop_operator_3.py for tasks to queue
[2024-07-05T23:34:37.990+0000] {logging_mixin.py:188} INFO - [2024-07-05T23:34:37.990+0000] {dagbag.py:545} INFO - Filling up the DagBag from /home/airflow/.local/lib/python3.12/site-packages/airflow/example_dags/example_branch_python_dop_operator_3.py
[2024-07-05T23:34:37.996+0000] {processor.py:840} INFO - DAG(s) 'example_branch_dop_operator_v3' retrieved from /home/airflow/.local/lib/python3.12/site-packages/airflow/example_dags/example_branch_python_dop_operator_3.py
[2024-07-05T23:34:38.048+0000] {logging_mixin.py:188} INFO - [2024-07-05T23:34:38.048+0000] {dag.py:3096} INFO - Sync 1 DAGs
[2024-07-05T23:34:38.056+0000] {logging_mixin.py:188} INFO - [2024-07-05T23:34:38.056+0000] {dag.py:3954} INFO - Setting next_dagrun for example_branch_dop_operator_v3 to 2024-07-05 23:33:00+00:00, run_after=2024-07-05 23:34:00+00:00
[2024-07-05T23:34:38.062+0000] {processor.py:183} INFO - Processing /home/airflow/.local/lib/python3.12/site-packages/airflow/example_dags/example_branch_python_dop_operator_3.py took 0.077 seconds
[2024-07-05T23:35:08.577+0000] {processor.py:161} INFO - Started process (PID=182) to work on /home/airflow/.local/lib/python3.12/site-packages/airflow/example_dags/example_branch_python_dop_operator_3.py
[2024-07-05T23:35:08.577+0000] {processor.py:830} INFO - Processing file /home/airflow/.local/lib/python3.12/site-packages/airflow/example_dags/example_branch_python_dop_operator_3.py for tasks to queue
[2024-07-05T23:35:08.578+0000] {logging_mixin.py:188} INFO - [2024-07-05T23:35:08.578+0000] {dagbag.py:545} INFO - Filling up the DagBag from /home/airflow/.local/lib/python3.12/site-packages/airflow/example_dags/example_branch_python_dop_operator_3.py
[2024-07-05T23:35:08.582+0000] {processor.py:840} INFO - DAG(s) 'example_branch_dop_operator_v3' retrieved from /home/airflow/.local/lib/python3.12/site-packages/airflow/example_dags/example_branch_python_dop_operator_3.py
[2024-07-05T23:35:08.589+0000] {logging_mixin.py:188} INFO - [2024-07-05T23:35:08.589+0000] {dag.py:3096} INFO - Sync 1 DAGs
[2024-07-05T23:35:08.598+0000] {logging_mixin.py:188} INFO - [2024-07-05T23:35:08.598+0000] {dag.py:3954} INFO - Setting next_dagrun for example_branch_dop_operator_v3 to 2024-07-05 23:34:00+00:00, run_after=2024-07-05 23:35:00+00:00
[2024-07-05T23:35:08.604+0000] {processor.py:183} INFO - Processing /home/airflow/.local/lib/python3.12/site-packages/airflow/example_dags/example_branch_python_dop_operator_3.py took 0.029 seconds
[2024-07-05T23:35:38.928+0000] {processor.py:161} INFO - Started process (PID=241) to work on /home/airflow/.local/lib/python3.12/site-packages/airflow/example_dags/example_branch_python_dop_operator_3.py
[2024-07-05T23:35:38.929+0000] {processor.py:830} INFO - Processing file /home/airflow/.local/lib/python3.12/site-packages/airflow/example_dags/example_branch_python_dop_operator_3.py for tasks to queue
[2024-07-05T23:35:38.929+0000] {logging_mixin.py:188} INFO - [2024-07-05T23:35:38.929+0000] {dagbag.py:545} INFO - Filling up the DagBag from /home/airflow/.local/lib/python3.12/site-packages/airflow/example_dags/example_branch_python_dop_operator_3.py
[2024-07-05T23:35:38.932+0000] {processor.py:840} INFO - DAG(s) 'example_branch_dop_operator_v3' retrieved from /home/airflow/.local/lib/python3.12/site-packages/airflow/example_dags/example_branch_python_dop_operator_3.py
[2024-07-05T23:35:38.940+0000] {logging_mixin.py:188} INFO - [2024-07-05T23:35:38.940+0000] {dag.py:3096} INFO - Sync 1 DAGs
[2024-07-05T23:35:38.948+0000] {logging_mixin.py:188} INFO - [2024-07-05T23:35:38.948+0000] {dag.py:3954} INFO - Setting next_dagrun for example_branch_dop_operator_v3 to 2024-07-05 23:34:00+00:00, run_after=2024-07-05 23:35:00+00:00
[2024-07-05T23:35:38.954+0000] {processor.py:183} INFO - Processing /home/airflow/.local/lib/python3.12/site-packages/airflow/example_dags/example_branch_python_dop_operator_3.py took 0.027 seconds
