[2024-07-05T23:34:07.705+0000] {processor.py:161} INFO - Started process (PID=69) to work on /home/airflow/.local/lib/python3.12/site-packages/airflow/example_dags/example_task_group_decorator.py
[2024-07-05T23:34:07.706+0000] {processor.py:830} INFO - Processing file /home/airflow/.local/lib/python3.12/site-packages/airflow/example_dags/example_task_group_decorator.py for tasks to queue
[2024-07-05T23:34:07.706+0000] {logging_mixin.py:188} INFO - [2024-07-05T23:34:07.706+0000] {dagbag.py:545} INFO - Filling up the DagBag from /home/airflow/.local/lib/python3.12/site-packages/airflow/example_dags/example_task_group_decorator.py
[2024-07-05T23:34:07.713+0000] {processor.py:840} INFO - DAG(s) 'example_task_group_decorator' retrieved from /home/airflow/.local/lib/python3.12/site-packages/airflow/example_dags/example_task_group_decorator.py
[2024-07-05T23:34:07.722+0000] {logging_mixin.py:188} INFO - [2024-07-05T23:34:07.722+0000] {dag.py:3096} INFO - Sync 1 DAGs
[2024-07-05T23:34:07.747+0000] {logging_mixin.py:188} INFO - [2024-07-05T23:34:07.747+0000] {dag.py:3954} INFO - Setting next_dagrun for example_task_group_decorator to 2024-07-04 00:00:00+00:00, run_after=2024-07-05 00:00:00+00:00
[2024-07-05T23:34:07.761+0000] {processor.py:183} INFO - Processing /home/airflow/.local/lib/python3.12/site-packages/airflow/example_dags/example_task_group_decorator.py took 0.058 seconds
[2024-07-05T23:34:38.198+0000] {processor.py:161} INFO - Started process (PID=128) to work on /home/airflow/.local/lib/python3.12/site-packages/airflow/example_dags/example_task_group_decorator.py
[2024-07-05T23:34:38.198+0000] {processor.py:830} INFO - Processing file /home/airflow/.local/lib/python3.12/site-packages/airflow/example_dags/example_task_group_decorator.py for tasks to queue
[2024-07-05T23:34:38.198+0000] {logging_mixin.py:188} INFO - [2024-07-05T23:34:38.198+0000] {dagbag.py:545} INFO - Filling up the DagBag from /home/airflow/.local/lib/python3.12/site-packages/airflow/example_dags/example_task_group_decorator.py
[2024-07-05T23:34:38.204+0000] {processor.py:840} INFO - DAG(s) 'example_task_group_decorator' retrieved from /home/airflow/.local/lib/python3.12/site-packages/airflow/example_dags/example_task_group_decorator.py
[2024-07-05T23:34:38.246+0000] {logging_mixin.py:188} INFO - [2024-07-05T23:34:38.246+0000] {dag.py:3096} INFO - Sync 1 DAGs
[2024-07-05T23:34:38.255+0000] {logging_mixin.py:188} INFO - [2024-07-05T23:34:38.255+0000] {dag.py:3954} INFO - Setting next_dagrun for example_task_group_decorator to 2024-07-04 00:00:00+00:00, run_after=2024-07-05 00:00:00+00:00
[2024-07-05T23:34:38.265+0000] {processor.py:183} INFO - Processing /home/airflow/.local/lib/python3.12/site-packages/airflow/example_dags/example_task_group_decorator.py took 0.070 seconds
[2024-07-05T23:35:08.783+0000] {processor.py:161} INFO - Started process (PID=187) to work on /home/airflow/.local/lib/python3.12/site-packages/airflow/example_dags/example_task_group_decorator.py
[2024-07-05T23:35:08.783+0000] {processor.py:830} INFO - Processing file /home/airflow/.local/lib/python3.12/site-packages/airflow/example_dags/example_task_group_decorator.py for tasks to queue
[2024-07-05T23:35:08.784+0000] {logging_mixin.py:188} INFO - [2024-07-05T23:35:08.784+0000] {dagbag.py:545} INFO - Filling up the DagBag from /home/airflow/.local/lib/python3.12/site-packages/airflow/example_dags/example_task_group_decorator.py
[2024-07-05T23:35:08.789+0000] {processor.py:840} INFO - DAG(s) 'example_task_group_decorator' retrieved from /home/airflow/.local/lib/python3.12/site-packages/airflow/example_dags/example_task_group_decorator.py
[2024-07-05T23:35:08.798+0000] {logging_mixin.py:188} INFO - [2024-07-05T23:35:08.798+0000] {dag.py:3096} INFO - Sync 1 DAGs
[2024-07-05T23:35:08.806+0000] {logging_mixin.py:188} INFO - [2024-07-05T23:35:08.806+0000] {dag.py:3954} INFO - Setting next_dagrun for example_task_group_decorator to 2024-07-04 00:00:00+00:00, run_after=2024-07-05 00:00:00+00:00
[2024-07-05T23:35:08.812+0000] {processor.py:183} INFO - Processing /home/airflow/.local/lib/python3.12/site-packages/airflow/example_dags/example_task_group_decorator.py took 0.031 seconds
[2024-07-05T23:35:39.022+0000] {processor.py:161} INFO - Started process (PID=246) to work on /home/airflow/.local/lib/python3.12/site-packages/airflow/example_dags/example_task_group_decorator.py
[2024-07-05T23:35:39.022+0000] {processor.py:830} INFO - Processing file /home/airflow/.local/lib/python3.12/site-packages/airflow/example_dags/example_task_group_decorator.py for tasks to queue
[2024-07-05T23:35:39.022+0000] {logging_mixin.py:188} INFO - [2024-07-05T23:35:39.022+0000] {dagbag.py:545} INFO - Filling up the DagBag from /home/airflow/.local/lib/python3.12/site-packages/airflow/example_dags/example_task_group_decorator.py
[2024-07-05T23:35:39.028+0000] {processor.py:840} INFO - DAG(s) 'example_task_group_decorator' retrieved from /home/airflow/.local/lib/python3.12/site-packages/airflow/example_dags/example_task_group_decorator.py
[2024-07-05T23:35:39.037+0000] {logging_mixin.py:188} INFO - [2024-07-05T23:35:39.037+0000] {dag.py:3096} INFO - Sync 1 DAGs
[2024-07-05T23:35:39.045+0000] {logging_mixin.py:188} INFO - [2024-07-05T23:35:39.045+0000] {dag.py:3954} INFO - Setting next_dagrun for example_task_group_decorator to 2024-07-04 00:00:00+00:00, run_after=2024-07-05 00:00:00+00:00
[2024-07-05T23:35:39.051+0000] {processor.py:183} INFO - Processing /home/airflow/.local/lib/python3.12/site-packages/airflow/example_dags/example_task_group_decorator.py took 0.031 seconds
