[2024-07-05T23:34:07.525+0000] {processor.py:161} INFO - Started process (PID=67) to work on /home/airflow/.local/lib/python3.12/site-packages/airflow/example_dags/example_setup_teardown_taskflow.py
[2024-07-05T23:34:07.526+0000] {processor.py:830} INFO - Processing file /home/airflow/.local/lib/python3.12/site-packages/airflow/example_dags/example_setup_teardown_taskflow.py for tasks to queue
[2024-07-05T23:34:07.526+0000] {logging_mixin.py:188} INFO - [2024-07-05T23:34:07.526+0000] {dagbag.py:545} INFO - Filling up the DagBag from /home/airflow/.local/lib/python3.12/site-packages/airflow/example_dags/example_setup_teardown_taskflow.py
[2024-07-05T23:34:07.533+0000] {processor.py:840} INFO - DAG(s) 'example_setup_teardown_taskflow' retrieved from /home/airflow/.local/lib/python3.12/site-packages/airflow/example_dags/example_setup_teardown_taskflow.py
[2024-07-05T23:34:07.543+0000] {logging_mixin.py:188} INFO - [2024-07-05T23:34:07.542+0000] {dag.py:3096} INFO - Sync 1 DAGs
[2024-07-05T23:34:07.570+0000] {logging_mixin.py:188} INFO - [2024-07-05T23:34:07.570+0000] {dag.py:3954} INFO - Setting next_dagrun for example_setup_teardown_taskflow to 2024-07-04 00:00:00+00:00, run_after=2024-07-05 00:00:00+00:00
[2024-07-05T23:34:07.583+0000] {processor.py:183} INFO - Processing /home/airflow/.local/lib/python3.12/site-packages/airflow/example_dags/example_setup_teardown_taskflow.py took 0.063 seconds
[2024-07-05T23:34:38.134+0000] {processor.py:161} INFO - Started process (PID=126) to work on /home/airflow/.local/lib/python3.12/site-packages/airflow/example_dags/example_setup_teardown_taskflow.py
[2024-07-05T23:34:38.135+0000] {processor.py:830} INFO - Processing file /home/airflow/.local/lib/python3.12/site-packages/airflow/example_dags/example_setup_teardown_taskflow.py for tasks to queue
[2024-07-05T23:34:38.135+0000] {logging_mixin.py:188} INFO - [2024-07-05T23:34:38.135+0000] {dagbag.py:545} INFO - Filling up the DagBag from /home/airflow/.local/lib/python3.12/site-packages/airflow/example_dags/example_setup_teardown_taskflow.py
[2024-07-05T23:34:38.139+0000] {processor.py:840} INFO - DAG(s) 'example_setup_teardown_taskflow' retrieved from /home/airflow/.local/lib/python3.12/site-packages/airflow/example_dags/example_setup_teardown_taskflow.py
[2024-07-05T23:34:38.175+0000] {logging_mixin.py:188} INFO - [2024-07-05T23:34:38.175+0000] {dag.py:3096} INFO - Sync 1 DAGs
[2024-07-05T23:34:38.182+0000] {logging_mixin.py:188} INFO - [2024-07-05T23:34:38.182+0000] {dag.py:3954} INFO - Setting next_dagrun for example_setup_teardown_taskflow to 2024-07-04 00:00:00+00:00, run_after=2024-07-05 00:00:00+00:00
[2024-07-05T23:34:38.189+0000] {processor.py:183} INFO - Processing /home/airflow/.local/lib/python3.12/site-packages/airflow/example_dags/example_setup_teardown_taskflow.py took 0.056 seconds
[2024-07-05T23:35:08.647+0000] {processor.py:161} INFO - Started process (PID=185) to work on /home/airflow/.local/lib/python3.12/site-packages/airflow/example_dags/example_setup_teardown_taskflow.py
[2024-07-05T23:35:08.647+0000] {processor.py:830} INFO - Processing file /home/airflow/.local/lib/python3.12/site-packages/airflow/example_dags/example_setup_teardown_taskflow.py for tasks to queue
[2024-07-05T23:35:08.648+0000] {logging_mixin.py:188} INFO - [2024-07-05T23:35:08.647+0000] {dagbag.py:545} INFO - Filling up the DagBag from /home/airflow/.local/lib/python3.12/site-packages/airflow/example_dags/example_setup_teardown_taskflow.py
[2024-07-05T23:35:08.651+0000] {processor.py:840} INFO - DAG(s) 'example_setup_teardown_taskflow' retrieved from /home/airflow/.local/lib/python3.12/site-packages/airflow/example_dags/example_setup_teardown_taskflow.py
[2024-07-05T23:35:08.659+0000] {logging_mixin.py:188} INFO - [2024-07-05T23:35:08.659+0000] {dag.py:3096} INFO - Sync 1 DAGs
[2024-07-05T23:35:08.667+0000] {logging_mixin.py:188} INFO - [2024-07-05T23:35:08.667+0000] {dag.py:3954} INFO - Setting next_dagrun for example_setup_teardown_taskflow to 2024-07-04 00:00:00+00:00, run_after=2024-07-05 00:00:00+00:00
[2024-07-05T23:35:08.674+0000] {processor.py:183} INFO - Processing /home/airflow/.local/lib/python3.12/site-packages/airflow/example_dags/example_setup_teardown_taskflow.py took 0.030 seconds
[2024-07-05T23:35:38.987+0000] {processor.py:161} INFO - Started process (PID=244) to work on /home/airflow/.local/lib/python3.12/site-packages/airflow/example_dags/example_setup_teardown_taskflow.py
[2024-07-05T23:35:38.988+0000] {processor.py:830} INFO - Processing file /home/airflow/.local/lib/python3.12/site-packages/airflow/example_dags/example_setup_teardown_taskflow.py for tasks to queue
[2024-07-05T23:35:38.988+0000] {logging_mixin.py:188} INFO - [2024-07-05T23:35:38.988+0000] {dagbag.py:545} INFO - Filling up the DagBag from /home/airflow/.local/lib/python3.12/site-packages/airflow/example_dags/example_setup_teardown_taskflow.py
[2024-07-05T23:35:38.992+0000] {processor.py:840} INFO - DAG(s) 'example_setup_teardown_taskflow' retrieved from /home/airflow/.local/lib/python3.12/site-packages/airflow/example_dags/example_setup_teardown_taskflow.py
[2024-07-05T23:35:39.000+0000] {logging_mixin.py:188} INFO - [2024-07-05T23:35:39.000+0000] {dag.py:3096} INFO - Sync 1 DAGs
[2024-07-05T23:35:39.007+0000] {logging_mixin.py:188} INFO - [2024-07-05T23:35:39.007+0000] {dag.py:3954} INFO - Setting next_dagrun for example_setup_teardown_taskflow to 2024-07-04 00:00:00+00:00, run_after=2024-07-05 00:00:00+00:00
[2024-07-05T23:35:39.013+0000] {processor.py:183} INFO - Processing /home/airflow/.local/lib/python3.12/site-packages/airflow/example_dags/example_setup_teardown_taskflow.py took 0.028 seconds
