[2024-07-05T23:34:06.505+0000] {processor.py:161} INFO - Started process (PID=34) to work on /home/airflow/.local/lib/python3.12/site-packages/airflow/example_dags/example_branch_operator.py
[2024-07-05T23:34:06.505+0000] {processor.py:830} INFO - Processing file /home/airflow/.local/lib/python3.12/site-packages/airflow/example_dags/example_branch_operator.py for tasks to queue
[2024-07-05T23:34:06.506+0000] {logging_mixin.py:188} INFO - [2024-07-05T23:34:06.506+0000] {dagbag.py:545} INFO - Filling up the DagBag from /home/airflow/.local/lib/python3.12/site-packages/airflow/example_dags/example_branch_operator.py
[2024-07-05T23:34:06.515+0000] {processor.py:840} INFO - DAG(s) 'example_branch_operator' retrieved from /home/airflow/.local/lib/python3.12/site-packages/airflow/example_dags/example_branch_operator.py
[2024-07-05T23:34:06.521+0000] {logging_mixin.py:188} INFO - [2024-07-05T23:34:06.521+0000] {dag.py:3096} INFO - Sync 1 DAGs
[2024-07-05T23:34:06.532+0000] {logging_mixin.py:188} INFO - [2024-07-05T23:34:06.532+0000] {dag.py:3954} INFO - Setting next_dagrun for example_branch_operator to 2024-07-04 00:00:00+00:00, run_after=2024-07-05 00:00:00+00:00
[2024-07-05T23:34:06.541+0000] {processor.py:183} INFO - Processing /home/airflow/.local/lib/python3.12/site-packages/airflow/example_dags/example_branch_operator.py took 0.039 seconds
[2024-07-05T23:34:36.789+0000] {processor.py:161} INFO - Started process (PID=93) to work on /home/airflow/.local/lib/python3.12/site-packages/airflow/example_dags/example_branch_operator.py
[2024-07-05T23:34:36.790+0000] {processor.py:830} INFO - Processing file /home/airflow/.local/lib/python3.12/site-packages/airflow/example_dags/example_branch_operator.py for tasks to queue
[2024-07-05T23:34:36.790+0000] {logging_mixin.py:188} INFO - [2024-07-05T23:34:36.790+0000] {dagbag.py:545} INFO - Filling up the DagBag from /home/airflow/.local/lib/python3.12/site-packages/airflow/example_dags/example_branch_operator.py
[2024-07-05T23:34:36.797+0000] {processor.py:840} INFO - DAG(s) 'example_branch_operator' retrieved from /home/airflow/.local/lib/python3.12/site-packages/airflow/example_dags/example_branch_operator.py
[2024-07-05T23:34:36.835+0000] {logging_mixin.py:188} INFO - [2024-07-05T23:34:36.835+0000] {dag.py:3096} INFO - Sync 1 DAGs
[2024-07-05T23:34:36.842+0000] {logging_mixin.py:188} INFO - [2024-07-05T23:34:36.842+0000] {dag.py:3954} INFO - Setting next_dagrun for example_branch_operator to 2024-07-04 00:00:00+00:00, run_after=2024-07-05 00:00:00+00:00
[2024-07-05T23:34:36.848+0000] {processor.py:183} INFO - Processing /home/airflow/.local/lib/python3.12/site-packages/airflow/example_dags/example_branch_operator.py took 0.061 seconds
[2024-07-05T23:35:07.155+0000] {processor.py:161} INFO - Started process (PID=152) to work on /home/airflow/.local/lib/python3.12/site-packages/airflow/example_dags/example_branch_operator.py
[2024-07-05T23:35:07.156+0000] {processor.py:830} INFO - Processing file /home/airflow/.local/lib/python3.12/site-packages/airflow/example_dags/example_branch_operator.py for tasks to queue
[2024-07-05T23:35:07.157+0000] {logging_mixin.py:188} INFO - [2024-07-05T23:35:07.157+0000] {dagbag.py:545} INFO - Filling up the DagBag from /home/airflow/.local/lib/python3.12/site-packages/airflow/example_dags/example_branch_operator.py
[2024-07-05T23:35:07.168+0000] {processor.py:840} INFO - DAG(s) 'example_branch_operator' retrieved from /home/airflow/.local/lib/python3.12/site-packages/airflow/example_dags/example_branch_operator.py
[2024-07-05T23:35:07.187+0000] {logging_mixin.py:188} INFO - [2024-07-05T23:35:07.186+0000] {dag.py:3096} INFO - Sync 1 DAGs
[2024-07-05T23:35:07.203+0000] {logging_mixin.py:188} INFO - [2024-07-05T23:35:07.202+0000] {dag.py:3954} INFO - Setting next_dagrun for example_branch_operator to 2024-07-04 00:00:00+00:00, run_after=2024-07-05 00:00:00+00:00
[2024-07-05T23:35:07.211+0000] {processor.py:183} INFO - Processing /home/airflow/.local/lib/python3.12/site-packages/airflow/example_dags/example_branch_operator.py took 0.060 seconds
[2024-07-05T23:35:37.297+0000] {processor.py:161} INFO - Started process (PID=211) to work on /home/airflow/.local/lib/python3.12/site-packages/airflow/example_dags/example_branch_operator.py
[2024-07-05T23:35:37.297+0000] {processor.py:830} INFO - Processing file /home/airflow/.local/lib/python3.12/site-packages/airflow/example_dags/example_branch_operator.py for tasks to queue
[2024-07-05T23:35:37.297+0000] {logging_mixin.py:188} INFO - [2024-07-05T23:35:37.297+0000] {dagbag.py:545} INFO - Filling up the DagBag from /home/airflow/.local/lib/python3.12/site-packages/airflow/example_dags/example_branch_operator.py
[2024-07-05T23:35:37.303+0000] {processor.py:840} INFO - DAG(s) 'example_branch_operator' retrieved from /home/airflow/.local/lib/python3.12/site-packages/airflow/example_dags/example_branch_operator.py
[2024-07-05T23:35:37.313+0000] {logging_mixin.py:188} INFO - [2024-07-05T23:35:37.313+0000] {dag.py:3096} INFO - Sync 1 DAGs
[2024-07-05T23:35:37.321+0000] {logging_mixin.py:188} INFO - [2024-07-05T23:35:37.321+0000] {dag.py:3954} INFO - Setting next_dagrun for example_branch_operator to 2024-07-04 00:00:00+00:00, run_after=2024-07-05 00:00:00+00:00
[2024-07-05T23:35:37.326+0000] {processor.py:183} INFO - Processing /home/airflow/.local/lib/python3.12/site-packages/airflow/example_dags/example_branch_operator.py took 0.031 seconds
