[2024-07-05T23:34:06.919+0000] {processor.py:161} INFO - Started process (PID=50) to work on /home/airflow/.local/lib/python3.12/site-packages/airflow/example_dags/example_bash_operator.py
[2024-07-05T23:34:06.920+0000] {processor.py:830} INFO - Processing file /home/airflow/.local/lib/python3.12/site-packages/airflow/example_dags/example_bash_operator.py for tasks to queue
[2024-07-05T23:34:06.921+0000] {logging_mixin.py:188} INFO - [2024-07-05T23:34:06.921+0000] {dagbag.py:545} INFO - Filling up the DagBag from /home/airflow/.local/lib/python3.12/site-packages/airflow/example_dags/example_bash_operator.py
[2024-07-05T23:34:06.934+0000] {processor.py:840} INFO - DAG(s) 'example_bash_operator' retrieved from /home/airflow/.local/lib/python3.12/site-packages/airflow/example_dags/example_bash_operator.py
[2024-07-05T23:34:06.944+0000] {logging_mixin.py:188} INFO - [2024-07-05T23:34:06.944+0000] {dag.py:3096} INFO - Sync 1 DAGs
[2024-07-05T23:34:06.958+0000] {logging_mixin.py:188} INFO - [2024-07-05T23:34:06.958+0000] {dag.py:3954} INFO - Setting next_dagrun for example_bash_operator to 2024-07-04 00:00:00+00:00, run_after=2024-07-05 00:00:00+00:00
[2024-07-05T23:34:06.967+0000] {processor.py:183} INFO - Processing /home/airflow/.local/lib/python3.12/site-packages/airflow/example_dags/example_bash_operator.py took 0.051 seconds
[2024-07-05T23:34:37.358+0000] {processor.py:161} INFO - Started process (PID=109) to work on /home/airflow/.local/lib/python3.12/site-packages/airflow/example_dags/example_bash_operator.py
[2024-07-05T23:34:37.358+0000] {processor.py:830} INFO - Processing file /home/airflow/.local/lib/python3.12/site-packages/airflow/example_dags/example_bash_operator.py for tasks to queue
[2024-07-05T23:34:37.359+0000] {logging_mixin.py:188} INFO - [2024-07-05T23:34:37.359+0000] {dagbag.py:545} INFO - Filling up the DagBag from /home/airflow/.local/lib/python3.12/site-packages/airflow/example_dags/example_bash_operator.py
[2024-07-05T23:34:37.363+0000] {processor.py:840} INFO - DAG(s) 'example_bash_operator' retrieved from /home/airflow/.local/lib/python3.12/site-packages/airflow/example_dags/example_bash_operator.py
[2024-07-05T23:34:37.399+0000] {logging_mixin.py:188} INFO - [2024-07-05T23:34:37.398+0000] {dag.py:3096} INFO - Sync 1 DAGs
[2024-07-05T23:34:37.405+0000] {logging_mixin.py:188} INFO - [2024-07-05T23:34:37.405+0000] {dag.py:3954} INFO - Setting next_dagrun for example_bash_operator to 2024-07-04 00:00:00+00:00, run_after=2024-07-05 00:00:00+00:00
[2024-07-05T23:34:37.411+0000] {processor.py:183} INFO - Processing /home/airflow/.local/lib/python3.12/site-packages/airflow/example_dags/example_bash_operator.py took 0.055 seconds
[2024-07-05T23:35:08.040+0000] {processor.py:161} INFO - Started process (PID=168) to work on /home/airflow/.local/lib/python3.12/site-packages/airflow/example_dags/example_bash_operator.py
[2024-07-05T23:35:08.040+0000] {processor.py:830} INFO - Processing file /home/airflow/.local/lib/python3.12/site-packages/airflow/example_dags/example_bash_operator.py for tasks to queue
[2024-07-05T23:35:08.041+0000] {logging_mixin.py:188} INFO - [2024-07-05T23:35:08.041+0000] {dagbag.py:545} INFO - Filling up the DagBag from /home/airflow/.local/lib/python3.12/site-packages/airflow/example_dags/example_bash_operator.py
[2024-07-05T23:35:08.046+0000] {processor.py:840} INFO - DAG(s) 'example_bash_operator' retrieved from /home/airflow/.local/lib/python3.12/site-packages/airflow/example_dags/example_bash_operator.py
[2024-07-05T23:35:08.062+0000] {logging_mixin.py:188} INFO - [2024-07-05T23:35:08.061+0000] {dag.py:3096} INFO - Sync 1 DAGs
[2024-07-05T23:35:08.072+0000] {logging_mixin.py:188} INFO - [2024-07-05T23:35:08.072+0000] {dag.py:3954} INFO - Setting next_dagrun for example_bash_operator to 2024-07-04 00:00:00+00:00, run_after=2024-07-05 00:00:00+00:00
[2024-07-05T23:35:08.084+0000] {processor.py:183} INFO - Processing /home/airflow/.local/lib/python3.12/site-packages/airflow/example_dags/example_bash_operator.py took 0.047 seconds
[2024-07-05T23:35:38.660+0000] {processor.py:161} INFO - Started process (PID=227) to work on /home/airflow/.local/lib/python3.12/site-packages/airflow/example_dags/example_bash_operator.py
[2024-07-05T23:35:38.660+0000] {processor.py:830} INFO - Processing file /home/airflow/.local/lib/python3.12/site-packages/airflow/example_dags/example_bash_operator.py for tasks to queue
[2024-07-05T23:35:38.660+0000] {logging_mixin.py:188} INFO - [2024-07-05T23:35:38.660+0000] {dagbag.py:545} INFO - Filling up the DagBag from /home/airflow/.local/lib/python3.12/site-packages/airflow/example_dags/example_bash_operator.py
[2024-07-05T23:35:38.664+0000] {processor.py:840} INFO - DAG(s) 'example_bash_operator' retrieved from /home/airflow/.local/lib/python3.12/site-packages/airflow/example_dags/example_bash_operator.py
[2024-07-05T23:35:38.673+0000] {logging_mixin.py:188} INFO - [2024-07-05T23:35:38.673+0000] {dag.py:3096} INFO - Sync 1 DAGs
[2024-07-05T23:35:38.680+0000] {logging_mixin.py:188} INFO - [2024-07-05T23:35:38.680+0000] {dag.py:3954} INFO - Setting next_dagrun for example_bash_operator to 2024-07-04 00:00:00+00:00, run_after=2024-07-05 00:00:00+00:00
[2024-07-05T23:35:38.686+0000] {processor.py:183} INFO - Processing /home/airflow/.local/lib/python3.12/site-packages/airflow/example_dags/example_bash_operator.py took 0.028 seconds
