[2024-07-05T23:34:06.388+0000] {processor.py:161} INFO - Started process (PID=31) to work on /home/airflow/.local/lib/python3.12/site-packages/airflow/example_dags/example_python_operator.py
[2024-07-05T23:34:06.390+0000] {processor.py:830} INFO - Processing file /home/airflow/.local/lib/python3.12/site-packages/airflow/example_dags/example_python_operator.py for tasks to queue
[2024-07-05T23:34:06.391+0000] {logging_mixin.py:188} INFO - [2024-07-05T23:34:06.391+0000] {dagbag.py:545} INFO - Filling up the DagBag from /home/airflow/.local/lib/python3.12/site-packages/airflow/example_dags/example_python_operator.py
[2024-07-05T23:34:06.399+0000] {processor.py:840} INFO - DAG(s) 'example_python_operator' retrieved from /home/airflow/.local/lib/python3.12/site-packages/airflow/example_dags/example_python_operator.py
[2024-07-05T23:34:06.416+0000] {logging_mixin.py:188} INFO - [2024-07-05T23:34:06.416+0000] {dag.py:3096} INFO - Sync 1 DAGs
[2024-07-05T23:34:06.432+0000] {logging_mixin.py:188} INFO - [2024-07-05T23:34:06.432+0000] {dag.py:3954} INFO - Setting next_dagrun for example_python_operator to None, run_after=None
[2024-07-05T23:34:06.439+0000] {processor.py:183} INFO - Processing /home/airflow/.local/lib/python3.12/site-packages/airflow/example_dags/example_python_operator.py took 0.053 seconds
[2024-07-05T23:34:36.685+0000] {processor.py:161} INFO - Started process (PID=90) to work on /home/airflow/.local/lib/python3.12/site-packages/airflow/example_dags/example_python_operator.py
[2024-07-05T23:34:36.685+0000] {processor.py:830} INFO - Processing file /home/airflow/.local/lib/python3.12/site-packages/airflow/example_dags/example_python_operator.py for tasks to queue
[2024-07-05T23:34:36.685+0000] {logging_mixin.py:188} INFO - [2024-07-05T23:34:36.685+0000] {dagbag.py:545} INFO - Filling up the DagBag from /home/airflow/.local/lib/python3.12/site-packages/airflow/example_dags/example_python_operator.py
[2024-07-05T23:34:36.690+0000] {processor.py:840} INFO - DAG(s) 'example_python_operator' retrieved from /home/airflow/.local/lib/python3.12/site-packages/airflow/example_dags/example_python_operator.py
[2024-07-05T23:34:36.726+0000] {logging_mixin.py:188} INFO - [2024-07-05T23:34:36.726+0000] {dag.py:3096} INFO - Sync 1 DAGs
[2024-07-05T23:34:36.730+0000] {logging_mixin.py:188} INFO - [2024-07-05T23:34:36.730+0000] {dag.py:3954} INFO - Setting next_dagrun for example_python_operator to None, run_after=None
[2024-07-05T23:34:36.736+0000] {processor.py:183} INFO - Processing /home/airflow/.local/lib/python3.12/site-packages/airflow/example_dags/example_python_operator.py took 0.054 seconds
[2024-07-05T23:35:06.980+0000] {processor.py:161} INFO - Started process (PID=149) to work on /home/airflow/.local/lib/python3.12/site-packages/airflow/example_dags/example_python_operator.py
[2024-07-05T23:35:06.984+0000] {processor.py:830} INFO - Processing file /home/airflow/.local/lib/python3.12/site-packages/airflow/example_dags/example_python_operator.py for tasks to queue
[2024-07-05T23:35:06.987+0000] {logging_mixin.py:188} INFO - [2024-07-05T23:35:06.987+0000] {dagbag.py:545} INFO - Filling up the DagBag from /home/airflow/.local/lib/python3.12/site-packages/airflow/example_dags/example_python_operator.py
[2024-07-05T23:35:06.998+0000] {processor.py:840} INFO - DAG(s) 'example_python_operator' retrieved from /home/airflow/.local/lib/python3.12/site-packages/airflow/example_dags/example_python_operator.py
[2024-07-05T23:35:07.014+0000] {logging_mixin.py:188} INFO - [2024-07-05T23:35:07.014+0000] {dag.py:3096} INFO - Sync 1 DAGs
[2024-07-05T23:35:07.028+0000] {logging_mixin.py:188} INFO - [2024-07-05T23:35:07.027+0000] {dag.py:3954} INFO - Setting next_dagrun for example_python_operator to None, run_after=None
[2024-07-05T23:35:07.045+0000] {processor.py:183} INFO - Processing /home/airflow/.local/lib/python3.12/site-packages/airflow/example_dags/example_python_operator.py took 0.069 seconds
[2024-07-05T23:35:37.211+0000] {processor.py:161} INFO - Started process (PID=208) to work on /home/airflow/.local/lib/python3.12/site-packages/airflow/example_dags/example_python_operator.py
[2024-07-05T23:35:37.211+0000] {processor.py:830} INFO - Processing file /home/airflow/.local/lib/python3.12/site-packages/airflow/example_dags/example_python_operator.py for tasks to queue
[2024-07-05T23:35:37.212+0000] {logging_mixin.py:188} INFO - [2024-07-05T23:35:37.212+0000] {dagbag.py:545} INFO - Filling up the DagBag from /home/airflow/.local/lib/python3.12/site-packages/airflow/example_dags/example_python_operator.py
[2024-07-05T23:35:37.217+0000] {processor.py:840} INFO - DAG(s) 'example_python_operator' retrieved from /home/airflow/.local/lib/python3.12/site-packages/airflow/example_dags/example_python_operator.py
[2024-07-05T23:35:37.225+0000] {logging_mixin.py:188} INFO - [2024-07-05T23:35:37.225+0000] {dag.py:3096} INFO - Sync 1 DAGs
[2024-07-05T23:35:37.229+0000] {logging_mixin.py:188} INFO - [2024-07-05T23:35:37.229+0000] {dag.py:3954} INFO - Setting next_dagrun for example_python_operator to None, run_after=None
[2024-07-05T23:35:37.235+0000] {processor.py:183} INFO - Processing /home/airflow/.local/lib/python3.12/site-packages/airflow/example_dags/example_python_operator.py took 0.026 seconds
