[2024-07-05T23:34:07.826+0000] {processor.py:161} INFO - Started process (PID=73) to work on /home/airflow/.local/lib/python3.12/site-packages/airflow/example_dags/example_nested_branch_dag.py
[2024-07-05T23:34:07.827+0000] {processor.py:830} INFO - Processing file /home/airflow/.local/lib/python3.12/site-packages/airflow/example_dags/example_nested_branch_dag.py for tasks to queue
[2024-07-05T23:34:07.827+0000] {logging_mixin.py:188} INFO - [2024-07-05T23:34:07.827+0000] {dagbag.py:545} INFO - Filling up the DagBag from /home/airflow/.local/lib/python3.12/site-packages/airflow/example_dags/example_nested_branch_dag.py
[2024-07-05T23:34:07.833+0000] {processor.py:840} INFO - DAG(s) 'example_nested_branch_dag' retrieved from /home/airflow/.local/lib/python3.12/site-packages/airflow/example_dags/example_nested_branch_dag.py
[2024-07-05T23:34:07.847+0000] {logging_mixin.py:188} INFO - [2024-07-05T23:34:07.847+0000] {dag.py:3096} INFO - Sync 1 DAGs
[2024-07-05T23:34:07.863+0000] {logging_mixin.py:188} INFO - [2024-07-05T23:34:07.863+0000] {dag.py:3954} INFO - Setting next_dagrun for example_nested_branch_dag to 2024-07-04 00:00:00+00:00, run_after=2024-07-05 00:00:00+00:00
[2024-07-05T23:34:07.881+0000] {processor.py:183} INFO - Processing /home/airflow/.local/lib/python3.12/site-packages/airflow/example_dags/example_nested_branch_dag.py took 0.057 seconds
[2024-07-05T23:34:38.367+0000] {processor.py:161} INFO - Started process (PID=132) to work on /home/airflow/.local/lib/python3.12/site-packages/airflow/example_dags/example_nested_branch_dag.py
[2024-07-05T23:34:38.368+0000] {processor.py:830} INFO - Processing file /home/airflow/.local/lib/python3.12/site-packages/airflow/example_dags/example_nested_branch_dag.py for tasks to queue
[2024-07-05T23:34:38.368+0000] {logging_mixin.py:188} INFO - [2024-07-05T23:34:38.368+0000] {dagbag.py:545} INFO - Filling up the DagBag from /home/airflow/.local/lib/python3.12/site-packages/airflow/example_dags/example_nested_branch_dag.py
[2024-07-05T23:34:38.374+0000] {processor.py:840} INFO - DAG(s) 'example_nested_branch_dag' retrieved from /home/airflow/.local/lib/python3.12/site-packages/airflow/example_dags/example_nested_branch_dag.py
[2024-07-05T23:34:38.419+0000] {logging_mixin.py:188} INFO - [2024-07-05T23:34:38.419+0000] {dag.py:3096} INFO - Sync 1 DAGs
[2024-07-05T23:34:38.429+0000] {logging_mixin.py:188} INFO - [2024-07-05T23:34:38.429+0000] {dag.py:3954} INFO - Setting next_dagrun for example_nested_branch_dag to 2024-07-04 00:00:00+00:00, run_after=2024-07-05 00:00:00+00:00
[2024-07-05T23:34:38.439+0000] {processor.py:183} INFO - Processing /home/airflow/.local/lib/python3.12/site-packages/airflow/example_dags/example_nested_branch_dag.py took 0.075 seconds
[2024-07-05T23:35:08.855+0000] {processor.py:161} INFO - Started process (PID=191) to work on /home/airflow/.local/lib/python3.12/site-packages/airflow/example_dags/example_nested_branch_dag.py
[2024-07-05T23:35:08.855+0000] {processor.py:830} INFO - Processing file /home/airflow/.local/lib/python3.12/site-packages/airflow/example_dags/example_nested_branch_dag.py for tasks to queue
[2024-07-05T23:35:08.855+0000] {logging_mixin.py:188} INFO - [2024-07-05T23:35:08.855+0000] {dagbag.py:545} INFO - Filling up the DagBag from /home/airflow/.local/lib/python3.12/site-packages/airflow/example_dags/example_nested_branch_dag.py
[2024-07-05T23:35:08.859+0000] {processor.py:840} INFO - DAG(s) 'example_nested_branch_dag' retrieved from /home/airflow/.local/lib/python3.12/site-packages/airflow/example_dags/example_nested_branch_dag.py
[2024-07-05T23:35:08.867+0000] {logging_mixin.py:188} INFO - [2024-07-05T23:35:08.867+0000] {dag.py:3096} INFO - Sync 1 DAGs
[2024-07-05T23:35:08.875+0000] {logging_mixin.py:188} INFO - [2024-07-05T23:35:08.875+0000] {dag.py:3954} INFO - Setting next_dagrun for example_nested_branch_dag to 2024-07-04 00:00:00+00:00, run_after=2024-07-05 00:00:00+00:00
[2024-07-05T23:35:08.881+0000] {processor.py:183} INFO - Processing /home/airflow/.local/lib/python3.12/site-packages/airflow/example_dags/example_nested_branch_dag.py took 0.028 seconds
[2024-07-05T23:35:39.133+0000] {processor.py:161} INFO - Started process (PID=250) to work on /home/airflow/.local/lib/python3.12/site-packages/airflow/example_dags/example_nested_branch_dag.py
[2024-07-05T23:35:39.134+0000] {processor.py:830} INFO - Processing file /home/airflow/.local/lib/python3.12/site-packages/airflow/example_dags/example_nested_branch_dag.py for tasks to queue
[2024-07-05T23:35:39.134+0000] {logging_mixin.py:188} INFO - [2024-07-05T23:35:39.134+0000] {dagbag.py:545} INFO - Filling up the DagBag from /home/airflow/.local/lib/python3.12/site-packages/airflow/example_dags/example_nested_branch_dag.py
[2024-07-05T23:35:39.138+0000] {processor.py:840} INFO - DAG(s) 'example_nested_branch_dag' retrieved from /home/airflow/.local/lib/python3.12/site-packages/airflow/example_dags/example_nested_branch_dag.py
[2024-07-05T23:35:39.146+0000] {logging_mixin.py:188} INFO - [2024-07-05T23:35:39.146+0000] {dag.py:3096} INFO - Sync 1 DAGs
[2024-07-05T23:35:39.158+0000] {logging_mixin.py:188} INFO - [2024-07-05T23:35:39.158+0000] {dag.py:3954} INFO - Setting next_dagrun for example_nested_branch_dag to 2024-07-04 00:00:00+00:00, run_after=2024-07-05 00:00:00+00:00
[2024-07-05T23:35:39.164+0000] {processor.py:183} INFO - Processing /home/airflow/.local/lib/python3.12/site-packages/airflow/example_dags/example_nested_branch_dag.py took 0.033 seconds
