[2024-07-05T23:34:06.887+0000] {processor.py:161} INFO - Started process (PID=49) to work on /home/airflow/.local/lib/python3.12/site-packages/airflow/example_dags/example_branch_day_of_week_operator.py
[2024-07-05T23:34:06.887+0000] {processor.py:830} INFO - Processing file /home/airflow/.local/lib/python3.12/site-packages/airflow/example_dags/example_branch_day_of_week_operator.py for tasks to queue
[2024-07-05T23:34:06.887+0000] {logging_mixin.py:188} INFO - [2024-07-05T23:34:06.887+0000] {dagbag.py:545} INFO - Filling up the DagBag from /home/airflow/.local/lib/python3.12/site-packages/airflow/example_dags/example_branch_day_of_week_operator.py
[2024-07-05T23:34:06.896+0000] {processor.py:840} INFO - DAG(s) 'example_weekday_branch_operator' retrieved from /home/airflow/.local/lib/python3.12/site-packages/airflow/example_dags/example_branch_day_of_week_operator.py
[2024-07-05T23:34:06.909+0000] {logging_mixin.py:188} INFO - [2024-07-05T23:34:06.909+0000] {dag.py:3096} INFO - Sync 1 DAGs
[2024-07-05T23:34:06.928+0000] {logging_mixin.py:188} INFO - [2024-07-05T23:34:06.928+0000] {dag.py:3954} INFO - Setting next_dagrun for example_weekday_branch_operator to 2024-07-04 00:00:00+00:00, run_after=2024-07-05 00:00:00+00:00
[2024-07-05T23:34:06.942+0000] {processor.py:183} INFO - Processing /home/airflow/.local/lib/python3.12/site-packages/airflow/example_dags/example_branch_day_of_week_operator.py took 0.057 seconds
[2024-07-05T23:34:37.299+0000] {processor.py:161} INFO - Started process (PID=108) to work on /home/airflow/.local/lib/python3.12/site-packages/airflow/example_dags/example_branch_day_of_week_operator.py
[2024-07-05T23:34:37.299+0000] {processor.py:830} INFO - Processing file /home/airflow/.local/lib/python3.12/site-packages/airflow/example_dags/example_branch_day_of_week_operator.py for tasks to queue
[2024-07-05T23:34:37.299+0000] {logging_mixin.py:188} INFO - [2024-07-05T23:34:37.299+0000] {dagbag.py:545} INFO - Filling up the DagBag from /home/airflow/.local/lib/python3.12/site-packages/airflow/example_dags/example_branch_day_of_week_operator.py
[2024-07-05T23:34:37.302+0000] {processor.py:840} INFO - DAG(s) 'example_weekday_branch_operator' retrieved from /home/airflow/.local/lib/python3.12/site-packages/airflow/example_dags/example_branch_day_of_week_operator.py
[2024-07-05T23:34:37.337+0000] {logging_mixin.py:188} INFO - [2024-07-05T23:34:37.337+0000] {dag.py:3096} INFO - Sync 1 DAGs
[2024-07-05T23:34:37.344+0000] {logging_mixin.py:188} INFO - [2024-07-05T23:34:37.343+0000] {dag.py:3954} INFO - Setting next_dagrun for example_weekday_branch_operator to 2024-07-04 00:00:00+00:00, run_after=2024-07-05 00:00:00+00:00
[2024-07-05T23:34:37.350+0000] {processor.py:183} INFO - Processing /home/airflow/.local/lib/python3.12/site-packages/airflow/example_dags/example_branch_day_of_week_operator.py took 0.053 seconds
[2024-07-05T23:35:07.966+0000] {processor.py:161} INFO - Started process (PID=167) to work on /home/airflow/.local/lib/python3.12/site-packages/airflow/example_dags/example_branch_day_of_week_operator.py
[2024-07-05T23:35:07.968+0000] {processor.py:830} INFO - Processing file /home/airflow/.local/lib/python3.12/site-packages/airflow/example_dags/example_branch_day_of_week_operator.py for tasks to queue
[2024-07-05T23:35:07.969+0000] {logging_mixin.py:188} INFO - [2024-07-05T23:35:07.969+0000] {dagbag.py:545} INFO - Filling up the DagBag from /home/airflow/.local/lib/python3.12/site-packages/airflow/example_dags/example_branch_day_of_week_operator.py
[2024-07-05T23:35:07.978+0000] {processor.py:840} INFO - DAG(s) 'example_weekday_branch_operator' retrieved from /home/airflow/.local/lib/python3.12/site-packages/airflow/example_dags/example_branch_day_of_week_operator.py
[2024-07-05T23:35:07.997+0000] {logging_mixin.py:188} INFO - [2024-07-05T23:35:07.997+0000] {dag.py:3096} INFO - Sync 1 DAGs
[2024-07-05T23:35:08.013+0000] {logging_mixin.py:188} INFO - [2024-07-05T23:35:08.013+0000] {dag.py:3954} INFO - Setting next_dagrun for example_weekday_branch_operator to 2024-07-04 00:00:00+00:00, run_after=2024-07-05 00:00:00+00:00
[2024-07-05T23:35:08.025+0000] {processor.py:183} INFO - Processing /home/airflow/.local/lib/python3.12/site-packages/airflow/example_dags/example_branch_day_of_week_operator.py took 0.064 seconds
[2024-07-05T23:35:38.628+0000] {processor.py:161} INFO - Started process (PID=226) to work on /home/airflow/.local/lib/python3.12/site-packages/airflow/example_dags/example_branch_day_of_week_operator.py
[2024-07-05T23:35:38.628+0000] {processor.py:830} INFO - Processing file /home/airflow/.local/lib/python3.12/site-packages/airflow/example_dags/example_branch_day_of_week_operator.py for tasks to queue
[2024-07-05T23:35:38.628+0000] {logging_mixin.py:188} INFO - [2024-07-05T23:35:38.628+0000] {dagbag.py:545} INFO - Filling up the DagBag from /home/airflow/.local/lib/python3.12/site-packages/airflow/example_dags/example_branch_day_of_week_operator.py
[2024-07-05T23:35:38.631+0000] {processor.py:840} INFO - DAG(s) 'example_weekday_branch_operator' retrieved from /home/airflow/.local/lib/python3.12/site-packages/airflow/example_dags/example_branch_day_of_week_operator.py
[2024-07-05T23:35:38.639+0000] {logging_mixin.py:188} INFO - [2024-07-05T23:35:38.639+0000] {dag.py:3096} INFO - Sync 1 DAGs
[2024-07-05T23:35:38.646+0000] {logging_mixin.py:188} INFO - [2024-07-05T23:35:38.646+0000] {dag.py:3954} INFO - Setting next_dagrun for example_weekday_branch_operator to 2024-07-04 00:00:00+00:00, run_after=2024-07-05 00:00:00+00:00
[2024-07-05T23:35:38.652+0000] {processor.py:183} INFO - Processing /home/airflow/.local/lib/python3.12/site-packages/airflow/example_dags/example_branch_day_of_week_operator.py took 0.026 seconds
