[2024-07-05T23:34:06.291+0000] {processor.py:161} INFO - Started process (PID=29) to work on /home/airflow/.local/lib/python3.12/site-packages/airflow/example_dags/example_setup_teardown.py
[2024-07-05T23:34:06.291+0000] {processor.py:830} INFO - Processing file /home/airflow/.local/lib/python3.12/site-packages/airflow/example_dags/example_setup_teardown.py for tasks to queue
[2024-07-05T23:34:06.292+0000] {logging_mixin.py:188} INFO - [2024-07-05T23:34:06.292+0000] {dagbag.py:545} INFO - Filling up the DagBag from /home/airflow/.local/lib/python3.12/site-packages/airflow/example_dags/example_setup_teardown.py
[2024-07-05T23:34:06.298+0000] {processor.py:840} INFO - DAG(s) 'example_setup_teardown' retrieved from /home/airflow/.local/lib/python3.12/site-packages/airflow/example_dags/example_setup_teardown.py
[2024-07-05T23:34:06.311+0000] {logging_mixin.py:188} INFO - [2024-07-05T23:34:06.311+0000] {dag.py:3096} INFO - Sync 1 DAGs
[2024-07-05T23:34:06.323+0000] {logging_mixin.py:188} INFO - [2024-07-05T23:34:06.323+0000] {dag.py:3954} INFO - Setting next_dagrun for example_setup_teardown to 2024-07-04 00:00:00+00:00, run_after=2024-07-05 00:00:00+00:00
[2024-07-05T23:34:06.332+0000] {processor.py:183} INFO - Processing /home/airflow/.local/lib/python3.12/site-packages/airflow/example_dags/example_setup_teardown.py took 0.044 seconds
[2024-07-05T23:34:36.521+0000] {processor.py:161} INFO - Started process (PID=88) to work on /home/airflow/.local/lib/python3.12/site-packages/airflow/example_dags/example_setup_teardown.py
[2024-07-05T23:34:36.522+0000] {processor.py:830} INFO - Processing file /home/airflow/.local/lib/python3.12/site-packages/airflow/example_dags/example_setup_teardown.py for tasks to queue
[2024-07-05T23:34:36.522+0000] {logging_mixin.py:188} INFO - [2024-07-05T23:34:36.522+0000] {dagbag.py:545} INFO - Filling up the DagBag from /home/airflow/.local/lib/python3.12/site-packages/airflow/example_dags/example_setup_teardown.py
[2024-07-05T23:34:36.530+0000] {processor.py:840} INFO - DAG(s) 'example_setup_teardown' retrieved from /home/airflow/.local/lib/python3.12/site-packages/airflow/example_dags/example_setup_teardown.py
[2024-07-05T23:34:36.599+0000] {logging_mixin.py:188} INFO - [2024-07-05T23:34:36.599+0000] {dag.py:3096} INFO - Sync 1 DAGs
[2024-07-05T23:34:36.608+0000] {logging_mixin.py:188} INFO - [2024-07-05T23:34:36.608+0000] {dag.py:3954} INFO - Setting next_dagrun for example_setup_teardown to 2024-07-04 00:00:00+00:00, run_after=2024-07-05 00:00:00+00:00
[2024-07-05T23:34:36.615+0000] {processor.py:183} INFO - Processing /home/airflow/.local/lib/python3.12/site-packages/airflow/example_dags/example_setup_teardown.py took 0.097 seconds
[2024-07-05T23:35:06.833+0000] {processor.py:161} INFO - Started process (PID=147) to work on /home/airflow/.local/lib/python3.12/site-packages/airflow/example_dags/example_setup_teardown.py
[2024-07-05T23:35:06.834+0000] {processor.py:830} INFO - Processing file /home/airflow/.local/lib/python3.12/site-packages/airflow/example_dags/example_setup_teardown.py for tasks to queue
[2024-07-05T23:35:06.835+0000] {logging_mixin.py:188} INFO - [2024-07-05T23:35:06.834+0000] {dagbag.py:545} INFO - Filling up the DagBag from /home/airflow/.local/lib/python3.12/site-packages/airflow/example_dags/example_setup_teardown.py
[2024-07-05T23:35:06.863+0000] {processor.py:840} INFO - DAG(s) 'example_setup_teardown' retrieved from /home/airflow/.local/lib/python3.12/site-packages/airflow/example_dags/example_setup_teardown.py
[2024-07-05T23:35:06.900+0000] {logging_mixin.py:188} INFO - [2024-07-05T23:35:06.900+0000] {dag.py:3096} INFO - Sync 1 DAGs
[2024-07-05T23:35:06.926+0000] {logging_mixin.py:188} INFO - [2024-07-05T23:35:06.926+0000] {dag.py:3954} INFO - Setting next_dagrun for example_setup_teardown to 2024-07-04 00:00:00+00:00, run_after=2024-07-05 00:00:00+00:00
[2024-07-05T23:35:06.954+0000] {processor.py:183} INFO - Processing /home/airflow/.local/lib/python3.12/site-packages/airflow/example_dags/example_setup_teardown.py took 0.128 seconds
[2024-07-05T23:35:37.142+0000] {processor.py:161} INFO - Started process (PID=206) to work on /home/airflow/.local/lib/python3.12/site-packages/airflow/example_dags/example_setup_teardown.py
[2024-07-05T23:35:37.143+0000] {processor.py:830} INFO - Processing file /home/airflow/.local/lib/python3.12/site-packages/airflow/example_dags/example_setup_teardown.py for tasks to queue
[2024-07-05T23:35:37.144+0000] {logging_mixin.py:188} INFO - [2024-07-05T23:35:37.144+0000] {dagbag.py:545} INFO - Filling up the DagBag from /home/airflow/.local/lib/python3.12/site-packages/airflow/example_dags/example_setup_teardown.py
[2024-07-05T23:35:37.152+0000] {processor.py:840} INFO - DAG(s) 'example_setup_teardown' retrieved from /home/airflow/.local/lib/python3.12/site-packages/airflow/example_dags/example_setup_teardown.py
[2024-07-05T23:35:37.176+0000] {logging_mixin.py:188} INFO - [2024-07-05T23:35:37.175+0000] {dag.py:3096} INFO - Sync 1 DAGs
[2024-07-05T23:35:37.189+0000] {logging_mixin.py:188} INFO - [2024-07-05T23:35:37.189+0000] {dag.py:3954} INFO - Setting next_dagrun for example_setup_teardown to 2024-07-04 00:00:00+00:00, run_after=2024-07-05 00:00:00+00:00
[2024-07-05T23:35:37.197+0000] {processor.py:183} INFO - Processing /home/airflow/.local/lib/python3.12/site-packages/airflow/example_dags/example_setup_teardown.py took 0.059 seconds
