[2024-07-05T23:34:06.709+0000] {processor.py:161} INFO - Started process (PID=42) to work on /home/airflow/.local/lib/python3.12/site-packages/airflow/example_dags/example_external_task_marker_dag.py
[2024-07-05T23:34:06.710+0000] {processor.py:830} INFO - Processing file /home/airflow/.local/lib/python3.12/site-packages/airflow/example_dags/example_external_task_marker_dag.py for tasks to queue
[2024-07-05T23:34:06.711+0000] {logging_mixin.py:188} INFO - [2024-07-05T23:34:06.710+0000] {dagbag.py:545} INFO - Filling up the DagBag from /home/airflow/.local/lib/python3.12/site-packages/airflow/example_dags/example_external_task_marker_dag.py
[2024-07-05T23:34:06.716+0000] {processor.py:840} INFO - DAG(s) 'example_external_task_marker_child', 'example_external_task_marker_parent' retrieved from /home/airflow/.local/lib/python3.12/site-packages/airflow/example_dags/example_external_task_marker_dag.py
[2024-07-05T23:34:06.723+0000] {logging_mixin.py:188} INFO - [2024-07-05T23:34:06.723+0000] {dag.py:3096} INFO - Sync 2 DAGs
[2024-07-05T23:34:06.738+0000] {logging_mixin.py:188} INFO - [2024-07-05T23:34:06.737+0000] {dag.py:3954} INFO - Setting next_dagrun for example_external_task_marker_child to None, run_after=None
[2024-07-05T23:34:06.741+0000] {logging_mixin.py:188} INFO - [2024-07-05T23:34:06.741+0000] {dag.py:3954} INFO - Setting next_dagrun for example_external_task_marker_parent to None, run_after=None
[2024-07-05T23:34:06.753+0000] {processor.py:183} INFO - Processing /home/airflow/.local/lib/python3.12/site-packages/airflow/example_dags/example_external_task_marker_dag.py took 0.048 seconds
[2024-07-05T23:34:37.049+0000] {processor.py:161} INFO - Started process (PID=101) to work on /home/airflow/.local/lib/python3.12/site-packages/airflow/example_dags/example_external_task_marker_dag.py
[2024-07-05T23:34:37.049+0000] {processor.py:830} INFO - Processing file /home/airflow/.local/lib/python3.12/site-packages/airflow/example_dags/example_external_task_marker_dag.py for tasks to queue
[2024-07-05T23:34:37.050+0000] {logging_mixin.py:188} INFO - [2024-07-05T23:34:37.049+0000] {dagbag.py:545} INFO - Filling up the DagBag from /home/airflow/.local/lib/python3.12/site-packages/airflow/example_dags/example_external_task_marker_dag.py
[2024-07-05T23:34:37.053+0000] {processor.py:840} INFO - DAG(s) 'example_external_task_marker_parent', 'example_external_task_marker_child' retrieved from /home/airflow/.local/lib/python3.12/site-packages/airflow/example_dags/example_external_task_marker_dag.py
[2024-07-05T23:34:37.088+0000] {logging_mixin.py:188} INFO - [2024-07-05T23:34:37.088+0000] {dag.py:3096} INFO - Sync 2 DAGs
[2024-07-05T23:34:37.092+0000] {logging_mixin.py:188} INFO - [2024-07-05T23:34:37.092+0000] {dag.py:3954} INFO - Setting next_dagrun for example_external_task_marker_child to None, run_after=None
[2024-07-05T23:34:37.093+0000] {logging_mixin.py:188} INFO - [2024-07-05T23:34:37.093+0000] {dag.py:3954} INFO - Setting next_dagrun for example_external_task_marker_parent to None, run_after=None
[2024-07-05T23:34:37.099+0000] {processor.py:183} INFO - Processing /home/airflow/.local/lib/python3.12/site-packages/airflow/example_dags/example_external_task_marker_dag.py took 0.052 seconds
[2024-07-05T23:35:07.595+0000] {processor.py:161} INFO - Started process (PID=160) to work on /home/airflow/.local/lib/python3.12/site-packages/airflow/example_dags/example_external_task_marker_dag.py
[2024-07-05T23:35:07.596+0000] {processor.py:830} INFO - Processing file /home/airflow/.local/lib/python3.12/site-packages/airflow/example_dags/example_external_task_marker_dag.py for tasks to queue
[2024-07-05T23:35:07.597+0000] {logging_mixin.py:188} INFO - [2024-07-05T23:35:07.596+0000] {dagbag.py:545} INFO - Filling up the DagBag from /home/airflow/.local/lib/python3.12/site-packages/airflow/example_dags/example_external_task_marker_dag.py
[2024-07-05T23:35:07.601+0000] {processor.py:840} INFO - DAG(s) 'example_external_task_marker_parent', 'example_external_task_marker_child' retrieved from /home/airflow/.local/lib/python3.12/site-packages/airflow/example_dags/example_external_task_marker_dag.py
[2024-07-05T23:35:07.625+0000] {logging_mixin.py:188} INFO - [2024-07-05T23:35:07.625+0000] {dag.py:3096} INFO - Sync 2 DAGs
[2024-07-05T23:35:07.639+0000] {logging_mixin.py:188} INFO - [2024-07-05T23:35:07.638+0000] {dag.py:3954} INFO - Setting next_dagrun for example_external_task_marker_child to None, run_after=None
[2024-07-05T23:35:07.646+0000] {logging_mixin.py:188} INFO - [2024-07-05T23:35:07.646+0000] {dag.py:3954} INFO - Setting next_dagrun for example_external_task_marker_parent to None, run_after=None
[2024-07-05T23:35:07.666+0000] {processor.py:183} INFO - Processing /home/airflow/.local/lib/python3.12/site-packages/airflow/example_dags/example_external_task_marker_dag.py took 0.074 seconds
[2024-07-05T23:35:38.490+0000] {processor.py:161} INFO - Started process (PID=219) to work on /home/airflow/.local/lib/python3.12/site-packages/airflow/example_dags/example_external_task_marker_dag.py
[2024-07-05T23:35:38.491+0000] {processor.py:830} INFO - Processing file /home/airflow/.local/lib/python3.12/site-packages/airflow/example_dags/example_external_task_marker_dag.py for tasks to queue
[2024-07-05T23:35:38.491+0000] {logging_mixin.py:188} INFO - [2024-07-05T23:35:38.491+0000] {dagbag.py:545} INFO - Filling up the DagBag from /home/airflow/.local/lib/python3.12/site-packages/airflow/example_dags/example_external_task_marker_dag.py
[2024-07-05T23:35:38.493+0000] {processor.py:840} INFO - DAG(s) 'example_external_task_marker_child', 'example_external_task_marker_parent' retrieved from /home/airflow/.local/lib/python3.12/site-packages/airflow/example_dags/example_external_task_marker_dag.py
[2024-07-05T23:35:38.501+0000] {logging_mixin.py:188} INFO - [2024-07-05T23:35:38.501+0000] {dag.py:3096} INFO - Sync 2 DAGs
[2024-07-05T23:35:38.506+0000] {logging_mixin.py:188} INFO - [2024-07-05T23:35:38.506+0000] {dag.py:3954} INFO - Setting next_dagrun for example_external_task_marker_child to None, run_after=None
[2024-07-05T23:35:38.507+0000] {logging_mixin.py:188} INFO - [2024-07-05T23:35:38.507+0000] {dag.py:3954} INFO - Setting next_dagrun for example_external_task_marker_parent to None, run_after=None
[2024-07-05T23:35:38.511+0000] {processor.py:183} INFO - Processing /home/airflow/.local/lib/python3.12/site-packages/airflow/example_dags/example_external_task_marker_dag.py took 0.023 seconds
