[2024-07-05T23:34:07.517+0000] {processor.py:161} INFO - Started process (PID=66) to work on /home/airflow/.local/lib/python3.12/site-packages/airflow/example_dags/example_latest_only.py
[2024-07-05T23:34:07.518+0000] {processor.py:830} INFO - Processing file /home/airflow/.local/lib/python3.12/site-packages/airflow/example_dags/example_latest_only.py for tasks to queue
[2024-07-05T23:34:07.519+0000] {logging_mixin.py:188} INFO - [2024-07-05T23:34:07.519+0000] {dagbag.py:545} INFO - Filling up the DagBag from /home/airflow/.local/lib/python3.12/site-packages/airflow/example_dags/example_latest_only.py
[2024-07-05T23:34:07.528+0000] {processor.py:840} INFO - DAG(s) 'latest_only' retrieved from /home/airflow/.local/lib/python3.12/site-packages/airflow/example_dags/example_latest_only.py
[2024-07-05T23:34:07.539+0000] {logging_mixin.py:188} INFO - [2024-07-05T23:34:07.539+0000] {dag.py:3096} INFO - Sync 1 DAGs
[2024-07-05T23:34:07.565+0000] {logging_mixin.py:188} INFO - [2024-07-05T23:34:07.565+0000] {dag.py:3954} INFO - Setting next_dagrun for latest_only to 2024-07-05 16:00:00+00:00, run_after=2024-07-05 20:00:00+00:00
[2024-07-05T23:34:07.582+0000] {processor.py:183} INFO - Processing /home/airflow/.local/lib/python3.12/site-packages/airflow/example_dags/example_latest_only.py took 0.070 seconds
[2024-07-05T23:34:38.070+0000] {processor.py:161} INFO - Started process (PID=125) to work on /home/airflow/.local/lib/python3.12/site-packages/airflow/example_dags/example_latest_only.py
[2024-07-05T23:34:38.070+0000] {processor.py:830} INFO - Processing file /home/airflow/.local/lib/python3.12/site-packages/airflow/example_dags/example_latest_only.py for tasks to queue
[2024-07-05T23:34:38.070+0000] {logging_mixin.py:188} INFO - [2024-07-05T23:34:38.070+0000] {dagbag.py:545} INFO - Filling up the DagBag from /home/airflow/.local/lib/python3.12/site-packages/airflow/example_dags/example_latest_only.py
[2024-07-05T23:34:38.072+0000] {processor.py:840} INFO - DAG(s) 'latest_only' retrieved from /home/airflow/.local/lib/python3.12/site-packages/airflow/example_dags/example_latest_only.py
[2024-07-05T23:34:38.113+0000] {logging_mixin.py:188} INFO - [2024-07-05T23:34:38.112+0000] {dag.py:3096} INFO - Sync 1 DAGs
[2024-07-05T23:34:38.119+0000] {logging_mixin.py:188} INFO - [2024-07-05T23:34:38.119+0000] {dag.py:3954} INFO - Setting next_dagrun for latest_only to 2024-07-05 16:00:00+00:00, run_after=2024-07-05 20:00:00+00:00
[2024-07-05T23:34:38.125+0000] {processor.py:183} INFO - Processing /home/airflow/.local/lib/python3.12/site-packages/airflow/example_dags/example_latest_only.py took 0.058 seconds
[2024-07-05T23:35:08.645+0000] {processor.py:161} INFO - Started process (PID=184) to work on /home/airflow/.local/lib/python3.12/site-packages/airflow/example_dags/example_latest_only.py
[2024-07-05T23:35:08.646+0000] {processor.py:830} INFO - Processing file /home/airflow/.local/lib/python3.12/site-packages/airflow/example_dags/example_latest_only.py for tasks to queue
[2024-07-05T23:35:08.646+0000] {logging_mixin.py:188} INFO - [2024-07-05T23:35:08.646+0000] {dagbag.py:545} INFO - Filling up the DagBag from /home/airflow/.local/lib/python3.12/site-packages/airflow/example_dags/example_latest_only.py
[2024-07-05T23:35:08.649+0000] {processor.py:840} INFO - DAG(s) 'latest_only' retrieved from /home/airflow/.local/lib/python3.12/site-packages/airflow/example_dags/example_latest_only.py
[2024-07-05T23:35:08.656+0000] {logging_mixin.py:188} INFO - [2024-07-05T23:35:08.656+0000] {dag.py:3096} INFO - Sync 1 DAGs
[2024-07-05T23:35:08.665+0000] {logging_mixin.py:188} INFO - [2024-07-05T23:35:08.665+0000] {dag.py:3954} INFO - Setting next_dagrun for latest_only to 2024-07-05 16:00:00+00:00, run_after=2024-07-05 20:00:00+00:00
[2024-07-05T23:35:08.673+0000] {processor.py:183} INFO - Processing /home/airflow/.local/lib/python3.12/site-packages/airflow/example_dags/example_latest_only.py took 0.030 seconds
[2024-07-05T23:35:38.963+0000] {processor.py:161} INFO - Started process (PID=243) to work on /home/airflow/.local/lib/python3.12/site-packages/airflow/example_dags/example_latest_only.py
[2024-07-05T23:35:38.963+0000] {processor.py:830} INFO - Processing file /home/airflow/.local/lib/python3.12/site-packages/airflow/example_dags/example_latest_only.py for tasks to queue
[2024-07-05T23:35:38.963+0000] {logging_mixin.py:188} INFO - [2024-07-05T23:35:38.963+0000] {dagbag.py:545} INFO - Filling up the DagBag from /home/airflow/.local/lib/python3.12/site-packages/airflow/example_dags/example_latest_only.py
[2024-07-05T23:35:38.965+0000] {processor.py:840} INFO - DAG(s) 'latest_only' retrieved from /home/airflow/.local/lib/python3.12/site-packages/airflow/example_dags/example_latest_only.py
[2024-07-05T23:35:38.973+0000] {logging_mixin.py:188} INFO - [2024-07-05T23:35:38.973+0000] {dag.py:3096} INFO - Sync 1 DAGs
[2024-07-05T23:35:38.980+0000] {logging_mixin.py:188} INFO - [2024-07-05T23:35:38.980+0000] {dag.py:3954} INFO - Setting next_dagrun for latest_only to 2024-07-05 16:00:00+00:00, run_after=2024-07-05 20:00:00+00:00
[2024-07-05T23:35:38.986+0000] {processor.py:183} INFO - Processing /home/airflow/.local/lib/python3.12/site-packages/airflow/example_dags/example_latest_only.py took 0.025 seconds
