[2024-07-05T23:34:07.098+0000] {processor.py:161} INFO - Started process (PID=55) to work on /home/airflow/.local/lib/python3.12/site-packages/airflow/example_dags/example_short_circuit_operator.py
[2024-07-05T23:34:07.099+0000] {processor.py:830} INFO - Processing file /home/airflow/.local/lib/python3.12/site-packages/airflow/example_dags/example_short_circuit_operator.py for tasks to queue
[2024-07-05T23:34:07.100+0000] {logging_mixin.py:188} INFO - [2024-07-05T23:34:07.100+0000] {dagbag.py:545} INFO - Filling up the DagBag from /home/airflow/.local/lib/python3.12/site-packages/airflow/example_dags/example_short_circuit_operator.py
[2024-07-05T23:34:07.107+0000] {processor.py:840} INFO - DAG(s) 'example_short_circuit_operator' retrieved from /home/airflow/.local/lib/python3.12/site-packages/airflow/example_dags/example_short_circuit_operator.py
[2024-07-05T23:34:07.121+0000] {logging_mixin.py:188} INFO - [2024-07-05T23:34:07.121+0000] {dag.py:3096} INFO - Sync 1 DAGs
[2024-07-05T23:34:07.138+0000] {logging_mixin.py:188} INFO - [2024-07-05T23:34:07.138+0000] {dag.py:3954} INFO - Setting next_dagrun for example_short_circuit_operator to 2024-07-04 00:00:00+00:00, run_after=2024-07-05 00:00:00+00:00
[2024-07-05T23:34:07.149+0000] {processor.py:183} INFO - Processing /home/airflow/.local/lib/python3.12/site-packages/airflow/example_dags/example_short_circuit_operator.py took 0.056 seconds
[2024-07-05T23:34:37.527+0000] {processor.py:161} INFO - Started process (PID=114) to work on /home/airflow/.local/lib/python3.12/site-packages/airflow/example_dags/example_short_circuit_operator.py
[2024-07-05T23:34:37.527+0000] {processor.py:830} INFO - Processing file /home/airflow/.local/lib/python3.12/site-packages/airflow/example_dags/example_short_circuit_operator.py for tasks to queue
[2024-07-05T23:34:37.527+0000] {logging_mixin.py:188} INFO - [2024-07-05T23:34:37.527+0000] {dagbag.py:545} INFO - Filling up the DagBag from /home/airflow/.local/lib/python3.12/site-packages/airflow/example_dags/example_short_circuit_operator.py
[2024-07-05T23:34:37.530+0000] {processor.py:840} INFO - DAG(s) 'example_short_circuit_operator' retrieved from /home/airflow/.local/lib/python3.12/site-packages/airflow/example_dags/example_short_circuit_operator.py
[2024-07-05T23:34:37.565+0000] {logging_mixin.py:188} INFO - [2024-07-05T23:34:37.565+0000] {dag.py:3096} INFO - Sync 1 DAGs
[2024-07-05T23:34:37.571+0000] {logging_mixin.py:188} INFO - [2024-07-05T23:34:37.571+0000] {dag.py:3954} INFO - Setting next_dagrun for example_short_circuit_operator to 2024-07-04 00:00:00+00:00, run_after=2024-07-05 00:00:00+00:00
[2024-07-05T23:34:37.577+0000] {processor.py:183} INFO - Processing /home/airflow/.local/lib/python3.12/site-packages/airflow/example_dags/example_short_circuit_operator.py took 0.053 seconds
[2024-07-05T23:35:08.215+0000] {processor.py:161} INFO - Started process (PID=173) to work on /home/airflow/.local/lib/python3.12/site-packages/airflow/example_dags/example_short_circuit_operator.py
[2024-07-05T23:35:08.215+0000] {processor.py:830} INFO - Processing file /home/airflow/.local/lib/python3.12/site-packages/airflow/example_dags/example_short_circuit_operator.py for tasks to queue
[2024-07-05T23:35:08.215+0000] {logging_mixin.py:188} INFO - [2024-07-05T23:35:08.215+0000] {dagbag.py:545} INFO - Filling up the DagBag from /home/airflow/.local/lib/python3.12/site-packages/airflow/example_dags/example_short_circuit_operator.py
[2024-07-05T23:35:08.225+0000] {processor.py:840} INFO - DAG(s) 'example_short_circuit_operator' retrieved from /home/airflow/.local/lib/python3.12/site-packages/airflow/example_dags/example_short_circuit_operator.py
[2024-07-05T23:35:08.246+0000] {logging_mixin.py:188} INFO - [2024-07-05T23:35:08.245+0000] {dag.py:3096} INFO - Sync 1 DAGs
[2024-07-05T23:35:08.266+0000] {logging_mixin.py:188} INFO - [2024-07-05T23:35:08.266+0000] {dag.py:3954} INFO - Setting next_dagrun for example_short_circuit_operator to 2024-07-04 00:00:00+00:00, run_after=2024-07-05 00:00:00+00:00
[2024-07-05T23:35:08.287+0000] {processor.py:183} INFO - Processing /home/airflow/.local/lib/python3.12/site-packages/airflow/example_dags/example_short_circuit_operator.py took 0.078 seconds
[2024-07-05T23:35:38.755+0000] {processor.py:161} INFO - Started process (PID=232) to work on /home/airflow/.local/lib/python3.12/site-packages/airflow/example_dags/example_short_circuit_operator.py
[2024-07-05T23:35:38.756+0000] {processor.py:830} INFO - Processing file /home/airflow/.local/lib/python3.12/site-packages/airflow/example_dags/example_short_circuit_operator.py for tasks to queue
[2024-07-05T23:35:38.756+0000] {logging_mixin.py:188} INFO - [2024-07-05T23:35:38.756+0000] {dagbag.py:545} INFO - Filling up the DagBag from /home/airflow/.local/lib/python3.12/site-packages/airflow/example_dags/example_short_circuit_operator.py
[2024-07-05T23:35:38.759+0000] {processor.py:840} INFO - DAG(s) 'example_short_circuit_operator' retrieved from /home/airflow/.local/lib/python3.12/site-packages/airflow/example_dags/example_short_circuit_operator.py
[2024-07-05T23:35:38.768+0000] {logging_mixin.py:188} INFO - [2024-07-05T23:35:38.767+0000] {dag.py:3096} INFO - Sync 1 DAGs
[2024-07-05T23:35:38.775+0000] {logging_mixin.py:188} INFO - [2024-07-05T23:35:38.775+0000] {dag.py:3954} INFO - Setting next_dagrun for example_short_circuit_operator to 2024-07-04 00:00:00+00:00, run_after=2024-07-05 00:00:00+00:00
[2024-07-05T23:35:38.781+0000] {processor.py:183} INFO - Processing /home/airflow/.local/lib/python3.12/site-packages/airflow/example_dags/example_short_circuit_operator.py took 0.027 seconds
