[2024-07-05T23:34:06.483+0000] {processor.py:161} INFO - Started process (PID=33) to work on /home/airflow/.local/lib/python3.12/site-packages/airflow/example_dags/tutorial.py
[2024-07-05T23:34:06.484+0000] {processor.py:830} INFO - Processing file /home/airflow/.local/lib/python3.12/site-packages/airflow/example_dags/tutorial.py for tasks to queue
[2024-07-05T23:34:06.484+0000] {logging_mixin.py:188} INFO - [2024-07-05T23:34:06.484+0000] {dagbag.py:545} INFO - Filling up the DagBag from /home/airflow/.local/lib/python3.12/site-packages/airflow/example_dags/tutorial.py
[2024-07-05T23:34:06.489+0000] {processor.py:840} INFO - DAG(s) 'tutorial' retrieved from /home/airflow/.local/lib/python3.12/site-packages/airflow/example_dags/tutorial.py
[2024-07-05T23:34:06.497+0000] {logging_mixin.py:188} INFO - [2024-07-05T23:34:06.496+0000] {dag.py:3096} INFO - Sync 1 DAGs
[2024-07-05T23:34:06.507+0000] {logging_mixin.py:188} INFO - [2024-07-05T23:34:06.507+0000] {dag.py:3954} INFO - Setting next_dagrun for tutorial to 2024-07-04 00:00:00+00:00, run_after=2024-07-05 00:00:00+00:00
[2024-07-05T23:34:06.516+0000] {processor.py:183} INFO - Processing /home/airflow/.local/lib/python3.12/site-packages/airflow/example_dags/tutorial.py took 0.044 seconds
[2024-07-05T23:34:36.745+0000] {processor.py:161} INFO - Started process (PID=92) to work on /home/airflow/.local/lib/python3.12/site-packages/airflow/example_dags/tutorial.py
[2024-07-05T23:34:36.746+0000] {processor.py:830} INFO - Processing file /home/airflow/.local/lib/python3.12/site-packages/airflow/example_dags/tutorial.py for tasks to queue
[2024-07-05T23:34:36.746+0000] {logging_mixin.py:188} INFO - [2024-07-05T23:34:36.746+0000] {dagbag.py:545} INFO - Filling up the DagBag from /home/airflow/.local/lib/python3.12/site-packages/airflow/example_dags/tutorial.py
[2024-07-05T23:34:36.749+0000] {processor.py:840} INFO - DAG(s) 'tutorial' retrieved from /home/airflow/.local/lib/python3.12/site-packages/airflow/example_dags/tutorial.py
[2024-07-05T23:34:36.783+0000] {logging_mixin.py:188} INFO - [2024-07-05T23:34:36.783+0000] {dag.py:3096} INFO - Sync 1 DAGs
[2024-07-05T23:34:36.790+0000] {logging_mixin.py:188} INFO - [2024-07-05T23:34:36.790+0000] {dag.py:3954} INFO - Setting next_dagrun for tutorial to 2024-07-04 00:00:00+00:00, run_after=2024-07-05 00:00:00+00:00
[2024-07-05T23:34:36.796+0000] {processor.py:183} INFO - Processing /home/airflow/.local/lib/python3.12/site-packages/airflow/example_dags/tutorial.py took 0.053 seconds
[2024-07-05T23:35:07.086+0000] {processor.py:161} INFO - Started process (PID=151) to work on /home/airflow/.local/lib/python3.12/site-packages/airflow/example_dags/tutorial.py
[2024-07-05T23:35:07.087+0000] {processor.py:830} INFO - Processing file /home/airflow/.local/lib/python3.12/site-packages/airflow/example_dags/tutorial.py for tasks to queue
[2024-07-05T23:35:07.089+0000] {logging_mixin.py:188} INFO - [2024-07-05T23:35:07.089+0000] {dagbag.py:545} INFO - Filling up the DagBag from /home/airflow/.local/lib/python3.12/site-packages/airflow/example_dags/tutorial.py
[2024-07-05T23:35:07.093+0000] {processor.py:840} INFO - DAG(s) 'tutorial' retrieved from /home/airflow/.local/lib/python3.12/site-packages/airflow/example_dags/tutorial.py
[2024-07-05T23:35:07.107+0000] {logging_mixin.py:188} INFO - [2024-07-05T23:35:07.106+0000] {dag.py:3096} INFO - Sync 1 DAGs
[2024-07-05T23:35:07.120+0000] {logging_mixin.py:188} INFO - [2024-07-05T23:35:07.120+0000] {dag.py:3954} INFO - Setting next_dagrun for tutorial to 2024-07-04 00:00:00+00:00, run_after=2024-07-05 00:00:00+00:00
[2024-07-05T23:35:07.136+0000] {processor.py:183} INFO - Processing /home/airflow/.local/lib/python3.12/site-packages/airflow/example_dags/tutorial.py took 0.056 seconds
[2024-07-05T23:35:37.295+0000] {processor.py:161} INFO - Started process (PID=210) to work on /home/airflow/.local/lib/python3.12/site-packages/airflow/example_dags/tutorial.py
[2024-07-05T23:35:37.296+0000] {processor.py:830} INFO - Processing file /home/airflow/.local/lib/python3.12/site-packages/airflow/example_dags/tutorial.py for tasks to queue
[2024-07-05T23:35:37.296+0000] {logging_mixin.py:188} INFO - [2024-07-05T23:35:37.296+0000] {dagbag.py:545} INFO - Filling up the DagBag from /home/airflow/.local/lib/python3.12/site-packages/airflow/example_dags/tutorial.py
[2024-07-05T23:35:37.299+0000] {processor.py:840} INFO - DAG(s) 'tutorial' retrieved from /home/airflow/.local/lib/python3.12/site-packages/airflow/example_dags/tutorial.py
[2024-07-05T23:35:37.306+0000] {logging_mixin.py:188} INFO - [2024-07-05T23:35:37.306+0000] {dag.py:3096} INFO - Sync 1 DAGs
[2024-07-05T23:35:37.313+0000] {logging_mixin.py:188} INFO - [2024-07-05T23:35:37.313+0000] {dag.py:3954} INFO - Setting next_dagrun for tutorial to 2024-07-04 00:00:00+00:00, run_after=2024-07-05 00:00:00+00:00
[2024-07-05T23:35:37.319+0000] {processor.py:183} INFO - Processing /home/airflow/.local/lib/python3.12/site-packages/airflow/example_dags/tutorial.py took 0.026 seconds
