[2024-07-16T15:18:34.480+0000] {processor.py:161} INFO - Started process (PID=29) to work on /opt/airflow/dags/init_ods.py
[2024-07-16T15:18:34.481+0000] {processor.py:830} INFO - Processing file /opt/airflow/dags/init_ods.py for tasks to queue
[2024-07-16T15:18:34.485+0000] {logging_mixin.py:188} INFO - [2024-07-16T15:18:34.485+0000] {dagbag.py:545} INFO - Filling up the DagBag from /opt/airflow/dags/init_ods.py
[2024-07-16T15:18:34.550+0000] {processor.py:840} INFO - DAG(s) 'init_ods_layer' retrieved from /opt/airflow/dags/init_ods.py
[2024-07-16T15:18:34.579+0000] {logging_mixin.py:188} INFO - [2024-07-16T15:18:34.579+0000] {dag.py:3096} INFO - Sync 1 DAGs
[2024-07-16T15:18:34.596+0000] {logging_mixin.py:188} INFO - [2024-07-16T15:18:34.596+0000] {dag.py:3954} INFO - Setting next_dagrun for init_ods_layer to None, run_after=None
[2024-07-16T15:18:34.615+0000] {processor.py:183} INFO - Processing /opt/airflow/dags/init_ods.py took 0.139 seconds
[2024-07-16T15:19:04.788+0000] {processor.py:161} INFO - Started process (PID=89) to work on /opt/airflow/dags/init_ods.py
[2024-07-16T15:19:04.789+0000] {processor.py:830} INFO - Processing file /opt/airflow/dags/init_ods.py for tasks to queue
[2024-07-16T15:19:04.792+0000] {logging_mixin.py:188} INFO - [2024-07-16T15:19:04.790+0000] {dagbag.py:545} INFO - Filling up the DagBag from /opt/airflow/dags/init_ods.py
[2024-07-16T15:19:04.896+0000] {processor.py:840} INFO - DAG(s) 'init_ods_layer' retrieved from /opt/airflow/dags/init_ods.py
[2024-07-16T15:19:05.066+0000] {logging_mixin.py:188} INFO - [2024-07-16T15:19:05.066+0000] {dag.py:3096} INFO - Sync 1 DAGs
[2024-07-16T15:19:05.072+0000] {logging_mixin.py:188} INFO - [2024-07-16T15:19:05.072+0000] {dag.py:3954} INFO - Setting next_dagrun for init_ods_layer to None, run_after=None
[2024-07-16T15:19:05.087+0000] {processor.py:183} INFO - Processing /opt/airflow/dags/init_ods.py took 0.311 seconds
[2024-07-16T15:27:29.809+0000] {processor.py:161} INFO - Started process (PID=28) to work on /opt/airflow/dags/init_ods.py
[2024-07-16T15:27:29.809+0000] {processor.py:830} INFO - Processing file /opt/airflow/dags/init_ods.py for tasks to queue
[2024-07-16T15:27:29.810+0000] {logging_mixin.py:188} INFO - [2024-07-16T15:27:29.810+0000] {dagbag.py:545} INFO - Filling up the DagBag from /opt/airflow/dags/init_ods.py
[2024-07-16T15:27:29.918+0000] {processor.py:840} INFO - DAG(s) 'init_ods_layer' retrieved from /opt/airflow/dags/init_ods.py
[2024-07-16T15:27:29.949+0000] {logging_mixin.py:188} INFO - [2024-07-16T15:27:29.949+0000] {dag.py:3096} INFO - Sync 1 DAGs
[2024-07-16T15:27:29.963+0000] {logging_mixin.py:188} INFO - [2024-07-16T15:27:29.963+0000] {dag.py:3954} INFO - Setting next_dagrun for init_ods_layer to None, run_after=None
[2024-07-16T15:27:29.978+0000] {processor.py:183} INFO - Processing /opt/airflow/dags/init_ods.py took 0.181 seconds
[2024-07-16T15:28:00.870+0000] {processor.py:161} INFO - Started process (PID=88) to work on /opt/airflow/dags/init_ods.py
[2024-07-16T15:28:00.871+0000] {processor.py:830} INFO - Processing file /opt/airflow/dags/init_ods.py for tasks to queue
[2024-07-16T15:28:00.872+0000] {logging_mixin.py:188} INFO - [2024-07-16T15:28:00.872+0000] {dagbag.py:545} INFO - Filling up the DagBag from /opt/airflow/dags/init_ods.py
[2024-07-16T15:28:00.917+0000] {processor.py:840} INFO - DAG(s) 'init_ods_layer' retrieved from /opt/airflow/dags/init_ods.py
[2024-07-16T15:28:01.068+0000] {logging_mixin.py:188} INFO - [2024-07-16T15:28:01.068+0000] {dag.py:3096} INFO - Sync 1 DAGs
[2024-07-16T15:28:01.073+0000] {logging_mixin.py:188} INFO - [2024-07-16T15:28:01.073+0000] {dag.py:3954} INFO - Setting next_dagrun for init_ods_layer to None, run_after=None
[2024-07-16T15:28:01.081+0000] {processor.py:183} INFO - Processing /opt/airflow/dags/init_ods.py took 0.233 seconds
[2024-07-16T15:28:31.197+0000] {processor.py:161} INFO - Started process (PID=147) to work on /opt/airflow/dags/init_ods.py
[2024-07-16T15:28:31.198+0000] {processor.py:830} INFO - Processing file /opt/airflow/dags/init_ods.py for tasks to queue
[2024-07-16T15:28:31.198+0000] {logging_mixin.py:188} INFO - [2024-07-16T15:28:31.198+0000] {dagbag.py:545} INFO - Filling up the DagBag from /opt/airflow/dags/init_ods.py
[2024-07-16T15:28:31.234+0000] {processor.py:840} INFO - DAG(s) 'init_ods_layer' retrieved from /opt/airflow/dags/init_ods.py
[2024-07-16T15:28:31.262+0000] {logging_mixin.py:188} INFO - [2024-07-16T15:28:31.262+0000] {dag.py:3096} INFO - Sync 1 DAGs
[2024-07-16T15:28:31.275+0000] {logging_mixin.py:188} INFO - [2024-07-16T15:28:31.275+0000] {dag.py:3954} INFO - Setting next_dagrun for init_ods_layer to None, run_after=None
[2024-07-16T15:28:31.287+0000] {processor.py:183} INFO - Processing /opt/airflow/dags/init_ods.py took 0.116 seconds
[2024-07-16T15:29:02.211+0000] {processor.py:161} INFO - Started process (PID=207) to work on /opt/airflow/dags/init_ods.py
[2024-07-16T15:29:02.212+0000] {processor.py:830} INFO - Processing file /opt/airflow/dags/init_ods.py for tasks to queue
[2024-07-16T15:29:02.213+0000] {logging_mixin.py:188} INFO - [2024-07-16T15:29:02.212+0000] {dagbag.py:545} INFO - Filling up the DagBag from /opt/airflow/dags/init_ods.py
[2024-07-16T15:29:02.247+0000] {processor.py:840} INFO - DAG(s) 'init_ods_layer' retrieved from /opt/airflow/dags/init_ods.py
[2024-07-16T15:29:02.269+0000] {logging_mixin.py:188} INFO - [2024-07-16T15:29:02.269+0000] {dag.py:3096} INFO - Sync 1 DAGs
[2024-07-16T15:29:02.285+0000] {logging_mixin.py:188} INFO - [2024-07-16T15:29:02.285+0000] {dag.py:3954} INFO - Setting next_dagrun for init_ods_layer to None, run_after=None
[2024-07-16T15:29:02.297+0000] {processor.py:183} INFO - Processing /opt/airflow/dags/init_ods.py took 0.095 seconds
