[2024-07-25T11:11:19.313+0000] {local_task_job_runner.py:120} INFO - ::group::Pre task execution logs
[2024-07-25T11:11:19.326+0000] {taskinstance.py:2076} INFO - Dependencies all met for dep_context=non-requeueable deps ti=<TaskInstance: data_pipeline.restore_dump scheduled__2024-07-24T00:00:00+00:00 [queued]>
[2024-07-25T11:11:19.329+0000] {taskinstance.py:2076} INFO - Dependencies all met for dep_context=requeueable deps ti=<TaskInstance: data_pipeline.restore_dump scheduled__2024-07-24T00:00:00+00:00 [queued]>
[2024-07-25T11:11:19.329+0000] {taskinstance.py:2306} INFO - Starting attempt 1 of 2
[2024-07-25T11:11:19.334+0000] {taskinstance.py:2330} INFO - Executing <Task(BashOperator): restore_dump> on 2024-07-24 00:00:00+00:00
[2024-07-25T11:11:19.339+0000] {warnings.py:112} WARNING - /home/***/.local/lib/python3.12/site-packages/***/task/task_runner/standard_task_runner.py:61: DeprecationWarning: This process (pid=978) is multi-threaded, use of fork() may lead to deadlocks in the child.
  pid = os.fork()

[2024-07-25T11:11:19.340+0000] {standard_task_runner.py:63} INFO - Started process 980 to run task
[2024-07-25T11:11:19.340+0000] {standard_task_runner.py:90} INFO - Running: ['***', 'tasks', 'run', 'data_pipeline', 'restore_dump', 'scheduled__2024-07-24T00:00:00+00:00', '--job-id', '373', '--raw', '--subdir', 'DAGS_FOLDER/data_pipeline.py', '--cfg-path', '/tmp/tmp185hee2y']
[2024-07-25T11:11:19.342+0000] {standard_task_runner.py:91} INFO - Job 373: Subtask restore_dump
[2024-07-25T11:11:19.360+0000] {task_command.py:426} INFO - Running <TaskInstance: data_pipeline.restore_dump scheduled__2024-07-24T00:00:00+00:00 [running]> on host ce8b503e836d
[2024-07-25T11:11:19.390+0000] {taskinstance.py:2648} INFO - Exporting env vars: AIRFLOW_CTX_DAG_OWNER='***' AIRFLOW_CTX_DAG_ID='data_pipeline' AIRFLOW_CTX_TASK_ID='restore_dump' AIRFLOW_CTX_EXECUTION_DATE='2024-07-24T00:00:00+00:00' AIRFLOW_CTX_TRY_NUMBER='1' AIRFLOW_CTX_DAG_RUN_ID='scheduled__2024-07-24T00:00:00+00:00'
[2024-07-25T11:11:19.391+0000] {taskinstance.py:430} INFO - ::endgroup::
[2024-07-25T11:11:19.392+0000] {subprocess.py:63} INFO - Tmp dir root location: /tmp
[2024-07-25T11:11:19.392+0000] {subprocess.py:75} INFO - Running command: ['/usr/bin/bash', '-c', "\n    PGPASSWORD='***' psql -h 10.82.0.4 -U etl_user_3 -d etl_db_3 -f /opt/***/dags/scripts/sql-scripts/ods_refresh.sql\n    "]
[2024-07-25T11:11:19.396+0000] {subprocess.py:86} INFO - Output:
[2024-07-25T11:11:19.758+0000] {subprocess.py:93} INFO - SET
[2024-07-25T11:11:19.796+0000] {subprocess.py:93} INFO - SET
[2024-07-25T11:11:19.828+0000] {subprocess.py:93} INFO - SET
[2024-07-25T11:11:19.870+0000] {subprocess.py:93} INFO - SET
[2024-07-25T11:11:19.898+0000] {subprocess.py:93} INFO - SET
[2024-07-25T11:11:19.929+0000] {subprocess.py:93} INFO -  set_config
[2024-07-25T11:11:19.930+0000] {subprocess.py:93} INFO - ------------
[2024-07-25T11:11:19.931+0000] {subprocess.py:93} INFO - 
[2024-07-25T11:11:19.931+0000] {subprocess.py:93} INFO - (1 row)
[2024-07-25T11:11:19.932+0000] {subprocess.py:93} INFO - 
[2024-07-25T11:11:19.964+0000] {subprocess.py:93} INFO - SET
[2024-07-25T11:11:19.999+0000] {subprocess.py:93} INFO - SET
[2024-07-25T11:11:20.028+0000] {subprocess.py:93} INFO - SET
[2024-07-25T11:11:20.059+0000] {subprocess.py:93} INFO - SET
[2024-07-25T11:11:20.143+0000] {subprocess.py:93} INFO - COPY 17
[2024-07-25T11:11:20.345+0000] {subprocess.py:93} INFO - COPY 495
[2024-07-25T11:11:20.413+0000] {subprocess.py:93} INFO - COPY 25
[2024-07-25T11:11:21.160+0000] {subprocess.py:93} INFO - COPY 1993
[2024-07-25T11:11:21.805+0000] {subprocess.py:93} INFO - COPY 2971
[2024-07-25T11:11:22.281+0000] {subprocess.py:93} INFO - COPY 306
[2024-07-25T11:11:22.433+0000] {subprocess.py:93} INFO - COPY 318
[2024-07-25T11:11:22.495+0000] {subprocess.py:93} INFO - COPY 8
[2024-07-25T11:11:22.561+0000] {subprocess.py:93} INFO - COPY 40
[2024-07-25T11:11:22.752+0000] {subprocess.py:93} INFO - COPY 1489
[2024-07-25T11:11:22.842+0000] {subprocess.py:93} INFO - COPY 13
[2024-07-25T11:11:23.091+0000] {subprocess.py:93} INFO - COPY 493
[2024-07-25T11:11:23.280+0000] {subprocess.py:93} INFO - COPY 1235
[2024-07-25T11:11:23.392+0000] {subprocess.py:93} INFO - COPY 483
[2024-07-25T11:11:23.454+0000] {subprocess.py:93} INFO - COPY 6
[2024-07-25T11:11:23.521+0000] {subprocess.py:93} INFO - COPY 188
[2024-07-25T11:11:23.598+0000] {subprocess.py:93} INFO - COPY 55
[2024-07-25T11:11:23.880+0000] {subprocess.py:93} INFO - COPY 2520
[2024-07-25T11:11:24.239+0000] {subprocess.py:93} INFO - COPY 8
[2024-07-25T11:11:24.656+0000] {subprocess.py:93} INFO - COPY 278
[2024-07-25T11:11:24.759+0000] {subprocess.py:93} INFO - COPY 31
[2024-07-25T11:11:24.899+0000] {subprocess.py:93} INFO - COPY 6
[2024-07-25T11:11:25.616+0000] {subprocess.py:93} INFO - COPY 6
[2024-07-25T11:11:25.690+0000] {subprocess.py:93} INFO - COPY 3
[2024-07-25T11:11:25.752+0000] {subprocess.py:93} INFO - COPY 3
[2024-07-25T11:11:25.811+0000] {subprocess.py:93} INFO - COPY 17
[2024-07-25T11:11:25.948+0000] {subprocess.py:93} INFO - COPY 174
[2024-07-25T11:11:26.014+0000] {subprocess.py:93} INFO - COPY 6
[2024-07-25T11:11:26.487+0000] {subprocess.py:93} INFO - COPY 451
[2024-07-25T11:11:26.553+0000] {subprocess.py:93} INFO - COPY 32
[2024-07-25T11:11:27.527+0000] {subprocess.py:93} INFO - COPY 1227
[2024-07-25T11:11:27.536+0000] {subprocess.py:97} INFO - Command exited with return code 0
[2024-07-25T11:11:27.540+0000] {taskinstance.py:441} INFO - ::group::Post task execution logs
[2024-07-25T11:11:27.608+0000] {taskinstance.py:1206} INFO - Marking task as SUCCESS. dag_id=data_pipeline, task_id=restore_dump, run_id=scheduled__2024-07-24T00:00:00+00:00, execution_date=20240724T000000, start_date=20240725T111119, end_date=20240725T111127
[2024-07-25T11:11:27.639+0000] {local_task_job_runner.py:240} INFO - Task exited with return code 0
[2024-07-25T11:11:27.650+0000] {warnings.py:112} WARNING - /home/***/.local/lib/python3.12/site-packages/***/models/baseoperator.py:1297: AirflowProviderDeprecationWarning: Call to deprecated class PostgresOperator. (Please use `***.providers.common.sql.operators.sql.SQLExecuteQueryOperator`.Also, you can provide `hook_params={'schema': <database>}`.)
  result = cls.__new__(cls)

[2024-07-25T11:11:27.661+0000] {taskinstance.py:3503} INFO - 1 downstream tasks scheduled from follow-on schedule check
[2024-07-25T11:11:27.661+0000] {local_task_job_runner.py:222} INFO - ::endgroup::
