[2024-07-21T09:35:54.541+0000] {local_task_job_runner.py:120} INFO - ::group::Pre task execution logs
[2024-07-21T09:35:54.551+0000] {taskinstance.py:2076} INFO - Dependencies all met for dep_context=non-requeueable deps ti=<TaskInstance: refresh_ods.restore_dump manual__2024-07-21T09:35:32.992217+00:00 [queued]>
[2024-07-21T09:35:54.554+0000] {taskinstance.py:2076} INFO - Dependencies all met for dep_context=requeueable deps ti=<TaskInstance: refresh_ods.restore_dump manual__2024-07-21T09:35:32.992217+00:00 [queued]>
[2024-07-21T09:35:54.554+0000] {taskinstance.py:2306} INFO - Starting attempt 1 of 2
[2024-07-21T09:35:54.559+0000] {taskinstance.py:2330} INFO - Executing <Task(BashOperator): restore_dump> on 2024-07-21 09:35:32.992217+00:00
[2024-07-21T09:35:54.572+0000] {warnings.py:112} WARNING - /home/***/.local/lib/python3.12/site-packages/***/task/task_runner/standard_task_runner.py:61: DeprecationWarning: This process (pid=6546) is multi-threaded, use of fork() may lead to deadlocks in the child.
  pid = os.fork()

[2024-07-21T09:35:54.574+0000] {standard_task_runner.py:63} INFO - Started process 6548 to run task
[2024-07-21T09:35:54.573+0000] {standard_task_runner.py:90} INFO - Running: ['***', 'tasks', 'run', 'refresh_ods', 'restore_dump', 'manual__2024-07-21T09:35:32.992217+00:00', '--job-id', '354', '--raw', '--subdir', 'DAGS_FOLDER/refresh_ods.py', '--cfg-path', '/tmp/tmpmmh3uvrq']
[2024-07-21T09:35:54.575+0000] {standard_task_runner.py:91} INFO - Job 354: Subtask restore_dump
[2024-07-21T09:35:54.602+0000] {task_command.py:426} INFO - Running <TaskInstance: refresh_ods.restore_dump manual__2024-07-21T09:35:32.992217+00:00 [running]> on host 89202c950a25
[2024-07-21T09:35:54.715+0000] {taskinstance.py:2648} INFO - Exporting env vars: AIRFLOW_CTX_DAG_OWNER='***' AIRFLOW_CTX_DAG_ID='refresh_ods' AIRFLOW_CTX_TASK_ID='restore_dump' AIRFLOW_CTX_EXECUTION_DATE='2024-07-21T09:35:32.992217+00:00' AIRFLOW_CTX_TRY_NUMBER='1' AIRFLOW_CTX_DAG_RUN_ID='manual__2024-07-21T09:35:32.992217+00:00'
[2024-07-21T09:35:54.717+0000] {taskinstance.py:430} INFO - ::endgroup::
[2024-07-21T09:35:54.730+0000] {subprocess.py:63} INFO - Tmp dir root location: /tmp
[2024-07-21T09:35:54.732+0000] {subprocess.py:75} INFO - Running command: ['/usr/bin/bash', '-c', "\n    PGPASSWORD='***' psql -h 10.82.0.4 -U etl_user_3 -d etl_db_3 -f /opt/***/dags/scripts/sql-scripts/extracted_dump.sql\n    "]
[2024-07-21T09:35:54.748+0000] {subprocess.py:86} INFO - Output:
[2024-07-21T09:35:54.962+0000] {subprocess.py:93} INFO - SET
[2024-07-21T09:35:54.991+0000] {subprocess.py:93} INFO - SET
[2024-07-21T09:35:55.020+0000] {subprocess.py:93} INFO - SET
[2024-07-21T09:35:55.050+0000] {subprocess.py:93} INFO - SET
[2024-07-21T09:35:55.078+0000] {subprocess.py:93} INFO - SET
[2024-07-21T09:35:55.109+0000] {subprocess.py:93} INFO -  set_config
[2024-07-21T09:35:55.110+0000] {subprocess.py:93} INFO - ------------
[2024-07-21T09:35:55.111+0000] {subprocess.py:93} INFO - 
[2024-07-21T09:35:55.111+0000] {subprocess.py:93} INFO - (1 row)
[2024-07-21T09:35:55.112+0000] {subprocess.py:93} INFO - 
[2024-07-21T09:35:55.137+0000] {subprocess.py:93} INFO - SET
[2024-07-21T09:35:55.167+0000] {subprocess.py:93} INFO - SET
[2024-07-21T09:35:55.196+0000] {subprocess.py:93} INFO - SET
[2024-07-21T09:35:55.224+0000] {subprocess.py:93} INFO - SET
[2024-07-21T09:35:55.287+0000] {subprocess.py:93} INFO - COPY 17
[2024-07-21T09:35:55.404+0000] {subprocess.py:93} INFO - COPY 495
[2024-07-21T09:35:55.463+0000] {subprocess.py:93} INFO - COPY 25
[2024-07-21T09:35:55.585+0000] {subprocess.py:93} INFO - COPY 1993
[2024-07-21T09:35:55.728+0000] {subprocess.py:93} INFO - COPY 2971
[2024-07-21T09:35:55.792+0000] {subprocess.py:93} INFO - COPY 306
[2024-07-21T09:35:55.856+0000] {subprocess.py:93} INFO - COPY 318
[2024-07-21T09:35:55.912+0000] {subprocess.py:93} INFO - COPY 8
[2024-07-21T09:35:55.969+0000] {subprocess.py:93} INFO - COPY 40
[2024-07-21T09:35:56.038+0000] {subprocess.py:93} INFO - COPY 1489
[2024-07-21T09:35:56.100+0000] {subprocess.py:93} INFO - COPY 13
[2024-07-21T09:35:56.176+0000] {subprocess.py:93} INFO - COPY 493
[2024-07-21T09:35:56.251+0000] {subprocess.py:93} INFO - COPY 1235
[2024-07-21T09:35:56.314+0000] {subprocess.py:93} INFO - COPY 483
[2024-07-21T09:35:56.373+0000] {subprocess.py:93} INFO - COPY 6
[2024-07-21T09:35:56.435+0000] {subprocess.py:93} INFO - COPY 188
[2024-07-21T09:35:56.499+0000] {subprocess.py:93} INFO - COPY 55
[2024-07-21T09:35:56.583+0000] {subprocess.py:93} INFO - COPY 2520
[2024-07-21T09:35:56.644+0000] {subprocess.py:93} INFO - COPY 8
[2024-07-21T09:35:56.714+0000] {subprocess.py:93} INFO - COPY 278
[2024-07-21T09:35:56.779+0000] {subprocess.py:93} INFO - COPY 31
[2024-07-21T09:35:56.838+0000] {subprocess.py:93} INFO - COPY 6
[2024-07-21T09:35:56.894+0000] {subprocess.py:93} INFO - COPY 6
[2024-07-21T09:35:56.952+0000] {subprocess.py:93} INFO - COPY 3
[2024-07-21T09:35:57.011+0000] {subprocess.py:93} INFO - COPY 3
[2024-07-21T09:35:57.074+0000] {subprocess.py:93} INFO - COPY 17
[2024-07-21T09:35:57.136+0000] {subprocess.py:93} INFO - COPY 174
[2024-07-21T09:35:57.195+0000] {subprocess.py:93} INFO - COPY 6
[2024-07-21T09:35:57.259+0000] {subprocess.py:93} INFO - COPY 451
[2024-07-21T09:35:57.318+0000] {subprocess.py:93} INFO - COPY 32
[2024-07-21T09:35:57.387+0000] {subprocess.py:93} INFO - COPY 1227
[2024-07-21T09:35:57.405+0000] {subprocess.py:97} INFO - Command exited with return code 0
[2024-07-21T09:35:57.410+0000] {taskinstance.py:441} INFO - ::group::Post task execution logs
[2024-07-21T09:35:57.469+0000] {taskinstance.py:1206} INFO - Marking task as SUCCESS. dag_id=refresh_ods, task_id=restore_dump, run_id=manual__2024-07-21T09:35:32.992217+00:00, execution_date=20240721T093532, start_date=20240721T093554, end_date=20240721T093557
[2024-07-21T09:35:57.495+0000] {local_task_job_runner.py:240} INFO - Task exited with return code 0
[2024-07-21T09:35:57.526+0000] {taskinstance.py:3503} INFO - 0 downstream tasks scheduled from follow-on schedule check
[2024-07-21T09:35:57.528+0000] {local_task_job_runner.py:222} INFO - ::endgroup::
