[2024-07-21T09:42:02.067+0000] {local_task_job_runner.py:120} INFO - ::group::Pre task execution logs
[2024-07-21T09:42:02.079+0000] {taskinstance.py:2076} INFO - Dependencies all met for dep_context=non-requeueable deps ti=<TaskInstance: refresh_ods.clear_target_schema manual__2024-07-21T09:41:49.643378+00:00 [queued]>
[2024-07-21T09:42:02.082+0000] {taskinstance.py:2076} INFO - Dependencies all met for dep_context=requeueable deps ti=<TaskInstance: refresh_ods.clear_target_schema manual__2024-07-21T09:41:49.643378+00:00 [queued]>
[2024-07-21T09:42:02.082+0000] {taskinstance.py:2306} INFO - Starting attempt 1 of 2
[2024-07-21T09:42:02.087+0000] {taskinstance.py:2330} INFO - Executing <Task(PostgresOperator): clear_target_schema> on 2024-07-21 09:41:49.643378+00:00
[2024-07-21T09:42:02.097+0000] {warnings.py:112} WARNING - /home/***/.local/lib/python3.12/site-packages/***/task/task_runner/standard_task_runner.py:61: DeprecationWarning: This process (pid=6638) is multi-threaded, use of fork() may lead to deadlocks in the child.
  pid = os.fork()

[2024-07-21T09:42:02.098+0000] {standard_task_runner.py:63} INFO - Started process 6640 to run task
[2024-07-21T09:42:02.098+0000] {standard_task_runner.py:90} INFO - Running: ['***', 'tasks', 'run', 'refresh_ods', 'clear_target_schema', 'manual__2024-07-21T09:41:49.643378+00:00', '--job-id', '357', '--raw', '--subdir', 'DAGS_FOLDER/refresh_ods.py', '--cfg-path', '/tmp/tmpa3gcxwfd']
[2024-07-21T09:42:02.099+0000] {standard_task_runner.py:91} INFO - Job 357: Subtask clear_target_schema
[2024-07-21T09:42:02.163+0000] {task_command.py:426} INFO - Running <TaskInstance: refresh_ods.clear_target_schema manual__2024-07-21T09:41:49.643378+00:00 [running]> on host 89202c950a25
[2024-07-21T09:42:02.208+0000] {taskinstance.py:2648} INFO - Exporting env vars: AIRFLOW_CTX_DAG_OWNER='***' AIRFLOW_CTX_DAG_ID='refresh_ods' AIRFLOW_CTX_TASK_ID='clear_target_schema' AIRFLOW_CTX_EXECUTION_DATE='2024-07-21T09:41:49.643378+00:00' AIRFLOW_CTX_TRY_NUMBER='1' AIRFLOW_CTX_DAG_RUN_ID='manual__2024-07-21T09:41:49.643378+00:00'
[2024-07-21T09:42:02.210+0000] {taskinstance.py:430} INFO - ::endgroup::
[2024-07-21T09:42:02.210+0000] {sql.py:276} INFO - Executing: 
        DO $$ DECLARE
            r RECORD;
        BEGIN
            FOR r IN (SELECT tablename FROM pg_tables WHERE schemaname = 'ods_data') LOOP
                EXECUTE 'TRUNCATE TABLE ods_data.' || quote_ident(r.tablename) || ' CASCADE';
            END LOOP;
        END $$;
        
[2024-07-21T09:42:02.216+0000] {base.py:84} INFO - Using connection ID 'target_db' for task execution.
[2024-07-21T09:42:02.219+0000] {base.py:84} INFO - Using connection ID 'target_db' for task execution.
[2024-07-21T09:42:02.336+0000] {sql.py:487} INFO - Running statement: 
        DO $$ DECLARE
            r RECORD;
        BEGIN
            FOR r IN (SELECT tablename FROM pg_tables WHERE schemaname = 'ods_data') LOOP
                EXECUTE 'TRUNCATE TABLE ods_data.' || quote_ident(r.tablename) || ' CASCADE';
            END LOOP;
        END $$;
        , parameters: None
[2024-07-21T09:42:02.648+0000] {taskinstance.py:441} INFO - ::group::Post task execution logs
[2024-07-21T09:42:02.661+0000] {taskinstance.py:1206} INFO - Marking task as SUCCESS. dag_id=refresh_ods, task_id=clear_target_schema, run_id=manual__2024-07-21T09:41:49.643378+00:00, execution_date=20240721T094149, start_date=20240721T094202, end_date=20240721T094202
[2024-07-21T09:42:02.712+0000] {local_task_job_runner.py:240} INFO - Task exited with return code 0
[2024-07-21T09:42:02.736+0000] {warnings.py:112} WARNING - /home/***/.local/lib/python3.12/site-packages/***/models/baseoperator.py:1297: AirflowProviderDeprecationWarning: Call to deprecated class PostgresOperator. (Please use `***.providers.common.sql.operators.sql.SQLExecuteQueryOperator`.Also, you can provide `hook_params={'schema': <database>}`.)
  result = cls.__new__(cls)

[2024-07-21T09:42:02.766+0000] {taskinstance.py:3503} INFO - 0 downstream tasks scheduled from follow-on schedule check
[2024-07-21T09:42:02.771+0000] {local_task_job_runner.py:222} INFO - ::endgroup::
