[2024-07-21T09:23:07.051+0000] {local_task_job_runner.py:120} INFO - ::group::Pre task execution logs
[2024-07-21T09:23:07.060+0000] {taskinstance.py:2076} INFO - Dependencies all met for dep_context=non-requeueable deps ti=<TaskInstance: refresh_ods.restore_dump manual__2024-07-21T09:22:53.560463+00:00 [queued]>
[2024-07-21T09:23:07.063+0000] {taskinstance.py:2076} INFO - Dependencies all met for dep_context=requeueable deps ti=<TaskInstance: refresh_ods.restore_dump manual__2024-07-21T09:22:53.560463+00:00 [queued]>
[2024-07-21T09:23:07.063+0000] {taskinstance.py:2306} INFO - Starting attempt 1 of 2
[2024-07-21T09:23:07.068+0000] {taskinstance.py:2330} INFO - Executing <Task(BashOperator): restore_dump> on 2024-07-21 09:22:53.560463+00:00
[2024-07-21T09:23:07.073+0000] {warnings.py:112} WARNING - /home/***/.local/lib/python3.12/site-packages/***/task/task_runner/standard_task_runner.py:61: DeprecationWarning: This process (pid=6355) is multi-threaded, use of fork() may lead to deadlocks in the child.
  pid = os.fork()

[2024-07-21T09:23:07.075+0000] {standard_task_runner.py:63} INFO - Started process 6357 to run task
[2024-07-21T09:23:07.074+0000] {standard_task_runner.py:90} INFO - Running: ['***', 'tasks', 'run', 'refresh_ods', 'restore_dump', 'manual__2024-07-21T09:22:53.560463+00:00', '--job-id', '349', '--raw', '--subdir', 'DAGS_FOLDER/refresh_ods.py', '--cfg-path', '/tmp/tmpas4q1nqj']
[2024-07-21T09:23:07.076+0000] {standard_task_runner.py:91} INFO - Job 349: Subtask restore_dump
[2024-07-21T09:23:07.111+0000] {task_command.py:426} INFO - Running <TaskInstance: refresh_ods.restore_dump manual__2024-07-21T09:22:53.560463+00:00 [running]> on host 89202c950a25
[2024-07-21T09:23:07.147+0000] {taskinstance.py:2648} INFO - Exporting env vars: AIRFLOW_CTX_DAG_OWNER='***' AIRFLOW_CTX_DAG_ID='refresh_ods' AIRFLOW_CTX_TASK_ID='restore_dump' AIRFLOW_CTX_EXECUTION_DATE='2024-07-21T09:22:53.560463+00:00' AIRFLOW_CTX_TRY_NUMBER='1' AIRFLOW_CTX_DAG_RUN_ID='manual__2024-07-21T09:22:53.560463+00:00'
[2024-07-21T09:23:07.152+0000] {taskinstance.py:430} INFO - ::endgroup::
[2024-07-21T09:23:07.153+0000] {subprocess.py:63} INFO - Tmp dir root location: /tmp
[2024-07-21T09:23:07.154+0000] {subprocess.py:75} INFO - Running command: ['/usr/bin/bash', '-c', "\n    PGPASSWORD='***' pg_restore -h 10.82.0.4 -U etl_user_3 -d etl_db_3 --schema=ods_data --data-only --no-owner --verbose /opt/***/dags/scripts/sql-scripts/ods_refresh.dump\n    "]
[2024-07-21T09:23:07.166+0000] {subprocess.py:86} INFO - Output:
[2024-07-21T09:23:07.233+0000] {subprocess.py:93} INFO - pg_restore: connecting to database for restore
[2024-07-21T09:23:07.972+0000] {subprocess.py:97} INFO - Command exited with return code 0
[2024-07-21T09:23:07.975+0000] {taskinstance.py:441} INFO - ::group::Post task execution logs
[2024-07-21T09:23:08.005+0000] {taskinstance.py:1206} INFO - Marking task as SUCCESS. dag_id=refresh_ods, task_id=restore_dump, run_id=manual__2024-07-21T09:22:53.560463+00:00, execution_date=20240721T092253, start_date=20240721T092307, end_date=20240721T092308
[2024-07-21T09:23:08.041+0000] {local_task_job_runner.py:240} INFO - Task exited with return code 0
[2024-07-21T09:23:08.065+0000] {taskinstance.py:3503} INFO - 0 downstream tasks scheduled from follow-on schedule check
[2024-07-21T09:23:08.066+0000] {local_task_job_runner.py:222} INFO - ::endgroup::
